

================================================================
== Vitis HLS Report for 'cfu_hls'
================================================================
* Date:           Sun Mar 15 11:48:32 2026

* Version:        2024.2 (Build 5238294 on Nov  8 2024)
* Project:        vitis
* Solution:       hls (Vivado IP Flow Target)
* Product family: artix7
* Target device:  xc7a35t-csg324-1


================================================================
== Performance Estimates
================================================================
+ Timing: 
    * Summary: 
    +--------+---------+----------+------------+
    |  Clock |  Target | Estimated| Uncertainty|
    +--------+---------+----------+------------+
    |ap_clk  |  5.56 ns|  6.604 ns|     1.50 ns|
    +--------+---------+----------+------------+

+ Latency: 
    * Summary: 
    +---------+---------+-----------+----------+-----+-------+---------+
    |  Latency (cycles) |  Latency (absolute)  |   Interval  | Pipeline|
    |   min   |   max   |    min    |    max   | min |  max  |   Type  |
    +---------+---------+-----------+----------+-----+-------+---------+
    |        4|    37774|  26.416 ns|  0.249 ms|    5|  37775|       no|
    +---------+---------+-----------+----------+-----+-------+---------+

    + Detail: 
        * Instance: 
        +-----------------------------------------------------+------------------------------------------+---------+---------+-----------+-----------+-------+-------+------------------------------------------------+
        |                                                     |                                          |  Latency (cycles) |   Latency (absolute)  |    Interval   |                    Pipeline                    |
        |                       Instance                      |                  Module                  |   min   |   max   |    min    |    max    |  min  |  max  |                      Type                      |
        +-----------------------------------------------------+------------------------------------------+---------+---------+-----------+-----------+-------+-------+------------------------------------------------+
        |grp_cfu_hls_Pipeline_HANN_LOOP_fu_485                |cfu_hls_Pipeline_HANN_LOOP                |     2056|     2056|  11.423 us|  11.423 us|   2049|   2049|  loop auto-rewind stp (delay=0 clock cycles(s))|
        |grp_cfu_hls_Pipeline_BITREV_LOOP_fu_497              |cfu_hls_Pipeline_BITREV_LOOP              |     6146|     6146|  40.035 us|  40.035 us|   6145|   6145|  loop auto-rewind stp (delay=0 clock cycles(s))|
        |grp_cfu_hls_Pipeline_FFT_STAGE_FFT_BUTTERFLY_fu_505  |cfu_hls_Pipeline_FFT_STAGE_FFT_BUTTERFLY  |    22543|    22543|   0.149 ms|   0.149 ms|  22530|  22530|  loop auto-rewind stp (delay=0 clock cycles(s))|
        |grp_cfu_hls_Pipeline_POWER_LOOP_fu_517               |cfu_hls_Pipeline_POWER_LOOP               |     1034|     1034|   5.745 us|   5.745 us|   1026|   1026|  loop auto-rewind stp (delay=0 clock cycles(s))|
        |grp_cfu_hls_Pipeline_MEL_ACCUM_fu_527                |cfu_hls_Pipeline_MEL_ACCUM                |       24|      167|   0.133 us|   0.928 us|     15|    158|  loop auto-rewind stp (delay=0 clock cycles(s))|
        +-----------------------------------------------------+------------------------------------------+---------+---------+-----------+-----------+-------+-------+------------------------------------------------+

        * Loop: 
        +------------+---------+---------+----------+-----------+-----------+------+----------+
        |            |  Latency (cycles) | Iteration|  Initiation Interval  | Trip |          |
        |  Loop Name |   min   |   max   |  Latency |  achieved |   target  | Count| Pipelined|
        +------------+---------+---------+----------+-----------+-----------+------+----------+
        |- MEL_LOOP  |     1408|     5984|  44 ~ 187|          -|          -|    32|        no|
        +------------+---------+---------+----------+-----------+-----------+------+----------+



================================================================
== Utilization Estimates
================================================================
* Summary: 
+-----------------+---------+----+-------+-------+-----+
|       Name      | BRAM_18K| DSP|   FF  |  LUT  | URAM|
+-----------------+---------+----+-------+-------+-----+
|DSP              |        -|   -|      -|      -|    -|
|Expression       |        -|   -|    140|    729|    -|
|FIFO             |        -|   -|      -|      -|    -|
|Instance         |        6|  20|   3625|   1797|    -|
|Memory           |       17|   -|     18|      9|    0|
|Multiplexer      |        -|   -|      0|    605|    -|
|Register         |        -|   -|    754|      -|    -|
+-----------------+---------+----+-------+-------+-----+
|Total            |       23|  20|   4537|   3140|    0|
+-----------------+---------+----+-------+-------+-----+
|Available        |      100|  90|  41600|  20800|    0|
+-----------------+---------+----+-------+-------+-----+
|Utilization (%)  |       23|  22|     10|     15|    0|
+-----------------+---------+----+-------+-------+-----+

+ Detail: 
    * Instance: 
    +-----------------------------------------------------+------------------------------------------+---------+----+------+-----+-----+
    |                       Instance                      |                  Module                  | BRAM_18K| DSP|  FF  | LUT | URAM|
    +-----------------------------------------------------+------------------------------------------+---------+----+------+-----+-----+
    |grp_cfu_hls_Pipeline_BITREV_LOOP_fu_497              |cfu_hls_Pipeline_BITREV_LOOP              |        0|   0|   138|  161|    0|
    |grp_cfu_hls_Pipeline_FFT_STAGE_FFT_BUTTERFLY_fu_505  |cfu_hls_Pipeline_FFT_STAGE_FFT_BUTTERFLY  |        2|   8|  1709|  999|    0|
    |grp_cfu_hls_Pipeline_HANN_LOOP_fu_485                |cfu_hls_Pipeline_HANN_LOOP                |        2|   2|   399|  110|    0|
    |grp_cfu_hls_Pipeline_MEL_ACCUM_fu_527                |cfu_hls_Pipeline_MEL_ACCUM                |        2|   2|   494|  233|    0|
    |grp_cfu_hls_Pipeline_POWER_LOOP_fu_517               |cfu_hls_Pipeline_POWER_LOOP               |        0|   8|   745|  173|    0|
    |lshr_32ns_5ns_32_2_1_U35                             |lshr_32ns_5ns_32_2_1                      |        0|   0|   140|  121|    0|
    +-----------------------------------------------------+------------------------------------------+---------+----+------+-----+-----+
    |Total                                                |                                          |        6|  20|  3625| 1797|    0|
    +-----------------------------------------------------+------------------------------------------+---------+----+------+-----+-----+

    * DSP: 
    N/A

    * Memory: 
    +---------------------+-------------------------------+---------+----+----+-----+------+-----+------+-------------+
    |        Memory       |             Module            | BRAM_18K| FF | LUT| URAM| Words| Bits| Banks| W*Bits*Banks|
    +---------------------+-------------------------------+---------+----+----+-----+------+-----+------+-------------+
    |frame_buf_U          |frame_buf_RAM_AUTO_1R1W        |        4|   0|   0|    0|  2048|   32|     1|        65536|
    |mel_k_len_fixed_U    |mel_k_len_fixed_ROM_AUTO_1R    |        0|   8|   4|    0|    32|    8|     1|          256|
    |mel_k_start_fixed_U  |mel_k_start_fixed_ROM_AUTO_1R  |        0|  10|   5|    0|    32|   10|     1|          320|
    |mel_out_U            |mel_out_RAM_AUTO_1R1W          |        1|   0|   0|    0|    32|   32|     1|         1024|
    |power_buf_U          |power_buf_RAM_AUTO_1R1W        |        4|   0|   0|    0|  1025|   32|     1|        32800|
    |real_buf_U           |real_buf_RAM_2P_BRAM_1R1W      |        4|   0|   0|    0|  2048|   32|     1|        65536|
    |imag_buf_U           |real_buf_RAM_2P_BRAM_1R1W      |        4|   0|   0|    0|  2048|   32|     1|        65536|
    +---------------------+-------------------------------+---------+----+----+-----+------+-----+------+-------------+
    |Total                |                               |       17|  18|   9|    0|  7265|  178|     7|       231008|
    +---------------------+-------------------------------+---------+----+----+-----+------+-----+------+-------------+

    * FIFO: 
    N/A

    * Expression: 
    +------------------------+----------+----+-----+-----+------------+------------+
    |      Variable Name     | Operation| DSP|  FF | LUT | Bitwidth P0| Bitwidth P1|
    +------------------------+----------+----+-----+-----+------------+------------+
    |add_ln129_fu_571_p2     |         +|   0|    0|   14|           6|           1|
    |add_ln151_fu_913_p2     |         +|   0|    0|   39|          32|          22|
    |add_ln152_1_fu_986_p2   |         +|   0|    0|   55|          48|          48|
    |add_ln152_2_fu_1002_p2  |         +|   0|    0|   55|          48|          48|
    |add_ln152_3_fu_1018_p2  |         +|   0|    0|   55|          48|          48|
    |add_ln152_fu_970_p2     |         +|   0|    0|   55|          48|          48|
    |log2_float_fu_930_p2    |         +|   0|    0|   39|          32|          32|
    |weight_idx_4_fu_588_p2  |         +|   0|    0|   20|          13|          13|
    |sub_ln149_fu_897_p2     |         -|   0|    0|   23|          16|          16|
    |sub_ln152_1_fu_1026_p2  |         -|   0|    0|   55|          48|          48|
    |sub_ln152_fu_953_p2     |         -|   0|    0|   55|          48|          48|
    |ap_condition_588        |       and|   0|    0|    2|           1|           1|
    |ap_condition_600        |       and|   0|    0|    2|           1|           1|
    |ap_condition_604        |       and|   0|    0|    2|           1|           1|
    |ap_condition_608        |       and|   0|    0|    2|           1|           1|
    |ap_condition_612        |       and|   0|    0|    2|           1|           1|
    |ap_condition_616        |       and|   0|    0|    2|           1|           1|
    |ap_condition_620        |       and|   0|    0|    2|           1|           1|
    |ap_condition_624        |       and|   0|    0|    2|           1|           1|
    |ap_condition_628        |       and|   0|    0|    2|           1|           1|
    |ap_condition_632        |       and|   0|    0|    2|           1|           1|
    |ap_condition_636        |       and|   0|    0|    2|           1|           1|
    |ap_condition_640        |       and|   0|    0|    2|           1|           1|
    |ap_condition_644        |       and|   0|    0|    2|           1|           1|
    |ap_condition_648        |       and|   0|    0|    2|           1|           1|
    |ap_condition_652        |       and|   0|    0|    2|           1|           1|
    |ap_condition_656        |       and|   0|    0|    2|           1|           1|
    |ap_condition_660        |       and|   0|    0|    2|           1|           1|
    |ap_condition_664        |       and|   0|    0|    2|           1|           1|
    |ap_condition_668        |       and|   0|    0|    2|           1|           1|
    |ap_condition_672        |       and|   0|    0|    2|           1|           1|
    |ap_condition_676        |       and|   0|    0|    2|           1|           1|
    |ap_condition_680        |       and|   0|    0|    2|           1|           1|
    |ap_condition_684        |       and|   0|    0|    2|           1|           1|
    |ap_condition_688        |       and|   0|    0|    2|           1|           1|
    |ap_condition_692        |       and|   0|    0|    2|           1|           1|
    |ap_condition_696        |       and|   0|    0|    2|           1|           1|
    |ap_condition_700        |       and|   0|    0|    2|           1|           1|
    |ap_condition_704        |       and|   0|    0|    2|           1|           1|
    |ap_condition_708        |       and|   0|    0|    2|           1|           1|
    |icmp_ln129_fu_565_p2    |      icmp|   0|    0|   14|           6|           7|
    |icmp_ln140_fu_607_p2    |      icmp|   0|    0|   39|          32|           1|
    |mel_q16_1_fu_613_p3     |    select|   0|    0|   32|           1|           1|
    |shl_ln149_fu_879_p2     |       shl|   0|  140|  121|           1|          32|
    +------------------------+----------+----+-----+-----+------------+------------+
    |Total                   |          |   0|  140|  729|         456|         442|
    +------------------------+----------+----+-----+-----+------------+------------+

    * Multiplexer: 
    +------------------------+-----+-----------+-----+-----------+
    |          Name          | LUT | Input Size| Bits| Total Bits|
    +------------------------+-----+-----------+-----+-----------+
    |ap_NS_fsm               |  159|         35|    1|         35|
    |frame_buf_address0      |    9|          2|   11|         22|
    |frame_buf_ce0           |    9|          2|    1|          2|
    |imag_buf_address0       |   17|          4|   11|         44|
    |imag_buf_address1       |   17|          4|   11|         44|
    |imag_buf_ce0            |   17|          4|    1|          4|
    |imag_buf_ce1            |   17|          4|    1|          4|
    |imag_buf_d1             |   17|          4|   32|        128|
    |imag_buf_we1            |   17|          4|    1|          4|
    |m_fu_266                |    9|          2|    6|         12|
    |mel_out_address0_local  |   13|          3|    5|         15|
    |msb_reg_357             |  145|         31|    5|        155|
    |power_buf_address0      |   13|          3|   11|         33|
    |power_buf_ce0           |   13|          3|    1|          3|
    |power_buf_we0           |    9|          2|    1|          2|
    |real_buf_address0       |   17|          4|   11|         44|
    |real_buf_address1       |   17|          4|   11|         44|
    |real_buf_ce0            |   17|          4|    1|          4|
    |real_buf_ce1            |   17|          4|    1|          4|
    |real_buf_d1             |   17|          4|   32|        128|
    |real_buf_we1            |   17|          4|    1|          4|
    |rslt_o_1_data_in        |   13|          3|   32|         96|
    |weight_idx_fu_262       |    9|          2|   13|         26|
    +------------------------+-----+-----------+-----+-----------+
    |Total                   |  605|        136|  201|        857|
    +------------------------+-----+-----------+-----+-----------+

    * Register: 
    +------------------------------------------------------------------+----+----+-----+-----------+
    |                               Name                               | FF | LUT| Bits| Const Bits|
    +------------------------------------------------------------------+----+----+-----+-----------+
    |add_ln129_reg_1092                                                |   6|   0|    6|          0|
    |add_ln151_reg_1267                                                |  32|   0|   32|          0|
    |add_ln152_1_reg_1297                                              |  41|   0|   48|          7|
    |add_ln152_2_reg_1302                                              |  43|   0|   48|          5|
    |add_ln152_3_reg_1307                                              |  46|   0|   48|          2|
    |add_ln152_reg_1292                                                |  39|   0|   48|          9|
    |ap_CS_fsm                                                         |  34|   0|   34|          0|
    |frac_reg_1262                                                     |  32|   0|   32|          0|
    |funct7_i_0_data_reg                                               |   8|   0|    8|          0|
    |funct7_i_0_vld_reg                                                |   0|   0|    1|          1|
    |funct7_i_read_reg_1056                                            |   8|   0|    8|          0|
    |grp_cfu_hls_Pipeline_BITREV_LOOP_fu_497_ap_start_reg              |   1|   0|    1|          0|
    |grp_cfu_hls_Pipeline_FFT_STAGE_FFT_BUTTERFLY_fu_505_ap_start_reg  |   1|   0|    1|          0|
    |grp_cfu_hls_Pipeline_HANN_LOOP_fu_485_ap_start_reg                |   1|   0|    1|          0|
    |grp_cfu_hls_Pipeline_MEL_ACCUM_fu_527_ap_start_reg                |   1|   0|    1|          0|
    |grp_cfu_hls_Pipeline_POWER_LOOP_fu_517_ap_start_reg               |   1|   0|    1|          0|
    |icmp_ln140_reg_1137                                               |   1|   0|    1|          0|
    |k_len_reg_1113                                                    |   8|   0|    8|          0|
    |k_start_reg_1121                                                  |  10|   0|   10|          0|
    |log2_float_reg_1272                                               |  32|   0|   32|          0|
    |m_fu_266                                                          |   6|   0|    6|          0|
    |mel_pwr_loc_fu_258                                                |  48|   0|   48|          0|
    |mel_q16_reg_1132                                                  |  32|   0|   32|          0|
    |msb_reg_357                                                       |   5|   0|    5|          0|
    |rslt_o_1_data_reg                                                 |  32|   0|   32|          0|
    |rslt_o_1_vld_reg                                                  |   0|   0|    1|          1|
    |src1_i_0_data_reg                                                 |  32|   0|   32|          0|
    |src1_i_0_vld_reg                                                  |   0|   0|    1|          1|
    |src2_i_0_data_reg                                                 |  32|   0|   32|          0|
    |src2_i_0_vld_reg                                                  |   0|   0|    1|          1|
    |src2_i_read_reg_1051                                              |  32|   0|   32|          0|
    |sub_ln149_reg_1252                                                |  16|   0|   16|          0|
    |sub_ln152_reg_1287                                                |  32|   0|   48|         16|
    |trunc_ln139_reg_1142                                              |  16|   0|   16|          0|
    |trunc_ln149_reg_1247                                              |  16|   0|   16|          0|
    |trunc_ln152_reg_1282                                              |  30|   0|   30|          0|
    |trunc_ln23_1_reg_1060                                             |  11|   0|   11|          0|
    |trunc_ln_reg_1312                                                 |  32|   0|   32|          0|
    |weight_idx_4_reg_1126                                             |  13|   0|   13|          0|
    |weight_idx_fu_262                                                 |  13|   0|   13|          0|
    |zext_ln129_reg_1097                                               |   6|   0|   64|         58|
    |zext_ln143_reg_1242                                               |   5|   0|   32|         27|
    +------------------------------------------------------------------+----+----+-----+-----------+
    |Total                                                             | 754|   0|  882|        128|
    +------------------------------------------------------------------+----+----+-----+-----------+



================================================================
== Interface
================================================================
* Summary: 
+----------+-----+-----+------------+--------------+--------------+
| RTL Ports| Dir | Bits|  Protocol  | Source Object|    C Type    |
+----------+-----+-----+------------+--------------+--------------+
|ap_clk    |   in|    1|  ap_ctrl_hs|       cfu_hls|  return value|
|ap_start  |   in|    1|  ap_ctrl_hs|       cfu_hls|  return value|
|ap_done   |  out|    1|  ap_ctrl_hs|       cfu_hls|  return value|
|ap_idle   |  out|    1|  ap_ctrl_hs|       cfu_hls|  return value|
|ap_ready  |  out|    1|  ap_ctrl_hs|       cfu_hls|  return value|
|funct3_i  |   in|    8|     ap_none|      funct3_i|        scalar|
|funct7_i  |   in|    8|     ap_none|      funct7_i|        scalar|
|src1_i    |   in|   32|     ap_none|        src1_i|        scalar|
|src2_i    |   in|   32|     ap_none|        src2_i|        scalar|
|rslt_o    |  out|   32|     ap_none|        rslt_o|       pointer|
+----------+-----+-----+------------+--------------+--------------+

