

================================================================
== Vitis HLS Report for 'cfu_hls_Pipeline_MEL_ACCUM'
================================================================
* Date:           Sun Mar 15 11:48:32 2026

* Version:        2024.2 (Build 5238294 on Nov  8 2024)
* Project:        vitis
* Solution:       hls (Vivado IP Flow Target)
* Product family: artix7
* Target device:  xc7a35t-csg324-1


================================================================
== Performance Estimates
================================================================
+ Timing: 
    * Summary: 
    +--------+---------+----------+------------+
    |  Clock |  Target | Estimated| Uncertainty|
    +--------+---------+----------+------------+
    |ap_clk  |  5.56 ns|  5.354 ns|     1.50 ns|
    +--------+---------+----------+------------+

+ Latency: 
    * Summary: 
    +---------+---------+----------+----------+-----+-----+------------------------------------------------+
    |  Latency (cycles) |  Latency (absolute) |  Interval |                    Pipeline                    |
    |   min   |   max   |    min   |    max   | min | max |                      Type                      |
    +---------+---------+----------+----------+-----+-----+------------------------------------------------+
    |       24|      167|  0.133 us|  0.928 us|   15|  158|  loop auto-rewind stp (delay=0 clock cycles(s))|
    +---------+---------+----------+----------+-----+-----+------------------------------------------------+

    + Detail: 
        * Instance: 
        N/A

        * Loop: 
        +-------------+---------+---------+----------+-----------+-----------+----------+----------+
        |             |  Latency (cycles) | Iteration|  Initiation Interval  |   Trip   |          |
        |  Loop Name  |   min   |   max   |  Latency |  achieved |   target  |   Count  | Pipelined|
        +-------------+---------+---------+----------+-----------+-----------+----------+----------+
        |- MEL_ACCUM  |       22|      165|         9|          1|          1|  14 ~ 157|       yes|
        +-------------+---------+---------+----------+-----------+-----------+----------+----------+



================================================================
== Utilization Estimates
================================================================
* Summary: 
+-----------------+---------+----+-------+-------+-----+
|       Name      | BRAM_18K| DSP|   FF  |  LUT  | URAM|
+-----------------+---------+----+-------+-------+-----+
|DSP              |        -|   -|      -|      -|    -|
|Expression       |        -|   -|      0|    137|    -|
|FIFO             |        -|   -|      -|      -|    -|
|Instance         |        -|   2|    215|      1|    -|
|Memory           |        2|   -|      0|      0|    -|
|Multiplexer      |        -|   -|      0|     63|    -|
|Register         |        -|   -|    279|     32|    -|
+-----------------+---------+----+-------+-------+-----+
|Total            |        2|   2|    494|    233|    0|
+-----------------+---------+----+-------+-------+-----+
|Available        |      100|  90|  41600|  20800|    0|
+-----------------+---------+----+-------+-------+-----+
|Utilization (%)  |        2|   2|      1|      1|    0|
+-----------------+---------+----+-------+-------+-----+

+ Detail: 
    * Instance: 
    +-------------------------+---------------------+---------+----+-----+----+-----+
    |         Instance        |        Module       | BRAM_18K| DSP|  FF | LUT| URAM|
    +-------------------------+---------------------+---------+----+-----+----+-----+
    |mul_16ns_32s_48_5_1_U27  |mul_16ns_32s_48_5_1  |        0|   2|  215|   1|    0|
    +-------------------------+---------------------+---------+----+-----+----+-----+
    |Total                    |                     |        0|   2|  215|   1|    0|
    +-------------------------+---------------------+---------+----+-----+----+-----+

    * DSP: 
    N/A

    * Memory: 
    +-----------------------------+------------------------------------------------------------------+---------+---+----+-----+------+-----+------+-------------+
    |            Memory           |                              Module                              | BRAM_18K| FF| LUT| URAM| Words| Bits| Banks| W*Bits*Banks|
    +-----------------------------+------------------------------------------------------------------+---------+---+----+-----+------+-----+------+-------------+
    |mel_weights_compact_fixed_U  |cfu_hls_Pipeline_MEL_ACCUM_mel_weights_compact_fixed_ROM_AUTO_1R  |        2|  0|   0|    0|  1958|   16|     1|        31328|
    +-----------------------------+------------------------------------------------------------------+---------+---+----+-----+------+-----+------+-------------+
    |Total                        |                                                                  |        2|  0|   0|    0|  1958|   16|     1|        31328|
    +-----------------------------+------------------------------------------------------------------+---------+---+----+-----+------+-----+------+-------------+

    * FIFO: 
    N/A

    * Expression: 
    +----------------------+----------+----+---+----+------------+------------+
    |     Variable Name    | Operation| DSP| FF| LUT| Bitwidth P0| Bitwidth P1|
    +----------------------+----------+----+---+----+------------+------------+
    |add_ln134_fu_140_p2   |         +|   0|  0|  15|           8|           1|
    |add_ln136_fu_150_p2   |         +|   0|  0|  17|          10|          10|
    |add_ln137_fu_156_p2   |         +|   0|  0|  20|          13|           1|
    |mel_pwr_3_fu_199_p2   |         +|   0|  0|  63|          56|          56|
    |icmp_ln134_fu_134_p2  |      icmp|   0|  0|  20|          13|          13|
    |ap_enable_pp0         |       xor|   0|  0|   2|           1|           2|
    +----------------------+----------+----+---+----+------------+------------+
    |Total                 |          |   0|  0| 137|         101|          83|
    +----------------------+----------+----+---+----+------------+------------+

    * Multiplexer: 
    +----------------------------------+----+-----------+-----+-----------+
    |               Name               | LUT| Input Size| Bits| Total Bits|
    +----------------------------------+----+-----------+-----+-----------+
    |ap_done_int                       |   9|          2|    1|          2|
    |ap_loop_exit_ready_pp0_iter8_reg  |   9|          2|    1|          2|
    |ap_sig_allocacmp_ii_1             |   9|          2|    8|         16|
    |ap_sig_allocacmp_weight_idx_3     |   9|          2|   13|         26|
    |ii_fu_50                          |   9|          2|    8|         16|
    |mel_pwr_fu_46                     |   9|          2|   56|        112|
    |weight_idx_1_fu_54                |   9|          2|   13|         26|
    +----------------------------------+----+-----------+-----+-----------+
    |Total                             |  63|         14|  100|        200|
    +----------------------------------+----+-----------+-----+-----------+

    * Register: 
    +----------------------------------------+----+----+-----+-----------+
    |                  Name                  | FF | LUT| Bits| Const Bits|
    +----------------------------------------+----+----+-----+-----------+
    |add_ln136_reg_240                       |  10|   0|   10|          0|
    |ap_CS_fsm                               |   1|   0|    1|          0|
    |ap_done_reg                             |   1|   0|    1|          0|
    |ap_enable_reg_pp0_iter1                 |   1|   0|    1|          0|
    |ap_enable_reg_pp0_iter2                 |   1|   0|    1|          0|
    |ap_enable_reg_pp0_iter3                 |   1|   0|    1|          0|
    |ap_enable_reg_pp0_iter4                 |   1|   0|    1|          0|
    |ap_enable_reg_pp0_iter5                 |   1|   0|    1|          0|
    |ap_enable_reg_pp0_iter6                 |   1|   0|    1|          0|
    |ap_enable_reg_pp0_iter7                 |   1|   0|    1|          0|
    |ap_enable_reg_pp0_iter8                 |   1|   0|    1|          0|
    |ap_loop_exit_ready_pp0_iter1_reg        |   1|   0|    1|          0|
    |ap_loop_exit_ready_pp0_iter2_reg        |   1|   0|    1|          0|
    |ap_loop_exit_ready_pp0_iter3_reg        |   1|   0|    1|          0|
    |ap_loop_exit_ready_pp0_iter4_reg        |   1|   0|    1|          0|
    |ap_loop_exit_ready_pp0_iter5_reg        |   1|   0|    1|          0|
    |ap_loop_exit_ready_pp0_iter6_reg        |   1|   0|    1|          0|
    |ap_loop_exit_ready_pp0_iter7_reg        |   1|   0|    1|          0|
    |ap_loop_exit_ready_pp0_iter8_reg        |   1|   0|    1|          0|
    |icmp_ln134_reg_236                      |   1|   0|    1|          0|
    |ii_fu_50                                |   8|   0|    8|          0|
    |mel_pwr_fu_46                           |  56|   0|   56|          0|
    |mel_weights_compact_fixed_load_reg_260  |  16|   0|   16|          0|
    |mul_ln137_reg_275                       |  48|   0|   48|          0|
    |power_buf_load_reg_255                  |  32|   0|   32|          0|
    |weight_idx_1_fu_54                      |  13|   0|   13|          0|
    |weight_idx_3_reg_231                    |  13|   0|   13|          0|
    |icmp_ln134_reg_236                      |  64|  32|    1|          0|
    +----------------------------------------+----+----+-----+-----------+
    |Total                                   | 279|  32|  216|          0|
    +----------------------------------------+----+----+-----+-----------+



================================================================
== Interface
================================================================
* Summary: 
+--------------------+-----+-----+------------+----------------------------+--------------+
|      RTL Ports     | Dir | Bits|  Protocol  |        Source Object       |    C Type    |
+--------------------+-----+-----+------------+----------------------------+--------------+
|ap_clk              |   in|    1|  ap_ctrl_hs|  cfu_hls_Pipeline_MEL_ACCUM|  return value|
|ap_start            |   in|    1|  ap_ctrl_hs|  cfu_hls_Pipeline_MEL_ACCUM|  return value|
|ap_done             |  out|    1|  ap_ctrl_hs|  cfu_hls_Pipeline_MEL_ACCUM|  return value|
|ap_idle             |  out|    1|  ap_ctrl_hs|  cfu_hls_Pipeline_MEL_ACCUM|  return value|
|ap_ready            |  out|    1|  ap_ctrl_hs|  cfu_hls_Pipeline_MEL_ACCUM|  return value|
|weight_idx          |   in|   13|     ap_none|                  weight_idx|        scalar|
|weight_idx_2        |   in|   13|     ap_none|                weight_idx_2|        scalar|
|k_start             |   in|   10|     ap_none|                     k_start|        scalar|
|mel_pwr_out         |  out|   48|      ap_vld|                 mel_pwr_out|       pointer|
|mel_pwr_out_ap_vld  |  out|    1|      ap_vld|                 mel_pwr_out|       pointer|
|power_buf_address0  |  out|   11|   ap_memory|                   power_buf|         array|
|power_buf_ce0       |  out|    1|   ap_memory|                   power_buf|         array|
|power_buf_q0        |   in|   32|   ap_memory|                   power_buf|         array|
+--------------------+-----+-----+------------+----------------------------+--------------+

