Sun Mar 15 11:48:18 2026: Running xcd server. This server was built by gradle.
Sun Mar 15 11:48:18 2026: Server was asked to start on port: '41953'
Sun Mar 15 11:48:18 2026: Server is using token UUID: '8d47769b-ebb1-4bb6-bcaa-707945a66756'
Sun Mar 15 11:48:18 2026: SESSION_MGR: creating session with session uuid: '6d04a3e9-ade5-4ab9-8d63-1f78fcd2ec76' and name 'default'
Sun Mar 15 11:48:18 2026: Attempting to start server on port '41953'
Sun Mar 15 11:48:18 2026: XCD main fifo: created main fifo '/tmp/xcdmain8d47769b-ebb1-4bb6-bcaa-707945a66756', fd read = 13
Sun Mar 15 11:48:18 2026: Running Dispatch Server
Sun Mar 15 11:48:18 2026: Version 2.2.0
Sun Mar 15 11:48:20 2026: Dispatch Server: Accepted socket connection from client
Sun Mar 15 11:48:20 2026: Starting Socket connection
Sun Mar 15 11:48:20 2026: EXCHANGE_TOKEN received, server token: 8d47769b-ebb1-4bb6-bcaa-707945a66756, passed token: 8d47769b-ebb1-4bb6-bcaa-707945a66756
Sun Mar 15 11:48:20 2026: DISPATCH_HANDLER: Adding handler from function makeHandler in library libxv_system_diagram
Sun Mar 15 11:48:20 2026: SESSION_MGR: creating session with session uuid: 'cfe22fe9-f8b4-44e6-b896-3f8f07552dfc' and name 'v++_compile_vitis'
Sun Mar 15 11:48:20 2026: KERNEL_SVC: creating session with uuid: 'cfe22fe9-f8b4-44e6-b896-3f8f07552dfc' and name 'v++_compile_vitis'
Sun Mar 15 11:48:20 2026: GUIDANCE_SMGR: creating guidance session with uuid: 'cfe22fe9-f8b4-44e6-b896-3f8f07552dfc' and name 'v++_compile_vitis'
Sun Mar 15 11:48:20 2026: SYSTEM_DIAGRAM: creating session with uuid: 'cfe22fe9-f8b4-44e6-b896-3f8f07552dfc' and name 'v++_compile_vitis'
Sun Mar 15 11:48:23 2026: Dispatch Server: Accepted socket connection from client
Sun Mar 15 11:48:23 2026: Starting Socket connection
Sun Mar 15 11:48:33 2026: SESSION_MGR: closing session for UUID 'cfe22fe9-f8b4-44e6-b896-3f8f07552dfc' with name 'v++_compile_vitis'
Sun Mar 15 11:48:33 2026: KERNEL_SVC: closing session for UUID 'cfe22fe9-f8b4-44e6-b896-3f8f07552dfc' with name 'v++_compile_vitis'
Sun Mar 15 11:48:33 2026: GUIDANCE_SMGR: closing session for UUID 'cfe22fe9-f8b4-44e6-b896-3f8f07552dfc' with name 'v++_compile_vitis'
Sun Mar 15 11:48:33 2026: SYSTEM_DIAGRAM: closing session for UUID 'cfe22fe9-f8b4-44e6-b896-3f8f07552dfc' with name 'v++_compile_vitis'
Sun Mar 15 11:48:33 2026: STOP_SERVER received, server token: 8d47769b-ebb1-4bb6-bcaa-707945a66756, passed token: 8d47769b-ebb1-4bb6-bcaa-707945a66756
Sun Mar 15 11:48:33 2026: Socket received request to stop server.
Sun Mar 15 11:48:33 2026: Dispatch Server: do_await_stop
Sun Mar 15 11:48:33 2026: Dispatch Server: stopping mainFifo_
Sun Mar 15 11:48:33 2026: XCD main fifo: Stopping
Sun Mar 15 11:48:33 2026: XCD main fifo: do_read error code: Operation canceled
Sun Mar 15 11:48:33 2026: XCD main fifo: bytes_transferred: 0
Sun Mar 15 11:48:33 2026: SERVER: destructor for server bound to port 41953
Sun Mar 15 11:48:33 2026: XCD main fifo: Good unlink of /tmp/xcdmain8d47769b-ebb1-4bb6-bcaa-707945a66756
Sun Mar 15 11:48:33 2026: Server exiting with status 0.
Sun Mar 15 11:48:33 2026: Closing log file.
