

================================================================
== Vitis HLS Report for 'cfu_hls_Pipeline_POWER_LOOP'
================================================================
* Date:           Sun Mar 15 11:48:31 2026

* Version:        2024.2 (Build 5238294 on Nov  8 2024)
* Project:        vitis
* Solution:       hls (Vivado IP Flow Target)
* Product family: artix7
* Target device:  xc7a35t-csg324-1


================================================================
== Performance Estimates
================================================================
+ Timing: 
    * Summary: 
    +--------+---------+----------+------------+
    |  Clock |  Target | Estimated| Uncertainty|
    +--------+---------+----------+------------+
    |ap_clk  |  5.56 ns|  5.347 ns|     1.50 ns|
    +--------+---------+----------+------------+

+ Latency: 
    * Summary: 
    +---------+---------+----------+----------+------+------+------------------------------------------------+
    |  Latency (cycles) |  Latency (absolute) |   Interval  |                    Pipeline                    |
    |   min   |   max   |    min   |    max   |  min |  max |                      Type                      |
    +---------+---------+----------+----------+------+------+------------------------------------------------+
    |     1034|     1034|  5.745 us|  5.745 us|  1026|  1026|  loop auto-rewind stp (delay=0 clock cycles(s))|
    +---------+---------+----------+----------+------+------+------------------------------------------------+

    + Detail: 
        * Instance: 
        N/A

        * Loop: 
        +--------------+---------+---------+----------+-----------+-----------+------+----------+
        |              |  Latency (cycles) | Iteration|  Initiation Interval  | Trip |          |
        |   Loop Name  |   min   |   max   |  Latency |  achieved |   target  | Count| Pipelined|
        +--------------+---------+---------+----------+-----------+-----------+------+----------+
        |- POWER_LOOP  |     1032|     1032|         9|          1|          1|  1025|       yes|
        +--------------+---------+---------+----------+-----------+-----------+------+----------+

============================================================
+ Verbose Summary: Synthesis Manager
============================================================
InlineROM: 1
ExposeGlobal: 0
============================================================
+ Verbose Summary: CDFG Model
============================================================
IsTopModel: 0
ResetActiveHigh: 1
IsCombinational: 0
IsDatapathOnly: 0
HasWiredReturn: 1
HasMFsm: 2
HasVarLatency: 1
IsPipeline: 0
IsRtlPipelined: 0
IsInstanceOverlapped: 0
IsDontTouch: 0
HasImplIP: 0
IsGatedGlobalClock: 0

+ Individual pipeline summary: 
  * Pipeline-0: initiation interval (II) = 1, depth = 9


============================================================
+ Verbose Summary: Schedule
============================================================
* Number of FSM states : 9
* Pipeline : 1
  Pipeline-0 : II = 1, D = 9, States = { 1 2 3 4 5 6 7 8 9 }
* Dataflow Pipeline: 0

* FSM state transitions: 
1 --> 2 
2 --> 3 
3 --> 4 
4 --> 5 
5 --> 6 
6 --> 7 
7 --> 8 
8 --> 9 
9 --> 

* FSM state operations: 

State 1 <SV = 0> <Delay = 5.34>
ST_1 : Operation 12 [1/1] (0.00ns)   --->   "%k = alloca i32 1" [cfu_hls.c:51]   --->   Operation 12 'alloca' 'k' <Predicate = true> <Delay = 0.00>
ST_1 : Operation 13 [1/1] (0.00ns)   --->   "%specmemcore_ln0 = specmemcore void @_ssdm_op_SpecMemCore, i32 %imag_buf, i64 666, i64 22, i64 18446744073709551615"   --->   Operation 13 'specmemcore' 'specmemcore_ln0' <Predicate = true> <Delay = 0.00>
ST_1 : Operation 14 [1/1] (0.00ns)   --->   "%specmemcore_ln0 = specmemcore void @_ssdm_op_SpecMemCore, i32 %real_buf, i64 666, i64 22, i64 18446744073709551615"   --->   Operation 14 'specmemcore' 'specmemcore_ln0' <Predicate = true> <Delay = 0.00>
ST_1 : Operation 15 [1/1] (1.61ns)   --->   "%store_ln51 = store i11 0, i11 %k" [cfu_hls.c:51]   --->   Operation 15 'store' 'store_ln51' <Predicate = true> <Delay = 1.61>
ST_1 : Operation 16 [1/1] (0.00ns)   --->   "%br_ln0 = br void %for.inc163"   --->   Operation 16 'br' 'br_ln0' <Predicate = true> <Delay = 0.00>
ST_1 : Operation 17 [1/1] (0.00ns)   --->   "%k_1 = load i11 %k" [cfu_hls.c:118]   --->   Operation 17 'load' 'k_1' <Predicate = true> <Delay = 0.00>
ST_1 : Operation 18 [1/1] (2.12ns)   --->   "%icmp_ln118 = icmp_eq  i11 %k_1, i11 1025" [cfu_hls.c:118]   --->   Operation 18 'icmp' 'icmp_ln118' <Predicate = true> <Delay = 2.12> <CoreInst = "Cmp">   --->   Core 9 'Cmp' <Latency = 0> <II = 1> <Delay = 2.12> <FuncUnit> <Opcode : 'seteq' 'setne' 'setle' 'setge' 'setlt' 'setgt'> <InPorts = 2> <OutPorts = 1>
ST_1 : Operation 19 [1/1] (2.12ns)   --->   "%add_ln118 = add i11 %k_1, i11 1" [cfu_hls.c:118]   --->   Operation 19 'add' 'add_ln118' <Predicate = true> <Delay = 2.12> <CoreInst = "Adder">   --->   Core 1 'Adder' <Latency = 0> <II = 1> <Delay = 2.12> <FuncUnit> <Opcode : 'add' 'sub'> <InPorts = 2> <OutPorts = 1>
ST_1 : Operation 20 [1/1] (0.00ns)   --->   "%br_ln118 = br i1 %icmp_ln118, void %for.inc163.split, void %MEL_ACCUM.preheader.exitStub" [cfu_hls.c:118]   --->   Operation 20 'br' 'br_ln118' <Predicate = true> <Delay = 0.00>
ST_1 : Operation 21 [1/1] (0.00ns)   --->   "%zext_ln118 = zext i11 %k_1" [cfu_hls.c:118]   --->   Operation 21 'zext' 'zext_ln118' <Predicate = (!icmp_ln118)> <Delay = 0.00>
ST_1 : Operation 22 [1/1] (0.00ns)   --->   "%real_buf_addr = getelementptr i32 %real_buf, i64 0, i64 %zext_ln118" [cfu_hls.c:120]   --->   Operation 22 'getelementptr' 'real_buf_addr' <Predicate = (!icmp_ln118)> <Delay = 0.00>
ST_1 : Operation 23 [2/2] (3.25ns)   --->   "%r = load i11 %real_buf_addr" [cfu_hls.c:120]   --->   Operation 23 'load' 'r' <Predicate = (!icmp_ln118)> <Delay = 3.25> <CoreInst = "RAM_2P_BRAM">   --->   Core 90 'RAM_2P_BRAM' <Latency = 1> <II = 1> <Delay = 3.25> <Storage> <Opcode : 'load' 'store'> <Ports = 2> <Width = 32> <Depth = 2048> <RAM>
ST_1 : Operation 24 [1/1] (0.00ns)   --->   "%imag_buf_addr = getelementptr i32 %imag_buf, i64 0, i64 %zext_ln118" [cfu_hls.c:121]   --->   Operation 24 'getelementptr' 'imag_buf_addr' <Predicate = (!icmp_ln118)> <Delay = 0.00>
ST_1 : Operation 25 [2/2] (3.25ns)   --->   "%im = load i11 %imag_buf_addr" [cfu_hls.c:121]   --->   Operation 25 'load' 'im' <Predicate = (!icmp_ln118)> <Delay = 3.25> <CoreInst = "RAM_2P_BRAM">   --->   Core 90 'RAM_2P_BRAM' <Latency = 1> <II = 1> <Delay = 3.25> <Storage> <Opcode : 'load' 'store'> <Ports = 2> <Width = 32> <Depth = 2048> <RAM>
ST_1 : Operation 26 [1/1] (1.61ns)   --->   "%store_ln51 = store i11 %add_ln118, i11 %k" [cfu_hls.c:51]   --->   Operation 26 'store' 'store_ln51' <Predicate = (!icmp_ln118)> <Delay = 1.61>

State 2 <SV = 1> <Delay = 3.25>
ST_2 : Operation 27 [1/2] ( I:3.25ns O:3.25ns )   --->   "%r = load i11 %real_buf_addr" [cfu_hls.c:120]   --->   Operation 27 'load' 'r' <Predicate = true> <Delay = 3.25> <CoreInst = "RAM_2P_BRAM">   --->   Core 90 'RAM_2P_BRAM' <Latency = 1> <II = 1> <Delay = 3.25> <Storage> <Opcode : 'load' 'store'> <Ports = 2> <Width = 32> <Depth = 2048> <RAM>
ST_2 : Operation 28 [1/2] ( I:3.25ns O:3.25ns )   --->   "%im = load i11 %imag_buf_addr" [cfu_hls.c:121]   --->   Operation 28 'load' 'im' <Predicate = true> <Delay = 3.25> <CoreInst = "RAM_2P_BRAM">   --->   Core 90 'RAM_2P_BRAM' <Latency = 1> <II = 1> <Delay = 3.25> <Storage> <Opcode : 'load' 'store'> <Ports = 2> <Width = 32> <Depth = 2048> <RAM>

State 3 <SV = 2> <Delay = 3.89>
ST_3 : Operation 29 [1/1] (0.00ns)   --->   "%sext_ln120 = sext i32 %r" [cfu_hls.c:120]   --->   Operation 29 'sext' 'sext_ln120' <Predicate = true> <Delay = 0.00>
ST_3 : Operation 30 [1/1] (0.00ns)   --->   "%sext_ln121 = sext i32 %im" [cfu_hls.c:121]   --->   Operation 30 'sext' 'sext_ln121' <Predicate = true> <Delay = 0.00>
ST_3 : Operation 31 [5/5] (3.89ns)   --->   "%mul_ln122 = mul i58 %sext_ln120, i58 %sext_ln120" [cfu_hls.c:122]   --->   Operation 31 'mul' 'mul_ln122' <Predicate = true> <Delay = 3.89> <CoreInst = "Multiplier">   --->   Core 3 'Multiplier' <Latency = 4> <II = 1> <Delay = 3.89> <FuncUnit> <Opcode : 'mul'> <InPorts = 2> <OutPorts = 1>
ST_3 : Operation 32 [5/5] (3.89ns)   --->   "%mul_ln122_1 = mul i58 %sext_ln121, i58 %sext_ln121" [cfu_hls.c:122]   --->   Operation 32 'mul' 'mul_ln122_1' <Predicate = true> <Delay = 3.89> <CoreInst = "Multiplier">   --->   Core 3 'Multiplier' <Latency = 4> <II = 1> <Delay = 3.89> <FuncUnit> <Opcode : 'mul'> <InPorts = 2> <OutPorts = 1>

State 4 <SV = 3> <Delay = 3.89>
ST_4 : Operation 33 [4/5] (3.89ns)   --->   "%mul_ln122 = mul i58 %sext_ln120, i58 %sext_ln120" [cfu_hls.c:122]   --->   Operation 33 'mul' 'mul_ln122' <Predicate = true> <Delay = 3.89> <CoreInst = "Multiplier">   --->   Core 3 'Multiplier' <Latency = 4> <II = 1> <Delay = 3.89> <FuncUnit> <Opcode : 'mul'> <InPorts = 2> <OutPorts = 1>
ST_4 : Operation 34 [4/5] (3.89ns)   --->   "%mul_ln122_1 = mul i58 %sext_ln121, i58 %sext_ln121" [cfu_hls.c:122]   --->   Operation 34 'mul' 'mul_ln122_1' <Predicate = true> <Delay = 3.89> <CoreInst = "Multiplier">   --->   Core 3 'Multiplier' <Latency = 4> <II = 1> <Delay = 3.89> <FuncUnit> <Opcode : 'mul'> <InPorts = 2> <OutPorts = 1>

State 5 <SV = 4> <Delay = 3.89>
ST_5 : Operation 35 [3/5] (3.89ns)   --->   "%mul_ln122 = mul i58 %sext_ln120, i58 %sext_ln120" [cfu_hls.c:122]   --->   Operation 35 'mul' 'mul_ln122' <Predicate = true> <Delay = 3.89> <CoreInst = "Multiplier">   --->   Core 3 'Multiplier' <Latency = 4> <II = 1> <Delay = 3.89> <FuncUnit> <Opcode : 'mul'> <InPorts = 2> <OutPorts = 1>
ST_5 : Operation 36 [3/5] (3.89ns)   --->   "%mul_ln122_1 = mul i58 %sext_ln121, i58 %sext_ln121" [cfu_hls.c:122]   --->   Operation 36 'mul' 'mul_ln122_1' <Predicate = true> <Delay = 3.89> <CoreInst = "Multiplier">   --->   Core 3 'Multiplier' <Latency = 4> <II = 1> <Delay = 3.89> <FuncUnit> <Opcode : 'mul'> <InPorts = 2> <OutPorts = 1>

State 6 <SV = 5> <Delay = 3.89>
ST_6 : Operation 37 [2/5] (3.89ns)   --->   "%mul_ln122 = mul i58 %sext_ln120, i58 %sext_ln120" [cfu_hls.c:122]   --->   Operation 37 'mul' 'mul_ln122' <Predicate = true> <Delay = 3.89> <CoreInst = "Multiplier">   --->   Core 3 'Multiplier' <Latency = 4> <II = 1> <Delay = 3.89> <FuncUnit> <Opcode : 'mul'> <InPorts = 2> <OutPorts = 1>
ST_6 : Operation 38 [2/5] (3.89ns)   --->   "%mul_ln122_1 = mul i58 %sext_ln121, i58 %sext_ln121" [cfu_hls.c:122]   --->   Operation 38 'mul' 'mul_ln122_1' <Predicate = true> <Delay = 3.89> <CoreInst = "Multiplier">   --->   Core 3 'Multiplier' <Latency = 4> <II = 1> <Delay = 3.89> <FuncUnit> <Opcode : 'mul'> <InPorts = 2> <OutPorts = 1>

State 7 <SV = 6> <Delay = 3.89>
ST_7 : Operation 39 [1/5] (3.89ns)   --->   "%mul_ln122 = mul i58 %sext_ln120, i58 %sext_ln120" [cfu_hls.c:122]   --->   Operation 39 'mul' 'mul_ln122' <Predicate = true> <Delay = 3.89> <CoreInst = "Multiplier">   --->   Core 3 'Multiplier' <Latency = 4> <II = 1> <Delay = 3.89> <FuncUnit> <Opcode : 'mul'> <InPorts = 2> <OutPorts = 1>
ST_7 : Operation 40 [1/5] (3.89ns)   --->   "%mul_ln122_1 = mul i58 %sext_ln121, i58 %sext_ln121" [cfu_hls.c:122]   --->   Operation 40 'mul' 'mul_ln122_1' <Predicate = true> <Delay = 3.89> <CoreInst = "Multiplier">   --->   Core 3 'Multiplier' <Latency = 4> <II = 1> <Delay = 3.89> <FuncUnit> <Opcode : 'mul'> <InPorts = 2> <OutPorts = 1>

State 8 <SV = 7> <Delay = 3.40>
ST_8 : Operation 41 [1/1] (3.40ns)   --->   "%pwr = add i58 %mul_ln122_1, i58 %mul_ln122" [cfu_hls.c:122]   --->   Operation 41 'add' 'pwr' <Predicate = true> <Delay = 3.40> <CoreInst = "Adder">   --->   Core 1 'Adder' <Latency = 0> <II = 1> <Delay = 3.40> <FuncUnit> <Opcode : 'add' 'sub'> <InPorts = 2> <OutPorts = 1>
ST_8 : Operation 42 [1/1] (0.00ns)   --->   "%trunc_ln8 = partselect i32 @_ssdm_op_PartSelect.i32.i58.i32.i32, i58 %pwr, i32 26, i32 57" [cfu_hls.c:123]   --->   Operation 42 'partselect' 'trunc_ln8' <Predicate = true> <Delay = 0.00>
ST_8 : Operation 49 [1/1] (1.61ns)   --->   "%ret_ln0 = ret"   --->   Operation 49 'ret' 'ret_ln0' <Predicate = (icmp_ln118)> <Delay = 1.61>

State 9 <SV = 8> <Delay = 3.25>
ST_9 : Operation 43 [1/1] (0.00ns)   --->   "%specpipeline_ln119 = specpipeline void @_ssdm_op_SpecPipeline, i32 1, i32 0, i32 0, i32 0, void @empty_2" [cfu_hls.c:119]   --->   Operation 43 'specpipeline' 'specpipeline_ln119' <Predicate = true> <Delay = 0.00>
ST_9 : Operation 44 [1/1] (0.00ns)   --->   "%speclooptripcount_ln51 = speclooptripcount void @_ssdm_op_SpecLoopTripCount, i64 1025, i64 1025, i64 1025" [cfu_hls.c:51]   --->   Operation 44 'speclooptripcount' 'speclooptripcount_ln51' <Predicate = true> <Delay = 0.00>
ST_9 : Operation 45 [1/1] (0.00ns)   --->   "%specloopname_ln118 = specloopname void @_ssdm_op_SpecLoopName, void @empty_7" [cfu_hls.c:118]   --->   Operation 45 'specloopname' 'specloopname_ln118' <Predicate = true> <Delay = 0.00>
ST_9 : Operation 46 [1/1] (0.00ns)   --->   "%power_buf_addr = getelementptr i32 %power_buf, i64 0, i64 %zext_ln118" [cfu_hls.c:123]   --->   Operation 46 'getelementptr' 'power_buf_addr' <Predicate = true> <Delay = 0.00>
ST_9 : Operation 47 [1/1] ( I:3.25ns O:3.25ns )   --->   "%store_ln123 = store i32 %trunc_ln8, i11 %power_buf_addr" [cfu_hls.c:123]   --->   Operation 47 'store' 'store_ln123' <Predicate = true> <Delay = 3.25> <CoreInst = "RAM">   --->   Core 81 'RAM' <Latency = 1> <II = 1> <Delay = 3.25> <Storage> <Opcode : 'load' 'store'> <Ports = 2> <Width = 32> <Depth = 1025> <RAM>
ST_9 : Operation 48 [1/1] (0.00ns)   --->   "%br_ln118 = br void %for.inc163" [cfu_hls.c:118]   --->   Operation 48 'br' 'br_ln118' <Predicate = true> <Delay = 0.00>


============================================================
+ Verbose Summary: Timing violations
============================================================
Target clock period: 5.556ns, clock uncertainty: 1.500ns.

 <State 1>: 5.347ns
The critical path consists of the following:
	'store' operation 0 bit ('store_ln51', cfu_hls.c:51) of constant 0 on local variable 'k', cfu_hls.c:51 [7]  (1.610 ns)
	'load' operation 11 bit ('k', cfu_hls.c:118) on local variable 'k', cfu_hls.c:51 [10]  (0.000 ns)
	'icmp' operation 1 bit ('icmp_ln118', cfu_hls.c:118) [11]  (2.127 ns)
	'store' operation 0 bit ('store_ln51', cfu_hls.c:51) of variable 'add_ln118', cfu_hls.c:118 on local variable 'k', cfu_hls.c:51 [31]  (1.610 ns)

 <State 2>: 3.257ns
The critical path consists of the following:
	'load' operation 32 bit ('r', cfu_hls.c:120) on array 'real_buf' [20]  (3.257 ns)

 <State 3>: 3.895ns
The critical path consists of the following:
	'mul' operation 58 bit ('mul_ln122', cfu_hls.c:122) [25]  (3.895 ns)

 <State 4>: 3.895ns
The critical path consists of the following:
	'mul' operation 58 bit ('mul_ln122', cfu_hls.c:122) [25]  (3.895 ns)

 <State 5>: 3.895ns
The critical path consists of the following:
	'mul' operation 58 bit ('mul_ln122', cfu_hls.c:122) [25]  (3.895 ns)

 <State 6>: 3.895ns
The critical path consists of the following:
	'mul' operation 58 bit ('mul_ln122', cfu_hls.c:122) [25]  (3.895 ns)

 <State 7>: 3.895ns
The critical path consists of the following:
	'mul' operation 58 bit ('mul_ln122', cfu_hls.c:122) [25]  (3.895 ns)

 <State 8>: 3.403ns
The critical path consists of the following:
	'add' operation 58 bit ('pwr', cfu_hls.c:122) [27]  (3.403 ns)

 <State 9>: 3.257ns
The critical path consists of the following:
	'getelementptr' operation 11 bit ('power_buf_addr', cfu_hls.c:123) [29]  (0.000 ns)
	'store' operation 0 bit ('store_ln123', cfu_hls.c:123) of variable 'trunc_ln8', cfu_hls.c:123 on array 'power_buf' [30]  (3.257 ns)


============================================================
+ Verbose Summary: Binding
============================================================
N/A
* FSMD analyzer results:
  - Output states:
 - Input state : 
  - Chain level:
	State 1
	State 2
	State 3
	State 4
	State 5
	State 6
	State 7
	State 8
	State 9


============================================================
+ Verbose Summary: Datapath Resource usage 
============================================================
N/A
