

================================================================
== Vitis HLS Report for 'cfu_hls_Pipeline_BITREV_LOOP'
================================================================
* Date:           Sun Mar 15 11:48:30 2026

* Version:        2024.2 (Build 5238294 on Nov  8 2024)
* Project:        vitis
* Solution:       hls (Vivado IP Flow Target)
* Product family: artix7
* Target device:  xc7a35t-csg324-1


================================================================
== Performance Estimates
================================================================
+ Timing: 
    * Summary: 
    +--------+---------+----------+------------+
    |  Clock |  Target | Estimated| Uncertainty|
    +--------+---------+----------+------------+
    |ap_clk  |  5.56 ns|  6.514 ns|     1.50 ns|
    +--------+---------+----------+------------+

+ Latency: 
    * Summary: 
    +---------+---------+-----------+-----------+------+------+------------------------------------------------+
    |  Latency (cycles) |   Latency (absolute)  |   Interval  |                    Pipeline                    |
    |   min   |   max   |    min    |    max    |  min |  max |                      Type                      |
    +---------+---------+-----------+-----------+------+------+------------------------------------------------+
    |     6146|     6146|  40.035 us|  40.035 us|  6145|  6145|  loop auto-rewind stp (delay=0 clock cycles(s))|
    +---------+---------+-----------+-----------+------+------+------------------------------------------------+

    + Detail: 
        * Instance: 
        N/A

        * Loop: 
        +---------------+---------+---------+----------+-----------+-----------+------+----------+
        |               |  Latency (cycles) | Iteration|  Initiation Interval  | Trip |          |
        |   Loop Name   |   min   |   max   |  Latency |  achieved |   target  | Count| Pipelined|
        +---------------+---------+---------+----------+-----------+-----------+------+----------+
        |- BITREV_LOOP  |     6144|     6144|         3|          3|          1|  2048|       yes|
        +---------------+---------+---------+----------+-----------+-----------+------+----------+

============================================================
+ Verbose Summary: Synthesis Manager
============================================================
InlineROM: 1
ExposeGlobal: 0
============================================================
+ Verbose Summary: CDFG Model
============================================================
IsTopModel: 0
ResetActiveHigh: 1
IsCombinational: 0
IsDatapathOnly: 0
HasWiredReturn: 1
HasMFsm: 2
HasVarLatency: 1
IsPipeline: 0
IsRtlPipelined: 0
IsInstanceOverlapped: 0
IsDontTouch: 0
HasImplIP: 0
IsGatedGlobalClock: 0

+ Individual pipeline summary: 
  * Pipeline-0: initiation interval (II) = 3, depth = 3


============================================================
+ Verbose Summary: Schedule
============================================================
* Number of FSM states : 3
* Pipeline : 1
  Pipeline-0 : II = 3, D = 3, States = { 1 2 3 }
* Dataflow Pipeline: 0

* FSM state transitions: 
1 --> 2 
2 --> 3 
3 --> 

* FSM state operations: 

State 1 <SV = 0> <Delay = 4.86>
ST_1 : Operation 6 [1/1] (0.00ns)   --->   "%i = alloca i32 1" [cfu_hls.c:51]   --->   Operation 6 'alloca' 'i' <Predicate = true> <Delay = 0.00>
ST_1 : Operation 7 [1/1] (0.00ns)   --->   "%specmemcore_ln0 = specmemcore void @_ssdm_op_SpecMemCore, i32 %imag_buf, i64 666, i64 22, i64 18446744073709551615"   --->   Operation 7 'specmemcore' 'specmemcore_ln0' <Predicate = true> <Delay = 0.00>
ST_1 : Operation 8 [1/1] (0.00ns)   --->   "%specmemcore_ln0 = specmemcore void @_ssdm_op_SpecMemCore, i32 %real_buf, i64 666, i64 22, i64 18446744073709551615"   --->   Operation 8 'specmemcore' 'specmemcore_ln0' <Predicate = true> <Delay = 0.00>
ST_1 : Operation 9 [1/1] (1.61ns)   --->   "%store_ln51 = store i12 0, i12 %i" [cfu_hls.c:51]   --->   Operation 9 'store' 'store_ln51' <Predicate = true> <Delay = 1.61>
ST_1 : Operation 10 [1/1] (0.00ns)   --->   "%br_ln0 = br void %for.body15"   --->   Operation 10 'br' 'br_ln0' <Predicate = true> <Delay = 0.00>
ST_1 : Operation 11 [1/1] (0.00ns)   --->   "%x = load i12 %i" [cfu_hls.c:64]   --->   Operation 11 'load' 'x' <Predicate = true> <Delay = 0.00>
ST_1 : Operation 12 [1/1] (2.13ns)   --->   "%icmp_ln63 = icmp_eq  i12 %x, i12 2048" [cfu_hls.c:63]   --->   Operation 12 'icmp' 'icmp_ln63' <Predicate = true> <Delay = 2.13> <CoreInst = "Cmp">   --->   Core 9 'Cmp' <Latency = 0> <II = 1> <Delay = 2.13> <FuncUnit> <Opcode : 'seteq' 'setne' 'setle' 'setge' 'setlt' 'setgt'> <InPorts = 2> <OutPorts = 1>
ST_1 : Operation 13 [1/1] (2.13ns)   --->   "%add_ln63 = add i12 %x, i12 1" [cfu_hls.c:63]   --->   Operation 13 'add' 'add_ln63' <Predicate = true> <Delay = 2.13> <CoreInst = "Adder">   --->   Core 1 'Adder' <Latency = 0> <II = 1> <Delay = 2.13> <FuncUnit> <Opcode : 'add' 'sub'> <InPorts = 2> <OutPorts = 1>
ST_1 : Operation 14 [1/1] (0.00ns)   --->   "%br_ln63 = br i1 %icmp_ln63, void %for.body15.split, void %for.inc140.preheader.exitStub" [cfu_hls.c:63]   --->   Operation 14 'br' 'br_ln63' <Predicate = true> <Delay = 0.00>
ST_1 : Operation 15 [1/1] (0.00ns)   --->   "%zext_ln63 = zext i12 %x" [cfu_hls.c:63]   --->   Operation 15 'zext' 'zext_ln63' <Predicate = (!icmp_ln63)> <Delay = 0.00>
ST_1 : Operation 16 [1/1] (0.00ns)   --->   "%trunc_ln64 = trunc i12 %x" [cfu_hls.c:64]   --->   Operation 16 'trunc' 'trunc_ln64' <Predicate = (!icmp_ln63)> <Delay = 0.00>
ST_1 : Operation 17 [1/1] (0.00ns)   --->   "%specpipeline_ln64 = specpipeline void @_ssdm_op_SpecPipeline, i32 1, i32 0, i32 0, i32 0, void @empty_2" [cfu_hls.c:64]   --->   Operation 17 'specpipeline' 'specpipeline_ln64' <Predicate = (!icmp_ln63)> <Delay = 0.00>
ST_1 : Operation 18 [1/1] (0.00ns)   --->   "%speclooptripcount_ln65 = speclooptripcount void @_ssdm_op_SpecLoopTripCount, i64 2048, i64 2048, i64 2048" [cfu_hls.c:65]   --->   Operation 18 'speclooptripcount' 'speclooptripcount_ln65' <Predicate = (!icmp_ln63)> <Delay = 0.00>
ST_1 : Operation 19 [1/1] (0.00ns)   --->   "%specloopname_ln63 = specloopname void @_ssdm_op_SpecLoopName, void @empty" [cfu_hls.c:63]   --->   Operation 19 'specloopname' 'specloopname_ln63' <Predicate = (!icmp_ln63)> <Delay = 0.00>
ST_1 : Operation 20 [1/1] (0.00ns)   --->   "%r = partselect i11 @_ssdm_op_PartSelect.i11.i12.i32.i32, i12 %x, i32 10, i32 0" [cfu_hls.c:77]   --->   Operation 20 'partselect' 'r' <Predicate = (!icmp_ln63)> <Delay = 0.00>
ST_1 : Operation 21 [1/1] (0.00ns)   --->   "%zext_ln79 = zext i11 %r" [cfu_hls.c:79]   --->   Operation 21 'zext' 'zext_ln79' <Predicate = (!icmp_ln63)> <Delay = 0.00>
ST_1 : Operation 22 [1/1] (2.12ns)   --->   "%icmp_ln79 = icmp_ult  i11 %trunc_ln64, i11 %r" [cfu_hls.c:79]   --->   Operation 22 'icmp' 'icmp_ln79' <Predicate = (!icmp_ln63)> <Delay = 2.12> <CoreInst = "Cmp">   --->   Core 9 'Cmp' <Latency = 0> <II = 1> <Delay = 2.12> <FuncUnit> <Opcode : 'seteq' 'setne' 'setle' 'setge' 'setlt' 'setgt'> <InPorts = 2> <OutPorts = 1>
ST_1 : Operation 23 [1/1] (0.00ns)   --->   "%br_ln79 = br i1 %icmp_ln79, void %for.inc74, void %if.then" [cfu_hls.c:79]   --->   Operation 23 'br' 'br_ln79' <Predicate = (!icmp_ln63)> <Delay = 0.00>
ST_1 : Operation 24 [1/1] (0.00ns)   --->   "%real_buf_addr_1 = getelementptr i32 %real_buf, i64 0, i64 %zext_ln63" [cfu_hls.c:80]   --->   Operation 24 'getelementptr' 'real_buf_addr_1' <Predicate = (!icmp_ln63 & icmp_ln79)> <Delay = 0.00>
ST_1 : Operation 25 [2/2] (3.25ns)   --->   "%tr = load i11 %real_buf_addr_1" [cfu_hls.c:80]   --->   Operation 25 'load' 'tr' <Predicate = (!icmp_ln63 & icmp_ln79)> <Delay = 3.25> <CoreInst = "RAM_2P_BRAM">   --->   Core 90 'RAM_2P_BRAM' <Latency = 1> <II = 1> <Delay = 3.25> <Storage> <Opcode : 'load' 'store'> <Ports = 2> <Width = 32> <Depth = 2048> <RAM>
ST_1 : Operation 26 [1/1] (0.00ns)   --->   "%real_buf_addr = getelementptr i32 %real_buf, i64 0, i64 %zext_ln79" [cfu_hls.c:80]   --->   Operation 26 'getelementptr' 'real_buf_addr' <Predicate = (!icmp_ln63 & icmp_ln79)> <Delay = 0.00>
ST_1 : Operation 27 [2/2] (3.25ns)   --->   "%real_buf_load = load i11 %real_buf_addr" [cfu_hls.c:80]   --->   Operation 27 'load' 'real_buf_load' <Predicate = (!icmp_ln63 & icmp_ln79)> <Delay = 3.25> <CoreInst = "RAM_2P_BRAM">   --->   Core 90 'RAM_2P_BRAM' <Latency = 1> <II = 1> <Delay = 3.25> <Storage> <Opcode : 'load' 'store'> <Ports = 2> <Width = 32> <Depth = 2048> <RAM>
ST_1 : Operation 28 [1/1] (0.00ns)   --->   "%imag_buf_addr_1 = getelementptr i32 %imag_buf, i64 0, i64 %zext_ln63" [cfu_hls.c:81]   --->   Operation 28 'getelementptr' 'imag_buf_addr_1' <Predicate = (!icmp_ln63 & icmp_ln79)> <Delay = 0.00>
ST_1 : Operation 29 [2/2] (3.25ns)   --->   "%ti = load i11 %imag_buf_addr_1" [cfu_hls.c:81]   --->   Operation 29 'load' 'ti' <Predicate = (!icmp_ln63 & icmp_ln79)> <Delay = 3.25> <CoreInst = "RAM_2P_BRAM">   --->   Core 90 'RAM_2P_BRAM' <Latency = 1> <II = 1> <Delay = 3.25> <Storage> <Opcode : 'load' 'store'> <Ports = 2> <Width = 32> <Depth = 2048> <RAM>
ST_1 : Operation 30 [1/1] (0.00ns)   --->   "%imag_buf_addr = getelementptr i32 %imag_buf, i64 0, i64 %zext_ln79" [cfu_hls.c:81]   --->   Operation 30 'getelementptr' 'imag_buf_addr' <Predicate = (!icmp_ln63 & icmp_ln79)> <Delay = 0.00>
ST_1 : Operation 31 [2/2] (3.25ns)   --->   "%imag_buf_load = load i11 %imag_buf_addr" [cfu_hls.c:81]   --->   Operation 31 'load' 'imag_buf_load' <Predicate = (!icmp_ln63 & icmp_ln79)> <Delay = 3.25> <CoreInst = "RAM_2P_BRAM">   --->   Core 90 'RAM_2P_BRAM' <Latency = 1> <II = 1> <Delay = 3.25> <Storage> <Opcode : 'load' 'store'> <Ports = 2> <Width = 32> <Depth = 2048> <RAM>
ST_1 : Operation 43 [1/1] (1.61ns)   --->   "%ret_ln0 = ret"   --->   Operation 43 'ret' 'ret_ln0' <Predicate = (icmp_ln63)> <Delay = 1.61>

State 2 <SV = 1> <Delay = 6.51>
ST_2 : Operation 32 [1/2] ( I:3.25ns O:3.25ns )   --->   "%tr = load i11 %real_buf_addr_1" [cfu_hls.c:80]   --->   Operation 32 'load' 'tr' <Predicate = (!icmp_ln63 & icmp_ln79)> <Delay = 3.25> <CoreInst = "RAM_2P_BRAM">   --->   Core 90 'RAM_2P_BRAM' <Latency = 1> <II = 1> <Delay = 3.25> <Storage> <Opcode : 'load' 'store'> <Ports = 2> <Width = 32> <Depth = 2048> <RAM>
ST_2 : Operation 33 [1/2] ( I:3.25ns O:3.25ns )   --->   "%real_buf_load = load i11 %real_buf_addr" [cfu_hls.c:80]   --->   Operation 33 'load' 'real_buf_load' <Predicate = (!icmp_ln63 & icmp_ln79)> <Delay = 3.25> <CoreInst = "RAM_2P_BRAM">   --->   Core 90 'RAM_2P_BRAM' <Latency = 1> <II = 1> <Delay = 3.25> <Storage> <Opcode : 'load' 'store'> <Ports = 2> <Width = 32> <Depth = 2048> <RAM>
ST_2 : Operation 34 [1/1] ( I:3.25ns O:3.25ns )   --->   "%store_ln80 = store i32 %real_buf_load, i11 %real_buf_addr_1" [cfu_hls.c:80]   --->   Operation 34 'store' 'store_ln80' <Predicate = (!icmp_ln63 & icmp_ln79)> <Delay = 3.25> <CoreInst = "RAM_2P_BRAM">   --->   Core 90 'RAM_2P_BRAM' <Latency = 1> <II = 1> <Delay = 3.25> <Storage> <Opcode : 'load' 'store'> <Ports = 2> <Width = 32> <Depth = 2048> <RAM>
ST_2 : Operation 35 [1/2] ( I:3.25ns O:3.25ns )   --->   "%ti = load i11 %imag_buf_addr_1" [cfu_hls.c:81]   --->   Operation 35 'load' 'ti' <Predicate = (!icmp_ln63 & icmp_ln79)> <Delay = 3.25> <CoreInst = "RAM_2P_BRAM">   --->   Core 90 'RAM_2P_BRAM' <Latency = 1> <II = 1> <Delay = 3.25> <Storage> <Opcode : 'load' 'store'> <Ports = 2> <Width = 32> <Depth = 2048> <RAM>
ST_2 : Operation 36 [1/2] ( I:3.25ns O:3.25ns )   --->   "%imag_buf_load = load i11 %imag_buf_addr" [cfu_hls.c:81]   --->   Operation 36 'load' 'imag_buf_load' <Predicate = (!icmp_ln63 & icmp_ln79)> <Delay = 3.25> <CoreInst = "RAM_2P_BRAM">   --->   Core 90 'RAM_2P_BRAM' <Latency = 1> <II = 1> <Delay = 3.25> <Storage> <Opcode : 'load' 'store'> <Ports = 2> <Width = 32> <Depth = 2048> <RAM>
ST_2 : Operation 37 [1/1] ( I:3.25ns O:3.25ns )   --->   "%store_ln81 = store i32 %imag_buf_load, i11 %imag_buf_addr_1" [cfu_hls.c:81]   --->   Operation 37 'store' 'store_ln81' <Predicate = (!icmp_ln63 & icmp_ln79)> <Delay = 3.25> <CoreInst = "RAM_2P_BRAM">   --->   Core 90 'RAM_2P_BRAM' <Latency = 1> <II = 1> <Delay = 3.25> <Storage> <Opcode : 'load' 'store'> <Ports = 2> <Width = 32> <Depth = 2048> <RAM>

State 3 <SV = 2> <Delay = 3.25>
ST_3 : Operation 38 [1/1] ( I:3.25ns O:3.25ns )   --->   "%store_ln80 = store i32 %tr, i11 %real_buf_addr" [cfu_hls.c:80]   --->   Operation 38 'store' 'store_ln80' <Predicate = (!icmp_ln63 & icmp_ln79)> <Delay = 3.25> <CoreInst = "RAM_2P_BRAM">   --->   Core 90 'RAM_2P_BRAM' <Latency = 1> <II = 1> <Delay = 3.25> <Storage> <Opcode : 'load' 'store'> <Ports = 2> <Width = 32> <Depth = 2048> <RAM>
ST_3 : Operation 39 [1/1] ( I:3.25ns O:3.25ns )   --->   "%store_ln81 = store i32 %ti, i11 %imag_buf_addr" [cfu_hls.c:81]   --->   Operation 39 'store' 'store_ln81' <Predicate = (!icmp_ln63 & icmp_ln79)> <Delay = 3.25> <CoreInst = "RAM_2P_BRAM">   --->   Core 90 'RAM_2P_BRAM' <Latency = 1> <II = 1> <Delay = 3.25> <Storage> <Opcode : 'load' 'store'> <Ports = 2> <Width = 32> <Depth = 2048> <RAM>
ST_3 : Operation 40 [1/1] (0.00ns)   --->   "%br_ln82 = br void %for.inc74" [cfu_hls.c:82]   --->   Operation 40 'br' 'br_ln82' <Predicate = (!icmp_ln63 & icmp_ln79)> <Delay = 0.00>
ST_3 : Operation 41 [1/1] (1.61ns)   --->   "%store_ln51 = store i12 %add_ln63, i12 %i" [cfu_hls.c:51]   --->   Operation 41 'store' 'store_ln51' <Predicate = (!icmp_ln63)> <Delay = 1.61>
ST_3 : Operation 42 [1/1] (0.00ns)   --->   "%br_ln63 = br void %for.body15" [cfu_hls.c:63]   --->   Operation 42 'br' 'br_ln63' <Predicate = (!icmp_ln63)> <Delay = 0.00>


============================================================
+ Verbose Summary: Timing violations
============================================================
Target clock period: 5.556ns, clock uncertainty: 1.500ns.

 <State 1>: 4.867ns
The critical path consists of the following:
	'store' operation 0 bit ('store_ln51', cfu_hls.c:51) of constant 0 on local variable 'i', cfu_hls.c:51 [6]  (1.610 ns)
	'load' operation 12 bit ('x', cfu_hls.c:64) on local variable 'i', cfu_hls.c:51 [9]  (0.000 ns)
	'getelementptr' operation 11 bit ('real_buf_addr_1', cfu_hls.c:80) [24]  (0.000 ns)
	'load' operation 32 bit ('tr', cfu_hls.c:80) on array 'real_buf' [25]  (3.257 ns)

 <State 2>: 6.514ns
The critical path consists of the following:
	'load' operation 32 bit ('real_buf_load', cfu_hls.c:80) on array 'real_buf' [27]  (3.257 ns)
	'store' operation 0 bit ('store_ln80', cfu_hls.c:80) of variable 'real_buf_load', cfu_hls.c:80 on array 'real_buf' [28]  (3.257 ns)

 <State 3>: 3.257ns
The critical path consists of the following:
	'store' operation 0 bit ('store_ln80', cfu_hls.c:80) of variable 'tr', cfu_hls.c:80 on array 'real_buf' [29]  (3.257 ns)


============================================================
+ Verbose Summary: Binding
============================================================
N/A
* FSMD analyzer results:
  - Output states:
 - Input state : 
  - Chain level:
	State 1
	State 2
	State 3


============================================================
+ Verbose Summary: Datapath Resource usage 
============================================================
N/A
