

================================================================
== Vitis HLS Report for 'cfu_hls_Pipeline_POWER_LOOP'
================================================================
* Date:           Sun Mar 15 11:48:31 2026

* Version:        2024.2 (Build 5238294 on Nov  8 2024)
* Project:        vitis
* Solution:       hls (Vivado IP Flow Target)
* Product family: artix7
* Target device:  xc7a35t-csg324-1


================================================================
== Performance Estimates
================================================================
+ Timing: 
    * Summary: 
    +--------+---------+----------+------------+
    |  Clock |  Target | Estimated| Uncertainty|
    +--------+---------+----------+------------+
    |ap_clk  |  5.56 ns|  5.347 ns|     1.50 ns|
    +--------+---------+----------+------------+

+ Latency: 
    * Summary: 
    +---------+---------+----------+----------+------+------+------------------------------------------------+
    |  Latency (cycles) |  Latency (absolute) |   Interval  |                    Pipeline                    |
    |   min   |   max   |    min   |    max   |  min |  max |                      Type                      |
    +---------+---------+----------+----------+------+------+------------------------------------------------+
    |     1034|     1034|  5.745 us|  5.745 us|  1026|  1026|  loop auto-rewind stp (delay=0 clock cycles(s))|
    +---------+---------+----------+----------+------+------+------------------------------------------------+

    + Detail: 
        * Instance: 
        N/A

        * Loop: 
        +--------------+---------+---------+----------+-----------+-----------+------+----------+
        |              |  Latency (cycles) | Iteration|  Initiation Interval  | Trip |          |
        |   Loop Name  |   min   |   max   |  Latency |  achieved |   target  | Count| Pipelined|
        +--------------+---------+---------+----------+-----------+-----------+------+----------+
        |- POWER_LOOP  |     1032|     1032|         9|          1|          1|  1025|       yes|
        +--------------+---------+---------+----------+-----------+-----------+------+----------+

============================================================
+ Verbose Summary: Synthesis Manager
============================================================
InlineROM: 1
ExposeGlobal: 0
============================================================
+ Verbose Summary: CDFG Model
============================================================
IsTopModel: 0
ResetActiveHigh: 1
IsCombinational: 0
IsDatapathOnly: 0
HasWiredReturn: 1
HasMFsm: 2
HasVarLatency: 1
IsPipeline: 0
IsRtlPipelined: 0
IsInstanceOverlapped: 0
IsDontTouch: 0
HasImplIP: 0
IsGatedGlobalClock: 0

+ Individual pipeline summary: 
  * Pipeline-0: initiation interval (II) = 1, depth = 9


============================================================
+ Verbose Summary: Schedule
============================================================
* Number of FSM states : 9
* Pipeline : 1
  Pipeline-0 : II = 1, D = 9, States = { 1 2 3 4 5 6 7 8 9 }
* Dataflow Pipeline: 0

* FSM state transitions: 
1 --> 2 
2 --> 3 
3 --> 4 
4 --> 5 
5 --> 6 
6 --> 7 
7 --> 8 
8 --> 9 
9 --> 

* FSM state operations: 

State 1 <SV = 0> <Delay = 5.34>
ST_1 : Operation 12 [1/1] (0.00ns)   --->   "%k = alloca i32 1" [cfu_hls.c:51]   --->   Operation 12 'alloca' 'k' <Predicate = true> <Delay = 0.00>
ST_1 : Operation 13 [1/1] (0.00ns)   --->   "%specmemcore_ln0 = specmemcore void @_ssdm_op_SpecMemCore, i32 %imag_buf, i64 666, i64 22, i64 18446744073709551615"   --->   Operation 13 'specmemcore' 'specmemcore_ln0' <Predicate = true> <Delay = 0.00>
ST_1 : Operation 14 [1/1] (0.00ns)   --->   "%specmemcore_ln0 = specmemcore void @_ssdm_op_SpecMemCore, i32 %real_buf, i64 666, i64 22, i64 18446744073709551615"   --->   Operation 14 'specmemcore' 'specmemcore_ln0' <Predicate = true> <Delay = 0.00>
ST_1 : Operation 15 [1/1] (1.61ns)   --->   "%store_ln51 = store i11 0, i11 %k" [cfu_hls.c:51]   --->   Operation 15 'store' 'store_ln51' <Predicate = true> <Delay = 1.61>
ST_1 : Operation 16 [1/1] (0.00ns)   --->   "%br_ln0 = br void %for.inc163"   --->   Operation 16 'br' 'br_ln0' <Predicate = true> <Delay = 0.00>
ST_1 : Operation 17 [1/1] (0.00ns)   --->   "%k_1 = load i11 %k" [cfu_hls.c:118]   --->   Operation 17 'load' 'k_1' <Predicate = true> <Delay = 0.00>
ST_1 : Operation 18 [1/1] (2.12ns)   --->   "%icmp_ln118 = icmp_eq  i11 %k_1, i11 1025" [cfu_hls.c:118]   --->   Operation 18 'icmp' 'icmp_ln118' <Predicate = true> <Delay = 2.12> <CoreInst = "Cmp">   --->   Core 9 'Cmp' <Latency = 0> <II = 1> <Delay = 2.12> <FuncUnit> <Opcode : 'seteq' 'setne' 'setle' 'setge' 'setlt' 'setgt'> <InPorts = 2> <OutPorts = 1>
ST_1 : Operation 19 [1/1] (2.12ns)   --->   "%add_ln118 = add i11 %k_1, i11 1" [cfu_hls.c:118]   --->   Operation 19 'add' 'add_ln118' <Predicate = true> <Delay = 2.12> <CoreInst = "Adder">   --->   Core 1 'Adder' <Latency = 0> <II = 1> <Delay = 2.12> <FuncUnit> <Opcode : 'add' 'sub'> <InPorts = 2> <OutPorts = 1>
ST_1 : Operation 20 [1/1] (0.00ns)   --->   "%br_ln118 = br i1 %icmp_ln118, void %for.inc163.split, void %MEL_ACCUM.preheader.exitStub" [cfu_hls.c:118]   --->   Operation 20 'br' 'br_ln118' <Predicate = true> <Delay = 0.00>
ST_1 : Operation 21 [1/1] (0.00ns)   --->   "%zext_ln118 = zext i11 %k_1" [cfu_hls.c:118]   --->   Operation 21 'zext' 'zext_ln118' <Predicate = (!icmp_ln118)> <Delay = 0.00>
ST_1 : Operation 22 [1/1] (0.00ns)   --->   "%real_buf_addr = getelementptr i32 %real_buf, i64 0, i64 %zext_ln118" [cfu_hls.c:120]   --->   Operation 22 'getelementptr' 'real_buf_addr' <Predicate = (!icmp_ln118)> <Delay = 0.00>
ST_1 : Operation 23 [2/2] (3.25ns)   --->   "%r = load i11 %real_buf_addr" [cfu_hls.c:120]   --->   Operation 23 'load' 'r' <Predicate = (!icmp_ln118)> <Delay = 3.25> <CoreInst = "RAM_2P_BRAM">   --->   Core 90 'RAM_2P_BRAM' <Latency = 1> <II = 1> <Delay = 3.25> <Storage> <Opcode : 'load' 'store'> <Ports = 2> <Width = 32> <Depth = 2048> <RAM>
ST_1 : Operation 24 [1/1] (0.00ns)   --->   "%imag_buf_addr = getelementptr i32 %imag_buf, i64 0, i64 %zext_ln118" [cfu_hls.c:121]   --->   Operation 24 'getelementptr' 'imag_buf_addr' <Predicate = (!icmp_ln118)> <Delay = 0.00>
ST_1 : Operation 25 [2/2] (3.25ns)   --->   "%im = load i11 %imag_buf_addr" [cfu_hls.c:121]   --->   Operation 25 'load' 'im' <Predicate = (!icmp_ln118)> <Delay = 3.25> <CoreInst = "RAM_2P_BRAM">   --->   Core 90 'RAM_2P_BRAM' <Latency = 1> <II = 1> <Delay = 3.25> <Storage> <Opcode : 'load' 'store'> <Ports = 2> <Width = 32> <Depth = 2048> <RAM>
ST_1 : Operation 26 [1/1] (1.61ns)   --->   "%store_ln51 = store i11 %add_ln118, i11 %k" [cfu_hls.c:51]   --->   Operation 26 'store' 'store_ln51' <Predicate = (!icmp_ln118)> <Delay = 1.61>

State 2 <SV = 1> <Delay = 3.25>
ST_2 : Operation 27 [1/2] ( I:3.25ns O:3.25ns )   --->   "%r = load i11 %real_buf_addr" [cfu_hls.c:120]   --->   Operation 27 'load' 'r' <Predicate = true> <Delay = 3.25> <CoreInst = "RAM_2P_BRAM">   --->   Core 90 'RAM_2P_BRAM' <Latency = 1> <II = 1> <Delay = 3.25> <Storage> <Opcode : 'load' 'store'> <Ports = 2> <Width = 32> <Depth = 2048> <RAM>
ST_2 : Operation 28 [1/2] ( I:3.25ns O:3.25ns )   --->   "%im = load i11 %imag_buf_addr" [cfu_hls.c:121]   --->   Operation 28 'load' 'im' <Predicate = true> <Delay = 3.25> <CoreInst = "RAM_2P_BRAM">   --->   Core 90 'RAM_2P_BRAM' <Latency = 1> <II = 1> <Delay = 3.25> <Storage> <Opcode : 'load' 'store'> <Ports = 2> <Width = 32> <Depth = 2048> <RAM>

State 3 <SV = 2> <Delay = 3.89>
ST_3 : Operation 29 [1/1] (0.00ns)   --->   "%sext_ln120 = sext i32 %r" [cfu_hls.c:120]   --->   Operation 29 'sext' 'sext_ln120' <Predicate = true> <Delay = 0.00>
ST_3 : Operation 30 [1/1] (0.00ns)   --->   "%sext_ln121 = sext i32 %im" [cfu_hls.c:121]   --->   Operation 30 'sext' 'sext_ln121' <Predicate = true> <Delay = 0.00>
ST_3 : Operation 31 [5/5] (3.89ns)   --->   "%mul_ln122 = mul i58 %sext_ln120, i58 %sext_ln120" [cfu_hls.c:122]   --->   Operation 31 'mul' 'mul_ln122' <Predicate = true> <Delay = 3.89> <CoreInst = "Multiplier">   --->   Core 3 'Multiplier' <Latency = 4> <II = 1> <Delay = 3.89> <FuncUnit> <Opcode : 'mul'> <InPorts = 2> <OutPorts = 1>
ST_3 : Operation 32 [5/5] (3.89ns)   --->   "%mul_ln122_1 = mul i58 %sext_ln121, i58 %sext_ln121" [cfu_hls.c:122]   --->   Operation 32 'mul' 'mul_ln122_1' <Predicate = true> <Delay = 3.89> <CoreInst = "Multiplier">   --->   Core 3 'Multiplier' <Latency = 4> <II = 1> <Delay = 3.89> <FuncUnit> <Opcode : 'mul'> <InPorts = 2> <OutPorts = 1>

State 4 <SV = 3> <Delay = 3.89>
ST_4 : Operation 33 [4/5] (3.89ns)   --->   "%mul_ln122 = mul i58 %sext_ln120, i58 %sext_ln120" [cfu_hls.c:122]   --->   Operation 33 'mul' 'mul_ln122' <Predicate = true> <Delay = 3.89> <CoreInst = "Multiplier">   --->   Core 3 'Multiplier' <Latency = 4> <II = 1> <Delay = 3.89> <FuncUnit> <Opcode : 'mul'> <InPorts = 2> <OutPorts = 1>
ST_4 : Operation 34 [4/5] (3.89ns)   --->   "%mul_ln122_1 = mul i58 %sext_ln121, i58 %sext_ln121" [cfu_hls.c:122]   --->   Operation 34 'mul' 'mul_ln122_1' <Predicate = true> <Delay = 3.89> <CoreInst = "Multiplier">   --->   Core 3 'Multiplier' <Latency = 4> <II = 1> <Delay = 3.89> <FuncUnit> <Opcode : 'mul'> <InPorts = 2> <OutPorts = 1>

State 5 <SV = 4> <Delay = 3.89>
ST_5 : Operation 35 [3/5] (3.89ns)   --->   "%mul_ln122 = mul i58 %sext_ln120, i58 %sext_ln120" [cfu_hls.c:122]   --->   Operation 35 'mul' 'mul_ln122' <Predicate = true> <Delay = 3.89> <CoreInst = "Multiplier">   --->   Core 3 'Multiplier' <Latency = 4> <II = 1> <Delay = 3.89> <FuncUnit> <Opcode : 'mul'> <InPorts = 2> <OutPorts = 1>
ST_5 : Operation 36 [3/5] (3.89ns)   --->   "%mul_ln122_1 = mul i58 %sext_ln121, i58 %sext_ln121" [cfu_hls.c:122]   --->   Operation 36 'mul' 'mul_ln122_1' <Predicate = true> <Delay = 3.89> <CoreInst = "Multiplier">   --->   Core 3 'Multiplier' <Latency = 4> <II = 1> <Delay = 3.89> <FuncUnit> <Opcode : 'mul'> <InPorts = 2> <OutPorts = 1>

State 6 <SV = 5> <Delay = 3.89>
ST_6 : Operation 37 [2/5] (3.89ns)   --->   "%mul_ln122 = mul i58 %sext_ln120, i58 %sext_ln120" [cfu_hls.c:122]   --->   Operation 37 'mul' 'mul_ln122' <Predicate = true> <Delay = 3.89> <CoreInst = "Multiplier">   --->   Core 3 'Multiplier' <Latency = 4> <II = 1> <Delay = 3.89> <FuncUnit> <Opcode : 'mul'> <InPorts = 2> <OutPorts = 1>
ST_6 : Operation 38 [2/5] (3.89ns)   --->   "%mul_ln122_1 = mul i58 %sext_ln121, i58 %sext_ln121" [cfu_hls.c:122]   --->   Operation 38 'mul' 'mul_ln122_1' <Predicate = true> <Delay = 3.89> <CoreInst = "Multiplier">   --->   Core 3 'Multiplier' <Latency = 4> <II = 1> <Delay = 3.89> <FuncUnit> <Opcode : 'mul'> <InPorts = 2> <OutPorts = 1>

State 7 <SV = 6> <Delay = 3.89>
ST_7 : Operation 39 [1/5] (3.89ns)   --->   "%mul_ln122 = mul i58 %sext_ln120, i58 %sext_ln120" [cfu_hls.c:122]   --->   Operation 39 'mul' 'mul_ln122' <Predicate = true> <Delay = 3.89> <CoreInst = "Multiplier">   --->   Core 3 'Multiplier' <Latency = 4> <II = 1> <Delay = 3.89> <FuncUnit> <Opcode : 'mul'> <InPorts = 2> <OutPorts = 1>
ST_7 : Operation 40 [1/5] (3.89ns)   --->   "%mul_ln122_1 = mul i58 %sext_ln121, i58 %sext_ln121" [cfu_hls.c:122]   --->   Operation 40 'mul' 'mul_ln122_1' <Predicate = true> <Delay = 3.89> <CoreInst = "Multiplier">   --->   Core 3 'Multiplier' <Latency = 4> <II = 1> <Delay = 3.89> <FuncUnit> <Opcode : 'mul'> <InPorts = 2> <OutPorts = 1>

State 8 <SV = 7> <Delay = 3.40>
ST_8 : Operation 41 [1/1] (3.40ns)   --->   "%pwr = add i58 %mul_ln122_1, i58 %mul_ln122" [cfu_hls.c:122]   --->   Operation 41 'add' 'pwr' <Predicate = true> <Delay = 3.40> <CoreInst = "Adder">   --->   Core 1 'Adder' <Latency = 0> <II = 1> <Delay = 3.40> <FuncUnit> <Opcode : 'add' 'sub'> <InPorts = 2> <OutPorts = 1>
ST_8 : Operation 42 [1/1] (0.00ns)   --->   "%trunc_ln8 = partselect i32 @_ssdm_op_PartSelect.i32.i58.i32.i32, i58 %pwr, i32 26, i32 57" [cfu_hls.c:123]   --->   Operation 42 'partselect' 'trunc_ln8' <Predicate = true> <Delay = 0.00>
ST_8 : Operation 49 [1/1] (1.61ns)   --->   "%ret_ln0 = ret"   --->   Operation 49 'ret' 'ret_ln0' <Predicate = (icmp_ln118)> <Delay = 1.61>

State 9 <SV = 8> <Delay = 3.25>
ST_9 : Operation 43 [1/1] (0.00ns)   --->   "%specpipeline_ln119 = specpipeline void @_ssdm_op_SpecPipeline, i32 1, i32 0, i32 0, i32 0, void @empty_2" [cfu_hls.c:119]   --->   Operation 43 'specpipeline' 'specpipeline_ln119' <Predicate = true> <Delay = 0.00>
ST_9 : Operation 44 [1/1] (0.00ns)   --->   "%speclooptripcount_ln51 = speclooptripcount void @_ssdm_op_SpecLoopTripCount, i64 1025, i64 1025, i64 1025" [cfu_hls.c:51]   --->   Operation 44 'speclooptripcount' 'speclooptripcount_ln51' <Predicate = true> <Delay = 0.00>
ST_9 : Operation 45 [1/1] (0.00ns)   --->   "%specloopname_ln118 = specloopname void @_ssdm_op_SpecLoopName, void @empty_7" [cfu_hls.c:118]   --->   Operation 45 'specloopname' 'specloopname_ln118' <Predicate = true> <Delay = 0.00>
ST_9 : Operation 46 [1/1] (0.00ns)   --->   "%power_buf_addr = getelementptr i32 %power_buf, i64 0, i64 %zext_ln118" [cfu_hls.c:123]   --->   Operation 46 'getelementptr' 'power_buf_addr' <Predicate = true> <Delay = 0.00>
ST_9 : Operation 47 [1/1] ( I:3.25ns O:3.25ns )   --->   "%store_ln123 = store i32 %trunc_ln8, i11 %power_buf_addr" [cfu_hls.c:123]   --->   Operation 47 'store' 'store_ln123' <Predicate = true> <Delay = 3.25> <CoreInst = "RAM">   --->   Core 81 'RAM' <Latency = 1> <II = 1> <Delay = 3.25> <Storage> <Opcode : 'load' 'store'> <Ports = 2> <Width = 32> <Depth = 1025> <RAM>
ST_9 : Operation 48 [1/1] (0.00ns)   --->   "%br_ln118 = br void %for.inc163" [cfu_hls.c:118]   --->   Operation 48 'br' 'br_ln118' <Predicate = true> <Delay = 0.00>


============================================================
+ Verbose Summary: Binding
============================================================
STG Binding: 
---------------- STG Properties BEGIN ----------------
- Is combinational: 0
- Is one-state seq: 0
- Is datapath-only: 0
- Is pipelined: 0
- Is top level: 0
Port [ Return ] is wired: 1; IO mode=ap_ctrl_hs:ce=0
Port [ real_buf]:  wired=1; compound=1; hidden=0; nouse=0; global=1; static=1; extern=0; dir=0; type=1; pingpong=0; private_global=0; MemPort=[13]; IO mode=ap_memory:ce=0
Port [ imag_buf]:  wired=1; compound=1; hidden=0; nouse=0; global=1; static=1; extern=0; dir=0; type=1; pingpong=0; private_global=0; MemPort=[13]; IO mode=ap_memory:ce=0
Port [ power_buf]:  wired=1; compound=1; hidden=0; nouse=0; global=1; static=1; extern=0; dir=1; type=1; pingpong=0; private_global=0; MemPort=[03]; IO mode=ap_memory:ce=0
---------------- STG Properties END ------------------

---------------- Datapath Model BEGIN ----------------

<LifeTime>
<method=bitvector/>
k                      (alloca           ) [ 0100000000]
specmemcore_ln0        (specmemcore      ) [ 0000000000]
specmemcore_ln0        (specmemcore      ) [ 0000000000]
store_ln51             (store            ) [ 0000000000]
br_ln0                 (br               ) [ 0000000000]
k_1                    (load             ) [ 0000000000]
icmp_ln118             (icmp             ) [ 0111111110]
add_ln118              (add              ) [ 0000000000]
br_ln118               (br               ) [ 0000000000]
zext_ln118             (zext             ) [ 0111111111]
real_buf_addr          (getelementptr    ) [ 0110000000]
imag_buf_addr          (getelementptr    ) [ 0110000000]
store_ln51             (store            ) [ 0000000000]
r                      (load             ) [ 0101000000]
im                     (load             ) [ 0101000000]
sext_ln120             (sext             ) [ 0100111100]
sext_ln121             (sext             ) [ 0100111100]
mul_ln122              (mul              ) [ 0100000010]
mul_ln122_1            (mul              ) [ 0100000010]
pwr                    (add              ) [ 0000000000]
trunc_ln8              (partselect       ) [ 0100000001]
specpipeline_ln119     (specpipeline     ) [ 0000000000]
speclooptripcount_ln51 (speclooptripcount) [ 0000000000]
specloopname_ln118     (specloopname     ) [ 0000000000]
power_buf_addr         (getelementptr    ) [ 0000000000]
store_ln123            (store            ) [ 0000000000]
br_ln118               (br               ) [ 0000000000]
ret_ln0                (ret              ) [ 0000000000]
</LifeTime>

<model>

<comp_list>
<comp id="0" class="1000" name="real_buf">
<pin_list>
<pin id="1" dir="1" index="0" bw="1" slack="0"/>
</pin_list>
<bind>
<StgValue><ssdm name="real_buf"/><MemPortTyVec>1 3 </MemPortTyVec>
</StgValue>
</bind>
</comp>

<comp id="2" class="1000" name="imag_buf">
<pin_list>
<pin id="3" dir="1" index="0" bw="1" slack="0"/>
</pin_list>
<bind>
<StgValue><ssdm name="imag_buf"/><MemPortTyVec>1 3 </MemPortTyVec>
</StgValue>
</bind>
</comp>

<comp id="4" class="1000" name="power_buf">
<pin_list>
<pin id="5" dir="1" index="0" bw="1" slack="0"/>
</pin_list>
<bind>
<StgValue><ssdm name="power_buf"/><MemPortTyVec>0 3 </MemPortTyVec>
</StgValue>
</bind>
</comp>

<comp id="6" class="1001" name="const_6">
<pin_list>
<pin id="7" dir="1" index="0" bw="1" slack="0"/>
</pin_list>
<bind>
<StgValue><ssdm name=""/></StgValue>
</bind>
</comp>

<comp id="8" class="1001" name="const_8">
<pin_list>
<pin id="9" dir="1" index="0" bw="1" slack="2147483647"/>
</pin_list>
<bind>
<StgValue><ssdm name="_ssdm_op_SpecMemCore"/></StgValue>
</bind>
</comp>

<comp id="10" class="1001" name="const_10">
<pin_list>
<pin id="11" dir="1" index="0" bw="1" slack="2147483647"/>
</pin_list>
<bind>
<StgValue><ssdm name=""/></StgValue>
</bind>
</comp>

<comp id="12" class="1001" name="const_12">
<pin_list>
<pin id="13" dir="1" index="0" bw="1" slack="2147483647"/>
</pin_list>
<bind>
<StgValue><ssdm name=""/></StgValue>
</bind>
</comp>

<comp id="14" class="1001" name="const_14">
<pin_list>
<pin id="15" dir="1" index="0" bw="1" slack="2147483647"/>
</pin_list>
<bind>
<StgValue><ssdm name=""/></StgValue>
</bind>
</comp>

<comp id="16" class="1001" name="const_16">
<pin_list>
<pin id="17" dir="1" index="0" bw="1" slack="0"/>
</pin_list>
<bind>
<StgValue><ssdm name=""/></StgValue>
</bind>
</comp>

<comp id="18" class="1001" name="const_18">
<pin_list>
<pin id="19" dir="1" index="0" bw="1" slack="0"/>
</pin_list>
<bind>
<StgValue><ssdm name=""/></StgValue>
</bind>
</comp>

<comp id="20" class="1001" name="const_20">
<pin_list>
<pin id="21" dir="1" index="0" bw="1" slack="0"/>
</pin_list>
<bind>
<StgValue><ssdm name=""/></StgValue>
</bind>
</comp>

<comp id="22" class="1001" name="const_22">
<pin_list>
<pin id="23" dir="1" index="0" bw="1" slack="0"/>
</pin_list>
<bind>
<StgValue><ssdm name=""/></StgValue>
</bind>
</comp>

<comp id="24" class="1001" name="const_24">
<pin_list>
<pin id="25" dir="1" index="0" bw="1" slack="0"/>
</pin_list>
<bind>
<StgValue><ssdm name="_ssdm_op_PartSelect.i32.i58.i32.i32"/></StgValue>
</bind>
</comp>

<comp id="26" class="1001" name="const_26">
<pin_list>
<pin id="27" dir="1" index="0" bw="1" slack="0"/>
</pin_list>
<bind>
<StgValue><ssdm name=""/></StgValue>
</bind>
</comp>

<comp id="28" class="1001" name="const_28">
<pin_list>
<pin id="29" dir="1" index="0" bw="1" slack="0"/>
</pin_list>
<bind>
<StgValue><ssdm name=""/></StgValue>
</bind>
</comp>

<comp id="30" class="1001" name="const_30">
<pin_list>
<pin id="31" dir="1" index="0" bw="1" slack="2147483647"/>
</pin_list>
<bind>
<StgValue><ssdm name="_ssdm_op_SpecPipeline"/></StgValue>
</bind>
</comp>

<comp id="32" class="1001" name="const_32">
<pin_list>
<pin id="33" dir="1" index="0" bw="1" slack="2147483647"/>
</pin_list>
<bind>
<StgValue><ssdm name=""/></StgValue>
</bind>
</comp>

<comp id="34" class="1001" name="const_34">
<pin_list>
<pin id="35" dir="1" index="0" bw="1" slack="2147483647"/>
</pin_list>
<bind>
<StgValue><ssdm name="empty_2"/></StgValue>
</bind>
</comp>

<comp id="36" class="1001" name="const_36">
<pin_list>
<pin id="37" dir="1" index="0" bw="1" slack="2147483647"/>
</pin_list>
<bind>
<StgValue><ssdm name="_ssdm_op_SpecLoopTripCount"/></StgValue>
</bind>
</comp>

<comp id="38" class="1001" name="const_38">
<pin_list>
<pin id="39" dir="1" index="0" bw="1" slack="2147483647"/>
</pin_list>
<bind>
<StgValue><ssdm name=""/></StgValue>
</bind>
</comp>

<comp id="40" class="1001" name="const_40">
<pin_list>
<pin id="41" dir="1" index="0" bw="1" slack="2147483647"/>
</pin_list>
<bind>
<StgValue><ssdm name="_ssdm_op_SpecLoopName"/></StgValue>
</bind>
</comp>

<comp id="42" class="1001" name="const_42">
<pin_list>
<pin id="43" dir="1" index="0" bw="1" slack="2147483647"/>
</pin_list>
<bind>
<StgValue><ssdm name="empty_7"/></StgValue>
</bind>
</comp>

<comp id="44" class="1004" name="k_fu_44">
<pin_list>
<pin id="45" dir="0" index="0" bw="1" slack="0"/>
<pin id="46" dir="1" index="1" bw="11" slack="0"/>
</pin_list>
<bind>
<opcode="alloca(26) " fcode="alloca"/>
<opset="k/1 "/>
</bind>
</comp>

<comp id="48" class="1004" name="real_buf_addr_gep_fu_48">
<pin_list>
<pin id="49" dir="0" index="0" bw="32" slack="0"/>
<pin id="50" dir="0" index="1" bw="1" slack="0"/>
<pin id="51" dir="0" index="2" bw="11" slack="0"/>
<pin id="52" dir="1" index="3" bw="11" slack="0"/>
</pin_list>
<bind>
<opcode="getelementptr(29) " fcode="getelementptr"/>
<opset="real_buf_addr/1 "/>
</bind>
</comp>

<comp id="55" class="1004" name="grp_access_fu_55">
<pin_list>
<pin id="56" dir="0" index="0" bw="11" slack="0"/>
<pin id="57" dir="0" index="1" bw="32" slack="2147483647"/>
<pin id="58" dir="0" index="2" bw="0" slack="2147483647"/>
<pin id="59" dir="1" index="3" bw="32" slack="1"/>
</pin_list>
<bind>
<opcode="load(27) " fcode="load"/>
<opset="r/1 "/>
</bind>
</comp>

<comp id="61" class="1004" name="imag_buf_addr_gep_fu_61">
<pin_list>
<pin id="62" dir="0" index="0" bw="32" slack="0"/>
<pin id="63" dir="0" index="1" bw="1" slack="0"/>
<pin id="64" dir="0" index="2" bw="11" slack="0"/>
<pin id="65" dir="1" index="3" bw="11" slack="0"/>
</pin_list>
<bind>
<opcode="getelementptr(29) " fcode="getelementptr"/>
<opset="imag_buf_addr/1 "/>
</bind>
</comp>

<comp id="68" class="1004" name="grp_access_fu_68">
<pin_list>
<pin id="69" dir="0" index="0" bw="11" slack="0"/>
<pin id="70" dir="0" index="1" bw="32" slack="2147483647"/>
<pin id="71" dir="0" index="2" bw="0" slack="2147483647"/>
<pin id="72" dir="1" index="3" bw="32" slack="1"/>
</pin_list>
<bind>
<opcode="load(27) " fcode="load"/>
<opset="im/1 "/>
</bind>
</comp>

<comp id="74" class="1004" name="power_buf_addr_gep_fu_74">
<pin_list>
<pin id="75" dir="0" index="0" bw="32" slack="0"/>
<pin id="76" dir="0" index="1" bw="1" slack="0"/>
<pin id="77" dir="0" index="2" bw="11" slack="8"/>
<pin id="78" dir="1" index="3" bw="11" slack="0"/>
</pin_list>
<bind>
<opcode="getelementptr(29) " fcode="getelementptr"/>
<opset="power_buf_addr/9 "/>
</bind>
</comp>

<comp id="81" class="1004" name="store_ln123_access_fu_81">
<pin_list>
<pin id="82" dir="0" index="0" bw="11" slack="0"/>
<pin id="83" dir="0" index="1" bw="32" slack="1"/>
<pin id="84" dir="0" index="2" bw="0" slack="2147483647"/>
<pin id="85" dir="1" index="3" bw="32" slack="2147483647"/>
</pin_list>
<bind>
<opcode="store(28) " fcode="store"/>
<opset="store_ln123/9 "/>
</bind>
</comp>

<comp id="87" class="1004" name="grp_fu_87">
<pin_list>
<pin id="88" dir="0" index="0" bw="32" slack="0"/>
<pin id="89" dir="0" index="1" bw="32" slack="0"/>
<pin id="90" dir="1" index="2" bw="58" slack="1"/>
</pin_list>
<bind>
<opcode="mul(12) " fcode="mul"/>
<opset="mul_ln122/3 "/>
</bind>
</comp>

<comp id="91" class="1004" name="grp_fu_91">
<pin_list>
<pin id="92" dir="0" index="0" bw="32" slack="0"/>
<pin id="93" dir="0" index="1" bw="32" slack="0"/>
<pin id="94" dir="1" index="2" bw="58" slack="1"/>
</pin_list>
<bind>
<opcode="mul(12) " fcode="mul"/>
<opset="mul_ln122_1/3 "/>
</bind>
</comp>

<comp id="95" class="1004" name="store_ln51_store_fu_95">
<pin_list>
<pin id="96" dir="0" index="0" bw="1" slack="0"/>
<pin id="97" dir="0" index="1" bw="11" slack="0"/>
<pin id="98" dir="1" index="2" bw="0" slack="2147483647"/>
</pin_list>
<bind>
<opcode="store(28) " fcode="store"/>
<opset="store_ln51/1 "/>
</bind>
</comp>

<comp id="100" class="1004" name="k_1_load_fu_100">
<pin_list>
<pin id="101" dir="0" index="0" bw="11" slack="0"/>
<pin id="102" dir="1" index="1" bw="11" slack="0"/>
</pin_list>
<bind>
<opcode="load(27) " fcode="load"/>
<opset="k_1/1 "/>
</bind>
</comp>

<comp id="103" class="1004" name="icmp_ln118_fu_103">
<pin_list>
<pin id="104" dir="0" index="0" bw="11" slack="0"/>
<pin id="105" dir="0" index="1" bw="11" slack="0"/>
<pin id="106" dir="1" index="2" bw="1" slack="7"/>
</pin_list>
<bind>
<opcode="icmp(45) " fcode="icmp"/>
<opset="icmp_ln118/1 "/>
</bind>
</comp>

<comp id="109" class="1004" name="add_ln118_fu_109">
<pin_list>
<pin id="110" dir="0" index="0" bw="11" slack="0"/>
<pin id="111" dir="0" index="1" bw="1" slack="0"/>
<pin id="112" dir="1" index="2" bw="11" slack="0"/>
</pin_list>
<bind>
<opcode="add(8) " fcode="add"/>
<opset="add_ln118/1 "/>
</bind>
</comp>

<comp id="115" class="1004" name="zext_ln118_fu_115">
<pin_list>
<pin id="116" dir="0" index="0" bw="11" slack="0"/>
<pin id="117" dir="1" index="1" bw="64" slack="0"/>
</pin_list>
<bind>
<opcode="zext(34) " fcode="zext"/>
<opset="zext_ln118/1 "/>
</bind>
</comp>

<comp id="121" class="1004" name="store_ln51_store_fu_121">
<pin_list>
<pin id="122" dir="0" index="0" bw="11" slack="0"/>
<pin id="123" dir="0" index="1" bw="11" slack="0"/>
<pin id="124" dir="1" index="2" bw="0" slack="2147483647"/>
</pin_list>
<bind>
<opcode="store(28) " fcode="store"/>
<opset="store_ln51/1 "/>
</bind>
</comp>

<comp id="126" class="1004" name="sext_ln120_fu_126">
<pin_list>
<pin id="127" dir="0" index="0" bw="32" slack="1"/>
<pin id="128" dir="1" index="1" bw="58" slack="0"/>
</pin_list>
<bind>
<opcode="sext(35) " fcode="sext"/>
<opset="sext_ln120/3 "/>
</bind>
</comp>

<comp id="131" class="1004" name="sext_ln121_fu_131">
<pin_list>
<pin id="132" dir="0" index="0" bw="32" slack="1"/>
<pin id="133" dir="1" index="1" bw="58" slack="0"/>
</pin_list>
<bind>
<opcode="sext(35) " fcode="sext"/>
<opset="sext_ln121/3 "/>
</bind>
</comp>

<comp id="136" class="1004" name="pwr_fu_136">
<pin_list>
<pin id="137" dir="0" index="0" bw="58" slack="1"/>
<pin id="138" dir="0" index="1" bw="58" slack="1"/>
<pin id="139" dir="1" index="2" bw="58" slack="0"/>
</pin_list>
<bind>
<opcode="add(8) " fcode="add"/>
<opset="pwr/8 "/>
</bind>
</comp>

<comp id="140" class="1004" name="trunc_ln8_fu_140">
<pin_list>
<pin id="141" dir="0" index="0" bw="32" slack="0"/>
<pin id="142" dir="0" index="1" bw="58" slack="0"/>
<pin id="143" dir="0" index="2" bw="6" slack="0"/>
<pin id="144" dir="0" index="3" bw="7" slack="0"/>
<pin id="145" dir="1" index="4" bw="32" slack="1"/>
</pin_list>
<bind>
<opcode="partselect(1002) " fcode="partselect"/>
<opset="trunc_ln8/8 "/>
</bind>
</comp>

<comp id="150" class="1005" name="k_reg_150">
<pin_list>
<pin id="151" dir="0" index="0" bw="11" slack="0"/>
<pin id="152" dir="1" index="1" bw="11" slack="0"/>
</pin_list>
<bind>
<opset="k "/>
</bind>
</comp>

<comp id="157" class="1005" name="icmp_ln118_reg_157">
<pin_list>
<pin id="158" dir="0" index="0" bw="1" slack="7"/>
<pin id="159" dir="1" index="1" bw="1" slack="2147483647"/>
</pin_list>
<bind>
<opset="icmp_ln118 "/>
</bind>
</comp>

<comp id="161" class="1005" name="zext_ln118_reg_161">
<pin_list>
<pin id="162" dir="0" index="0" bw="64" slack="8"/>
<pin id="163" dir="1" index="1" bw="64" slack="8"/>
</pin_list>
<bind>
<opset="zext_ln118 "/>
</bind>
</comp>

<comp id="166" class="1005" name="real_buf_addr_reg_166">
<pin_list>
<pin id="167" dir="0" index="0" bw="11" slack="1"/>
<pin id="168" dir="1" index="1" bw="11" slack="1"/>
</pin_list>
<bind>
<opset="real_buf_addr "/>
</bind>
</comp>

<comp id="171" class="1005" name="imag_buf_addr_reg_171">
<pin_list>
<pin id="172" dir="0" index="0" bw="11" slack="1"/>
<pin id="173" dir="1" index="1" bw="11" slack="1"/>
</pin_list>
<bind>
<opset="imag_buf_addr "/>
</bind>
</comp>

<comp id="176" class="1005" name="r_reg_176">
<pin_list>
<pin id="177" dir="0" index="0" bw="32" slack="1"/>
<pin id="178" dir="1" index="1" bw="32" slack="1"/>
</pin_list>
<bind>
<opset="r "/>
</bind>
</comp>

<comp id="181" class="1005" name="im_reg_181">
<pin_list>
<pin id="182" dir="0" index="0" bw="32" slack="1"/>
<pin id="183" dir="1" index="1" bw="32" slack="1"/>
</pin_list>
<bind>
<opset="im "/>
</bind>
</comp>

<comp id="186" class="1005" name="sext_ln120_reg_186">
<pin_list>
<pin id="187" dir="0" index="0" bw="58" slack="1"/>
<pin id="188" dir="1" index="1" bw="58" slack="1"/>
</pin_list>
<bind>
<opset="sext_ln120 "/>
</bind>
</comp>

<comp id="192" class="1005" name="sext_ln121_reg_192">
<pin_list>
<pin id="193" dir="0" index="0" bw="58" slack="1"/>
<pin id="194" dir="1" index="1" bw="58" slack="1"/>
</pin_list>
<bind>
<opset="sext_ln121 "/>
</bind>
</comp>

<comp id="198" class="1005" name="mul_ln122_reg_198">
<pin_list>
<pin id="199" dir="0" index="0" bw="58" slack="1"/>
<pin id="200" dir="1" index="1" bw="58" slack="1"/>
</pin_list>
<bind>
<opset="mul_ln122 "/>
</bind>
</comp>

<comp id="203" class="1005" name="mul_ln122_1_reg_203">
<pin_list>
<pin id="204" dir="0" index="0" bw="58" slack="1"/>
<pin id="205" dir="1" index="1" bw="58" slack="1"/>
</pin_list>
<bind>
<opset="mul_ln122_1 "/>
</bind>
</comp>

<comp id="208" class="1005" name="trunc_ln8_reg_208">
<pin_list>
<pin id="209" dir="0" index="0" bw="32" slack="1"/>
<pin id="210" dir="1" index="1" bw="32" slack="1"/>
</pin_list>
<bind>
<opset="trunc_ln8 "/>
</bind>
</comp>

</comp_list>

<net_list>
<net id="47"><net_src comp="6" pin="0"/><net_sink comp="44" pin=0"/></net>

<net id="53"><net_src comp="0" pin="0"/><net_sink comp="48" pin=0"/></net>

<net id="54"><net_src comp="22" pin="0"/><net_sink comp="48" pin=1"/></net>

<net id="60"><net_src comp="48" pin="3"/><net_sink comp="55" pin=0"/></net>

<net id="66"><net_src comp="2" pin="0"/><net_sink comp="61" pin=0"/></net>

<net id="67"><net_src comp="22" pin="0"/><net_sink comp="61" pin=1"/></net>

<net id="73"><net_src comp="61" pin="3"/><net_sink comp="68" pin=0"/></net>

<net id="79"><net_src comp="4" pin="0"/><net_sink comp="74" pin=0"/></net>

<net id="80"><net_src comp="22" pin="0"/><net_sink comp="74" pin=1"/></net>

<net id="86"><net_src comp="74" pin="3"/><net_sink comp="81" pin=0"/></net>

<net id="99"><net_src comp="16" pin="0"/><net_sink comp="95" pin=0"/></net>

<net id="107"><net_src comp="100" pin="1"/><net_sink comp="103" pin=0"/></net>

<net id="108"><net_src comp="18" pin="0"/><net_sink comp="103" pin=1"/></net>

<net id="113"><net_src comp="100" pin="1"/><net_sink comp="109" pin=0"/></net>

<net id="114"><net_src comp="20" pin="0"/><net_sink comp="109" pin=1"/></net>

<net id="118"><net_src comp="100" pin="1"/><net_sink comp="115" pin=0"/></net>

<net id="119"><net_src comp="115" pin="1"/><net_sink comp="48" pin=2"/></net>

<net id="120"><net_src comp="115" pin="1"/><net_sink comp="61" pin=2"/></net>

<net id="125"><net_src comp="109" pin="2"/><net_sink comp="121" pin=0"/></net>

<net id="129"><net_src comp="126" pin="1"/><net_sink comp="87" pin=0"/></net>

<net id="130"><net_src comp="126" pin="1"/><net_sink comp="87" pin=1"/></net>

<net id="134"><net_src comp="131" pin="1"/><net_sink comp="91" pin=0"/></net>

<net id="135"><net_src comp="131" pin="1"/><net_sink comp="91" pin=1"/></net>

<net id="146"><net_src comp="24" pin="0"/><net_sink comp="140" pin=0"/></net>

<net id="147"><net_src comp="136" pin="2"/><net_sink comp="140" pin=1"/></net>

<net id="148"><net_src comp="26" pin="0"/><net_sink comp="140" pin=2"/></net>

<net id="149"><net_src comp="28" pin="0"/><net_sink comp="140" pin=3"/></net>

<net id="153"><net_src comp="44" pin="1"/><net_sink comp="150" pin=0"/></net>

<net id="154"><net_src comp="150" pin="1"/><net_sink comp="95" pin=1"/></net>

<net id="155"><net_src comp="150" pin="1"/><net_sink comp="100" pin=0"/></net>

<net id="156"><net_src comp="150" pin="1"/><net_sink comp="121" pin=1"/></net>

<net id="160"><net_src comp="103" pin="2"/><net_sink comp="157" pin=0"/></net>

<net id="164"><net_src comp="115" pin="1"/><net_sink comp="161" pin=0"/></net>

<net id="165"><net_src comp="161" pin="1"/><net_sink comp="74" pin=2"/></net>

<net id="169"><net_src comp="48" pin="3"/><net_sink comp="166" pin=0"/></net>

<net id="170"><net_src comp="166" pin="1"/><net_sink comp="55" pin=0"/></net>

<net id="174"><net_src comp="61" pin="3"/><net_sink comp="171" pin=0"/></net>

<net id="175"><net_src comp="171" pin="1"/><net_sink comp="68" pin=0"/></net>

<net id="179"><net_src comp="55" pin="3"/><net_sink comp="176" pin=0"/></net>

<net id="180"><net_src comp="176" pin="1"/><net_sink comp="126" pin=0"/></net>

<net id="184"><net_src comp="68" pin="3"/><net_sink comp="181" pin=0"/></net>

<net id="185"><net_src comp="181" pin="1"/><net_sink comp="131" pin=0"/></net>

<net id="189"><net_src comp="126" pin="1"/><net_sink comp="186" pin=0"/></net>

<net id="190"><net_src comp="186" pin="1"/><net_sink comp="87" pin=0"/></net>

<net id="191"><net_src comp="186" pin="1"/><net_sink comp="87" pin=1"/></net>

<net id="195"><net_src comp="131" pin="1"/><net_sink comp="192" pin=0"/></net>

<net id="196"><net_src comp="192" pin="1"/><net_sink comp="91" pin=0"/></net>

<net id="197"><net_src comp="192" pin="1"/><net_sink comp="91" pin=1"/></net>

<net id="201"><net_src comp="87" pin="2"/><net_sink comp="198" pin=0"/></net>

<net id="202"><net_src comp="198" pin="1"/><net_sink comp="136" pin=1"/></net>

<net id="206"><net_src comp="91" pin="2"/><net_sink comp="203" pin=0"/></net>

<net id="207"><net_src comp="203" pin="1"/><net_sink comp="136" pin=0"/></net>

<net id="211"><net_src comp="140" pin="4"/><net_sink comp="208" pin=0"/></net>

<net id="212"><net_src comp="208" pin="1"/><net_sink comp="81" pin=1"/></net>

</net_list>

</model> 
---------------- Datapath Model END ------------------

* FSMD analyzer results:
  - Output states:
	Port: power_buf | {9 }
 - Input state : 
	Port: cfu_hls_Pipeline_POWER_LOOP : real_buf | {1 2 }
	Port: cfu_hls_Pipeline_POWER_LOOP : imag_buf | {1 2 }
  - Chain level:
	State 1
		store_ln51 : 1
		k_1 : 1
		icmp_ln118 : 2
		add_ln118 : 2
		br_ln118 : 3
		zext_ln118 : 2
		real_buf_addr : 3
		r : 4
		imag_buf_addr : 3
		im : 4
		store_ln51 : 3
	State 2
	State 3
		mul_ln122 : 1
		mul_ln122_1 : 1
	State 4
	State 5
	State 6
	State 7
	State 8
		trunc_ln8 : 1
	State 9
		store_ln123 : 1


============================================================
+ Verbose Summary: Datapath Resource usage 
============================================================

* Functional unit list:
|----------|-------------------|---------|---------|---------|
| Operation|  Functional Unit  |   DSP   |    FF   |   LUT   |
|----------|-------------------|---------|---------|---------|
|    mul   |     grp_fu_87     |    4    |   215   |    1    |
|          |     grp_fu_91     |    4    |   215   |    1    |
|----------|-------------------|---------|---------|---------|
|    add   |  add_ln118_fu_109 |    0    |    0    |    18   |
|          |     pwr_fu_136    |    0    |    0    |    65   |
|----------|-------------------|---------|---------|---------|
|   icmp   | icmp_ln118_fu_103 |    0    |    0    |    18   |
|----------|-------------------|---------|---------|---------|
|   zext   | zext_ln118_fu_115 |    0    |    0    |    0    |
|----------|-------------------|---------|---------|---------|
|   sext   | sext_ln120_fu_126 |    0    |    0    |    0    |
|          | sext_ln121_fu_131 |    0    |    0    |    0    |
|----------|-------------------|---------|---------|---------|
|partselect|  trunc_ln8_fu_140 |    0    |    0    |    0    |
|----------|-------------------|---------|---------|---------|
|   Total  |                   |    8    |   430   |   103   |
|----------|-------------------|---------|---------|---------|

Memories:
N/A

* Register list:
+---------------------+--------+
|                     |   FF   |
+---------------------+--------+
|  icmp_ln118_reg_157 |    1   |
|      im_reg_181     |   32   |
|imag_buf_addr_reg_171|   11   |
|      k_reg_150      |   11   |
| mul_ln122_1_reg_203 |   58   |
|  mul_ln122_reg_198  |   58   |
|      r_reg_176      |   32   |
|real_buf_addr_reg_166|   11   |
|  sext_ln120_reg_186 |   58   |
|  sext_ln121_reg_192 |   58   |
|  trunc_ln8_reg_208  |   32   |
|  zext_ln118_reg_161 |   64   |
+---------------------+--------+
|        Total        |   426  |
+---------------------+--------+

* Multiplexer (MUX) list: 
|------------------|------|------|------|--------||---------||---------||---------|
|       Comp       |  Pin | Size |  BW  | S x BW ||  Delay  ||    FF   ||   LUT   |
|------------------|------|------|------|--------||---------||---------||---------|
| grp_access_fu_55 |  p0  |   2  |  11  |   22   ||    0    ||    9    |
| grp_access_fu_68 |  p0  |   2  |  11  |   22   ||    0    ||    9    |
|     grp_fu_87    |  p0  |   2  |  32  |   64   ||    0    ||    9    |
|     grp_fu_87    |  p1  |   2  |  32  |   64   ||    0    ||    9    |
|     grp_fu_91    |  p0  |   2  |  32  |   64   ||    0    ||    9    |
|     grp_fu_91    |  p1  |   2  |  32  |   64   ||    0    ||    9    |
|------------------|------|------|------|--------||---------||---------||---------|
|       Total      |      |      |      |   300  ||   9.66  ||    0    ||    54   |
|------------------|------|------|------|--------||---------||---------||---------|



* Summary:
+-----------+--------+--------+--------+--------+
|           |   DSP  |  Delay |   FF   |   LUT  |
+-----------+--------+--------+--------+--------+
|  Function |    8   |    -   |   430  |   103  |
|   Memory  |    -   |    -   |    -   |    -   |
|Multiplexer|    -   |    9   |    0   |   54   |
|  Register |    -   |    -   |   426  |    -   |
+-----------+--------+--------+--------+--------+
|   Total   |    8   |    9   |   856  |   157  |
+-----------+--------+--------+--------+--------+
