

================================================================
== Vitis HLS Report for 'cfu_hls_Pipeline_HANN_LOOP'
================================================================
* Date:           Sun Mar 15 11:48:31 2026

* Version:        2024.2 (Build 5238294 on Nov  8 2024)
* Project:        vitis
* Solution:       hls (Vivado IP Flow Target)
* Product family: artix7
* Target device:  xc7a35t-csg324-1


================================================================
== Performance Estimates
================================================================
+ Timing: 
    * Summary: 
    +--------+---------+----------+------------+
    |  Clock |  Target | Estimated| Uncertainty|
    +--------+---------+----------+------------+
    |ap_clk  |  5.56 ns|  5.351 ns|     1.50 ns|
    +--------+---------+----------+------------+

+ Latency: 
    * Summary: 
    +---------+---------+-----------+-----------+------+------+------------------------------------------------+
    |  Latency (cycles) |   Latency (absolute)  |   Interval  |                    Pipeline                    |
    |   min   |   max   |    min    |    max    |  min |  max |                      Type                      |
    +---------+---------+-----------+-----------+------+------+------------------------------------------------+
    |     2056|     2056|  11.423 us|  11.423 us|  2049|  2049|  loop auto-rewind stp (delay=0 clock cycles(s))|
    +---------+---------+-----------+-----------+------+------+------------------------------------------------+

    + Detail: 
        * Instance: 
        N/A

        * Loop: 
        +-------------+---------+---------+----------+-----------+-----------+------+----------+
        |             |  Latency (cycles) | Iteration|  Initiation Interval  | Trip |          |
        |  Loop Name  |   min   |   max   |  Latency |  achieved |   target  | Count| Pipelined|
        +-------------+---------+---------+----------+-----------+-----------+------+----------+
        |- HANN_LOOP  |     2054|     2054|         8|          1|          1|  2048|       yes|
        +-------------+---------+---------+----------+-----------+-----------+------+----------+



================================================================
== Utilization Estimates
================================================================
* Summary: 
+-----------------+---------+----+-------+-------+-----+
|       Name      | BRAM_18K| DSP|   FF  |  LUT  | URAM|
+-----------------+---------+----+-------+-------+-----+
|DSP              |        -|   -|      -|      -|    -|
|Expression       |        -|   -|      0|     41|    -|
|FIFO             |        -|   -|      -|      -|    -|
|Instance         |        -|   2|    215|      1|    -|
|Memory           |        2|   -|      0|      0|    -|
|Multiplexer      |        -|   -|      0|     36|    -|
|Register         |        -|   -|    184|     32|    -|
+-----------------+---------+----+-------+-------+-----+
|Total            |        2|   2|    399|    110|    0|
+-----------------+---------+----+-------+-------+-----+
|Available        |      100|  90|  41600|  20800|    0|
+-----------------+---------+----+-------+-------+-----+
|Utilization (%)  |        2|   2|     ~0|     ~0|    0|
+-----------------+---------+----+-------+-------+-----+

+ Detail: 
    * Instance: 
    +------------------------+---------------------+---------+----+-----+----+-----+
    |        Instance        |        Module       | BRAM_18K| DSP|  FF | LUT| URAM|
    +------------------------+---------------------+---------+----+-----+----+-----+
    |mul_17ns_32s_48_5_1_U1  |mul_17ns_32s_48_5_1  |        0|   2|  215|   1|    0|
    +------------------------+---------------------+---------+----+-----+----+-----+
    |Total                   |                     |        0|   2|  215|   1|    0|
    +------------------------+---------------------+---------+----+-----+----+-----+

    * DSP: 
    N/A

    * Memory: 
    +---------------------+----------------------------------------------------------+---------+---+----+-----+------+-----+------+-------------+
    |        Memory       |                          Module                          | BRAM_18K| FF| LUT| URAM| Words| Bits| Banks| W*Bits*Banks|
    +---------------------+----------------------------------------------------------+---------+---+----+-----+------+-----+------+-------------+
    |hann_window_fixed_U  |cfu_hls_Pipeline_HANN_LOOP_hann_window_fixed_ROM_AUTO_1R  |        2|  0|   0|    0|  2048|   17|     1|        34816|
    +---------------------+----------------------------------------------------------+---------+---+----+-----+------+-----+------+-------------+
    |Total                |                                                          |        2|  0|   0|    0|  2048|   17|     1|        34816|
    +---------------------+----------------------------------------------------------+---------+---+----+-----+------+-----+------+-------------+

    * FIFO: 
    N/A

    * Expression: 
    +---------------------+----------+----+---+----+------------+------------+
    |    Variable Name    | Operation| DSP| FF| LUT| Bitwidth P0| Bitwidth P1|
    +---------------------+----------+----+---+----+------------+------------+
    |add_ln55_fu_129_p2   |         +|   0|  0|  19|          12|           1|
    |icmp_ln55_fu_123_p2  |      icmp|   0|  0|  20|          12|          13|
    |ap_enable_pp0        |       xor|   0|  0|   2|           1|           2|
    +---------------------+----------+----+---+----+------------+------------+
    |Total                |          |   0|  0|  41|          25|          16|
    +---------------------+----------+----+---+----+------------+------------+

    * Multiplexer: 
    +-------------------------+----+-----------+-----+-----------+
    |           Name          | LUT| Input Size| Bits| Total Bits|
    +-------------------------+----+-----------+-----+-----------+
    |ap_done_int              |   9|          2|    1|          2|
    |ap_enable_reg_pp0_iter1  |   9|          2|    1|          2|
    |ap_sig_allocacmp_i_1     |   9|          2|   12|         24|
    |i_fu_46                  |   9|          2|   12|         24|
    +-------------------------+----+-----------+-----+-----------+
    |Total                    |  36|          8|   26|         52|
    +-------------------------+----+-----------+-----+-----------+

    * Register: 
    +----------------------------------+----+----+-----+-----------+
    |               Name               | FF | LUT| Bits| Const Bits|
    +----------------------------------+----+----+-----+-----------+
    |ap_CS_fsm                         |   1|   0|    1|          0|
    |ap_done_reg                       |   1|   0|    1|          0|
    |ap_enable_reg_pp0_iter1           |   1|   0|    1|          0|
    |ap_enable_reg_pp0_iter2           |   1|   0|    1|          0|
    |ap_enable_reg_pp0_iter3           |   1|   0|    1|          0|
    |ap_enable_reg_pp0_iter4           |   1|   0|    1|          0|
    |ap_enable_reg_pp0_iter5           |   1|   0|    1|          0|
    |ap_enable_reg_pp0_iter6           |   1|   0|    1|          0|
    |ap_enable_reg_pp0_iter7           |   1|   0|    1|          0|
    |ap_loop_exit_ready_pp0_iter1_reg  |   1|   0|    1|          0|
    |ap_loop_exit_ready_pp0_iter2_reg  |   1|   0|    1|          0|
    |ap_loop_exit_ready_pp0_iter3_reg  |   1|   0|    1|          0|
    |ap_loop_exit_ready_pp0_iter4_reg  |   1|   0|    1|          0|
    |ap_loop_exit_ready_pp0_iter5_reg  |   1|   0|    1|          0|
    |ap_loop_exit_ready_pp0_iter6_reg  |   1|   0|    1|          0|
    |frame_buf_load_reg_191            |  32|   0|   32|          0|
    |hann_window_fixed_load_reg_196    |  17|   0|   17|          0|
    |i_fu_46                           |  12|   0|   12|          0|
    |trunc_ln1_reg_211                 |  32|   0|   32|          0|
    |zext_ln55_reg_175                 |  12|   0|   64|         52|
    |zext_ln55_reg_175                 |  64|  32|   64|         52|
    +----------------------------------+----+----+-----+-----------+
    |Total                             | 184|  32|  236|        104|
    +----------------------------------+----+----+-----+-----------+



================================================================
== Interface
================================================================
* Summary: 
+--------------------+-----+-----+------------+----------------------------+--------------+
|      RTL Ports     | Dir | Bits|  Protocol  |        Source Object       |    C Type    |
+--------------------+-----+-----+------------+----------------------------+--------------+
|ap_clk              |   in|    1|  ap_ctrl_hs|  cfu_hls_Pipeline_HANN_LOOP|  return value|
|ap_start            |   in|    1|  ap_ctrl_hs|  cfu_hls_Pipeline_HANN_LOOP|  return value|
|ap_done             |  out|    1|  ap_ctrl_hs|  cfu_hls_Pipeline_HANN_LOOP|  return value|
|ap_idle             |  out|    1|  ap_ctrl_hs|  cfu_hls_Pipeline_HANN_LOOP|  return value|
|ap_ready            |  out|    1|  ap_ctrl_hs|  cfu_hls_Pipeline_HANN_LOOP|  return value|
|frame_buf_address0  |  out|   11|   ap_memory|                   frame_buf|         array|
|frame_buf_ce0       |  out|    1|   ap_memory|                   frame_buf|         array|
|frame_buf_q0        |   in|   32|   ap_memory|                   frame_buf|         array|
|real_buf_address1   |  out|   11|   ap_memory|                    real_buf|         array|
|real_buf_ce1        |  out|    1|   ap_memory|                    real_buf|         array|
|real_buf_we1        |  out|    1|   ap_memory|                    real_buf|         array|
|real_buf_d1         |  out|   32|   ap_memory|                    real_buf|         array|
|imag_buf_address1   |  out|   11|   ap_memory|                    imag_buf|         array|
|imag_buf_ce1        |  out|    1|   ap_memory|                    imag_buf|         array|
|imag_buf_we1        |  out|    1|   ap_memory|                    imag_buf|         array|
|imag_buf_d1         |  out|   32|   ap_memory|                    imag_buf|         array|
+--------------------+-----+-----+------------+----------------------------+--------------+

============================================================
+ Verbose Summary: Synthesis Manager
============================================================
InlineROM: 1
ExposeGlobal: 0
============================================================
+ Verbose Summary: CDFG Model
============================================================
IsTopModel: 0
ResetActiveHigh: 1
IsCombinational: 2
IsDatapathOnly: 2
HasWiredReturn: 1
HasMFsm: 2
HasVarLatency: 1
IsPipeline: 0
IsRtlPipelined: 0
IsInstanceOverlapped: 0
IsDontTouch: 0
HasImplIP: 0
IsGatedGlobalClock: 0

+ Individual pipeline summary: 
  * Pipeline-0: initiation interval (II) = 1, depth = 8


============================================================
+ Verbose Summary: Schedule
============================================================
* Number of FSM states : 8
* Pipeline : 1
  Pipeline-0 : II = 1, D = 8, States = { 1 2 3 4 5 6 7 8 }
* Dataflow Pipeline: 0

* FSM state transitions: 
1 --> 2 
2 --> 3 
3 --> 4 
4 --> 5 
5 --> 6 
6 --> 7 
7 --> 8 
8 --> 

* FSM state operations: 

State 1 <SV = 0> <Delay = 5.35>
ST_1 : Operation 11 [1/1] (0.00ns)   --->   "%i = alloca i32 1" [cfu_hls.c:51]   --->   Operation 11 'alloca' 'i' <Predicate = true> <Delay = 0.00>
ST_1 : Operation 12 [1/1] (0.00ns)   --->   "%specmemcore_ln0 = specmemcore void @_ssdm_op_SpecMemCore, i32 %imag_buf, i64 666, i64 22, i64 18446744073709551615"   --->   Operation 12 'specmemcore' 'specmemcore_ln0' <Predicate = true> <Delay = 0.00>
ST_1 : Operation 13 [1/1] (0.00ns)   --->   "%specmemcore_ln0 = specmemcore void @_ssdm_op_SpecMemCore, i32 %real_buf, i64 666, i64 22, i64 18446744073709551615"   --->   Operation 13 'specmemcore' 'specmemcore_ln0' <Predicate = true> <Delay = 0.00>
ST_1 : Operation 14 [1/1] (1.61ns)   --->   "%store_ln51 = store i12 0, i12 %i" [cfu_hls.c:51]   --->   Operation 14 'store' 'store_ln51' <Predicate = true> <Delay = 1.61>
ST_1 : Operation 15 [1/1] (0.00ns)   --->   "%br_ln0 = br void %for.inc"   --->   Operation 15 'br' 'br_ln0' <Predicate = true> <Delay = 0.00>
ST_1 : Operation 16 [1/1] (0.00ns)   --->   "%i_1 = load i12 %i" [cfu_hls.c:55]   --->   Operation 16 'load' 'i_1' <Predicate = true> <Delay = 0.00>
ST_1 : Operation 17 [1/1] (2.13ns)   --->   "%icmp_ln55 = icmp_eq  i12 %i_1, i12 2048" [cfu_hls.c:55]   --->   Operation 17 'icmp' 'icmp_ln55' <Predicate = true> <Delay = 2.13> <CoreInst = "Cmp">   --->   Core 9 'Cmp' <Latency = 0> <II = 1> <Delay = 2.13> <FuncUnit> <Opcode : 'seteq' 'setne' 'setle' 'setge' 'setlt' 'setgt'> <InPorts = 2> <OutPorts = 1>
ST_1 : Operation 18 [1/1] (2.13ns)   --->   "%add_ln55 = add i12 %i_1, i12 1" [cfu_hls.c:55]   --->   Operation 18 'add' 'add_ln55' <Predicate = true> <Delay = 2.13> <CoreInst = "Adder">   --->   Core 1 'Adder' <Latency = 0> <II = 1> <Delay = 2.13> <FuncUnit> <Opcode : 'add' 'sub'> <InPorts = 2> <OutPorts = 1>
ST_1 : Operation 19 [1/1] (0.00ns)   --->   "%br_ln55 = br i1 %icmp_ln55, void %for.inc.split, void %for.body15.preheader.exitStub" [cfu_hls.c:55]   --->   Operation 19 'br' 'br_ln55' <Predicate = true> <Delay = 0.00>
ST_1 : Operation 20 [1/1] (0.00ns)   --->   "%zext_ln55 = zext i12 %i_1" [cfu_hls.c:55]   --->   Operation 20 'zext' 'zext_ln55' <Predicate = (!icmp_ln55)> <Delay = 0.00>
ST_1 : Operation 21 [1/1] (0.00ns)   --->   "%frame_buf_addr = getelementptr i32 %frame_buf, i64 0, i64 %zext_ln55" [cfu_hls.c:57]   --->   Operation 21 'getelementptr' 'frame_buf_addr' <Predicate = (!icmp_ln55)> <Delay = 0.00>
ST_1 : Operation 22 [2/2] (3.25ns)   --->   "%frame_buf_load = load i11 %frame_buf_addr" [cfu_hls.c:57]   --->   Operation 22 'load' 'frame_buf_load' <Predicate = (!icmp_ln55)> <Delay = 3.25> <CoreInst = "RAM">   --->   Core 81 'RAM' <Latency = 1> <II = 1> <Delay = 3.25> <Storage> <Opcode : 'load' 'store'> <Ports = 2> <Width = 32> <Depth = 2048> <RAM>
ST_1 : Operation 23 [1/1] (0.00ns)   --->   "%hann_window_fixed_addr = getelementptr i17 %hann_window_fixed, i64 0, i64 %zext_ln55" [cfu_hls.c:57]   --->   Operation 23 'getelementptr' 'hann_window_fixed_addr' <Predicate = (!icmp_ln55)> <Delay = 0.00>
ST_1 : Operation 24 [2/2] (3.25ns)   --->   "%hann_window_fixed_load = load i11 %hann_window_fixed_addr" [cfu_hls.c:57]   --->   Operation 24 'load' 'hann_window_fixed_load' <Predicate = (!icmp_ln55)> <Delay = 3.25> <CoreInst = "ROM">   --->   Core 94 'ROM' <Latency = 1> <II = 1> <Delay = 3.25> <Storage> <Opcode : 'load'> <Ports = 0> <Width = 17> <Depth = 2048> <ROM>
ST_1 : Operation 25 [1/1] (1.61ns)   --->   "%store_ln51 = store i12 %add_ln55, i12 %i" [cfu_hls.c:51]   --->   Operation 25 'store' 'store_ln51' <Predicate = (!icmp_ln55)> <Delay = 1.61>

State 2 <SV = 1> <Delay = 3.25>
ST_2 : Operation 26 [1/2] ( I:3.25ns O:3.25ns )   --->   "%frame_buf_load = load i11 %frame_buf_addr" [cfu_hls.c:57]   --->   Operation 26 'load' 'frame_buf_load' <Predicate = true> <Delay = 3.25> <CoreInst = "RAM">   --->   Core 81 'RAM' <Latency = 1> <II = 1> <Delay = 3.25> <Storage> <Opcode : 'load' 'store'> <Ports = 2> <Width = 32> <Depth = 2048> <RAM>
ST_2 : Operation 27 [1/2] ( I:3.25ns O:3.25ns )   --->   "%hann_window_fixed_load = load i11 %hann_window_fixed_addr" [cfu_hls.c:57]   --->   Operation 27 'load' 'hann_window_fixed_load' <Predicate = true> <Delay = 3.25> <CoreInst = "ROM">   --->   Core 94 'ROM' <Latency = 1> <II = 1> <Delay = 3.25> <Storage> <Opcode : 'load'> <Ports = 0> <Width = 17> <Depth = 2048> <ROM>
ST_2 : Operation 28 [1/1] (0.00ns)   --->   "%imag_buf_addr = getelementptr i32 %imag_buf, i64 0, i64 %zext_ln55" [cfu_hls.c:58]   --->   Operation 28 'getelementptr' 'imag_buf_addr' <Predicate = true> <Delay = 0.00>
ST_2 : Operation 29 [1/1] ( I:3.25ns O:3.25ns )   --->   "%store_ln58 = store i32 0, i11 %imag_buf_addr" [cfu_hls.c:58]   --->   Operation 29 'store' 'store_ln58' <Predicate = true> <Delay = 3.25> <CoreInst = "RAM_2P_BRAM">   --->   Core 90 'RAM_2P_BRAM' <Latency = 1> <II = 1> <Delay = 3.25> <Storage> <Opcode : 'load' 'store'> <Ports = 2> <Width = 32> <Depth = 2048> <RAM>

State 3 <SV = 2> <Delay = 3.89>
ST_3 : Operation 30 [1/1] (0.00ns)   --->   "%sext_ln57 = sext i32 %frame_buf_load" [cfu_hls.c:57]   --->   Operation 30 'sext' 'sext_ln57' <Predicate = true> <Delay = 0.00>
ST_3 : Operation 31 [1/1] (0.00ns)   --->   "%zext_ln57 = zext i17 %hann_window_fixed_load" [cfu_hls.c:57]   --->   Operation 31 'zext' 'zext_ln57' <Predicate = true> <Delay = 0.00>
ST_3 : Operation 32 [5/5] (3.89ns)   --->   "%mul_ln57 = mul i48 %zext_ln57, i48 %sext_ln57" [cfu_hls.c:57]   --->   Operation 32 'mul' 'mul_ln57' <Predicate = true> <Delay = 3.89> <CoreInst = "Multiplier">   --->   Core 3 'Multiplier' <Latency = 4> <II = 1> <Delay = 3.89> <FuncUnit> <Opcode : 'mul'> <InPorts = 2> <OutPorts = 1>

State 4 <SV = 3> <Delay = 3.89>
ST_4 : Operation 33 [4/5] (3.89ns)   --->   "%mul_ln57 = mul i48 %zext_ln57, i48 %sext_ln57" [cfu_hls.c:57]   --->   Operation 33 'mul' 'mul_ln57' <Predicate = true> <Delay = 3.89> <CoreInst = "Multiplier">   --->   Core 3 'Multiplier' <Latency = 4> <II = 1> <Delay = 3.89> <FuncUnit> <Opcode : 'mul'> <InPorts = 2> <OutPorts = 1>

State 5 <SV = 4> <Delay = 3.89>
ST_5 : Operation 34 [3/5] (3.89ns)   --->   "%mul_ln57 = mul i48 %zext_ln57, i48 %sext_ln57" [cfu_hls.c:57]   --->   Operation 34 'mul' 'mul_ln57' <Predicate = true> <Delay = 3.89> <CoreInst = "Multiplier">   --->   Core 3 'Multiplier' <Latency = 4> <II = 1> <Delay = 3.89> <FuncUnit> <Opcode : 'mul'> <InPorts = 2> <OutPorts = 1>

State 6 <SV = 5> <Delay = 3.89>
ST_6 : Operation 35 [2/5] (3.89ns)   --->   "%mul_ln57 = mul i48 %zext_ln57, i48 %sext_ln57" [cfu_hls.c:57]   --->   Operation 35 'mul' 'mul_ln57' <Predicate = true> <Delay = 3.89> <CoreInst = "Multiplier">   --->   Core 3 'Multiplier' <Latency = 4> <II = 1> <Delay = 3.89> <FuncUnit> <Opcode : 'mul'> <InPorts = 2> <OutPorts = 1>

State 7 <SV = 6> <Delay = 3.89>
ST_7 : Operation 36 [1/5] (3.89ns)   --->   "%mul_ln57 = mul i48 %zext_ln57, i48 %sext_ln57" [cfu_hls.c:57]   --->   Operation 36 'mul' 'mul_ln57' <Predicate = true> <Delay = 3.89> <CoreInst = "Multiplier">   --->   Core 3 'Multiplier' <Latency = 4> <II = 1> <Delay = 3.89> <FuncUnit> <Opcode : 'mul'> <InPorts = 2> <OutPorts = 1>
ST_7 : Operation 37 [1/1] (0.00ns)   --->   "%trunc_ln1 = partselect i32 @_ssdm_op_PartSelect.i32.i48.i32.i32, i48 %mul_ln57, i32 16, i32 47" [cfu_hls.c:57]   --->   Operation 37 'partselect' 'trunc_ln1' <Predicate = true> <Delay = 0.00>
ST_7 : Operation 44 [1/1] (1.61ns)   --->   "%ret_ln0 = ret"   --->   Operation 44 'ret' 'ret_ln0' <Predicate = (icmp_ln55)> <Delay = 1.61>

State 8 <SV = 7> <Delay = 3.25>
ST_8 : Operation 38 [1/1] (0.00ns)   --->   "%specpipeline_ln56 = specpipeline void @_ssdm_op_SpecPipeline, i32 1, i32 0, i32 0, i32 0, void @empty_2" [cfu_hls.c:56]   --->   Operation 38 'specpipeline' 'specpipeline_ln56' <Predicate = true> <Delay = 0.00>
ST_8 : Operation 39 [1/1] (0.00ns)   --->   "%speclooptripcount_ln51 = speclooptripcount void @_ssdm_op_SpecLoopTripCount, i64 2048, i64 2048, i64 2048" [cfu_hls.c:51]   --->   Operation 39 'speclooptripcount' 'speclooptripcount_ln51' <Predicate = true> <Delay = 0.00>
ST_8 : Operation 40 [1/1] (0.00ns)   --->   "%specloopname_ln55 = specloopname void @_ssdm_op_SpecLoopName, void @empty_0" [cfu_hls.c:55]   --->   Operation 40 'specloopname' 'specloopname_ln55' <Predicate = true> <Delay = 0.00>
ST_8 : Operation 41 [1/1] (0.00ns)   --->   "%real_buf_addr = getelementptr i32 %real_buf, i64 0, i64 %zext_ln55" [cfu_hls.c:57]   --->   Operation 41 'getelementptr' 'real_buf_addr' <Predicate = true> <Delay = 0.00>
ST_8 : Operation 42 [1/1] ( I:3.25ns O:3.25ns )   --->   "%store_ln57 = store i32 %trunc_ln1, i11 %real_buf_addr" [cfu_hls.c:57]   --->   Operation 42 'store' 'store_ln57' <Predicate = true> <Delay = 3.25> <CoreInst = "RAM_2P_BRAM">   --->   Core 90 'RAM_2P_BRAM' <Latency = 1> <II = 1> <Delay = 3.25> <Storage> <Opcode : 'load' 'store'> <Ports = 2> <Width = 32> <Depth = 2048> <RAM>
ST_8 : Operation 43 [1/1] (0.00ns)   --->   "%br_ln55 = br void %for.inc" [cfu_hls.c:55]   --->   Operation 43 'br' 'br_ln55' <Predicate = true> <Delay = 0.00>


============================================================
+ Verbose Summary: Binding
============================================================
STG Binding: 
---------------- STG Properties BEGIN ----------------
- Is combinational: 0
- Is one-state seq: 0
- Is datapath-only: 0
- Is pipelined: 0
- Is top level: 0
Port [ Return ] is wired: 1; IO mode=ap_ctrl_hs:ce=0
Port [ frame_buf]:  wired=1; compound=1; hidden=0; nouse=0; global=1; static=1; extern=0; dir=0; type=1; pingpong=0; private_global=0; MemPort=[13]; IO mode=ap_memory:ce=0
Port [ hann_window_fixed]:  wired=0; compound=1; hidden=1; nouse=0; global=1; static=1; extern=0; dir=0; type=1; pingpong=0; private_global=1; MemPort=[1]; IO mode=ap_memory:ce=0
Port [ real_buf]:  wired=1; compound=1; hidden=0; nouse=0; global=1; static=1; extern=0; dir=1; type=1; pingpong=0; private_global=0; MemPort=[30]; IO mode=ap_memory:ce=0
Port [ imag_buf]:  wired=1; compound=1; hidden=0; nouse=0; global=1; static=1; extern=0; dir=1; type=1; pingpong=0; private_global=0; MemPort=[30]; IO mode=ap_memory:ce=0
---------------- STG Properties END ------------------

---------------- Datapath Model BEGIN ----------------

<LifeTime>
<method=bitvector/>
i                      (alloca           ) [ 010000000]
specmemcore_ln0        (specmemcore      ) [ 000000000]
specmemcore_ln0        (specmemcore      ) [ 000000000]
store_ln51             (store            ) [ 000000000]
br_ln0                 (br               ) [ 000000000]
i_1                    (load             ) [ 000000000]
icmp_ln55              (icmp             ) [ 011111110]
add_ln55               (add              ) [ 000000000]
br_ln55                (br               ) [ 000000000]
zext_ln55              (zext             ) [ 011111111]
frame_buf_addr         (getelementptr    ) [ 011000000]
hann_window_fixed_addr (getelementptr    ) [ 011000000]
store_ln51             (store            ) [ 000000000]
frame_buf_load         (load             ) [ 010100000]
hann_window_fixed_load (load             ) [ 010100000]
imag_buf_addr          (getelementptr    ) [ 000000000]
store_ln58             (store            ) [ 000000000]
sext_ln57              (sext             ) [ 010011110]
zext_ln57              (zext             ) [ 010011110]
mul_ln57               (mul              ) [ 000000000]
trunc_ln1              (partselect       ) [ 010000001]
specpipeline_ln56      (specpipeline     ) [ 000000000]
speclooptripcount_ln51 (speclooptripcount) [ 000000000]
specloopname_ln55      (specloopname     ) [ 000000000]
real_buf_addr          (getelementptr    ) [ 000000000]
store_ln57             (store            ) [ 000000000]
br_ln55                (br               ) [ 000000000]
ret_ln0                (ret              ) [ 000000000]
</LifeTime>

<model>

<comp_list>
<comp id="0" class="1000" name="frame_buf">
<pin_list>
<pin id="1" dir="1" index="0" bw="1" slack="0"/>
</pin_list>
<bind>
<StgValue><ssdm name="frame_buf"/><MemPortTyVec>1 3 </MemPortTyVec>
</StgValue>
</bind>
</comp>

<comp id="2" class="1000" name="hann_window_fixed">
<pin_list>
<pin id="3" dir="1" index="0" bw="1" slack="0"/>
</pin_list>
<bind>
<StgValue><ssdm name="hann_window_fixed"/><MemPortTyVec>1 </MemPortTyVec>
</StgValue>
</bind>
</comp>

<comp id="4" class="1000" name="real_buf">
<pin_list>
<pin id="5" dir="1" index="0" bw="1" slack="0"/>
</pin_list>
<bind>
<StgValue><ssdm name="real_buf"/><MemPortTyVec>3 0 </MemPortTyVec>
</StgValue>
</bind>
</comp>

<comp id="6" class="1000" name="imag_buf">
<pin_list>
<pin id="7" dir="1" index="0" bw="1" slack="0"/>
</pin_list>
<bind>
<StgValue><ssdm name="imag_buf"/><MemPortTyVec>3 0 </MemPortTyVec>
</StgValue>
</bind>
</comp>

<comp id="8" class="1001" name="const_8">
<pin_list>
<pin id="9" dir="1" index="0" bw="1" slack="0"/>
</pin_list>
<bind>
<StgValue><ssdm name=""/></StgValue>
</bind>
</comp>

<comp id="10" class="1001" name="const_10">
<pin_list>
<pin id="11" dir="1" index="0" bw="1" slack="2147483647"/>
</pin_list>
<bind>
<StgValue><ssdm name="_ssdm_op_SpecMemCore"/></StgValue>
</bind>
</comp>

<comp id="12" class="1001" name="const_12">
<pin_list>
<pin id="13" dir="1" index="0" bw="1" slack="2147483647"/>
</pin_list>
<bind>
<StgValue><ssdm name=""/></StgValue>
</bind>
</comp>

<comp id="14" class="1001" name="const_14">
<pin_list>
<pin id="15" dir="1" index="0" bw="1" slack="2147483647"/>
</pin_list>
<bind>
<StgValue><ssdm name=""/></StgValue>
</bind>
</comp>

<comp id="16" class="1001" name="const_16">
<pin_list>
<pin id="17" dir="1" index="0" bw="1" slack="2147483647"/>
</pin_list>
<bind>
<StgValue><ssdm name=""/></StgValue>
</bind>
</comp>

<comp id="18" class="1001" name="const_18">
<pin_list>
<pin id="19" dir="1" index="0" bw="1" slack="0"/>
</pin_list>
<bind>
<StgValue><ssdm name=""/></StgValue>
</bind>
</comp>

<comp id="20" class="1001" name="const_20">
<pin_list>
<pin id="21" dir="1" index="0" bw="1" slack="0"/>
</pin_list>
<bind>
<StgValue><ssdm name=""/></StgValue>
</bind>
</comp>

<comp id="22" class="1001" name="const_22">
<pin_list>
<pin id="23" dir="1" index="0" bw="1" slack="0"/>
</pin_list>
<bind>
<StgValue><ssdm name=""/></StgValue>
</bind>
</comp>

<comp id="24" class="1001" name="const_24">
<pin_list>
<pin id="25" dir="1" index="0" bw="1" slack="0"/>
</pin_list>
<bind>
<StgValue><ssdm name=""/></StgValue>
</bind>
</comp>

<comp id="26" class="1001" name="const_26">
<pin_list>
<pin id="27" dir="1" index="0" bw="1" slack="0"/>
</pin_list>
<bind>
<StgValue><ssdm name=""/></StgValue>
</bind>
</comp>

<comp id="28" class="1001" name="const_28">
<pin_list>
<pin id="29" dir="1" index="0" bw="1" slack="0"/>
</pin_list>
<bind>
<StgValue><ssdm name="_ssdm_op_PartSelect.i32.i48.i32.i32"/></StgValue>
</bind>
</comp>

<comp id="30" class="1001" name="const_30">
<pin_list>
<pin id="31" dir="1" index="0" bw="1" slack="0"/>
</pin_list>
<bind>
<StgValue><ssdm name=""/></StgValue>
</bind>
</comp>

<comp id="32" class="1001" name="const_32">
<pin_list>
<pin id="33" dir="1" index="0" bw="1" slack="0"/>
</pin_list>
<bind>
<StgValue><ssdm name=""/></StgValue>
</bind>
</comp>

<comp id="34" class="1001" name="const_34">
<pin_list>
<pin id="35" dir="1" index="0" bw="1" slack="2147483647"/>
</pin_list>
<bind>
<StgValue><ssdm name="_ssdm_op_SpecPipeline"/></StgValue>
</bind>
</comp>

<comp id="36" class="1001" name="const_36">
<pin_list>
<pin id="37" dir="1" index="0" bw="1" slack="2147483647"/>
</pin_list>
<bind>
<StgValue><ssdm name="empty_2"/></StgValue>
</bind>
</comp>

<comp id="38" class="1001" name="const_38">
<pin_list>
<pin id="39" dir="1" index="0" bw="1" slack="2147483647"/>
</pin_list>
<bind>
<StgValue><ssdm name="_ssdm_op_SpecLoopTripCount"/></StgValue>
</bind>
</comp>

<comp id="40" class="1001" name="const_40">
<pin_list>
<pin id="41" dir="1" index="0" bw="1" slack="2147483647"/>
</pin_list>
<bind>
<StgValue><ssdm name=""/></StgValue>
</bind>
</comp>

<comp id="42" class="1001" name="const_42">
<pin_list>
<pin id="43" dir="1" index="0" bw="1" slack="2147483647"/>
</pin_list>
<bind>
<StgValue><ssdm name="_ssdm_op_SpecLoopName"/></StgValue>
</bind>
</comp>

<comp id="44" class="1001" name="const_44">
<pin_list>
<pin id="45" dir="1" index="0" bw="1" slack="2147483647"/>
</pin_list>
<bind>
<StgValue><ssdm name="empty_0"/></StgValue>
</bind>
</comp>

<comp id="46" class="1004" name="i_fu_46">
<pin_list>
<pin id="47" dir="0" index="0" bw="1" slack="0"/>
<pin id="48" dir="1" index="1" bw="12" slack="0"/>
</pin_list>
<bind>
<opcode="alloca(26) " fcode="alloca"/>
<opset="i/1 "/>
</bind>
</comp>

<comp id="50" class="1004" name="frame_buf_addr_gep_fu_50">
<pin_list>
<pin id="51" dir="0" index="0" bw="32" slack="0"/>
<pin id="52" dir="0" index="1" bw="1" slack="0"/>
<pin id="53" dir="0" index="2" bw="12" slack="0"/>
<pin id="54" dir="1" index="3" bw="11" slack="0"/>
</pin_list>
<bind>
<opcode="getelementptr(29) " fcode="getelementptr"/>
<opset="frame_buf_addr/1 "/>
</bind>
</comp>

<comp id="57" class="1004" name="grp_access_fu_57">
<pin_list>
<pin id="58" dir="0" index="0" bw="11" slack="0"/>
<pin id="59" dir="0" index="1" bw="32" slack="2147483647"/>
<pin id="60" dir="0" index="2" bw="0" slack="2147483647"/>
<pin id="61" dir="1" index="3" bw="32" slack="1"/>
</pin_list>
<bind>
<opcode="load(27) " fcode="load"/>
<opset="frame_buf_load/1 "/>
</bind>
</comp>

<comp id="63" class="1004" name="hann_window_fixed_addr_gep_fu_63">
<pin_list>
<pin id="64" dir="0" index="0" bw="17" slack="0"/>
<pin id="65" dir="0" index="1" bw="1" slack="0"/>
<pin id="66" dir="0" index="2" bw="12" slack="0"/>
<pin id="67" dir="1" index="3" bw="11" slack="0"/>
</pin_list>
<bind>
<opcode="getelementptr(29) " fcode="getelementptr"/>
<opset="hann_window_fixed_addr/1 "/>
</bind>
</comp>

<comp id="70" class="1004" name="grp_access_fu_70">
<pin_list>
<pin id="71" dir="0" index="0" bw="11" slack="0"/>
<pin id="72" dir="0" index="1" bw="17" slack="2147483647"/>
<pin id="73" dir="0" index="2" bw="0" slack="2147483647"/>
<pin id="74" dir="1" index="3" bw="17" slack="1"/>
</pin_list>
<bind>
<opcode="load(27) " fcode="load"/>
<opset="hann_window_fixed_load/1 "/>
</bind>
</comp>

<comp id="76" class="1004" name="imag_buf_addr_gep_fu_76">
<pin_list>
<pin id="77" dir="0" index="0" bw="32" slack="0"/>
<pin id="78" dir="0" index="1" bw="1" slack="0"/>
<pin id="79" dir="0" index="2" bw="12" slack="1"/>
<pin id="80" dir="1" index="3" bw="11" slack="0"/>
</pin_list>
<bind>
<opcode="getelementptr(29) " fcode="getelementptr"/>
<opset="imag_buf_addr/2 "/>
</bind>
</comp>

<comp id="83" class="1004" name="store_ln58_access_fu_83">
<pin_list>
<pin id="84" dir="0" index="0" bw="11" slack="2147483647"/>
<pin id="85" dir="0" index="1" bw="32" slack="2147483647"/>
<pin id="86" dir="0" index="2" bw="0" slack="0"/>
<pin id="88" dir="0" index="4" bw="11" slack="0"/>
<pin id="89" dir="0" index="5" bw="32" slack="2147483647"/>
<pin id="90" dir="0" index="6" bw="0" slack="2147483647"/>
<pin id="87" dir="1" index="3" bw="32" slack="2147483647"/>
<pin id="91" dir="1" index="7" bw="32" slack="2147483647"/>
</pin_list>
<bind>
<opcode="store(28) " fcode="store"/>
<opset="store_ln58/2 "/>
</bind>
</comp>

<comp id="94" class="1004" name="real_buf_addr_gep_fu_94">
<pin_list>
<pin id="95" dir="0" index="0" bw="32" slack="0"/>
<pin id="96" dir="0" index="1" bw="1" slack="0"/>
<pin id="97" dir="0" index="2" bw="12" slack="7"/>
<pin id="98" dir="1" index="3" bw="11" slack="0"/>
</pin_list>
<bind>
<opcode="getelementptr(29) " fcode="getelementptr"/>
<opset="real_buf_addr/8 "/>
</bind>
</comp>

<comp id="101" class="1004" name="store_ln57_access_fu_101">
<pin_list>
<pin id="102" dir="0" index="0" bw="11" slack="2147483647"/>
<pin id="103" dir="0" index="1" bw="32" slack="2147483647"/>
<pin id="104" dir="0" index="2" bw="0" slack="0"/>
<pin id="106" dir="0" index="4" bw="11" slack="1"/>
<pin id="107" dir="0" index="5" bw="32" slack="2147483647"/>
<pin id="108" dir="0" index="6" bw="0" slack="2147483647"/>
<pin id="105" dir="1" index="3" bw="32" slack="2147483647"/>
<pin id="109" dir="1" index="7" bw="32" slack="2147483647"/>
</pin_list>
<bind>
<opcode="store(28) " fcode="store"/>
<opset="store_ln57/8 "/>
</bind>
</comp>

<comp id="111" class="1004" name="grp_fu_111">
<pin_list>
<pin id="112" dir="0" index="0" bw="17" slack="0"/>
<pin id="113" dir="0" index="1" bw="32" slack="0"/>
<pin id="114" dir="1" index="2" bw="48" slack="0"/>
</pin_list>
<bind>
<opcode="mul(12) " fcode="mul"/>
<opset="mul_ln57/3 "/>
</bind>
</comp>

<comp id="115" class="1004" name="store_ln51_store_fu_115">
<pin_list>
<pin id="116" dir="0" index="0" bw="1" slack="0"/>
<pin id="117" dir="0" index="1" bw="12" slack="0"/>
<pin id="118" dir="1" index="2" bw="0" slack="2147483647"/>
</pin_list>
<bind>
<opcode="store(28) " fcode="store"/>
<opset="store_ln51/1 "/>
</bind>
</comp>

<comp id="120" class="1004" name="i_1_load_fu_120">
<pin_list>
<pin id="121" dir="0" index="0" bw="12" slack="0"/>
<pin id="122" dir="1" index="1" bw="12" slack="0"/>
</pin_list>
<bind>
<opcode="load(27) " fcode="load"/>
<opset="i_1/1 "/>
</bind>
</comp>

<comp id="123" class="1004" name="icmp_ln55_fu_123">
<pin_list>
<pin id="124" dir="0" index="0" bw="12" slack="0"/>
<pin id="125" dir="0" index="1" bw="12" slack="0"/>
<pin id="126" dir="1" index="2" bw="1" slack="6"/>
</pin_list>
<bind>
<opcode="icmp(45) " fcode="icmp"/>
<opset="icmp_ln55/1 "/>
</bind>
</comp>

<comp id="129" class="1004" name="add_ln55_fu_129">
<pin_list>
<pin id="130" dir="0" index="0" bw="12" slack="0"/>
<pin id="131" dir="0" index="1" bw="1" slack="0"/>
<pin id="132" dir="1" index="2" bw="12" slack="0"/>
</pin_list>
<bind>
<opcode="add(8) " fcode="add"/>
<opset="add_ln55/1 "/>
</bind>
</comp>

<comp id="135" class="1004" name="zext_ln55_fu_135">
<pin_list>
<pin id="136" dir="0" index="0" bw="12" slack="0"/>
<pin id="137" dir="1" index="1" bw="64" slack="0"/>
</pin_list>
<bind>
<opcode="zext(34) " fcode="zext"/>
<opset="zext_ln55/1 "/>
</bind>
</comp>

<comp id="141" class="1004" name="store_ln51_store_fu_141">
<pin_list>
<pin id="142" dir="0" index="0" bw="12" slack="0"/>
<pin id="143" dir="0" index="1" bw="12" slack="0"/>
<pin id="144" dir="1" index="2" bw="0" slack="2147483647"/>
</pin_list>
<bind>
<opcode="store(28) " fcode="store"/>
<opset="store_ln51/1 "/>
</bind>
</comp>

<comp id="146" class="1004" name="sext_ln57_fu_146">
<pin_list>
<pin id="147" dir="0" index="0" bw="32" slack="1"/>
<pin id="148" dir="1" index="1" bw="48" slack="0"/>
</pin_list>
<bind>
<opcode="sext(35) " fcode="sext"/>
<opset="sext_ln57/3 "/>
</bind>
</comp>

<comp id="150" class="1004" name="zext_ln57_fu_150">
<pin_list>
<pin id="151" dir="0" index="0" bw="17" slack="1"/>
<pin id="152" dir="1" index="1" bw="48" slack="0"/>
</pin_list>
<bind>
<opcode="zext(34) " fcode="zext"/>
<opset="zext_ln57/3 "/>
</bind>
</comp>

<comp id="154" class="1004" name="trunc_ln1_fu_154">
<pin_list>
<pin id="155" dir="0" index="0" bw="32" slack="0"/>
<pin id="156" dir="0" index="1" bw="48" slack="0"/>
<pin id="157" dir="0" index="2" bw="6" slack="0"/>
<pin id="158" dir="0" index="3" bw="7" slack="0"/>
<pin id="159" dir="1" index="4" bw="32" slack="1"/>
</pin_list>
<bind>
<opcode="partselect(1002) " fcode="partselect"/>
<opset="trunc_ln1/7 "/>
</bind>
</comp>

<comp id="164" class="1005" name="i_reg_164">
<pin_list>
<pin id="165" dir="0" index="0" bw="12" slack="0"/>
<pin id="166" dir="1" index="1" bw="12" slack="0"/>
</pin_list>
<bind>
<opset="i "/>
</bind>
</comp>

<comp id="171" class="1005" name="icmp_ln55_reg_171">
<pin_list>
<pin id="172" dir="0" index="0" bw="1" slack="6"/>
<pin id="173" dir="1" index="1" bw="1" slack="2147483647"/>
</pin_list>
<bind>
<opset="icmp_ln55 "/>
</bind>
</comp>

<comp id="175" class="1005" name="zext_ln55_reg_175">
<pin_list>
<pin id="176" dir="0" index="0" bw="64" slack="1"/>
<pin id="177" dir="1" index="1" bw="64" slack="1"/>
</pin_list>
<bind>
<opset="zext_ln55 "/>
</bind>
</comp>

<comp id="181" class="1005" name="frame_buf_addr_reg_181">
<pin_list>
<pin id="182" dir="0" index="0" bw="11" slack="1"/>
<pin id="183" dir="1" index="1" bw="11" slack="1"/>
</pin_list>
<bind>
<opset="frame_buf_addr "/>
</bind>
</comp>

<comp id="186" class="1005" name="hann_window_fixed_addr_reg_186">
<pin_list>
<pin id="187" dir="0" index="0" bw="11" slack="1"/>
<pin id="188" dir="1" index="1" bw="11" slack="1"/>
</pin_list>
<bind>
<opset="hann_window_fixed_addr "/>
</bind>
</comp>

<comp id="191" class="1005" name="frame_buf_load_reg_191">
<pin_list>
<pin id="192" dir="0" index="0" bw="32" slack="1"/>
<pin id="193" dir="1" index="1" bw="32" slack="1"/>
</pin_list>
<bind>
<opset="frame_buf_load "/>
</bind>
</comp>

<comp id="196" class="1005" name="hann_window_fixed_load_reg_196">
<pin_list>
<pin id="197" dir="0" index="0" bw="17" slack="1"/>
<pin id="198" dir="1" index="1" bw="17" slack="1"/>
</pin_list>
<bind>
<opset="hann_window_fixed_load "/>
</bind>
</comp>

<comp id="201" class="1005" name="sext_ln57_reg_201">
<pin_list>
<pin id="202" dir="0" index="0" bw="48" slack="1"/>
<pin id="203" dir="1" index="1" bw="48" slack="1"/>
</pin_list>
<bind>
<opset="sext_ln57 "/>
</bind>
</comp>

<comp id="206" class="1005" name="zext_ln57_reg_206">
<pin_list>
<pin id="207" dir="0" index="0" bw="48" slack="1"/>
<pin id="208" dir="1" index="1" bw="48" slack="1"/>
</pin_list>
<bind>
<opset="zext_ln57 "/>
</bind>
</comp>

<comp id="211" class="1005" name="trunc_ln1_reg_211">
<pin_list>
<pin id="212" dir="0" index="0" bw="32" slack="1"/>
<pin id="213" dir="1" index="1" bw="32" slack="1"/>
</pin_list>
<bind>
<opset="trunc_ln1 "/>
</bind>
</comp>

</comp_list>

<net_list>
<net id="49"><net_src comp="8" pin="0"/><net_sink comp="46" pin=0"/></net>

<net id="55"><net_src comp="0" pin="0"/><net_sink comp="50" pin=0"/></net>

<net id="56"><net_src comp="24" pin="0"/><net_sink comp="50" pin=1"/></net>

<net id="62"><net_src comp="50" pin="3"/><net_sink comp="57" pin=0"/></net>

<net id="68"><net_src comp="2" pin="0"/><net_sink comp="63" pin=0"/></net>

<net id="69"><net_src comp="24" pin="0"/><net_sink comp="63" pin=1"/></net>

<net id="75"><net_src comp="63" pin="3"/><net_sink comp="70" pin=0"/></net>

<net id="81"><net_src comp="6" pin="0"/><net_sink comp="76" pin=0"/></net>

<net id="82"><net_src comp="24" pin="0"/><net_sink comp="76" pin=1"/></net>

<net id="92"><net_src comp="26" pin="0"/><net_sink comp="83" pin=4"/></net>

<net id="93"><net_src comp="76" pin="3"/><net_sink comp="83" pin=2"/></net>

<net id="99"><net_src comp="4" pin="0"/><net_sink comp="94" pin=0"/></net>

<net id="100"><net_src comp="24" pin="0"/><net_sink comp="94" pin=1"/></net>

<net id="110"><net_src comp="94" pin="3"/><net_sink comp="101" pin=2"/></net>

<net id="119"><net_src comp="18" pin="0"/><net_sink comp="115" pin=0"/></net>

<net id="127"><net_src comp="120" pin="1"/><net_sink comp="123" pin=0"/></net>

<net id="128"><net_src comp="20" pin="0"/><net_sink comp="123" pin=1"/></net>

<net id="133"><net_src comp="120" pin="1"/><net_sink comp="129" pin=0"/></net>

<net id="134"><net_src comp="22" pin="0"/><net_sink comp="129" pin=1"/></net>

<net id="138"><net_src comp="120" pin="1"/><net_sink comp="135" pin=0"/></net>

<net id="139"><net_src comp="135" pin="1"/><net_sink comp="50" pin=2"/></net>

<net id="140"><net_src comp="135" pin="1"/><net_sink comp="63" pin=2"/></net>

<net id="145"><net_src comp="129" pin="2"/><net_sink comp="141" pin=0"/></net>

<net id="149"><net_src comp="146" pin="1"/><net_sink comp="111" pin=1"/></net>

<net id="153"><net_src comp="150" pin="1"/><net_sink comp="111" pin=0"/></net>

<net id="160"><net_src comp="28" pin="0"/><net_sink comp="154" pin=0"/></net>

<net id="161"><net_src comp="111" pin="2"/><net_sink comp="154" pin=1"/></net>

<net id="162"><net_src comp="30" pin="0"/><net_sink comp="154" pin=2"/></net>

<net id="163"><net_src comp="32" pin="0"/><net_sink comp="154" pin=3"/></net>

<net id="167"><net_src comp="46" pin="1"/><net_sink comp="164" pin=0"/></net>

<net id="168"><net_src comp="164" pin="1"/><net_sink comp="115" pin=1"/></net>

<net id="169"><net_src comp="164" pin="1"/><net_sink comp="120" pin=0"/></net>

<net id="170"><net_src comp="164" pin="1"/><net_sink comp="141" pin=1"/></net>

<net id="174"><net_src comp="123" pin="2"/><net_sink comp="171" pin=0"/></net>

<net id="178"><net_src comp="135" pin="1"/><net_sink comp="175" pin=0"/></net>

<net id="179"><net_src comp="175" pin="1"/><net_sink comp="76" pin=2"/></net>

<net id="180"><net_src comp="175" pin="1"/><net_sink comp="94" pin=2"/></net>

<net id="184"><net_src comp="50" pin="3"/><net_sink comp="181" pin=0"/></net>

<net id="185"><net_src comp="181" pin="1"/><net_sink comp="57" pin=0"/></net>

<net id="189"><net_src comp="63" pin="3"/><net_sink comp="186" pin=0"/></net>

<net id="190"><net_src comp="186" pin="1"/><net_sink comp="70" pin=0"/></net>

<net id="194"><net_src comp="57" pin="3"/><net_sink comp="191" pin=0"/></net>

<net id="195"><net_src comp="191" pin="1"/><net_sink comp="146" pin=0"/></net>

<net id="199"><net_src comp="70" pin="3"/><net_sink comp="196" pin=0"/></net>

<net id="200"><net_src comp="196" pin="1"/><net_sink comp="150" pin=0"/></net>

<net id="204"><net_src comp="146" pin="1"/><net_sink comp="201" pin=0"/></net>

<net id="205"><net_src comp="201" pin="1"/><net_sink comp="111" pin=1"/></net>

<net id="209"><net_src comp="150" pin="1"/><net_sink comp="206" pin=0"/></net>

<net id="210"><net_src comp="206" pin="1"/><net_sink comp="111" pin=0"/></net>

<net id="214"><net_src comp="154" pin="4"/><net_sink comp="211" pin=0"/></net>

<net id="215"><net_src comp="211" pin="1"/><net_sink comp="101" pin=4"/></net>

</net_list>

</model> 
---------------- Datapath Model END ------------------

* FSMD analyzer results:
  - Output states:
	Port: frame_buf | {}
	Port: hann_window_fixed | {}
	Port: real_buf | {8 }
	Port: imag_buf | {2 }
 - Input state : 
	Port: cfu_hls_Pipeline_HANN_LOOP : frame_buf | {1 2 }
	Port: cfu_hls_Pipeline_HANN_LOOP : hann_window_fixed | {1 2 }
	Port: cfu_hls_Pipeline_HANN_LOOP : real_buf | {}
	Port: cfu_hls_Pipeline_HANN_LOOP : imag_buf | {}
  - Chain level:
	State 1
		store_ln51 : 1
		i_1 : 1
		icmp_ln55 : 2
		add_ln55 : 2
		br_ln55 : 3
		zext_ln55 : 2
		frame_buf_addr : 3
		frame_buf_load : 4
		hann_window_fixed_addr : 3
		hann_window_fixed_load : 4
		store_ln51 : 3
	State 2
		store_ln58 : 1
	State 3
		mul_ln57 : 1
	State 4
	State 5
	State 6
	State 7
		trunc_ln1 : 1
	State 8
		store_ln57 : 1


============================================================
+ Verbose Summary: Datapath Resource usage 
============================================================

* Functional unit list:
|----------|------------------|---------|---------|---------|
| Operation|  Functional Unit |   DSP   |    FF   |   LUT   |
|----------|------------------|---------|---------|---------|
|    mul   |    grp_fu_111    |    2    |   215   |    1    |
|----------|------------------|---------|---------|---------|
|   icmp   | icmp_ln55_fu_123 |    0    |    0    |    19   |
|----------|------------------|---------|---------|---------|
|    add   |  add_ln55_fu_129 |    0    |    0    |    19   |
|----------|------------------|---------|---------|---------|
|   zext   | zext_ln55_fu_135 |    0    |    0    |    0    |
|          | zext_ln57_fu_150 |    0    |    0    |    0    |
|----------|------------------|---------|---------|---------|
|   sext   | sext_ln57_fu_146 |    0    |    0    |    0    |
|----------|------------------|---------|---------|---------|
|partselect| trunc_ln1_fu_154 |    0    |    0    |    0    |
|----------|------------------|---------|---------|---------|
|   Total  |                  |    2    |   215   |    39   |
|----------|------------------|---------|---------|---------|

Memories:
N/A

* Register list:
+------------------------------+--------+
|                              |   FF   |
+------------------------------+--------+
|    frame_buf_addr_reg_181    |   11   |
|    frame_buf_load_reg_191    |   32   |
|hann_window_fixed_addr_reg_186|   11   |
|hann_window_fixed_load_reg_196|   17   |
|           i_reg_164          |   12   |
|       icmp_ln55_reg_171      |    1   |
|       sext_ln57_reg_201      |   48   |
|       trunc_ln1_reg_211      |   32   |
|       zext_ln55_reg_175      |   64   |
|       zext_ln57_reg_206      |   48   |
+------------------------------+--------+
|             Total            |   276  |
+------------------------------+--------+

* Multiplexer (MUX) list: 
|------------------|------|------|------|--------||---------||---------||---------|
|       Comp       |  Pin | Size |  BW  | S x BW ||  Delay  ||    FF   ||   LUT   |
|------------------|------|------|------|--------||---------||---------||---------|
| grp_access_fu_57 |  p0  |   2  |  11  |   22   ||    0    ||    9    |
| grp_access_fu_70 |  p0  |   2  |  11  |   22   ||    0    ||    9    |
|    grp_fu_111    |  p0  |   2  |  17  |   34   ||    0    ||    9    |
|    grp_fu_111    |  p1  |   2  |  32  |   64   ||    0    ||    9    |
|------------------|------|------|------|--------||---------||---------||---------|
|       Total      |      |      |      |   142  ||   6.44  ||    0    ||    36   |
|------------------|------|------|------|--------||---------||---------||---------|



* Summary:
+-----------+--------+--------+--------+--------+
|           |   DSP  |  Delay |   FF   |   LUT  |
+-----------+--------+--------+--------+--------+
|  Function |    2   |    -   |   215  |   39   |
|   Memory  |    -   |    -   |    -   |    -   |
|Multiplexer|    -   |    6   |    0   |   36   |
|  Register |    -   |    -   |   276  |    -   |
+-----------+--------+--------+--------+--------+
|   Total   |    2   |    6   |   491  |   75   |
+-----------+--------+--------+--------+--------+
