

================================================================
== Vitis HLS Report for 'cfu_hls_Pipeline_MEL_ACCUM'
================================================================
* Date:           Sun Mar 15 11:48:32 2026

* Version:        2024.2 (Build 5238294 on Nov  8 2024)
* Project:        vitis
* Solution:       hls (Vivado IP Flow Target)
* Product family: artix7
* Target device:  xc7a35t-csg324-1


================================================================
== Performance Estimates
================================================================
+ Timing: 
    * Summary: 
    +--------+---------+----------+------------+
    |  Clock |  Target | Estimated| Uncertainty|
    +--------+---------+----------+------------+
    |ap_clk  |  5.56 ns|  5.354 ns|     1.50 ns|
    +--------+---------+----------+------------+

+ Latency: 
    * Summary: 
    +---------+---------+----------+----------+-----+-----+------------------------------------------------+
    |  Latency (cycles) |  Latency (absolute) |  Interval |                    Pipeline                    |
    |   min   |   max   |    min   |    max   | min | max |                      Type                      |
    +---------+---------+----------+----------+-----+-----+------------------------------------------------+
    |       24|      167|  0.133 us|  0.928 us|   15|  158|  loop auto-rewind stp (delay=0 clock cycles(s))|
    +---------+---------+----------+----------+-----+-----+------------------------------------------------+

    + Detail: 
        * Instance: 
        N/A

        * Loop: 
        +-------------+---------+---------+----------+-----------+-----------+----------+----------+
        |             |  Latency (cycles) | Iteration|  Initiation Interval  |   Trip   |          |
        |  Loop Name  |   min   |   max   |  Latency |  achieved |   target  |   Count  | Pipelined|
        +-------------+---------+---------+----------+-----------+-----------+----------+----------+
        |- MEL_ACCUM  |       22|      165|         9|          1|          1|  14 ~ 157|       yes|
        +-------------+---------+---------+----------+-----------+-----------+----------+----------+



================================================================
== Utilization Estimates
================================================================
* Summary: 
+-----------------+---------+----+-------+-------+-----+
|       Name      | BRAM_18K| DSP|   FF  |  LUT  | URAM|
+-----------------+---------+----+-------+-------+-----+
|DSP              |        -|   -|      -|      -|    -|
|Expression       |        -|   -|      0|    137|    -|
|FIFO             |        -|   -|      -|      -|    -|
|Instance         |        -|   2|    215|      1|    -|
|Memory           |        2|   -|      0|      0|    -|
|Multiplexer      |        -|   -|      0|     63|    -|
|Register         |        -|   -|    279|     32|    -|
+-----------------+---------+----+-------+-------+-----+
|Total            |        2|   2|    494|    233|    0|
+-----------------+---------+----+-------+-------+-----+
|Available        |      100|  90|  41600|  20800|    0|
+-----------------+---------+----+-------+-------+-----+
|Utilization (%)  |        2|   2|      1|      1|    0|
+-----------------+---------+----+-------+-------+-----+

+ Detail: 
    * Instance: 
    +-------------------------+---------------------+---------+----+-----+----+-----+
    |         Instance        |        Module       | BRAM_18K| DSP|  FF | LUT| URAM|
    +-------------------------+---------------------+---------+----+-----+----+-----+
    |mul_16ns_32s_48_5_1_U27  |mul_16ns_32s_48_5_1  |        0|   2|  215|   1|    0|
    +-------------------------+---------------------+---------+----+-----+----+-----+
    |Total                    |                     |        0|   2|  215|   1|    0|
    +-------------------------+---------------------+---------+----+-----+----+-----+

    * DSP: 
    N/A

    * Memory: 
    +-----------------------------+------------------------------------------------------------------+---------+---+----+-----+------+-----+------+-------------+
    |            Memory           |                              Module                              | BRAM_18K| FF| LUT| URAM| Words| Bits| Banks| W*Bits*Banks|
    +-----------------------------+------------------------------------------------------------------+---------+---+----+-----+------+-----+------+-------------+
    |mel_weights_compact_fixed_U  |cfu_hls_Pipeline_MEL_ACCUM_mel_weights_compact_fixed_ROM_AUTO_1R  |        2|  0|   0|    0|  1958|   16|     1|        31328|
    +-----------------------------+------------------------------------------------------------------+---------+---+----+-----+------+-----+------+-------------+
    |Total                        |                                                                  |        2|  0|   0|    0|  1958|   16|     1|        31328|
    +-----------------------------+------------------------------------------------------------------+---------+---+----+-----+------+-----+------+-------------+

    * FIFO: 
    N/A

    * Expression: 
    +----------------------+----------+----+---+----+------------+------------+
    |     Variable Name    | Operation| DSP| FF| LUT| Bitwidth P0| Bitwidth P1|
    +----------------------+----------+----+---+----+------------+------------+
    |add_ln134_fu_140_p2   |         +|   0|  0|  15|           8|           1|
    |add_ln136_fu_150_p2   |         +|   0|  0|  17|          10|          10|
    |add_ln137_fu_156_p2   |         +|   0|  0|  20|          13|           1|
    |mel_pwr_3_fu_199_p2   |         +|   0|  0|  63|          56|          56|
    |icmp_ln134_fu_134_p2  |      icmp|   0|  0|  20|          13|          13|
    |ap_enable_pp0         |       xor|   0|  0|   2|           1|           2|
    +----------------------+----------+----+---+----+------------+------------+
    |Total                 |          |   0|  0| 137|         101|          83|
    +----------------------+----------+----+---+----+------------+------------+

    * Multiplexer: 
    +----------------------------------+----+-----------+-----+-----------+
    |               Name               | LUT| Input Size| Bits| Total Bits|
    +----------------------------------+----+-----------+-----+-----------+
    |ap_done_int                       |   9|          2|    1|          2|
    |ap_loop_exit_ready_pp0_iter8_reg  |   9|          2|    1|          2|
    |ap_sig_allocacmp_ii_1             |   9|          2|    8|         16|
    |ap_sig_allocacmp_weight_idx_3     |   9|          2|   13|         26|
    |ii_fu_50                          |   9|          2|    8|         16|
    |mel_pwr_fu_46                     |   9|          2|   56|        112|
    |weight_idx_1_fu_54                |   9|          2|   13|         26|
    +----------------------------------+----+-----------+-----+-----------+
    |Total                             |  63|         14|  100|        200|
    +----------------------------------+----+-----------+-----+-----------+

    * Register: 
    +----------------------------------------+----+----+-----+-----------+
    |                  Name                  | FF | LUT| Bits| Const Bits|
    +----------------------------------------+----+----+-----+-----------+
    |add_ln136_reg_240                       |  10|   0|   10|          0|
    |ap_CS_fsm                               |   1|   0|    1|          0|
    |ap_done_reg                             |   1|   0|    1|          0|
    |ap_enable_reg_pp0_iter1                 |   1|   0|    1|          0|
    |ap_enable_reg_pp0_iter2                 |   1|   0|    1|          0|
    |ap_enable_reg_pp0_iter3                 |   1|   0|    1|          0|
    |ap_enable_reg_pp0_iter4                 |   1|   0|    1|          0|
    |ap_enable_reg_pp0_iter5                 |   1|   0|    1|          0|
    |ap_enable_reg_pp0_iter6                 |   1|   0|    1|          0|
    |ap_enable_reg_pp0_iter7                 |   1|   0|    1|          0|
    |ap_enable_reg_pp0_iter8                 |   1|   0|    1|          0|
    |ap_loop_exit_ready_pp0_iter1_reg        |   1|   0|    1|          0|
    |ap_loop_exit_ready_pp0_iter2_reg        |   1|   0|    1|          0|
    |ap_loop_exit_ready_pp0_iter3_reg        |   1|   0|    1|          0|
    |ap_loop_exit_ready_pp0_iter4_reg        |   1|   0|    1|          0|
    |ap_loop_exit_ready_pp0_iter5_reg        |   1|   0|    1|          0|
    |ap_loop_exit_ready_pp0_iter6_reg        |   1|   0|    1|          0|
    |ap_loop_exit_ready_pp0_iter7_reg        |   1|   0|    1|          0|
    |ap_loop_exit_ready_pp0_iter8_reg        |   1|   0|    1|          0|
    |icmp_ln134_reg_236                      |   1|   0|    1|          0|
    |ii_fu_50                                |   8|   0|    8|          0|
    |mel_pwr_fu_46                           |  56|   0|   56|          0|
    |mel_weights_compact_fixed_load_reg_260  |  16|   0|   16|          0|
    |mul_ln137_reg_275                       |  48|   0|   48|          0|
    |power_buf_load_reg_255                  |  32|   0|   32|          0|
    |weight_idx_1_fu_54                      |  13|   0|   13|          0|
    |weight_idx_3_reg_231                    |  13|   0|   13|          0|
    |icmp_ln134_reg_236                      |  64|  32|    1|          0|
    +----------------------------------------+----+----+-----+-----------+
    |Total                                   | 279|  32|  216|          0|
    +----------------------------------------+----+----+-----+-----------+



================================================================
== Interface
================================================================
* Summary: 
+--------------------+-----+-----+------------+----------------------------+--------------+
|      RTL Ports     | Dir | Bits|  Protocol  |        Source Object       |    C Type    |
+--------------------+-----+-----+------------+----------------------------+--------------+
|ap_clk              |   in|    1|  ap_ctrl_hs|  cfu_hls_Pipeline_MEL_ACCUM|  return value|
|ap_start            |   in|    1|  ap_ctrl_hs|  cfu_hls_Pipeline_MEL_ACCUM|  return value|
|ap_done             |  out|    1|  ap_ctrl_hs|  cfu_hls_Pipeline_MEL_ACCUM|  return value|
|ap_idle             |  out|    1|  ap_ctrl_hs|  cfu_hls_Pipeline_MEL_ACCUM|  return value|
|ap_ready            |  out|    1|  ap_ctrl_hs|  cfu_hls_Pipeline_MEL_ACCUM|  return value|
|weight_idx          |   in|   13|     ap_none|                  weight_idx|        scalar|
|weight_idx_2        |   in|   13|     ap_none|                weight_idx_2|        scalar|
|k_start             |   in|   10|     ap_none|                     k_start|        scalar|
|mel_pwr_out         |  out|   48|      ap_vld|                 mel_pwr_out|       pointer|
|mel_pwr_out_ap_vld  |  out|    1|      ap_vld|                 mel_pwr_out|       pointer|
|power_buf_address0  |  out|   11|   ap_memory|                   power_buf|         array|
|power_buf_ce0       |  out|    1|   ap_memory|                   power_buf|         array|
|power_buf_q0        |   in|   32|   ap_memory|                   power_buf|         array|
+--------------------+-----+-----+------------+----------------------------+--------------+

============================================================
+ Verbose Summary: Synthesis Manager
============================================================
InlineROM: 1
ExposeGlobal: 0
============================================================
+ Verbose Summary: CDFG Model
============================================================
IsTopModel: 0
ResetActiveHigh: 1
IsCombinational: 2
IsDatapathOnly: 2
HasWiredReturn: 1
HasMFsm: 2
HasVarLatency: 1
IsPipeline: 0
IsRtlPipelined: 0
IsInstanceOverlapped: 0
IsDontTouch: 0
HasImplIP: 0
IsGatedGlobalClock: 0

+ Individual pipeline summary: 
  * Pipeline-0: initiation interval (II) = 1, depth = 9


============================================================
+ Verbose Summary: Schedule
============================================================
* Number of FSM states : 9
* Pipeline : 1
  Pipeline-0 : II = 1, D = 9, States = { 1 2 3 4 5 6 7 8 9 }
* Dataflow Pipeline: 0

* FSM state transitions: 
1 --> 2 
2 --> 3 
3 --> 4 
4 --> 5 
5 --> 6 
6 --> 7 
7 --> 8 
8 --> 9 
9 --> 

* FSM state operations: 

State 1 <SV = 0> <Delay = 5.35>
ST_1 : Operation 12 [1/1] (0.00ns)   --->   "%mel_pwr = alloca i32 1" [cfu_hls.c:130]   --->   Operation 12 'alloca' 'mel_pwr' <Predicate = true> <Delay = 0.00>
ST_1 : Operation 13 [1/1] (0.00ns)   --->   "%ii = alloca i32 1" [cfu_hls.c:134]   --->   Operation 13 'alloca' 'ii' <Predicate = true> <Delay = 0.00>
ST_1 : Operation 14 [1/1] (0.00ns)   --->   "%weight_idx_1 = alloca i32 1" [cfu_hls.c:127]   --->   Operation 14 'alloca' 'weight_idx_1' <Predicate = true> <Delay = 0.00>
ST_1 : Operation 15 [1/1] (0.00ns)   --->   "%k_start_read = read i10 @_ssdm_op_Read.ap_auto.i10, i10 %k_start"   --->   Operation 15 'read' 'k_start_read' <Predicate = true> <Delay = 0.00>
ST_1 : Operation 16 [1/1] (0.00ns)   --->   "%weight_idx_2_read = read i13 @_ssdm_op_Read.ap_auto.i13, i13 %weight_idx_2"   --->   Operation 16 'read' 'weight_idx_2_read' <Predicate = true> <Delay = 0.00>
ST_1 : Operation 17 [1/1] (0.00ns)   --->   "%weight_idx_read = read i13 @_ssdm_op_Read.ap_auto.i13, i13 %weight_idx"   --->   Operation 17 'read' 'weight_idx_read' <Predicate = true> <Delay = 0.00>
ST_1 : Operation 18 [1/1] (1.61ns)   --->   "%store_ln127 = store i13 %weight_idx_read, i13 %weight_idx_1" [cfu_hls.c:127]   --->   Operation 18 'store' 'store_ln127' <Predicate = true> <Delay = 1.61>
ST_1 : Operation 19 [1/1] (1.61ns)   --->   "%store_ln134 = store i8 0, i8 %ii" [cfu_hls.c:134]   --->   Operation 19 'store' 'store_ln134' <Predicate = true> <Delay = 1.61>
ST_1 : Operation 20 [1/1] (1.61ns)   --->   "%store_ln130 = store i56 0, i56 %mel_pwr" [cfu_hls.c:130]   --->   Operation 20 'store' 'store_ln130' <Predicate = true> <Delay = 1.61>
ST_1 : Operation 21 [1/1] (0.00ns)   --->   "%br_ln0 = br void %for.inc188"   --->   Operation 21 'br' 'br_ln0' <Predicate = true> <Delay = 0.00>
ST_1 : Operation 22 [1/1] (0.00ns)   --->   "%ii_1 = load i8 %ii" [cfu_hls.c:134]   --->   Operation 22 'load' 'ii_1' <Predicate = true> <Delay = 0.00>
ST_1 : Operation 23 [1/1] (0.00ns)   --->   "%weight_idx_3 = load i13 %weight_idx_1" [cfu_hls.c:137]   --->   Operation 23 'load' 'weight_idx_3' <Predicate = true> <Delay = 0.00>
ST_1 : Operation 24 [1/1] (2.13ns)   --->   "%icmp_ln134 = icmp_eq  i13 %weight_idx_3, i13 %weight_idx_2_read" [cfu_hls.c:134]   --->   Operation 24 'icmp' 'icmp_ln134' <Predicate = true> <Delay = 2.13> <CoreInst = "Cmp">   --->   Core 9 'Cmp' <Latency = 0> <II = 1> <Delay = 2.13> <FuncUnit> <Opcode : 'seteq' 'setne' 'setle' 'setge' 'setlt' 'setgt'> <InPorts = 2> <OutPorts = 1>
ST_1 : Operation 25 [1/1] (2.11ns)   --->   "%add_ln134 = add i8 %ii_1, i8 1" [cfu_hls.c:134]   --->   Operation 25 'add' 'add_ln134' <Predicate = true> <Delay = 2.11> <CoreInst = "Adder">   --->   Core 1 'Adder' <Latency = 0> <II = 1> <Delay = 2.11> <FuncUnit> <Opcode : 'add' 'sub'> <InPorts = 2> <OutPorts = 1>
ST_1 : Operation 26 [1/1] (0.00ns)   --->   "%br_ln134 = br i1 %icmp_ln134, void %for.inc188.split, void %for.end190.loopexit.exitStub" [cfu_hls.c:134]   --->   Operation 26 'br' 'br_ln134' <Predicate = true> <Delay = 0.00>
ST_1 : Operation 27 [1/1] (0.00ns)   --->   "%zext_ln134_1 = zext i8 %ii_1" [cfu_hls.c:134]   --->   Operation 27 'zext' 'zext_ln134_1' <Predicate = (!icmp_ln134)> <Delay = 0.00>
ST_1 : Operation 28 [1/1] (2.12ns)   --->   "%add_ln136 = add i10 %zext_ln134_1, i10 %k_start_read" [cfu_hls.c:136]   --->   Operation 28 'add' 'add_ln136' <Predicate = (!icmp_ln134)> <Delay = 2.12> <CoreInst = "Adder">   --->   Core 1 'Adder' <Latency = 0> <II = 1> <Delay = 2.12> <FuncUnit> <Opcode : 'add' 'sub'> <InPorts = 2> <OutPorts = 1>
ST_1 : Operation 29 [1/1] (2.13ns)   --->   "%add_ln137 = add i13 %weight_idx_3, i13 1" [cfu_hls.c:137]   --->   Operation 29 'add' 'add_ln137' <Predicate = (!icmp_ln134)> <Delay = 2.13> <CoreInst = "Adder">   --->   Core 1 'Adder' <Latency = 0> <II = 1> <Delay = 2.13> <FuncUnit> <Opcode : 'add' 'sub'> <InPorts = 2> <OutPorts = 1>
ST_1 : Operation 30 [1/1] (1.61ns)   --->   "%store_ln127 = store i13 %add_ln137, i13 %weight_idx_1" [cfu_hls.c:127]   --->   Operation 30 'store' 'store_ln127' <Predicate = (!icmp_ln134)> <Delay = 1.61>
ST_1 : Operation 31 [1/1] (1.61ns)   --->   "%store_ln134 = store i8 %add_ln134, i8 %ii" [cfu_hls.c:134]   --->   Operation 31 'store' 'store_ln134' <Predicate = (!icmp_ln134)> <Delay = 1.61>

State 2 <SV = 1> <Delay = 3.25>
ST_2 : Operation 32 [1/1] (0.00ns)   --->   "%zext_ln134 = zext i13 %weight_idx_3" [cfu_hls.c:134]   --->   Operation 32 'zext' 'zext_ln134' <Predicate = (!icmp_ln134)> <Delay = 0.00>
ST_2 : Operation 33 [1/1] (0.00ns)   --->   "%zext_ln136 = zext i10 %add_ln136" [cfu_hls.c:136]   --->   Operation 33 'zext' 'zext_ln136' <Predicate = (!icmp_ln134)> <Delay = 0.00>
ST_2 : Operation 34 [1/1] (0.00ns)   --->   "%power_buf_addr = getelementptr i32 %power_buf, i64 0, i64 %zext_ln136" [cfu_hls.c:136]   --->   Operation 34 'getelementptr' 'power_buf_addr' <Predicate = (!icmp_ln134)> <Delay = 0.00>
ST_2 : Operation 35 [2/2] (3.25ns)   --->   "%power_buf_load = load i11 %power_buf_addr" [cfu_hls.c:136]   --->   Operation 35 'load' 'power_buf_load' <Predicate = (!icmp_ln134)> <Delay = 3.25> <CoreInst = "RAM">   --->   Core 81 'RAM' <Latency = 1> <II = 1> <Delay = 3.25> <Storage> <Opcode : 'load' 'store'> <Ports = 2> <Width = 32> <Depth = 1025> <RAM>
ST_2 : Operation 36 [1/1] (0.00ns)   --->   "%mel_weights_compact_fixed_addr = getelementptr i16 %mel_weights_compact_fixed, i64 0, i64 %zext_ln134" [cfu_hls.c:137]   --->   Operation 36 'getelementptr' 'mel_weights_compact_fixed_addr' <Predicate = (!icmp_ln134)> <Delay = 0.00>
ST_2 : Operation 37 [2/2] (3.25ns)   --->   "%mel_weights_compact_fixed_load = load i11 %mel_weights_compact_fixed_addr" [cfu_hls.c:137]   --->   Operation 37 'load' 'mel_weights_compact_fixed_load' <Predicate = (!icmp_ln134)> <Delay = 3.25> <CoreInst = "ROM">   --->   Core 94 'ROM' <Latency = 1> <II = 1> <Delay = 3.25> <Storage> <Opcode : 'load'> <Ports = 0> <Width = 16> <Depth = 1958> <ROM>

State 3 <SV = 2> <Delay = 3.25>
ST_3 : Operation 38 [1/2] ( I:3.25ns O:3.25ns )   --->   "%power_buf_load = load i11 %power_buf_addr" [cfu_hls.c:136]   --->   Operation 38 'load' 'power_buf_load' <Predicate = (!icmp_ln134)> <Delay = 3.25> <CoreInst = "RAM">   --->   Core 81 'RAM' <Latency = 1> <II = 1> <Delay = 3.25> <Storage> <Opcode : 'load' 'store'> <Ports = 2> <Width = 32> <Depth = 1025> <RAM>
ST_3 : Operation 39 [1/2] ( I:3.25ns O:3.25ns )   --->   "%mel_weights_compact_fixed_load = load i11 %mel_weights_compact_fixed_addr" [cfu_hls.c:137]   --->   Operation 39 'load' 'mel_weights_compact_fixed_load' <Predicate = (!icmp_ln134)> <Delay = 3.25> <CoreInst = "ROM">   --->   Core 94 'ROM' <Latency = 1> <II = 1> <Delay = 3.25> <Storage> <Opcode : 'load'> <Ports = 0> <Width = 16> <Depth = 1958> <ROM>

State 4 <SV = 3> <Delay = 3.89>
ST_4 : Operation 40 [1/1] (0.00ns)   --->   "%sext_ln137 = sext i32 %power_buf_load" [cfu_hls.c:137]   --->   Operation 40 'sext' 'sext_ln137' <Predicate = (!icmp_ln134)> <Delay = 0.00>
ST_4 : Operation 41 [1/1] (0.00ns)   --->   "%zext_ln137 = zext i16 %mel_weights_compact_fixed_load" [cfu_hls.c:137]   --->   Operation 41 'zext' 'zext_ln137' <Predicate = (!icmp_ln134)> <Delay = 0.00>
ST_4 : Operation 42 [5/5] (3.89ns)   --->   "%mul_ln137 = mul i48 %zext_ln137, i48 %sext_ln137" [cfu_hls.c:137]   --->   Operation 42 'mul' 'mul_ln137' <Predicate = (!icmp_ln134)> <Delay = 3.89> <CoreInst = "Multiplier">   --->   Core 3 'Multiplier' <Latency = 4> <II = 1> <Delay = 3.89> <FuncUnit> <Opcode : 'mul'> <InPorts = 2> <OutPorts = 1>

State 5 <SV = 4> <Delay = 3.89>
ST_5 : Operation 43 [4/5] (3.89ns)   --->   "%mul_ln137 = mul i48 %zext_ln137, i48 %sext_ln137" [cfu_hls.c:137]   --->   Operation 43 'mul' 'mul_ln137' <Predicate = (!icmp_ln134)> <Delay = 3.89> <CoreInst = "Multiplier">   --->   Core 3 'Multiplier' <Latency = 4> <II = 1> <Delay = 3.89> <FuncUnit> <Opcode : 'mul'> <InPorts = 2> <OutPorts = 1>

State 6 <SV = 5> <Delay = 3.89>
ST_6 : Operation 44 [3/5] (3.89ns)   --->   "%mul_ln137 = mul i48 %zext_ln137, i48 %sext_ln137" [cfu_hls.c:137]   --->   Operation 44 'mul' 'mul_ln137' <Predicate = (!icmp_ln134)> <Delay = 3.89> <CoreInst = "Multiplier">   --->   Core 3 'Multiplier' <Latency = 4> <II = 1> <Delay = 3.89> <FuncUnit> <Opcode : 'mul'> <InPorts = 2> <OutPorts = 1>

State 7 <SV = 6> <Delay = 3.89>
ST_7 : Operation 45 [2/5] (3.89ns)   --->   "%mul_ln137 = mul i48 %zext_ln137, i48 %sext_ln137" [cfu_hls.c:137]   --->   Operation 45 'mul' 'mul_ln137' <Predicate = (!icmp_ln134)> <Delay = 3.89> <CoreInst = "Multiplier">   --->   Core 3 'Multiplier' <Latency = 4> <II = 1> <Delay = 3.89> <FuncUnit> <Opcode : 'mul'> <InPorts = 2> <OutPorts = 1>

State 8 <SV = 7> <Delay = 3.89>
ST_8 : Operation 46 [1/5] (3.89ns)   --->   "%mul_ln137 = mul i48 %zext_ln137, i48 %sext_ln137" [cfu_hls.c:137]   --->   Operation 46 'mul' 'mul_ln137' <Predicate = (!icmp_ln134)> <Delay = 3.89> <CoreInst = "Multiplier">   --->   Core 3 'Multiplier' <Latency = 4> <II = 1> <Delay = 3.89> <FuncUnit> <Opcode : 'mul'> <InPorts = 2> <OutPorts = 1>

State 9 <SV = 8> <Delay = 4.96>
ST_9 : Operation 47 [1/1] (0.00ns)   --->   "%mel_pwr_2 = load i56 %mel_pwr" [cfu_hls.c:134]   --->   Operation 47 'load' 'mel_pwr_2' <Predicate = true> <Delay = 0.00>
ST_9 : Operation 48 [1/1] (0.00ns)   --->   "%trunc_ln134 = trunc i56 %mel_pwr_2" [cfu_hls.c:134]   --->   Operation 48 'trunc' 'trunc_ln134' <Predicate = true> <Delay = 0.00>
ST_9 : Operation 49 [1/1] (0.00ns)   --->   "%speclooptripcount_ln0 = speclooptripcount void @_ssdm_op_SpecLoopTripCount, i64 14, i64 157, i64 0"   --->   Operation 49 'speclooptripcount' 'speclooptripcount_ln0' <Predicate = true> <Delay = 0.00>
ST_9 : Operation 50 [1/1] (0.00ns)   --->   "%specpipeline_ln135 = specpipeline void @_ssdm_op_SpecPipeline, i32 1, i32 0, i32 0, i32 0, void @empty_2" [cfu_hls.c:135]   --->   Operation 50 'specpipeline' 'specpipeline_ln135' <Predicate = (!icmp_ln134)> <Delay = 0.00>
ST_9 : Operation 51 [1/1] (0.00ns)   --->   "%specloopname_ln134 = specloopname void @_ssdm_op_SpecLoopName, void @empty_5" [cfu_hls.c:134]   --->   Operation 51 'specloopname' 'specloopname_ln134' <Predicate = (!icmp_ln134)> <Delay = 0.00>
ST_9 : Operation 52 [1/1] (0.00ns)   --->   "%sext_ln136 = sext i48 %mul_ln137" [cfu_hls.c:136]   --->   Operation 52 'sext' 'sext_ln136' <Predicate = (!icmp_ln134)> <Delay = 0.00>
ST_9 : Operation 53 [1/1] (3.35ns)   --->   "%mel_pwr_3 = add i56 %sext_ln136, i56 %mel_pwr_2" [cfu_hls.c:136]   --->   Operation 53 'add' 'mel_pwr_3' <Predicate = (!icmp_ln134)> <Delay = 3.35> <CoreInst = "Adder">   --->   Core 1 'Adder' <Latency = 0> <II = 1> <Delay = 3.35> <FuncUnit> <Opcode : 'add' 'sub'> <InPorts = 2> <OutPorts = 1>
ST_9 : Operation 54 [1/1] (1.61ns)   --->   "%store_ln130 = store i56 %mel_pwr_3, i56 %mel_pwr" [cfu_hls.c:130]   --->   Operation 54 'store' 'store_ln130' <Predicate = (!icmp_ln134)> <Delay = 1.61>
ST_9 : Operation 55 [1/1] (0.00ns)   --->   "%br_ln134 = br void %for.inc188" [cfu_hls.c:134]   --->   Operation 55 'br' 'br_ln134' <Predicate = (!icmp_ln134)> <Delay = 0.00>
ST_9 : Operation 56 [1/1] (0.00ns)   --->   "%write_ln134 = write void @_ssdm_op_Write.ap_auto.i48P0A, i48 %mel_pwr_out, i48 %trunc_ln134" [cfu_hls.c:134]   --->   Operation 56 'write' 'write_ln134' <Predicate = (icmp_ln134)> <Delay = 0.00>
ST_9 : Operation 57 [1/1] (1.61ns)   --->   "%ret_ln0 = ret"   --->   Operation 57 'ret' 'ret_ln0' <Predicate = (icmp_ln134)> <Delay = 1.61>


============================================================
+ Verbose Summary: Binding
============================================================
STG Binding: 
---------------- STG Properties BEGIN ----------------
- Is combinational: 0
- Is one-state seq: 0
- Is datapath-only: 0
- Is pipelined: 0
- Is top level: 0
Port [ Return ] is wired: 1; IO mode=ap_ctrl_hs:ce=0
Port [ weight_idx]:  wired=1; compound=0; hidden=0; nouse=0; global=0; static=0; extern=0; dir=0; type=0; pingpong=0; private_global=0; IO mode=ap_none:ce=0
Port [ weight_idx_2]:  wired=1; compound=0; hidden=0; nouse=0; global=0; static=0; extern=0; dir=0; type=0; pingpong=0; private_global=0; IO mode=ap_none:ce=0
Port [ k_start]:  wired=1; compound=0; hidden=0; nouse=0; global=0; static=0; extern=0; dir=0; type=0; pingpong=0; private_global=0; IO mode=ap_none:ce=0
Port [ mel_pwr_out]:  wired=1; compound=0; hidden=0; nouse=0; global=0; static=0; extern=0; dir=1; type=0; pingpong=0; private_global=0; IO mode=ap_vld:ce=0
Port [ power_buf]:  wired=1; compound=1; hidden=0; nouse=0; global=1; static=1; extern=0; dir=0; type=1; pingpong=0; private_global=0; MemPort=[13]; IO mode=ap_memory:ce=0
Port [ mel_weights_compact_fixed]:  wired=0; compound=1; hidden=1; nouse=0; global=1; static=1; extern=0; dir=0; type=1; pingpong=0; private_global=1; MemPort=[1]; IO mode=ap_memory:ce=0
---------------- STG Properties END ------------------

---------------- Datapath Model BEGIN ----------------

<LifeTime>
<method=bitvector/>
mel_pwr                        (alloca           ) [ 0111111111]
ii                             (alloca           ) [ 0100000000]
weight_idx_1                   (alloca           ) [ 0100000000]
k_start_read                   (read             ) [ 0000000000]
weight_idx_2_read              (read             ) [ 0000000000]
weight_idx_read                (read             ) [ 0000000000]
store_ln127                    (store            ) [ 0000000000]
store_ln134                    (store            ) [ 0000000000]
store_ln130                    (store            ) [ 0000000000]
br_ln0                         (br               ) [ 0000000000]
ii_1                           (load             ) [ 0000000000]
weight_idx_3                   (load             ) [ 0110000000]
icmp_ln134                     (icmp             ) [ 0111111111]
add_ln134                      (add              ) [ 0000000000]
br_ln134                       (br               ) [ 0000000000]
zext_ln134_1                   (zext             ) [ 0000000000]
add_ln136                      (add              ) [ 0110000000]
add_ln137                      (add              ) [ 0000000000]
store_ln127                    (store            ) [ 0000000000]
store_ln134                    (store            ) [ 0000000000]
zext_ln134                     (zext             ) [ 0000000000]
zext_ln136                     (zext             ) [ 0000000000]
power_buf_addr                 (getelementptr    ) [ 0101000000]
mel_weights_compact_fixed_addr (getelementptr    ) [ 0101000000]
power_buf_load                 (load             ) [ 0100100000]
mel_weights_compact_fixed_load (load             ) [ 0100100000]
sext_ln137                     (sext             ) [ 0100011110]
zext_ln137                     (zext             ) [ 0100011110]
mul_ln137                      (mul              ) [ 0100000001]
mel_pwr_2                      (load             ) [ 0000000000]
trunc_ln134                    (trunc            ) [ 0000000000]
speclooptripcount_ln0          (speclooptripcount) [ 0000000000]
specpipeline_ln135             (specpipeline     ) [ 0000000000]
specloopname_ln134             (specloopname     ) [ 0000000000]
sext_ln136                     (sext             ) [ 0000000000]
mel_pwr_3                      (add              ) [ 0000000000]
store_ln130                    (store            ) [ 0000000000]
br_ln134                       (br               ) [ 0000000000]
write_ln134                    (write            ) [ 0000000000]
ret_ln0                        (ret              ) [ 0000000000]
</LifeTime>

<model>

<comp_list>
<comp id="0" class="1000" name="weight_idx">
<pin_list>
<pin id="1" dir="1" index="0" bw="1" slack="0"/>
</pin_list>
<bind>
<StgValue><ssdm name="weight_idx"/></StgValue>
</bind>
</comp>

<comp id="2" class="1000" name="weight_idx_2">
<pin_list>
<pin id="3" dir="1" index="0" bw="1" slack="0"/>
</pin_list>
<bind>
<StgValue><ssdm name="weight_idx_2"/></StgValue>
</bind>
</comp>

<comp id="4" class="1000" name="k_start">
<pin_list>
<pin id="5" dir="1" index="0" bw="1" slack="0"/>
</pin_list>
<bind>
<StgValue><ssdm name="k_start"/></StgValue>
</bind>
</comp>

<comp id="6" class="1000" name="mel_pwr_out">
<pin_list>
<pin id="7" dir="1" index="0" bw="1" slack="0"/>
</pin_list>
<bind>
<StgValue><ssdm name="mel_pwr_out"/></StgValue>
</bind>
</comp>

<comp id="8" class="1000" name="power_buf">
<pin_list>
<pin id="9" dir="1" index="0" bw="1" slack="0"/>
</pin_list>
<bind>
<StgValue><ssdm name="power_buf"/><MemPortTyVec>1 3 </MemPortTyVec>
</StgValue>
</bind>
</comp>

<comp id="10" class="1000" name="mel_weights_compact_fixed">
<pin_list>
<pin id="11" dir="1" index="0" bw="1" slack="0"/>
</pin_list>
<bind>
<StgValue><ssdm name="mel_weights_compact_fixed"/><MemPortTyVec>1 </MemPortTyVec>
</StgValue>
</bind>
</comp>

<comp id="12" class="1001" name="const_12">
<pin_list>
<pin id="13" dir="1" index="0" bw="1" slack="0"/>
</pin_list>
<bind>
<StgValue><ssdm name=""/></StgValue>
</bind>
</comp>

<comp id="14" class="1001" name="const_14">
<pin_list>
<pin id="15" dir="1" index="0" bw="1" slack="0"/>
</pin_list>
<bind>
<StgValue><ssdm name="_ssdm_op_Read.ap_auto.i10"/></StgValue>
</bind>
</comp>

<comp id="16" class="1001" name="const_16">
<pin_list>
<pin id="17" dir="1" index="0" bw="1" slack="0"/>
</pin_list>
<bind>
<StgValue><ssdm name="_ssdm_op_Read.ap_auto.i13"/></StgValue>
</bind>
</comp>

<comp id="18" class="1001" name="const_18">
<pin_list>
<pin id="19" dir="1" index="0" bw="1" slack="0"/>
</pin_list>
<bind>
<StgValue><ssdm name=""/></StgValue>
</bind>
</comp>

<comp id="20" class="1001" name="const_20">
<pin_list>
<pin id="21" dir="1" index="0" bw="1" slack="0"/>
</pin_list>
<bind>
<StgValue><ssdm name=""/></StgValue>
</bind>
</comp>

<comp id="22" class="1001" name="const_22">
<pin_list>
<pin id="23" dir="1" index="0" bw="1" slack="0"/>
</pin_list>
<bind>
<StgValue><ssdm name=""/></StgValue>
</bind>
</comp>

<comp id="24" class="1001" name="const_24">
<pin_list>
<pin id="25" dir="1" index="0" bw="1" slack="0"/>
</pin_list>
<bind>
<StgValue><ssdm name=""/></StgValue>
</bind>
</comp>

<comp id="26" class="1001" name="const_26">
<pin_list>
<pin id="27" dir="1" index="0" bw="1" slack="0"/>
</pin_list>
<bind>
<StgValue><ssdm name=""/></StgValue>
</bind>
</comp>

<comp id="28" class="1001" name="const_28">
<pin_list>
<pin id="29" dir="1" index="0" bw="1" slack="2147483647"/>
</pin_list>
<bind>
<StgValue><ssdm name="_ssdm_op_SpecLoopTripCount"/></StgValue>
</bind>
</comp>

<comp id="30" class="1001" name="const_30">
<pin_list>
<pin id="31" dir="1" index="0" bw="1" slack="2147483647"/>
</pin_list>
<bind>
<StgValue><ssdm name=""/></StgValue>
</bind>
</comp>

<comp id="32" class="1001" name="const_32">
<pin_list>
<pin id="33" dir="1" index="0" bw="1" slack="2147483647"/>
</pin_list>
<bind>
<StgValue><ssdm name=""/></StgValue>
</bind>
</comp>

<comp id="34" class="1001" name="const_34">
<pin_list>
<pin id="35" dir="1" index="0" bw="1" slack="2147483647"/>
</pin_list>
<bind>
<StgValue><ssdm name="_ssdm_op_SpecPipeline"/></StgValue>
</bind>
</comp>

<comp id="36" class="1001" name="const_36">
<pin_list>
<pin id="37" dir="1" index="0" bw="1" slack="2147483647"/>
</pin_list>
<bind>
<StgValue><ssdm name=""/></StgValue>
</bind>
</comp>

<comp id="38" class="1001" name="const_38">
<pin_list>
<pin id="39" dir="1" index="0" bw="1" slack="2147483647"/>
</pin_list>
<bind>
<StgValue><ssdm name="empty_2"/></StgValue>
</bind>
</comp>

<comp id="40" class="1001" name="const_40">
<pin_list>
<pin id="41" dir="1" index="0" bw="1" slack="2147483647"/>
</pin_list>
<bind>
<StgValue><ssdm name="_ssdm_op_SpecLoopName"/></StgValue>
</bind>
</comp>

<comp id="42" class="1001" name="const_42">
<pin_list>
<pin id="43" dir="1" index="0" bw="1" slack="2147483647"/>
</pin_list>
<bind>
<StgValue><ssdm name="empty_5"/></StgValue>
</bind>
</comp>

<comp id="44" class="1001" name="const_44">
<pin_list>
<pin id="45" dir="1" index="0" bw="1" slack="0"/>
</pin_list>
<bind>
<StgValue><ssdm name="_ssdm_op_Write.ap_auto.i48P0A"/></StgValue>
</bind>
</comp>

<comp id="46" class="1004" name="mel_pwr_fu_46">
<pin_list>
<pin id="47" dir="0" index="0" bw="1" slack="0"/>
<pin id="48" dir="1" index="1" bw="56" slack="0"/>
</pin_list>
<bind>
<opcode="alloca(26) " fcode="alloca"/>
<opset="mel_pwr/1 "/>
</bind>
</comp>

<comp id="50" class="1004" name="ii_fu_50">
<pin_list>
<pin id="51" dir="0" index="0" bw="1" slack="0"/>
<pin id="52" dir="1" index="1" bw="8" slack="0"/>
</pin_list>
<bind>
<opcode="alloca(26) " fcode="alloca"/>
<opset="ii/1 "/>
</bind>
</comp>

<comp id="54" class="1004" name="weight_idx_1_fu_54">
<pin_list>
<pin id="55" dir="0" index="0" bw="1" slack="0"/>
<pin id="56" dir="1" index="1" bw="13" slack="0"/>
</pin_list>
<bind>
<opcode="alloca(26) " fcode="alloca"/>
<opset="weight_idx_1/1 "/>
</bind>
</comp>

<comp id="58" class="1004" name="k_start_read_read_fu_58">
<pin_list>
<pin id="59" dir="0" index="0" bw="10" slack="0"/>
<pin id="60" dir="0" index="1" bw="10" slack="0"/>
<pin id="61" dir="1" index="2" bw="10" slack="0"/>
</pin_list>
<bind>
<opcode="read(1150) " fcode="read"/>
<opset="k_start_read/1 "/>
</bind>
</comp>

<comp id="64" class="1004" name="weight_idx_2_read_read_fu_64">
<pin_list>
<pin id="65" dir="0" index="0" bw="13" slack="0"/>
<pin id="66" dir="0" index="1" bw="13" slack="0"/>
<pin id="67" dir="1" index="2" bw="13" slack="0"/>
</pin_list>
<bind>
<opcode="read(1150) " fcode="read"/>
<opset="weight_idx_2_read/1 "/>
</bind>
</comp>

<comp id="70" class="1004" name="weight_idx_read_read_fu_70">
<pin_list>
<pin id="71" dir="0" index="0" bw="13" slack="0"/>
<pin id="72" dir="0" index="1" bw="13" slack="0"/>
<pin id="73" dir="1" index="2" bw="13" slack="0"/>
</pin_list>
<bind>
<opcode="read(1150) " fcode="read"/>
<opset="weight_idx_read/1 "/>
</bind>
</comp>

<comp id="76" class="1004" name="write_ln134_write_fu_76">
<pin_list>
<pin id="77" dir="0" index="0" bw="0" slack="0"/>
<pin id="78" dir="0" index="1" bw="48" slack="0"/>
<pin id="79" dir="0" index="2" bw="48" slack="0"/>
<pin id="80" dir="1" index="3" bw="0" slack="2147483647"/>
</pin_list>
<bind>
<opcode="write(1151) " fcode="write"/>
<opset="write_ln134/9 "/>
</bind>
</comp>

<comp id="83" class="1004" name="power_buf_addr_gep_fu_83">
<pin_list>
<pin id="84" dir="0" index="0" bw="32" slack="0"/>
<pin id="85" dir="0" index="1" bw="1" slack="0"/>
<pin id="86" dir="0" index="2" bw="10" slack="0"/>
<pin id="87" dir="1" index="3" bw="11" slack="0"/>
</pin_list>
<bind>
<opcode="getelementptr(29) " fcode="getelementptr"/>
<opset="power_buf_addr/2 "/>
</bind>
</comp>

<comp id="90" class="1004" name="grp_access_fu_90">
<pin_list>
<pin id="91" dir="0" index="0" bw="11" slack="0"/>
<pin id="92" dir="0" index="1" bw="32" slack="2147483647"/>
<pin id="93" dir="0" index="2" bw="0" slack="2147483647"/>
<pin id="94" dir="1" index="3" bw="32" slack="1"/>
</pin_list>
<bind>
<opcode="load(27) " fcode="load"/>
<opset="power_buf_load/2 "/>
</bind>
</comp>

<comp id="96" class="1004" name="mel_weights_compact_fixed_addr_gep_fu_96">
<pin_list>
<pin id="97" dir="0" index="0" bw="16" slack="0"/>
<pin id="98" dir="0" index="1" bw="1" slack="0"/>
<pin id="99" dir="0" index="2" bw="13" slack="0"/>
<pin id="100" dir="1" index="3" bw="11" slack="0"/>
</pin_list>
<bind>
<opcode="getelementptr(29) " fcode="getelementptr"/>
<opset="mel_weights_compact_fixed_addr/2 "/>
</bind>
</comp>

<comp id="103" class="1004" name="grp_access_fu_103">
<pin_list>
<pin id="104" dir="0" index="0" bw="11" slack="0"/>
<pin id="105" dir="0" index="1" bw="16" slack="2147483647"/>
<pin id="106" dir="0" index="2" bw="0" slack="2147483647"/>
<pin id="107" dir="1" index="3" bw="16" slack="1"/>
</pin_list>
<bind>
<opcode="load(27) " fcode="load"/>
<opset="mel_weights_compact_fixed_load/2 "/>
</bind>
</comp>

<comp id="109" class="1004" name="grp_fu_109">
<pin_list>
<pin id="110" dir="0" index="0" bw="16" slack="0"/>
<pin id="111" dir="0" index="1" bw="32" slack="0"/>
<pin id="112" dir="1" index="2" bw="48" slack="1"/>
</pin_list>
<bind>
<opcode="mul(12) " fcode="mul"/>
<opset="mul_ln137/4 "/>
</bind>
</comp>

<comp id="113" class="1004" name="store_ln127_store_fu_113">
<pin_list>
<pin id="114" dir="0" index="0" bw="13" slack="0"/>
<pin id="115" dir="0" index="1" bw="13" slack="0"/>
<pin id="116" dir="1" index="2" bw="0" slack="2147483647"/>
</pin_list>
<bind>
<opcode="store(28) " fcode="store"/>
<opset="store_ln127/1 "/>
</bind>
</comp>

<comp id="118" class="1004" name="store_ln134_store_fu_118">
<pin_list>
<pin id="119" dir="0" index="0" bw="1" slack="0"/>
<pin id="120" dir="0" index="1" bw="8" slack="0"/>
<pin id="121" dir="1" index="2" bw="0" slack="2147483647"/>
</pin_list>
<bind>
<opcode="store(28) " fcode="store"/>
<opset="store_ln134/1 "/>
</bind>
</comp>

<comp id="123" class="1004" name="store_ln130_store_fu_123">
<pin_list>
<pin id="124" dir="0" index="0" bw="1" slack="0"/>
<pin id="125" dir="0" index="1" bw="56" slack="0"/>
<pin id="126" dir="1" index="2" bw="0" slack="2147483647"/>
</pin_list>
<bind>
<opcode="store(28) " fcode="store"/>
<opset="store_ln130/1 "/>
</bind>
</comp>

<comp id="128" class="1004" name="ii_1_load_fu_128">
<pin_list>
<pin id="129" dir="0" index="0" bw="8" slack="0"/>
<pin id="130" dir="1" index="1" bw="8" slack="0"/>
</pin_list>
<bind>
<opcode="load(27) " fcode="load"/>
<opset="ii_1/1 "/>
</bind>
</comp>

<comp id="131" class="1004" name="weight_idx_3_load_fu_131">
<pin_list>
<pin id="132" dir="0" index="0" bw="13" slack="0"/>
<pin id="133" dir="1" index="1" bw="13" slack="0"/>
</pin_list>
<bind>
<opcode="load(27) " fcode="load"/>
<opset="weight_idx_3/1 "/>
</bind>
</comp>

<comp id="134" class="1004" name="icmp_ln134_fu_134">
<pin_list>
<pin id="135" dir="0" index="0" bw="13" slack="0"/>
<pin id="136" dir="0" index="1" bw="13" slack="0"/>
<pin id="137" dir="1" index="2" bw="1" slack="1"/>
</pin_list>
<bind>
<opcode="icmp(45) " fcode="icmp"/>
<opset="icmp_ln134/1 "/>
</bind>
</comp>

<comp id="140" class="1004" name="add_ln134_fu_140">
<pin_list>
<pin id="141" dir="0" index="0" bw="8" slack="0"/>
<pin id="142" dir="0" index="1" bw="1" slack="0"/>
<pin id="143" dir="1" index="2" bw="8" slack="0"/>
</pin_list>
<bind>
<opcode="add(8) " fcode="add"/>
<opset="add_ln134/1 "/>
</bind>
</comp>

<comp id="146" class="1004" name="zext_ln134_1_fu_146">
<pin_list>
<pin id="147" dir="0" index="0" bw="8" slack="0"/>
<pin id="148" dir="1" index="1" bw="10" slack="0"/>
</pin_list>
<bind>
<opcode="zext(34) " fcode="zext"/>
<opset="zext_ln134_1/1 "/>
</bind>
</comp>

<comp id="150" class="1004" name="add_ln136_fu_150">
<pin_list>
<pin id="151" dir="0" index="0" bw="8" slack="0"/>
<pin id="152" dir="0" index="1" bw="10" slack="0"/>
<pin id="153" dir="1" index="2" bw="10" slack="1"/>
</pin_list>
<bind>
<opcode="add(8) " fcode="add"/>
<opset="add_ln136/1 "/>
</bind>
</comp>

<comp id="156" class="1004" name="add_ln137_fu_156">
<pin_list>
<pin id="157" dir="0" index="0" bw="13" slack="0"/>
<pin id="158" dir="0" index="1" bw="1" slack="0"/>
<pin id="159" dir="1" index="2" bw="13" slack="0"/>
</pin_list>
<bind>
<opcode="add(8) " fcode="add"/>
<opset="add_ln137/1 "/>
</bind>
</comp>

<comp id="162" class="1004" name="store_ln127_store_fu_162">
<pin_list>
<pin id="163" dir="0" index="0" bw="13" slack="0"/>
<pin id="164" dir="0" index="1" bw="13" slack="0"/>
<pin id="165" dir="1" index="2" bw="0" slack="2147483647"/>
</pin_list>
<bind>
<opcode="store(28) " fcode="store"/>
<opset="store_ln127/1 "/>
</bind>
</comp>

<comp id="167" class="1004" name="store_ln134_store_fu_167">
<pin_list>
<pin id="168" dir="0" index="0" bw="8" slack="0"/>
<pin id="169" dir="0" index="1" bw="8" slack="0"/>
<pin id="170" dir="1" index="2" bw="0" slack="2147483647"/>
</pin_list>
<bind>
<opcode="store(28) " fcode="store"/>
<opset="store_ln134/1 "/>
</bind>
</comp>

<comp id="172" class="1004" name="zext_ln134_fu_172">
<pin_list>
<pin id="173" dir="0" index="0" bw="13" slack="1"/>
<pin id="174" dir="1" index="1" bw="64" slack="0"/>
</pin_list>
<bind>
<opcode="zext(34) " fcode="zext"/>
<opset="zext_ln134/2 "/>
</bind>
</comp>

<comp id="176" class="1004" name="zext_ln136_fu_176">
<pin_list>
<pin id="177" dir="0" index="0" bw="10" slack="1"/>
<pin id="178" dir="1" index="1" bw="64" slack="0"/>
</pin_list>
<bind>
<opcode="zext(34) " fcode="zext"/>
<opset="zext_ln136/2 "/>
</bind>
</comp>

<comp id="180" class="1004" name="sext_ln137_fu_180">
<pin_list>
<pin id="181" dir="0" index="0" bw="32" slack="1"/>
<pin id="182" dir="1" index="1" bw="48" slack="0"/>
</pin_list>
<bind>
<opcode="sext(35) " fcode="sext"/>
<opset="sext_ln137/4 "/>
</bind>
</comp>

<comp id="184" class="1004" name="zext_ln137_fu_184">
<pin_list>
<pin id="185" dir="0" index="0" bw="16" slack="1"/>
<pin id="186" dir="1" index="1" bw="48" slack="0"/>
</pin_list>
<bind>
<opcode="zext(34) " fcode="zext"/>
<opset="zext_ln137/4 "/>
</bind>
</comp>

<comp id="188" class="1004" name="mel_pwr_2_load_fu_188">
<pin_list>
<pin id="189" dir="0" index="0" bw="56" slack="8"/>
<pin id="190" dir="1" index="1" bw="56" slack="0"/>
</pin_list>
<bind>
<opcode="load(27) " fcode="load"/>
<opset="mel_pwr_2/9 "/>
</bind>
</comp>

<comp id="191" class="1004" name="trunc_ln134_fu_191">
<pin_list>
<pin id="192" dir="0" index="0" bw="56" slack="0"/>
<pin id="193" dir="1" index="1" bw="48" slack="0"/>
</pin_list>
<bind>
<opcode="trunc(33) " fcode="trunc"/>
<opset="trunc_ln134/9 "/>
</bind>
</comp>

<comp id="196" class="1004" name="sext_ln136_fu_196">
<pin_list>
<pin id="197" dir="0" index="0" bw="48" slack="1"/>
<pin id="198" dir="1" index="1" bw="56" slack="0"/>
</pin_list>
<bind>
<opcode="sext(35) " fcode="sext"/>
<opset="sext_ln136/9 "/>
</bind>
</comp>

<comp id="199" class="1004" name="mel_pwr_3_fu_199">
<pin_list>
<pin id="200" dir="0" index="0" bw="48" slack="0"/>
<pin id="201" dir="0" index="1" bw="56" slack="0"/>
<pin id="202" dir="1" index="2" bw="56" slack="0"/>
</pin_list>
<bind>
<opcode="add(8) " fcode="add"/>
<opset="mel_pwr_3/9 "/>
</bind>
</comp>

<comp id="205" class="1004" name="store_ln130_store_fu_205">
<pin_list>
<pin id="206" dir="0" index="0" bw="56" slack="0"/>
<pin id="207" dir="0" index="1" bw="56" slack="8"/>
<pin id="208" dir="1" index="2" bw="0" slack="2147483647"/>
</pin_list>
<bind>
<opcode="store(28) " fcode="store"/>
<opset="store_ln130/9 "/>
</bind>
</comp>

<comp id="210" class="1005" name="mel_pwr_reg_210">
<pin_list>
<pin id="211" dir="0" index="0" bw="56" slack="0"/>
<pin id="212" dir="1" index="1" bw="56" slack="0"/>
</pin_list>
<bind>
<opset="mel_pwr "/>
</bind>
</comp>

<comp id="217" class="1005" name="ii_reg_217">
<pin_list>
<pin id="218" dir="0" index="0" bw="8" slack="0"/>
<pin id="219" dir="1" index="1" bw="8" slack="0"/>
</pin_list>
<bind>
<opset="ii "/>
</bind>
</comp>

<comp id="224" class="1005" name="weight_idx_1_reg_224">
<pin_list>
<pin id="225" dir="0" index="0" bw="13" slack="0"/>
<pin id="226" dir="1" index="1" bw="13" slack="0"/>
</pin_list>
<bind>
<opset="weight_idx_1 "/>
</bind>
</comp>

<comp id="231" class="1005" name="weight_idx_3_reg_231">
<pin_list>
<pin id="232" dir="0" index="0" bw="13" slack="1"/>
<pin id="233" dir="1" index="1" bw="13" slack="1"/>
</pin_list>
<bind>
<opset="weight_idx_3 "/>
</bind>
</comp>

<comp id="236" class="1005" name="icmp_ln134_reg_236">
<pin_list>
<pin id="237" dir="0" index="0" bw="1" slack="1"/>
<pin id="238" dir="1" index="1" bw="1" slack="2147483647"/>
</pin_list>
<bind>
<opset="icmp_ln134 "/>
</bind>
</comp>

<comp id="240" class="1005" name="add_ln136_reg_240">
<pin_list>
<pin id="241" dir="0" index="0" bw="10" slack="1"/>
<pin id="242" dir="1" index="1" bw="10" slack="1"/>
</pin_list>
<bind>
<opset="add_ln136 "/>
</bind>
</comp>

<comp id="245" class="1005" name="power_buf_addr_reg_245">
<pin_list>
<pin id="246" dir="0" index="0" bw="11" slack="1"/>
<pin id="247" dir="1" index="1" bw="11" slack="1"/>
</pin_list>
<bind>
<opset="power_buf_addr "/>
</bind>
</comp>

<comp id="250" class="1005" name="mel_weights_compact_fixed_addr_reg_250">
<pin_list>
<pin id="251" dir="0" index="0" bw="11" slack="1"/>
<pin id="252" dir="1" index="1" bw="11" slack="1"/>
</pin_list>
<bind>
<opset="mel_weights_compact_fixed_addr "/>
</bind>
</comp>

<comp id="255" class="1005" name="power_buf_load_reg_255">
<pin_list>
<pin id="256" dir="0" index="0" bw="32" slack="1"/>
<pin id="257" dir="1" index="1" bw="32" slack="1"/>
</pin_list>
<bind>
<opset="power_buf_load "/>
</bind>
</comp>

<comp id="260" class="1005" name="mel_weights_compact_fixed_load_reg_260">
<pin_list>
<pin id="261" dir="0" index="0" bw="16" slack="1"/>
<pin id="262" dir="1" index="1" bw="16" slack="1"/>
</pin_list>
<bind>
<opset="mel_weights_compact_fixed_load "/>
</bind>
</comp>

<comp id="265" class="1005" name="sext_ln137_reg_265">
<pin_list>
<pin id="266" dir="0" index="0" bw="48" slack="1"/>
<pin id="267" dir="1" index="1" bw="48" slack="1"/>
</pin_list>
<bind>
<opset="sext_ln137 "/>
</bind>
</comp>

<comp id="270" class="1005" name="zext_ln137_reg_270">
<pin_list>
<pin id="271" dir="0" index="0" bw="48" slack="1"/>
<pin id="272" dir="1" index="1" bw="48" slack="1"/>
</pin_list>
<bind>
<opset="zext_ln137 "/>
</bind>
</comp>

<comp id="275" class="1005" name="mul_ln137_reg_275">
<pin_list>
<pin id="276" dir="0" index="0" bw="48" slack="1"/>
<pin id="277" dir="1" index="1" bw="48" slack="1"/>
</pin_list>
<bind>
<opset="mul_ln137 "/>
</bind>
</comp>

</comp_list>

<net_list>
<net id="49"><net_src comp="12" pin="0"/><net_sink comp="46" pin=0"/></net>

<net id="53"><net_src comp="12" pin="0"/><net_sink comp="50" pin=0"/></net>

<net id="57"><net_src comp="12" pin="0"/><net_sink comp="54" pin=0"/></net>

<net id="62"><net_src comp="14" pin="0"/><net_sink comp="58" pin=0"/></net>

<net id="63"><net_src comp="4" pin="0"/><net_sink comp="58" pin=1"/></net>

<net id="68"><net_src comp="16" pin="0"/><net_sink comp="64" pin=0"/></net>

<net id="69"><net_src comp="2" pin="0"/><net_sink comp="64" pin=1"/></net>

<net id="74"><net_src comp="16" pin="0"/><net_sink comp="70" pin=0"/></net>

<net id="75"><net_src comp="0" pin="0"/><net_sink comp="70" pin=1"/></net>

<net id="81"><net_src comp="44" pin="0"/><net_sink comp="76" pin=0"/></net>

<net id="82"><net_src comp="6" pin="0"/><net_sink comp="76" pin=1"/></net>

<net id="88"><net_src comp="8" pin="0"/><net_sink comp="83" pin=0"/></net>

<net id="89"><net_src comp="26" pin="0"/><net_sink comp="83" pin=1"/></net>

<net id="95"><net_src comp="83" pin="3"/><net_sink comp="90" pin=0"/></net>

<net id="101"><net_src comp="10" pin="0"/><net_sink comp="96" pin=0"/></net>

<net id="102"><net_src comp="26" pin="0"/><net_sink comp="96" pin=1"/></net>

<net id="108"><net_src comp="96" pin="3"/><net_sink comp="103" pin=0"/></net>

<net id="117"><net_src comp="70" pin="2"/><net_sink comp="113" pin=0"/></net>

<net id="122"><net_src comp="18" pin="0"/><net_sink comp="118" pin=0"/></net>

<net id="127"><net_src comp="20" pin="0"/><net_sink comp="123" pin=0"/></net>

<net id="138"><net_src comp="131" pin="1"/><net_sink comp="134" pin=0"/></net>

<net id="139"><net_src comp="64" pin="2"/><net_sink comp="134" pin=1"/></net>

<net id="144"><net_src comp="128" pin="1"/><net_sink comp="140" pin=0"/></net>

<net id="145"><net_src comp="22" pin="0"/><net_sink comp="140" pin=1"/></net>

<net id="149"><net_src comp="128" pin="1"/><net_sink comp="146" pin=0"/></net>

<net id="154"><net_src comp="146" pin="1"/><net_sink comp="150" pin=0"/></net>

<net id="155"><net_src comp="58" pin="2"/><net_sink comp="150" pin=1"/></net>

<net id="160"><net_src comp="131" pin="1"/><net_sink comp="156" pin=0"/></net>

<net id="161"><net_src comp="24" pin="0"/><net_sink comp="156" pin=1"/></net>

<net id="166"><net_src comp="156" pin="2"/><net_sink comp="162" pin=0"/></net>

<net id="171"><net_src comp="140" pin="2"/><net_sink comp="167" pin=0"/></net>

<net id="175"><net_src comp="172" pin="1"/><net_sink comp="96" pin=2"/></net>

<net id="179"><net_src comp="176" pin="1"/><net_sink comp="83" pin=2"/></net>

<net id="183"><net_src comp="180" pin="1"/><net_sink comp="109" pin=1"/></net>

<net id="187"><net_src comp="184" pin="1"/><net_sink comp="109" pin=0"/></net>

<net id="194"><net_src comp="188" pin="1"/><net_sink comp="191" pin=0"/></net>

<net id="195"><net_src comp="191" pin="1"/><net_sink comp="76" pin=2"/></net>

<net id="203"><net_src comp="196" pin="1"/><net_sink comp="199" pin=0"/></net>

<net id="204"><net_src comp="188" pin="1"/><net_sink comp="199" pin=1"/></net>

<net id="209"><net_src comp="199" pin="2"/><net_sink comp="205" pin=0"/></net>

<net id="213"><net_src comp="46" pin="1"/><net_sink comp="210" pin=0"/></net>

<net id="214"><net_src comp="210" pin="1"/><net_sink comp="123" pin=1"/></net>

<net id="215"><net_src comp="210" pin="1"/><net_sink comp="188" pin=0"/></net>

<net id="216"><net_src comp="210" pin="1"/><net_sink comp="205" pin=1"/></net>

<net id="220"><net_src comp="50" pin="1"/><net_sink comp="217" pin=0"/></net>

<net id="221"><net_src comp="217" pin="1"/><net_sink comp="118" pin=1"/></net>

<net id="222"><net_src comp="217" pin="1"/><net_sink comp="128" pin=0"/></net>

<net id="223"><net_src comp="217" pin="1"/><net_sink comp="167" pin=1"/></net>

<net id="227"><net_src comp="54" pin="1"/><net_sink comp="224" pin=0"/></net>

<net id="228"><net_src comp="224" pin="1"/><net_sink comp="113" pin=1"/></net>

<net id="229"><net_src comp="224" pin="1"/><net_sink comp="131" pin=0"/></net>

<net id="230"><net_src comp="224" pin="1"/><net_sink comp="162" pin=1"/></net>

<net id="234"><net_src comp="131" pin="1"/><net_sink comp="231" pin=0"/></net>

<net id="235"><net_src comp="231" pin="1"/><net_sink comp="172" pin=0"/></net>

<net id="239"><net_src comp="134" pin="2"/><net_sink comp="236" pin=0"/></net>

<net id="243"><net_src comp="150" pin="2"/><net_sink comp="240" pin=0"/></net>

<net id="244"><net_src comp="240" pin="1"/><net_sink comp="176" pin=0"/></net>

<net id="248"><net_src comp="83" pin="3"/><net_sink comp="245" pin=0"/></net>

<net id="249"><net_src comp="245" pin="1"/><net_sink comp="90" pin=0"/></net>

<net id="253"><net_src comp="96" pin="3"/><net_sink comp="250" pin=0"/></net>

<net id="254"><net_src comp="250" pin="1"/><net_sink comp="103" pin=0"/></net>

<net id="258"><net_src comp="90" pin="3"/><net_sink comp="255" pin=0"/></net>

<net id="259"><net_src comp="255" pin="1"/><net_sink comp="180" pin=0"/></net>

<net id="263"><net_src comp="103" pin="3"/><net_sink comp="260" pin=0"/></net>

<net id="264"><net_src comp="260" pin="1"/><net_sink comp="184" pin=0"/></net>

<net id="268"><net_src comp="180" pin="1"/><net_sink comp="265" pin=0"/></net>

<net id="269"><net_src comp="265" pin="1"/><net_sink comp="109" pin=1"/></net>

<net id="273"><net_src comp="184" pin="1"/><net_sink comp="270" pin=0"/></net>

<net id="274"><net_src comp="270" pin="1"/><net_sink comp="109" pin=0"/></net>

<net id="278"><net_src comp="109" pin="2"/><net_sink comp="275" pin=0"/></net>

<net id="279"><net_src comp="275" pin="1"/><net_sink comp="196" pin=0"/></net>

</net_list>

</model> 
---------------- Datapath Model END ------------------

* FSMD analyzer results:
  - Output states:
	Port: mel_pwr_out | {9 }
	Port: power_buf | {}
	Port: mel_weights_compact_fixed | {}
 - Input state : 
	Port: cfu_hls_Pipeline_MEL_ACCUM : weight_idx | {1 }
	Port: cfu_hls_Pipeline_MEL_ACCUM : weight_idx_2 | {1 }
	Port: cfu_hls_Pipeline_MEL_ACCUM : k_start | {1 }
	Port: cfu_hls_Pipeline_MEL_ACCUM : power_buf | {2 3 }
	Port: cfu_hls_Pipeline_MEL_ACCUM : mel_weights_compact_fixed | {2 3 }
  - Chain level:
	State 1
		store_ln134 : 1
		store_ln130 : 1
		ii_1 : 1
		weight_idx_3 : 1
		icmp_ln134 : 2
		add_ln134 : 2
		br_ln134 : 3
		zext_ln134_1 : 2
		add_ln136 : 3
		add_ln137 : 2
		store_ln127 : 3
		store_ln134 : 3
	State 2
		power_buf_addr : 1
		power_buf_load : 2
		mel_weights_compact_fixed_addr : 1
		mel_weights_compact_fixed_load : 2
	State 3
	State 4
		mul_ln137 : 1
	State 5
	State 6
	State 7
	State 8
	State 9
		trunc_ln134 : 1
		mel_pwr_3 : 1
		store_ln130 : 2
		write_ln134 : 2


============================================================
+ Verbose Summary: Datapath Resource usage 
============================================================

* Functional unit list:
|----------|------------------------------|---------|---------|---------|
| Operation|        Functional Unit       |   DSP   |    FF   |   LUT   |
|----------|------------------------------|---------|---------|---------|
|    mul   |          grp_fu_109          |    2    |   215   |    1    |
|----------|------------------------------|---------|---------|---------|
|          |       add_ln134_fu_140       |    0    |    0    |    15   |
|    add   |       add_ln136_fu_150       |    0    |    0    |    17   |
|          |       add_ln137_fu_156       |    0    |    0    |    20   |
|          |       mel_pwr_3_fu_199       |    0    |    0    |    63   |
|----------|------------------------------|---------|---------|---------|
|   icmp   |       icmp_ln134_fu_134      |    0    |    0    |    20   |
|----------|------------------------------|---------|---------|---------|
|          |    k_start_read_read_fu_58   |    0    |    0    |    0    |
|   read   | weight_idx_2_read_read_fu_64 |    0    |    0    |    0    |
|          |  weight_idx_read_read_fu_70  |    0    |    0    |    0    |
|----------|------------------------------|---------|---------|---------|
|   write  |    write_ln134_write_fu_76   |    0    |    0    |    0    |
|----------|------------------------------|---------|---------|---------|
|          |      zext_ln134_1_fu_146     |    0    |    0    |    0    |
|   zext   |       zext_ln134_fu_172      |    0    |    0    |    0    |
|          |       zext_ln136_fu_176      |    0    |    0    |    0    |
|          |       zext_ln137_fu_184      |    0    |    0    |    0    |
|----------|------------------------------|---------|---------|---------|
|   sext   |       sext_ln137_fu_180      |    0    |    0    |    0    |
|          |       sext_ln136_fu_196      |    0    |    0    |    0    |
|----------|------------------------------|---------|---------|---------|
|   trunc  |      trunc_ln134_fu_191      |    0    |    0    |    0    |
|----------|------------------------------|---------|---------|---------|
|   Total  |                              |    2    |   215   |   136   |
|----------|------------------------------|---------|---------|---------|

Memories:
N/A

* Register list:
+--------------------------------------+--------+
|                                      |   FF   |
+--------------------------------------+--------+
|           add_ln136_reg_240          |   10   |
|          icmp_ln134_reg_236          |    1   |
|              ii_reg_217              |    8   |
|            mel_pwr_reg_210           |   56   |
|mel_weights_compact_fixed_addr_reg_250|   11   |
|mel_weights_compact_fixed_load_reg_260|   16   |
|           mul_ln137_reg_275          |   48   |
|        power_buf_addr_reg_245        |   11   |
|        power_buf_load_reg_255        |   32   |
|          sext_ln137_reg_265          |   48   |
|         weight_idx_1_reg_224         |   13   |
|         weight_idx_3_reg_231         |   13   |
|          zext_ln137_reg_270          |   48   |
+--------------------------------------+--------+
|                 Total                |   315  |
+--------------------------------------+--------+

* Multiplexer (MUX) list: 
|-------------------|------|------|------|--------||---------||---------||---------|
|        Comp       |  Pin | Size |  BW  | S x BW ||  Delay  ||    FF   ||   LUT   |
|-------------------|------|------|------|--------||---------||---------||---------|
|  grp_access_fu_90 |  p0  |   2  |  11  |   22   ||    0    ||    9    |
| grp_access_fu_103 |  p0  |   2  |  11  |   22   ||    0    ||    9    |
|     grp_fu_109    |  p0  |   2  |  16  |   32   ||    0    ||    9    |
|     grp_fu_109    |  p1  |   2  |  32  |   64   ||    0    ||    9    |
|-------------------|------|------|------|--------||---------||---------||---------|
|       Total       |      |      |      |   140  ||   6.44  ||    0    ||    36   |
|-------------------|------|------|------|--------||---------||---------||---------|



* Summary:
+-----------+--------+--------+--------+--------+
|           |   DSP  |  Delay |   FF   |   LUT  |
+-----------+--------+--------+--------+--------+
|  Function |    2   |    -   |   215  |   136  |
|   Memory  |    -   |    -   |    -   |    -   |
|Multiplexer|    -   |    6   |    0   |   36   |
|  Register |    -   |    -   |   315  |    -   |
+-----------+--------+--------+--------+--------+
|   Total   |    2   |    6   |   530  |   172  |
+-----------+--------+--------+--------+--------+
