

================================================================
== Vitis HLS Report for 'cfu_hls_Pipeline_HANN_LOOP'
================================================================
* Date:           Sun Mar 15 11:48:30 2026

* Version:        2024.2 (Build 5238294 on Nov  8 2024)
* Project:        vitis
* Solution:       hls (Vivado IP Flow Target)
* Product family: artix7
* Target device:  xc7a35t-csg324-1


================================================================
== Performance Estimates
================================================================
+ Timing: 
    * Summary: 
    +--------+---------+----------+------------+
    |  Clock |  Target | Estimated| Uncertainty|
    +--------+---------+----------+------------+
    |ap_clk  |  5.56 ns|  5.351 ns|     1.50 ns|
    +--------+---------+----------+------------+

+ Latency: 
    * Summary: 
    +---------+---------+-----------+-----------+------+------+------------------------------------------------+
    |  Latency (cycles) |   Latency (absolute)  |   Interval  |                    Pipeline                    |
    |   min   |   max   |    min    |    max    |  min |  max |                      Type                      |
    +---------+---------+-----------+-----------+------+------+------------------------------------------------+
    |     2056|     2056|  11.423 us|  11.423 us|  2049|  2049|  loop auto-rewind stp (delay=0 clock cycles(s))|
    +---------+---------+-----------+-----------+------+------+------------------------------------------------+

    + Detail: 
        * Instance: 
        N/A

        * Loop: 
        +-------------+---------+---------+----------+-----------+-----------+------+----------+
        |             |  Latency (cycles) | Iteration|  Initiation Interval  | Trip |          |
        |  Loop Name  |   min   |   max   |  Latency |  achieved |   target  | Count| Pipelined|
        +-------------+---------+---------+----------+-----------+-----------+------+----------+
        |- HANN_LOOP  |     2054|     2054|         8|          1|          1|  2048|       yes|
        +-------------+---------+---------+----------+-----------+-----------+------+----------+

============================================================
+ Verbose Summary: Synthesis Manager
============================================================
InlineROM: 1
ExposeGlobal: 0
============================================================
+ Verbose Summary: CDFG Model
============================================================
IsTopModel: 0
ResetActiveHigh: 1
IsCombinational: 0
IsDatapathOnly: 0
HasWiredReturn: 1
HasMFsm: 2
HasVarLatency: 1
IsPipeline: 0
IsRtlPipelined: 0
IsInstanceOverlapped: 0
IsDontTouch: 0
HasImplIP: 0
IsGatedGlobalClock: 0

+ Individual pipeline summary: 
  * Pipeline-0: initiation interval (II) = 1, depth = 8


============================================================
+ Verbose Summary: Schedule
============================================================
* Number of FSM states : 8
* Pipeline : 1
  Pipeline-0 : II = 1, D = 8, States = { 1 2 3 4 5 6 7 8 }
* Dataflow Pipeline: 0

* FSM state transitions: 
1 --> 2 
2 --> 3 
3 --> 4 
4 --> 5 
5 --> 6 
6 --> 7 
7 --> 8 
8 --> 

* FSM state operations: 

State 1 <SV = 0> <Delay = 5.35>
ST_1 : Operation 11 [1/1] (0.00ns)   --->   "%i = alloca i32 1" [cfu_hls.c:51]   --->   Operation 11 'alloca' 'i' <Predicate = true> <Delay = 0.00>
ST_1 : Operation 12 [1/1] (0.00ns)   --->   "%specmemcore_ln0 = specmemcore void @_ssdm_op_SpecMemCore, i32 %imag_buf, i64 666, i64 22, i64 18446744073709551615"   --->   Operation 12 'specmemcore' 'specmemcore_ln0' <Predicate = true> <Delay = 0.00>
ST_1 : Operation 13 [1/1] (0.00ns)   --->   "%specmemcore_ln0 = specmemcore void @_ssdm_op_SpecMemCore, i32 %real_buf, i64 666, i64 22, i64 18446744073709551615"   --->   Operation 13 'specmemcore' 'specmemcore_ln0' <Predicate = true> <Delay = 0.00>
ST_1 : Operation 14 [1/1] (1.61ns)   --->   "%store_ln51 = store i12 0, i12 %i" [cfu_hls.c:51]   --->   Operation 14 'store' 'store_ln51' <Predicate = true> <Delay = 1.61>
ST_1 : Operation 15 [1/1] (0.00ns)   --->   "%br_ln0 = br void %for.inc"   --->   Operation 15 'br' 'br_ln0' <Predicate = true> <Delay = 0.00>
ST_1 : Operation 16 [1/1] (0.00ns)   --->   "%i_1 = load i12 %i" [cfu_hls.c:55]   --->   Operation 16 'load' 'i_1' <Predicate = true> <Delay = 0.00>
ST_1 : Operation 17 [1/1] (2.13ns)   --->   "%icmp_ln55 = icmp_eq  i12 %i_1, i12 2048" [cfu_hls.c:55]   --->   Operation 17 'icmp' 'icmp_ln55' <Predicate = true> <Delay = 2.13> <CoreInst = "Cmp">   --->   Core 9 'Cmp' <Latency = 0> <II = 1> <Delay = 2.13> <FuncUnit> <Opcode : 'seteq' 'setne' 'setle' 'setge' 'setlt' 'setgt'> <InPorts = 2> <OutPorts = 1>
ST_1 : Operation 18 [1/1] (2.13ns)   --->   "%add_ln55 = add i12 %i_1, i12 1" [cfu_hls.c:55]   --->   Operation 18 'add' 'add_ln55' <Predicate = true> <Delay = 2.13> <CoreInst = "Adder">   --->   Core 1 'Adder' <Latency = 0> <II = 1> <Delay = 2.13> <FuncUnit> <Opcode : 'add' 'sub'> <InPorts = 2> <OutPorts = 1>
ST_1 : Operation 19 [1/1] (0.00ns)   --->   "%br_ln55 = br i1 %icmp_ln55, void %for.inc.split, void %for.body15.preheader.exitStub" [cfu_hls.c:55]   --->   Operation 19 'br' 'br_ln55' <Predicate = true> <Delay = 0.00>
ST_1 : Operation 20 [1/1] (0.00ns)   --->   "%zext_ln55 = zext i12 %i_1" [cfu_hls.c:55]   --->   Operation 20 'zext' 'zext_ln55' <Predicate = (!icmp_ln55)> <Delay = 0.00>
ST_1 : Operation 21 [1/1] (0.00ns)   --->   "%frame_buf_addr = getelementptr i32 %frame_buf, i64 0, i64 %zext_ln55" [cfu_hls.c:57]   --->   Operation 21 'getelementptr' 'frame_buf_addr' <Predicate = (!icmp_ln55)> <Delay = 0.00>
ST_1 : Operation 22 [2/2] (3.25ns)   --->   "%frame_buf_load = load i11 %frame_buf_addr" [cfu_hls.c:57]   --->   Operation 22 'load' 'frame_buf_load' <Predicate = (!icmp_ln55)> <Delay = 3.25> <CoreInst = "RAM">   --->   Core 81 'RAM' <Latency = 1> <II = 1> <Delay = 3.25> <Storage> <Opcode : 'load' 'store'> <Ports = 2> <Width = 32> <Depth = 2048> <RAM>
ST_1 : Operation 23 [1/1] (0.00ns)   --->   "%hann_window_fixed_addr = getelementptr i17 %hann_window_fixed, i64 0, i64 %zext_ln55" [cfu_hls.c:57]   --->   Operation 23 'getelementptr' 'hann_window_fixed_addr' <Predicate = (!icmp_ln55)> <Delay = 0.00>
ST_1 : Operation 24 [2/2] (3.25ns)   --->   "%hann_window_fixed_load = load i11 %hann_window_fixed_addr" [cfu_hls.c:57]   --->   Operation 24 'load' 'hann_window_fixed_load' <Predicate = (!icmp_ln55)> <Delay = 3.25> <CoreInst = "ROM">   --->   Core 94 'ROM' <Latency = 1> <II = 1> <Delay = 3.25> <Storage> <Opcode : 'load'> <Ports = 0> <Width = 17> <Depth = 2048> <ROM>
ST_1 : Operation 25 [1/1] (1.61ns)   --->   "%store_ln51 = store i12 %add_ln55, i12 %i" [cfu_hls.c:51]   --->   Operation 25 'store' 'store_ln51' <Predicate = (!icmp_ln55)> <Delay = 1.61>

State 2 <SV = 1> <Delay = 3.25>
ST_2 : Operation 26 [1/2] ( I:3.25ns O:3.25ns )   --->   "%frame_buf_load = load i11 %frame_buf_addr" [cfu_hls.c:57]   --->   Operation 26 'load' 'frame_buf_load' <Predicate = true> <Delay = 3.25> <CoreInst = "RAM">   --->   Core 81 'RAM' <Latency = 1> <II = 1> <Delay = 3.25> <Storage> <Opcode : 'load' 'store'> <Ports = 2> <Width = 32> <Depth = 2048> <RAM>
ST_2 : Operation 27 [1/2] ( I:3.25ns O:3.25ns )   --->   "%hann_window_fixed_load = load i11 %hann_window_fixed_addr" [cfu_hls.c:57]   --->   Operation 27 'load' 'hann_window_fixed_load' <Predicate = true> <Delay = 3.25> <CoreInst = "ROM">   --->   Core 94 'ROM' <Latency = 1> <II = 1> <Delay = 3.25> <Storage> <Opcode : 'load'> <Ports = 0> <Width = 17> <Depth = 2048> <ROM>
ST_2 : Operation 28 [1/1] (0.00ns)   --->   "%imag_buf_addr = getelementptr i32 %imag_buf, i64 0, i64 %zext_ln55" [cfu_hls.c:58]   --->   Operation 28 'getelementptr' 'imag_buf_addr' <Predicate = true> <Delay = 0.00>
ST_2 : Operation 29 [1/1] ( I:3.25ns O:3.25ns )   --->   "%store_ln58 = store i32 0, i11 %imag_buf_addr" [cfu_hls.c:58]   --->   Operation 29 'store' 'store_ln58' <Predicate = true> <Delay = 3.25> <CoreInst = "RAM_2P_BRAM">   --->   Core 90 'RAM_2P_BRAM' <Latency = 1> <II = 1> <Delay = 3.25> <Storage> <Opcode : 'load' 'store'> <Ports = 2> <Width = 32> <Depth = 2048> <RAM>

State 3 <SV = 2> <Delay = 3.89>
ST_3 : Operation 30 [1/1] (0.00ns)   --->   "%sext_ln57 = sext i32 %frame_buf_load" [cfu_hls.c:57]   --->   Operation 30 'sext' 'sext_ln57' <Predicate = true> <Delay = 0.00>
ST_3 : Operation 31 [1/1] (0.00ns)   --->   "%zext_ln57 = zext i17 %hann_window_fixed_load" [cfu_hls.c:57]   --->   Operation 31 'zext' 'zext_ln57' <Predicate = true> <Delay = 0.00>
ST_3 : Operation 32 [5/5] (3.89ns)   --->   "%mul_ln57 = mul i48 %zext_ln57, i48 %sext_ln57" [cfu_hls.c:57]   --->   Operation 32 'mul' 'mul_ln57' <Predicate = true> <Delay = 3.89> <CoreInst = "Multiplier">   --->   Core 3 'Multiplier' <Latency = 4> <II = 1> <Delay = 3.89> <FuncUnit> <Opcode : 'mul'> <InPorts = 2> <OutPorts = 1>

State 4 <SV = 3> <Delay = 3.89>
ST_4 : Operation 33 [4/5] (3.89ns)   --->   "%mul_ln57 = mul i48 %zext_ln57, i48 %sext_ln57" [cfu_hls.c:57]   --->   Operation 33 'mul' 'mul_ln57' <Predicate = true> <Delay = 3.89> <CoreInst = "Multiplier">   --->   Core 3 'Multiplier' <Latency = 4> <II = 1> <Delay = 3.89> <FuncUnit> <Opcode : 'mul'> <InPorts = 2> <OutPorts = 1>

State 5 <SV = 4> <Delay = 3.89>
ST_5 : Operation 34 [3/5] (3.89ns)   --->   "%mul_ln57 = mul i48 %zext_ln57, i48 %sext_ln57" [cfu_hls.c:57]   --->   Operation 34 'mul' 'mul_ln57' <Predicate = true> <Delay = 3.89> <CoreInst = "Multiplier">   --->   Core 3 'Multiplier' <Latency = 4> <II = 1> <Delay = 3.89> <FuncUnit> <Opcode : 'mul'> <InPorts = 2> <OutPorts = 1>

State 6 <SV = 5> <Delay = 3.89>
ST_6 : Operation 35 [2/5] (3.89ns)   --->   "%mul_ln57 = mul i48 %zext_ln57, i48 %sext_ln57" [cfu_hls.c:57]   --->   Operation 35 'mul' 'mul_ln57' <Predicate = true> <Delay = 3.89> <CoreInst = "Multiplier">   --->   Core 3 'Multiplier' <Latency = 4> <II = 1> <Delay = 3.89> <FuncUnit> <Opcode : 'mul'> <InPorts = 2> <OutPorts = 1>

State 7 <SV = 6> <Delay = 3.89>
ST_7 : Operation 36 [1/5] (3.89ns)   --->   "%mul_ln57 = mul i48 %zext_ln57, i48 %sext_ln57" [cfu_hls.c:57]   --->   Operation 36 'mul' 'mul_ln57' <Predicate = true> <Delay = 3.89> <CoreInst = "Multiplier">   --->   Core 3 'Multiplier' <Latency = 4> <II = 1> <Delay = 3.89> <FuncUnit> <Opcode : 'mul'> <InPorts = 2> <OutPorts = 1>
ST_7 : Operation 37 [1/1] (0.00ns)   --->   "%trunc_ln1 = partselect i32 @_ssdm_op_PartSelect.i32.i48.i32.i32, i48 %mul_ln57, i32 16, i32 47" [cfu_hls.c:57]   --->   Operation 37 'partselect' 'trunc_ln1' <Predicate = true> <Delay = 0.00>
ST_7 : Operation 44 [1/1] (1.61ns)   --->   "%ret_ln0 = ret"   --->   Operation 44 'ret' 'ret_ln0' <Predicate = (icmp_ln55)> <Delay = 1.61>

State 8 <SV = 7> <Delay = 3.25>
ST_8 : Operation 38 [1/1] (0.00ns)   --->   "%specpipeline_ln56 = specpipeline void @_ssdm_op_SpecPipeline, i32 1, i32 0, i32 0, i32 0, void @empty_2" [cfu_hls.c:56]   --->   Operation 38 'specpipeline' 'specpipeline_ln56' <Predicate = true> <Delay = 0.00>
ST_8 : Operation 39 [1/1] (0.00ns)   --->   "%speclooptripcount_ln51 = speclooptripcount void @_ssdm_op_SpecLoopTripCount, i64 2048, i64 2048, i64 2048" [cfu_hls.c:51]   --->   Operation 39 'speclooptripcount' 'speclooptripcount_ln51' <Predicate = true> <Delay = 0.00>
ST_8 : Operation 40 [1/1] (0.00ns)   --->   "%specloopname_ln55 = specloopname void @_ssdm_op_SpecLoopName, void @empty_0" [cfu_hls.c:55]   --->   Operation 40 'specloopname' 'specloopname_ln55' <Predicate = true> <Delay = 0.00>
ST_8 : Operation 41 [1/1] (0.00ns)   --->   "%real_buf_addr = getelementptr i32 %real_buf, i64 0, i64 %zext_ln55" [cfu_hls.c:57]   --->   Operation 41 'getelementptr' 'real_buf_addr' <Predicate = true> <Delay = 0.00>
ST_8 : Operation 42 [1/1] ( I:3.25ns O:3.25ns )   --->   "%store_ln57 = store i32 %trunc_ln1, i11 %real_buf_addr" [cfu_hls.c:57]   --->   Operation 42 'store' 'store_ln57' <Predicate = true> <Delay = 3.25> <CoreInst = "RAM_2P_BRAM">   --->   Core 90 'RAM_2P_BRAM' <Latency = 1> <II = 1> <Delay = 3.25> <Storage> <Opcode : 'load' 'store'> <Ports = 2> <Width = 32> <Depth = 2048> <RAM>
ST_8 : Operation 43 [1/1] (0.00ns)   --->   "%br_ln55 = br void %for.inc" [cfu_hls.c:55]   --->   Operation 43 'br' 'br_ln55' <Predicate = true> <Delay = 0.00>


============================================================
+ Verbose Summary: Timing violations
============================================================
Target clock period: 5.556ns, clock uncertainty: 1.500ns.

 <State 1>: 5.351ns
The critical path consists of the following:
	'store' operation 0 bit ('store_ln51', cfu_hls.c:51) of constant 0 on local variable 'i', cfu_hls.c:51 [8]  (1.610 ns)
	'load' operation 12 bit ('i', cfu_hls.c:55) on local variable 'i', cfu_hls.c:51 [11]  (0.000 ns)
	'icmp' operation 1 bit ('icmp_ln55', cfu_hls.c:55) [12]  (2.131 ns)
	'store' operation 0 bit ('store_ln51', cfu_hls.c:51) of variable 'add_ln55', cfu_hls.c:55 on local variable 'i', cfu_hls.c:51 [32]  (1.610 ns)

 <State 2>: 3.257ns
The critical path consists of the following:
	'load' operation 32 bit ('frame_buf_load', cfu_hls.c:57) on array 'frame_buf' [21]  (3.257 ns)

 <State 3>: 3.895ns
The critical path consists of the following:
	'mul' operation 48 bit ('mul_ln57', cfu_hls.c:57) [26]  (3.895 ns)

 <State 4>: 3.895ns
The critical path consists of the following:
	'mul' operation 48 bit ('mul_ln57', cfu_hls.c:57) [26]  (3.895 ns)

 <State 5>: 3.895ns
The critical path consists of the following:
	'mul' operation 48 bit ('mul_ln57', cfu_hls.c:57) [26]  (3.895 ns)

 <State 6>: 3.895ns
The critical path consists of the following:
	'mul' operation 48 bit ('mul_ln57', cfu_hls.c:57) [26]  (3.895 ns)

 <State 7>: 3.895ns
The critical path consists of the following:
	'mul' operation 48 bit ('mul_ln57', cfu_hls.c:57) [26]  (3.895 ns)

 <State 8>: 3.257ns
The critical path consists of the following:
	'getelementptr' operation 11 bit ('real_buf_addr', cfu_hls.c:57) [28]  (0.000 ns)
	'store' operation 0 bit ('store_ln57', cfu_hls.c:57) of variable 'trunc_ln1', cfu_hls.c:57 on array 'real_buf' [29]  (3.257 ns)


============================================================
+ Verbose Summary: Binding
============================================================
N/A
* FSMD analyzer results:
  - Output states:
 - Input state : 
  - Chain level:
	State 1
	State 2
	State 3
	State 4
	State 5
	State 6
	State 7
	State 8


============================================================
+ Verbose Summary: Datapath Resource usage 
============================================================
N/A
