

================================================================
== Vitis HLS Report for 'cfu_hls_Pipeline_FFT_STAGE_FFT_BUTTERFLY'
================================================================
* Date:           Sun Mar 15 11:48:30 2026

* Version:        2024.2 (Build 5238294 on Nov  8 2024)
* Project:        vitis
* Solution:       hls (Vivado IP Flow Target)
* Product family: artix7
* Target device:  xc7a35t-csg324-1


================================================================
== Performance Estimates
================================================================
+ Timing: 
    * Summary: 
    +--------+---------+----------+------------+
    |  Clock |  Target | Estimated| Uncertainty|
    +--------+---------+----------+------------+
    |ap_clk  |  5.56 ns|  6.604 ns|     1.50 ns|
    +--------+---------+----------+------------+

+ Latency: 
    * Summary: 
    +---------+---------+----------+----------+-------+-------+------------------------------------------------+
    |  Latency (cycles) |  Latency (absolute) |    Interval   |                    Pipeline                    |
    |   min   |   max   |    min   |    max   |  min  |  max  |                      Type                      |
    +---------+---------+----------+----------+-------+-------+------------------------------------------------+
    |    22543|    22543|  0.149 ms|  0.149 ms|  22530|  22530|  loop auto-rewind stp (delay=0 clock cycles(s))|
    +---------+---------+----------+----------+-------+-------+------------------------------------------------+

    + Detail: 
        * Instance: 
        N/A

        * Loop: 
        +---------------------------+---------+---------+----------+-----------+-----------+-------+----------+
        |                           |  Latency (cycles) | Iteration|  Initiation Interval  |  Trip |          |
        |         Loop Name         |   min   |   max   |  Latency |  achieved |   target  | Count | Pipelined|
        +---------------------------+---------+---------+----------+-----------+-----------+-------+----------+
        |- FFT_STAGE_FFT_BUTTERFLY  |    22541|    22541|        16|          2|          1|  11264|       yes|
        +---------------------------+---------+---------+----------+-----------+-----------+-------+----------+

============================================================
+ Verbose Summary: Synthesis Manager
============================================================
InlineROM: 1
ExposeGlobal: 0
============================================================
+ Verbose Summary: CDFG Model
============================================================
IsTopModel: 0
ResetActiveHigh: 1
IsCombinational: 0
IsDatapathOnly: 0
HasWiredReturn: 1
HasMFsm: 2
HasVarLatency: 1
IsPipeline: 0
IsRtlPipelined: 0
IsInstanceOverlapped: 0
IsDontTouch: 0
HasImplIP: 0
IsGatedGlobalClock: 0

+ Individual pipeline summary: 
  * Pipeline-0: initiation interval (II) = 2, depth = 16


============================================================
+ Verbose Summary: Schedule
============================================================
* Number of FSM states : 16
* Pipeline : 1
  Pipeline-0 : II = 2, D = 16, States = { 1 2 3 4 5 6 7 8 9 10 11 12 13 14 15 16 }
* Dataflow Pipeline: 0

* FSM state transitions: 
1 --> 2 
2 --> 3 
3 --> 4 
4 --> 5 
5 --> 6 
6 --> 7 
7 --> 8 
8 --> 9 
9 --> 10 
10 --> 11 
11 --> 12 
12 --> 13 
13 --> 14 
14 --> 15 
15 --> 16 
16 --> 

* FSM state operations: 

State 1 <SV = 0> <Delay = 3.74>
ST_1 : Operation 19 [1/1] (0.00ns)   --->   "%k_1 = alloca i32 1" [cfu_hls.c:51]   --->   Operation 19 'alloca' 'k_1' <Predicate = true> <Delay = 0.00>
ST_1 : Operation 20 [1/1] (0.00ns)   --->   "%stage = alloca i32 1" [cfu_hls.c:88]   --->   Operation 20 'alloca' 'stage' <Predicate = true> <Delay = 0.00>
ST_1 : Operation 21 [1/1] (0.00ns)   --->   "%indvar_flatten = alloca i32 1"   --->   Operation 21 'alloca' 'indvar_flatten' <Predicate = true> <Delay = 0.00>
ST_1 : Operation 22 [1/1] (0.00ns)   --->   "%specmemcore_ln0 = specmemcore void @_ssdm_op_SpecMemCore, i32 %imag_buf, i64 666, i64 22, i64 18446744073709551615"   --->   Operation 22 'specmemcore' 'specmemcore_ln0' <Predicate = true> <Delay = 0.00>
ST_1 : Operation 23 [1/1] (0.00ns)   --->   "%specmemcore_ln0 = specmemcore void @_ssdm_op_SpecMemCore, i32 %real_buf, i64 666, i64 22, i64 18446744073709551615"   --->   Operation 23 'specmemcore' 'specmemcore_ln0' <Predicate = true> <Delay = 0.00>
ST_1 : Operation 24 [1/1] (1.61ns)   --->   "%store_ln0 = store i14 0, i14 %indvar_flatten"   --->   Operation 24 'store' 'store_ln0' <Predicate = true> <Delay = 1.61>
ST_1 : Operation 25 [1/1] (1.61ns)   --->   "%store_ln88 = store i4 0, i4 %stage" [cfu_hls.c:88]   --->   Operation 25 'store' 'store_ln88' <Predicate = true> <Delay = 1.61>
ST_1 : Operation 26 [1/1] (1.61ns)   --->   "%store_ln51 = store i11 0, i11 %k_1" [cfu_hls.c:51]   --->   Operation 26 'store' 'store_ln51' <Predicate = true> <Delay = 1.61>
ST_1 : Operation 27 [1/1] (0.00ns)   --->   "%br_ln0 = br void %for.inc140"   --->   Operation 27 'br' 'br_ln0' <Predicate = true> <Delay = 0.00>
ST_1 : Operation 28 [1/1] (0.00ns)   --->   "%indvar_flatten_load = load i14 %indvar_flatten" [cfu_hls.c:88]   --->   Operation 28 'load' 'indvar_flatten_load' <Predicate = true> <Delay = 0.00>
ST_1 : Operation 29 [1/1] (2.13ns)   --->   "%icmp_ln88 = icmp_eq  i14 %indvar_flatten_load, i14 11264" [cfu_hls.c:88]   --->   Operation 29 'icmp' 'icmp_ln88' <Predicate = true> <Delay = 2.13> <CoreInst = "Cmp">   --->   Core 9 'Cmp' <Latency = 0> <II = 1> <Delay = 2.13> <FuncUnit> <Opcode : 'seteq' 'setne' 'setle' 'setge' 'setlt' 'setgt'> <InPorts = 2> <OutPorts = 1>
ST_1 : Operation 30 [1/1] (2.13ns)   --->   "%add_ln88 = add i14 %indvar_flatten_load, i14 1" [cfu_hls.c:88]   --->   Operation 30 'add' 'add_ln88' <Predicate = true> <Delay = 2.13> <CoreInst = "Adder">   --->   Core 1 'Adder' <Latency = 0> <II = 1> <Delay = 2.13> <FuncUnit> <Opcode : 'add' 'sub'> <InPorts = 2> <OutPorts = 1>
ST_1 : Operation 31 [1/1] (0.00ns)   --->   "%br_ln88 = br i1 %icmp_ln88, void %for.inc143, void %for.inc163.preheader.exitStub" [cfu_hls.c:88]   --->   Operation 31 'br' 'br_ln88' <Predicate = true> <Delay = 0.00>
ST_1 : Operation 32 [1/1] (0.00ns)   --->   "%k_1_load = load i11 %k_1" [cfu_hls.c:92]   --->   Operation 32 'load' 'k_1_load' <Predicate = (!icmp_ln88)> <Delay = 0.00>
ST_1 : Operation 33 [1/1] (0.00ns)   --->   "%stage_load = load i4 %stage"   --->   Operation 33 'load' 'stage_load' <Predicate = (!icmp_ln88)> <Delay = 0.00>
ST_1 : Operation 34 [1/1] (2.12ns)   --->   "%icmp_ln92 = icmp_eq  i11 %k_1_load, i11 1024" [cfu_hls.c:92]   --->   Operation 34 'icmp' 'icmp_ln92' <Predicate = (!icmp_ln88)> <Delay = 2.12> <CoreInst = "Cmp">   --->   Core 9 'Cmp' <Latency = 0> <II = 1> <Delay = 2.12> <FuncUnit> <Opcode : 'seteq' 'setne' 'setle' 'setge' 'setlt' 'setgt'> <InPorts = 2> <OutPorts = 1>
ST_1 : Operation 35 [1/1] (1.77ns)   --->   "%stage_13 = add i4 %stage_load, i4 1"   --->   Operation 35 'add' 'stage_13' <Predicate = (!icmp_ln88)> <Delay = 1.77> <CoreInst = "Adder">   --->   Core 1 'Adder' <Latency = 0> <II = 1> <Delay = 1.77> <FuncUnit> <Opcode : 'add' 'sub'> <InPorts = 2> <OutPorts = 1>

State 2 <SV = 1> <Delay = 6.42>
ST_2 : Operation 36 [1/1] (0.90ns)   --->   "%select_ln88 = select i1 %icmp_ln92, i11 0, i11 %k_1_load" [cfu_hls.c:88]   --->   Operation 36 'select' 'select_ln88' <Predicate = (!icmp_ln88)> <Delay = 0.90> <CoreInst = "Sel">   --->   Core 73 'Sel' <Latency = 0> <II = 1> <Delay = 0.90> <FuncUnit> <Opcode : 'select'> <InPorts = 3> <OutPorts = 1>
ST_2 : Operation 37 [1/1] (1.77ns)   --->   "%stage_1_mid1 = add i4 %stage_load, i4 2"   --->   Operation 37 'add' 'stage_1_mid1' <Predicate = (!icmp_ln88 & icmp_ln92)> <Delay = 1.77> <CoreInst = "Adder">   --->   Core 1 'Adder' <Latency = 0> <II = 1> <Delay = 1.77> <FuncUnit> <Opcode : 'add' 'sub'> <InPorts = 2> <OutPorts = 1>
ST_2 : Operation 38 [1/1] (0.99ns)   --->   "%select_ln88_2 = select i1 %icmp_ln92, i4 %stage_13, i4 %stage_load" [cfu_hls.c:88]   --->   Operation 38 'select' 'select_ln88_2' <Predicate = (!icmp_ln88)> <Delay = 0.99> <CoreInst = "Sel">   --->   Core 73 'Sel' <Latency = 0> <II = 1> <Delay = 0.99> <FuncUnit> <Opcode : 'select'> <InPorts = 3> <OutPorts = 1>
ST_2 : Operation 39 [1/1] (0.00ns)   --->   "%zext_ln88_1 = zext i4 %select_ln88_2" [cfu_hls.c:88]   --->   Operation 39 'zext' 'zext_ln88_1' <Predicate = (!icmp_ln88)> <Delay = 0.00>
ST_2 : Operation 40 [1/1] (0.00ns)   --->   "%zext_ln88_2 = zext i4 %select_ln88_2" [cfu_hls.c:88]   --->   Operation 40 'zext' 'zext_ln88_2' <Predicate = (!icmp_ln88)> <Delay = 0.00>
ST_2 : Operation 41 [1/1] (2.32ns)   --->   "%half_size = shl i11 1, i11 %zext_ln88_2" [cfu_hls.c:89]   --->   Operation 41 'shl' 'half_size' <Predicate = (!icmp_ln88)> <Delay = 2.32> <CoreInst = "Shifter">   --->   Core 75 'Shifter' <Latency = 0> <II = 1> <Delay = 2.32> <FuncUnit> <Opcode : 'shl' 'lshr' 'ashr'> <InPorts = 2> <OutPorts = 1>
ST_2 : Operation 42 [1/1] (0.00ns)   --->   "%trunc_ln89 = trunc i11 %half_size" [cfu_hls.c:89]   --->   Operation 42 'trunc' 'trunc_ln89' <Predicate = (!icmp_ln88)> <Delay = 0.00>
ST_2 : Operation 43 [1/1] (3.32ns)   --->   "%table_step = lshr i21 1024, i21 %zext_ln88_1" [cfu_hls.c:90]   --->   Operation 43 'lshr' 'table_step' <Predicate = (!icmp_ln88)> <Delay = 3.32> <CoreInst = "Shifter">   --->   Core 75 'Shifter' <Latency = 0> <II = 1> <Delay = 3.32> <FuncUnit> <Opcode : 'shl' 'lshr' 'ashr'> <InPorts = 2> <OutPorts = 1>
ST_2 : Operation 44 [1/1] (2.12ns)   --->   "%sub = add i10 %trunc_ln89, i10 1023" [cfu_hls.c:89]   --->   Operation 44 'add' 'sub' <Predicate = (!icmp_ln88)> <Delay = 2.12> <CoreInst = "Adder">   --->   Core 1 'Adder' <Latency = 0> <II = 1> <Delay = 2.12> <FuncUnit> <Opcode : 'add' 'sub'> <InPorts = 2> <OutPorts = 1>
ST_2 : Operation 45 [1/1] (0.00ns)   --->   "%trunc_ln101 = trunc i21 %table_step" [cfu_hls.c:101]   --->   Operation 45 'trunc' 'trunc_ln101' <Predicate = (!icmp_ln88)> <Delay = 0.00>
ST_2 : Operation 46 [1/1] (0.00ns)   --->   "%trunc_ln92 = trunc i11 %select_ln88" [cfu_hls.c:92]   --->   Operation 46 'trunc' 'trunc_ln92' <Predicate = (!icmp_ln88)> <Delay = 0.00>
ST_2 : Operation 47 [1/1] (0.99ns)   --->   "%jj = and i10 %trunc_ln92, i10 %sub" [cfu_hls.c:97]   --->   Operation 47 'and' 'jj' <Predicate = (!icmp_ln88)> <Delay = 0.99> <CoreInst = "LogicGate">   --->   Core 74 'LogicGate' <Latency = 0> <II = 1> <Delay = 0.99> <FuncUnit> <Opcode : 'and' 'or' 'xor'> <InPorts = 2> <OutPorts = 1>
ST_2 : Operation 48 [1/1] (2.12ns)   --->   "%k = add i11 %select_ln88, i11 1" [cfu_hls.c:92]   --->   Operation 48 'add' 'k' <Predicate = (!icmp_ln88)> <Delay = 2.12> <CoreInst = "Adder">   --->   Core 1 'Adder' <Latency = 0> <II = 1> <Delay = 2.12> <FuncUnit> <Opcode : 'add' 'sub'> <InPorts = 2> <OutPorts = 1>
ST_2 : Operation 49 [1/1] (1.61ns)   --->   "%store_ln88 = store i14 %add_ln88, i14 %indvar_flatten" [cfu_hls.c:88]   --->   Operation 49 'store' 'store_ln88' <Predicate = (!icmp_ln88)> <Delay = 1.61>
ST_2 : Operation 50 [1/1] (1.61ns)   --->   "%store_ln88 = store i4 %select_ln88_2, i4 %stage" [cfu_hls.c:88]   --->   Operation 50 'store' 'store_ln88' <Predicate = (!icmp_ln88)> <Delay = 1.61>
ST_2 : Operation 51 [1/1] (1.61ns)   --->   "%store_ln51 = store i11 %k, i11 %k_1" [cfu_hls.c:51]   --->   Operation 51 'store' 'store_ln51' <Predicate = (!icmp_ln88)> <Delay = 1.61>

State 3 <SV = 2> <Delay = 6.60>
ST_3 : Operation 52 [1/1] (0.00ns) (grouped into LUT with out node shl_ln98)   --->   "%select_ln88_1 = select i1 %icmp_ln92, i4 %stage_1_mid1, i4 %stage_13" [cfu_hls.c:88]   --->   Operation 52 'select' 'select_ln88_1' <Predicate = true> <Delay = 0.00> <CoreInst = "Sel">   --->   Core 73 'Sel' <Latency = 0> <II = 1> <Delay = 0.99> <FuncUnit> <Opcode : 'select'> <InPorts = 3> <OutPorts = 1>
ST_3 : Operation 53 [1/1] (0.00ns)   --->   "%zext_ln88 = zext i4 %select_ln88_2" [cfu_hls.c:88]   --->   Operation 53 'zext' 'zext_ln88' <Predicate = true> <Delay = 0.00>
ST_3 : Operation 54 [1/1] (0.00ns) (grouped into LUT with out node shl_ln98)   --->   "%zext_ln92 = zext i4 %select_ln88_1" [cfu_hls.c:92]   --->   Operation 54 'zext' 'zext_ln92' <Predicate = true> <Delay = 0.00>
ST_3 : Operation 55 [1/1] (0.00ns)   --->   "%zext_ln92_1 = zext i11 %select_ln88" [cfu_hls.c:92]   --->   Operation 55 'zext' 'zext_ln92_1' <Predicate = true> <Delay = 0.00>
ST_3 : Operation 56 [1/1] (3.23ns)   --->   "%group = lshr i12 %zext_ln92_1, i12 %zext_ln88" [cfu_hls.c:96]   --->   Operation 56 'lshr' 'group' <Predicate = true> <Delay = 3.23> <CoreInst = "Shifter">   --->   Core 75 'Shifter' <Latency = 0> <II = 1> <Delay = 3.23> <FuncUnit> <Opcode : 'shl' 'lshr' 'ashr'> <InPorts = 2> <OutPorts = 1>
ST_3 : Operation 57 [1/1] (3.32ns) (out node of the LUT)   --->   "%shl_ln98 = shl i12 %group, i12 %zext_ln92" [cfu_hls.c:98]   --->   Operation 57 'shl' 'shl_ln98' <Predicate = true> <Delay = 3.32> <CoreInst = "Shifter">   --->   Core 75 'Shifter' <Latency = 0> <II = 1> <Delay = 3.32> <FuncUnit> <Opcode : 'shl' 'lshr' 'ashr'> <InPorts = 2> <OutPorts = 1>
ST_3 : Operation 58 [1/1] (0.00ns)   --->   "%trunc_ln98 = trunc i12 %shl_ln98" [cfu_hls.c:98]   --->   Operation 58 'trunc' 'trunc_ln98' <Predicate = true> <Delay = 0.00>
ST_3 : Operation 59 [1/1] (0.00ns)   --->   "%tmp = bitselect i1 @_ssdm_op_BitSelect.i1.i12.i32, i12 %shl_ln98, i32 10" [cfu_hls.c:98]   --->   Operation 59 'bitselect' 'tmp' <Predicate = true> <Delay = 0.00>
ST_3 : Operation 60 [5/5] (6.60ns)   --->   "%mul_ln101 = mul i10 %jj, i10 %trunc_ln101" [cfu_hls.c:101]   --->   Operation 60 'mul' 'mul_ln101' <Predicate = true> <Delay = 6.60> <CoreInst = "Multiplier">   --->   Core 3 'Multiplier' <Latency = 4> <II = 1> <Delay = 6.60> <FuncUnit> <Opcode : 'mul'> <InPorts = 2> <OutPorts = 1>

State 4 <SV = 3> <Delay = 6.60>
ST_4 : Operation 61 [1/1] (0.99ns)   --->   "%or_ln98 = or i10 %trunc_ln98, i10 %jj" [cfu_hls.c:98]   --->   Operation 61 'or' 'or_ln98' <Predicate = true> <Delay = 0.99> <CoreInst = "LogicGate">   --->   Core 74 'LogicGate' <Latency = 0> <II = 1> <Delay = 0.99> <FuncUnit> <Opcode : 'and' 'or' 'xor'> <InPorts = 2> <OutPorts = 1>
ST_4 : Operation 62 [1/1] (0.00ns)   --->   "%idx = bitconcatenate i11 @_ssdm_op_BitConcatenate.i11.i1.i10, i1 %tmp, i10 %or_ln98" [cfu_hls.c:98]   --->   Operation 62 'bitconcatenate' 'idx' <Predicate = true> <Delay = 0.00>
ST_4 : Operation 63 [4/5] (6.60ns)   --->   "%mul_ln101 = mul i10 %jj, i10 %trunc_ln101" [cfu_hls.c:101]   --->   Operation 63 'mul' 'mul_ln101' <Predicate = true> <Delay = 6.60> <CoreInst = "Multiplier">   --->   Core 3 'Multiplier' <Latency = 4> <II = 1> <Delay = 6.60> <FuncUnit> <Opcode : 'mul'> <InPorts = 2> <OutPorts = 1>

State 5 <SV = 4> <Delay = 6.60>
ST_5 : Operation 64 [3/5] (6.60ns)   --->   "%mul_ln101 = mul i10 %jj, i10 %trunc_ln101" [cfu_hls.c:101]   --->   Operation 64 'mul' 'mul_ln101' <Predicate = true> <Delay = 6.60> <CoreInst = "Multiplier">   --->   Core 3 'Multiplier' <Latency = 4> <II = 1> <Delay = 6.60> <FuncUnit> <Opcode : 'mul'> <InPorts = 2> <OutPorts = 1>

State 6 <SV = 5> <Delay = 6.60>
ST_6 : Operation 65 [2/5] (6.60ns)   --->   "%mul_ln101 = mul i10 %jj, i10 %trunc_ln101" [cfu_hls.c:101]   --->   Operation 65 'mul' 'mul_ln101' <Predicate = true> <Delay = 6.60> <CoreInst = "Multiplier">   --->   Core 3 'Multiplier' <Latency = 4> <II = 1> <Delay = 6.60> <FuncUnit> <Opcode : 'mul'> <InPorts = 2> <OutPorts = 1>

State 7 <SV = 6> <Delay = 6.60>
ST_7 : Operation 66 [1/1] (2.12ns)   --->   "%idx2 = add i11 %idx, i11 %half_size" [cfu_hls.c:99]   --->   Operation 66 'add' 'idx2' <Predicate = true> <Delay = 2.12> <CoreInst = "Adder">   --->   Core 1 'Adder' <Latency = 0> <II = 1> <Delay = 2.12> <FuncUnit> <Opcode : 'add' 'sub'> <InPorts = 2> <OutPorts = 1>
ST_7 : Operation 67 [1/5] (6.60ns)   --->   "%mul_ln101 = mul i10 %jj, i10 %trunc_ln101" [cfu_hls.c:101]   --->   Operation 67 'mul' 'mul_ln101' <Predicate = true> <Delay = 6.60> <CoreInst = "Multiplier">   --->   Core 3 'Multiplier' <Latency = 4> <II = 1> <Delay = 6.60> <FuncUnit> <Opcode : 'mul'> <InPorts = 2> <OutPorts = 1>

State 8 <SV = 7> <Delay = 3.25>
ST_8 : Operation 68 [1/1] (0.00ns)   --->   "%zext_ln101 = zext i10 %mul_ln101" [cfu_hls.c:101]   --->   Operation 68 'zext' 'zext_ln101' <Predicate = true> <Delay = 0.00>
ST_8 : Operation 69 [1/1] (0.00ns)   --->   "%cos_table_fixed_addr = getelementptr i18 %cos_table_fixed, i64 0, i64 %zext_ln101" [cfu_hls.c:101]   --->   Operation 69 'getelementptr' 'cos_table_fixed_addr' <Predicate = true> <Delay = 0.00>
ST_8 : Operation 70 [2/2] (3.25ns)   --->   "%wr = load i10 %cos_table_fixed_addr" [cfu_hls.c:101]   --->   Operation 70 'load' 'wr' <Predicate = true> <Delay = 3.25> <CoreInst = "ROM">   --->   Core 94 'ROM' <Latency = 1> <II = 1> <Delay = 3.25> <Storage> <Opcode : 'load'> <Ports = 0> <Width = 18> <Depth = 1024> <ROM>
ST_8 : Operation 71 [1/1] (0.00ns)   --->   "%sin_table_fixed_addr = getelementptr i17 %sin_table_fixed, i64 0, i64 %zext_ln101" [cfu_hls.c:102]   --->   Operation 71 'getelementptr' 'sin_table_fixed_addr' <Predicate = true> <Delay = 0.00>
ST_8 : Operation 72 [2/2] (3.25ns)   --->   "%wi = load i10 %sin_table_fixed_addr" [cfu_hls.c:102]   --->   Operation 72 'load' 'wi' <Predicate = true> <Delay = 3.25> <CoreInst = "ROM">   --->   Core 94 'ROM' <Latency = 1> <II = 1> <Delay = 3.25> <Storage> <Opcode : 'load'> <Ports = 0> <Width = 17> <Depth = 1024> <ROM>
ST_8 : Operation 73 [1/1] (0.00ns)   --->   "%zext_ln103 = zext i11 %idx2" [cfu_hls.c:103]   --->   Operation 73 'zext' 'zext_ln103' <Predicate = true> <Delay = 0.00>
ST_8 : Operation 74 [1/1] (0.00ns)   --->   "%real_buf_addr = getelementptr i32 %real_buf, i64 0, i64 %zext_ln103" [cfu_hls.c:103]   --->   Operation 74 'getelementptr' 'real_buf_addr' <Predicate = true> <Delay = 0.00>
ST_8 : Operation 75 [2/2] (3.25ns)   --->   "%r2 = load i11 %real_buf_addr" [cfu_hls.c:103]   --->   Operation 75 'load' 'r2' <Predicate = true> <Delay = 3.25> <CoreInst = "RAM_2P_BRAM">   --->   Core 90 'RAM_2P_BRAM' <Latency = 1> <II = 1> <Delay = 3.25> <Storage> <Opcode : 'load' 'store'> <Ports = 2> <Width = 32> <Depth = 2048> <RAM>
ST_8 : Operation 76 [1/1] (0.00ns)   --->   "%imag_buf_addr = getelementptr i32 %imag_buf, i64 0, i64 %zext_ln103" [cfu_hls.c:104]   --->   Operation 76 'getelementptr' 'imag_buf_addr' <Predicate = true> <Delay = 0.00>
ST_8 : Operation 77 [2/2] (3.25ns)   --->   "%i2 = load i11 %imag_buf_addr" [cfu_hls.c:104]   --->   Operation 77 'load' 'i2' <Predicate = true> <Delay = 3.25> <CoreInst = "RAM_2P_BRAM">   --->   Core 90 'RAM_2P_BRAM' <Latency = 1> <II = 1> <Delay = 3.25> <Storage> <Opcode : 'load' 'store'> <Ports = 2> <Width = 32> <Depth = 2048> <RAM>

State 9 <SV = 8> <Delay = 3.25>
ST_9 : Operation 78 [1/2] ( I:3.25ns O:3.25ns )   --->   "%wr = load i10 %cos_table_fixed_addr" [cfu_hls.c:101]   --->   Operation 78 'load' 'wr' <Predicate = true> <Delay = 3.25> <CoreInst = "ROM">   --->   Core 94 'ROM' <Latency = 1> <II = 1> <Delay = 3.25> <Storage> <Opcode : 'load'> <Ports = 0> <Width = 18> <Depth = 1024> <ROM>
ST_9 : Operation 79 [1/2] ( I:3.25ns O:3.25ns )   --->   "%wi = load i10 %sin_table_fixed_addr" [cfu_hls.c:102]   --->   Operation 79 'load' 'wi' <Predicate = true> <Delay = 3.25> <CoreInst = "ROM">   --->   Core 94 'ROM' <Latency = 1> <II = 1> <Delay = 3.25> <Storage> <Opcode : 'load'> <Ports = 0> <Width = 17> <Depth = 1024> <ROM>
ST_9 : Operation 80 [1/2] ( I:3.25ns O:3.25ns )   --->   "%r2 = load i11 %real_buf_addr" [cfu_hls.c:103]   --->   Operation 80 'load' 'r2' <Predicate = true> <Delay = 3.25> <CoreInst = "RAM_2P_BRAM">   --->   Core 90 'RAM_2P_BRAM' <Latency = 1> <II = 1> <Delay = 3.25> <Storage> <Opcode : 'load' 'store'> <Ports = 2> <Width = 32> <Depth = 2048> <RAM>
ST_9 : Operation 81 [1/2] ( I:3.25ns O:3.25ns )   --->   "%i2 = load i11 %imag_buf_addr" [cfu_hls.c:104]   --->   Operation 81 'load' 'i2' <Predicate = true> <Delay = 3.25> <CoreInst = "RAM_2P_BRAM">   --->   Core 90 'RAM_2P_BRAM' <Latency = 1> <II = 1> <Delay = 3.25> <Storage> <Opcode : 'load' 'store'> <Ports = 2> <Width = 32> <Depth = 2048> <RAM>

State 10 <SV = 9> <Delay = 3.89>
ST_10 : Operation 82 [1/1] (0.00ns)   --->   "%sext_ln107 = sext i32 %r2" [cfu_hls.c:107]   --->   Operation 82 'sext' 'sext_ln107' <Predicate = true> <Delay = 0.00>
ST_10 : Operation 83 [1/1] (0.00ns)   --->   "%sext_ln107_1 = sext i18 %wr" [cfu_hls.c:107]   --->   Operation 83 'sext' 'sext_ln107_1' <Predicate = true> <Delay = 0.00>
ST_10 : Operation 84 [5/5] (3.89ns)   --->   "%mul_ln107 = mul i48 %sext_ln107, i48 %sext_ln107_1" [cfu_hls.c:107]   --->   Operation 84 'mul' 'mul_ln107' <Predicate = true> <Delay = 3.89> <CoreInst = "Multiplier">   --->   Core 3 'Multiplier' <Latency = 4> <II = 1> <Delay = 3.89> <FuncUnit> <Opcode : 'mul'> <InPorts = 2> <OutPorts = 1>
ST_10 : Operation 85 [1/1] (0.00ns)   --->   "%sext_ln107_2 = sext i32 %i2" [cfu_hls.c:107]   --->   Operation 85 'sext' 'sext_ln107_2' <Predicate = true> <Delay = 0.00>
ST_10 : Operation 86 [1/1] (0.00ns)   --->   "%sext_ln107_3 = sext i17 %wi" [cfu_hls.c:107]   --->   Operation 86 'sext' 'sext_ln107_3' <Predicate = true> <Delay = 0.00>
ST_10 : Operation 87 [5/5] (3.89ns)   --->   "%mul_ln107_1 = mul i48 %sext_ln107_2, i48 %sext_ln107_3" [cfu_hls.c:107]   --->   Operation 87 'mul' 'mul_ln107_1' <Predicate = true> <Delay = 3.89> <CoreInst = "Multiplier">   --->   Core 3 'Multiplier' <Latency = 4> <II = 1> <Delay = 3.89> <FuncUnit> <Opcode : 'mul'> <InPorts = 2> <OutPorts = 1>
ST_10 : Operation 88 [5/5] (3.89ns)   --->   "%mul_ln108 = mul i48 %sext_ln107_2, i48 %sext_ln107_1" [cfu_hls.c:108]   --->   Operation 88 'mul' 'mul_ln108' <Predicate = true> <Delay = 3.89> <CoreInst = "Multiplier">   --->   Core 3 'Multiplier' <Latency = 4> <II = 1> <Delay = 3.89> <FuncUnit> <Opcode : 'mul'> <InPorts = 2> <OutPorts = 1>
ST_10 : Operation 89 [5/5] (3.89ns)   --->   "%mul_ln108_1 = mul i48 %sext_ln107, i48 %sext_ln107_3" [cfu_hls.c:108]   --->   Operation 89 'mul' 'mul_ln108_1' <Predicate = true> <Delay = 3.89> <CoreInst = "Multiplier">   --->   Core 3 'Multiplier' <Latency = 4> <II = 1> <Delay = 3.89> <FuncUnit> <Opcode : 'mul'> <InPorts = 2> <OutPorts = 1>

State 11 <SV = 10> <Delay = 3.89>
ST_11 : Operation 90 [4/5] (3.89ns)   --->   "%mul_ln107 = mul i48 %sext_ln107, i48 %sext_ln107_1" [cfu_hls.c:107]   --->   Operation 90 'mul' 'mul_ln107' <Predicate = true> <Delay = 3.89> <CoreInst = "Multiplier">   --->   Core 3 'Multiplier' <Latency = 4> <II = 1> <Delay = 3.89> <FuncUnit> <Opcode : 'mul'> <InPorts = 2> <OutPorts = 1>
ST_11 : Operation 91 [4/5] (3.89ns)   --->   "%mul_ln107_1 = mul i48 %sext_ln107_2, i48 %sext_ln107_3" [cfu_hls.c:107]   --->   Operation 91 'mul' 'mul_ln107_1' <Predicate = true> <Delay = 3.89> <CoreInst = "Multiplier">   --->   Core 3 'Multiplier' <Latency = 4> <II = 1> <Delay = 3.89> <FuncUnit> <Opcode : 'mul'> <InPorts = 2> <OutPorts = 1>
ST_11 : Operation 92 [4/5] (3.89ns)   --->   "%mul_ln108 = mul i48 %sext_ln107_2, i48 %sext_ln107_1" [cfu_hls.c:108]   --->   Operation 92 'mul' 'mul_ln108' <Predicate = true> <Delay = 3.89> <CoreInst = "Multiplier">   --->   Core 3 'Multiplier' <Latency = 4> <II = 1> <Delay = 3.89> <FuncUnit> <Opcode : 'mul'> <InPorts = 2> <OutPorts = 1>
ST_11 : Operation 93 [4/5] (3.89ns)   --->   "%mul_ln108_1 = mul i48 %sext_ln107, i48 %sext_ln107_3" [cfu_hls.c:108]   --->   Operation 93 'mul' 'mul_ln108_1' <Predicate = true> <Delay = 3.89> <CoreInst = "Multiplier">   --->   Core 3 'Multiplier' <Latency = 4> <II = 1> <Delay = 3.89> <FuncUnit> <Opcode : 'mul'> <InPorts = 2> <OutPorts = 1>

State 12 <SV = 11> <Delay = 3.89>
ST_12 : Operation 94 [3/5] (3.89ns)   --->   "%mul_ln107 = mul i48 %sext_ln107, i48 %sext_ln107_1" [cfu_hls.c:107]   --->   Operation 94 'mul' 'mul_ln107' <Predicate = true> <Delay = 3.89> <CoreInst = "Multiplier">   --->   Core 3 'Multiplier' <Latency = 4> <II = 1> <Delay = 3.89> <FuncUnit> <Opcode : 'mul'> <InPorts = 2> <OutPorts = 1>
ST_12 : Operation 95 [3/5] (3.89ns)   --->   "%mul_ln107_1 = mul i48 %sext_ln107_2, i48 %sext_ln107_3" [cfu_hls.c:107]   --->   Operation 95 'mul' 'mul_ln107_1' <Predicate = true> <Delay = 3.89> <CoreInst = "Multiplier">   --->   Core 3 'Multiplier' <Latency = 4> <II = 1> <Delay = 3.89> <FuncUnit> <Opcode : 'mul'> <InPorts = 2> <OutPorts = 1>
ST_12 : Operation 96 [3/5] (3.89ns)   --->   "%mul_ln108 = mul i48 %sext_ln107_2, i48 %sext_ln107_1" [cfu_hls.c:108]   --->   Operation 96 'mul' 'mul_ln108' <Predicate = true> <Delay = 3.89> <CoreInst = "Multiplier">   --->   Core 3 'Multiplier' <Latency = 4> <II = 1> <Delay = 3.89> <FuncUnit> <Opcode : 'mul'> <InPorts = 2> <OutPorts = 1>
ST_12 : Operation 97 [3/5] (3.89ns)   --->   "%mul_ln108_1 = mul i48 %sext_ln107, i48 %sext_ln107_3" [cfu_hls.c:108]   --->   Operation 97 'mul' 'mul_ln108_1' <Predicate = true> <Delay = 3.89> <CoreInst = "Multiplier">   --->   Core 3 'Multiplier' <Latency = 4> <II = 1> <Delay = 3.89> <FuncUnit> <Opcode : 'mul'> <InPorts = 2> <OutPorts = 1>

State 13 <SV = 12> <Delay = 3.89>
ST_13 : Operation 98 [1/1] (0.00ns)   --->   "%zext_ln105 = zext i11 %idx" [cfu_hls.c:105]   --->   Operation 98 'zext' 'zext_ln105' <Predicate = true> <Delay = 0.00>
ST_13 : Operation 99 [1/1] (0.00ns)   --->   "%real_buf_addr_1 = getelementptr i32 %real_buf, i64 0, i64 %zext_ln105" [cfu_hls.c:105]   --->   Operation 99 'getelementptr' 'real_buf_addr_1' <Predicate = true> <Delay = 0.00>
ST_13 : Operation 100 [2/2] (3.25ns)   --->   "%r1 = load i11 %real_buf_addr_1" [cfu_hls.c:105]   --->   Operation 100 'load' 'r1' <Predicate = true> <Delay = 3.25> <CoreInst = "RAM_2P_BRAM">   --->   Core 90 'RAM_2P_BRAM' <Latency = 1> <II = 1> <Delay = 3.25> <Storage> <Opcode : 'load' 'store'> <Ports = 2> <Width = 32> <Depth = 2048> <RAM>
ST_13 : Operation 101 [1/1] (0.00ns)   --->   "%imag_buf_addr_1 = getelementptr i32 %imag_buf, i64 0, i64 %zext_ln105" [cfu_hls.c:106]   --->   Operation 101 'getelementptr' 'imag_buf_addr_1' <Predicate = true> <Delay = 0.00>
ST_13 : Operation 102 [2/2] (3.25ns)   --->   "%i1 = load i11 %imag_buf_addr_1" [cfu_hls.c:106]   --->   Operation 102 'load' 'i1' <Predicate = true> <Delay = 3.25> <CoreInst = "RAM_2P_BRAM">   --->   Core 90 'RAM_2P_BRAM' <Latency = 1> <II = 1> <Delay = 3.25> <Storage> <Opcode : 'load' 'store'> <Ports = 2> <Width = 32> <Depth = 2048> <RAM>
ST_13 : Operation 103 [2/5] (3.89ns)   --->   "%mul_ln107 = mul i48 %sext_ln107, i48 %sext_ln107_1" [cfu_hls.c:107]   --->   Operation 103 'mul' 'mul_ln107' <Predicate = true> <Delay = 3.89> <CoreInst = "Multiplier">   --->   Core 3 'Multiplier' <Latency = 4> <II = 1> <Delay = 3.89> <FuncUnit> <Opcode : 'mul'> <InPorts = 2> <OutPorts = 1>
ST_13 : Operation 104 [2/5] (3.89ns)   --->   "%mul_ln107_1 = mul i48 %sext_ln107_2, i48 %sext_ln107_3" [cfu_hls.c:107]   --->   Operation 104 'mul' 'mul_ln107_1' <Predicate = true> <Delay = 3.89> <CoreInst = "Multiplier">   --->   Core 3 'Multiplier' <Latency = 4> <II = 1> <Delay = 3.89> <FuncUnit> <Opcode : 'mul'> <InPorts = 2> <OutPorts = 1>
ST_13 : Operation 105 [2/5] (3.89ns)   --->   "%mul_ln108 = mul i48 %sext_ln107_2, i48 %sext_ln107_1" [cfu_hls.c:108]   --->   Operation 105 'mul' 'mul_ln108' <Predicate = true> <Delay = 3.89> <CoreInst = "Multiplier">   --->   Core 3 'Multiplier' <Latency = 4> <II = 1> <Delay = 3.89> <FuncUnit> <Opcode : 'mul'> <InPorts = 2> <OutPorts = 1>
ST_13 : Operation 106 [2/5] (3.89ns)   --->   "%mul_ln108_1 = mul i48 %sext_ln107, i48 %sext_ln107_3" [cfu_hls.c:108]   --->   Operation 106 'mul' 'mul_ln108_1' <Predicate = true> <Delay = 3.89> <CoreInst = "Multiplier">   --->   Core 3 'Multiplier' <Latency = 4> <II = 1> <Delay = 3.89> <FuncUnit> <Opcode : 'mul'> <InPorts = 2> <OutPorts = 1>

State 14 <SV = 13> <Delay = 6.59>
ST_14 : Operation 107 [1/2] ( I:3.25ns O:3.25ns )   --->   "%r1 = load i11 %real_buf_addr_1" [cfu_hls.c:105]   --->   Operation 107 'load' 'r1' <Predicate = true> <Delay = 3.25> <CoreInst = "RAM_2P_BRAM">   --->   Core 90 'RAM_2P_BRAM' <Latency = 1> <II = 1> <Delay = 3.25> <Storage> <Opcode : 'load' 'store'> <Ports = 2> <Width = 32> <Depth = 2048> <RAM>
ST_14 : Operation 108 [1/2] ( I:3.25ns O:3.25ns )   --->   "%i1 = load i11 %imag_buf_addr_1" [cfu_hls.c:106]   --->   Operation 108 'load' 'i1' <Predicate = true> <Delay = 3.25> <CoreInst = "RAM_2P_BRAM">   --->   Core 90 'RAM_2P_BRAM' <Latency = 1> <II = 1> <Delay = 3.25> <Storage> <Opcode : 'load' 'store'> <Ports = 2> <Width = 32> <Depth = 2048> <RAM>
ST_14 : Operation 109 [1/5] (3.89ns)   --->   "%mul_ln107 = mul i48 %sext_ln107, i48 %sext_ln107_1" [cfu_hls.c:107]   --->   Operation 109 'mul' 'mul_ln107' <Predicate = true> <Delay = 3.89> <CoreInst = "Multiplier">   --->   Core 3 'Multiplier' <Latency = 4> <II = 1> <Delay = 3.89> <FuncUnit> <Opcode : 'mul'> <InPorts = 2> <OutPorts = 1>
ST_14 : Operation 110 [1/1] (0.00ns)   --->   "%trunc_ln6 = partselect i32 @_ssdm_op_PartSelect.i32.i48.i32.i32, i48 %mul_ln107, i32 16, i32 47" [cfu_hls.c:107]   --->   Operation 110 'partselect' 'trunc_ln6' <Predicate = true> <Delay = 0.00>
ST_14 : Operation 111 [1/5] (3.89ns)   --->   "%mul_ln107_1 = mul i48 %sext_ln107_2, i48 %sext_ln107_3" [cfu_hls.c:107]   --->   Operation 111 'mul' 'mul_ln107_1' <Predicate = true> <Delay = 3.89> <CoreInst = "Multiplier">   --->   Core 3 'Multiplier' <Latency = 4> <II = 1> <Delay = 3.89> <FuncUnit> <Opcode : 'mul'> <InPorts = 2> <OutPorts = 1>
ST_14 : Operation 112 [1/1] (0.00ns)   --->   "%trunc_ln107_1 = partselect i32 @_ssdm_op_PartSelect.i32.i48.i32.i32, i48 %mul_ln107_1, i32 16, i32 47" [cfu_hls.c:107]   --->   Operation 112 'partselect' 'trunc_ln107_1' <Predicate = true> <Delay = 0.00>
ST_14 : Operation 113 [1/1] (2.70ns)   --->   "%tr = sub i32 %trunc_ln6, i32 %trunc_ln107_1" [cfu_hls.c:107]   --->   Operation 113 'sub' 'tr' <Predicate = true> <Delay = 2.70> <CoreInst = "Adder">   --->   Core 1 'Adder' <Latency = 0> <II = 1> <Delay = 2.70> <FuncUnit> <Opcode : 'add' 'sub'> <InPorts = 2> <OutPorts = 1>
ST_14 : Operation 114 [1/5] (3.89ns)   --->   "%mul_ln108 = mul i48 %sext_ln107_2, i48 %sext_ln107_1" [cfu_hls.c:108]   --->   Operation 114 'mul' 'mul_ln108' <Predicate = true> <Delay = 3.89> <CoreInst = "Multiplier">   --->   Core 3 'Multiplier' <Latency = 4> <II = 1> <Delay = 3.89> <FuncUnit> <Opcode : 'mul'> <InPorts = 2> <OutPorts = 1>
ST_14 : Operation 115 [1/1] (0.00ns)   --->   "%trunc_ln7 = partselect i32 @_ssdm_op_PartSelect.i32.i48.i32.i32, i48 %mul_ln108, i32 16, i32 47" [cfu_hls.c:108]   --->   Operation 115 'partselect' 'trunc_ln7' <Predicate = true> <Delay = 0.00>
ST_14 : Operation 116 [1/5] (3.89ns)   --->   "%mul_ln108_1 = mul i48 %sext_ln107, i48 %sext_ln107_3" [cfu_hls.c:108]   --->   Operation 116 'mul' 'mul_ln108_1' <Predicate = true> <Delay = 3.89> <CoreInst = "Multiplier">   --->   Core 3 'Multiplier' <Latency = 4> <II = 1> <Delay = 3.89> <FuncUnit> <Opcode : 'mul'> <InPorts = 2> <OutPorts = 1>
ST_14 : Operation 117 [1/1] (0.00ns)   --->   "%trunc_ln108_1 = partselect i32 @_ssdm_op_PartSelect.i32.i48.i32.i32, i48 %mul_ln108_1, i32 16, i32 47" [cfu_hls.c:108]   --->   Operation 117 'partselect' 'trunc_ln108_1' <Predicate = true> <Delay = 0.00>
ST_14 : Operation 118 [1/1] (2.70ns)   --->   "%ti = add i32 %trunc_ln7, i32 %trunc_ln108_1" [cfu_hls.c:108]   --->   Operation 118 'add' 'ti' <Predicate = true> <Delay = 2.70> <CoreInst = "Adder">   --->   Core 1 'Adder' <Latency = 0> <II = 1> <Delay = 2.70> <FuncUnit> <Opcode : 'add' 'sub'> <InPorts = 2> <OutPorts = 1>
ST_14 : Operation 131 [1/1] (1.61ns)   --->   "%ret_ln0 = ret"   --->   Operation 131 'ret' 'ret_ln0' <Predicate = (icmp_ln88)> <Delay = 1.61>

State 15 <SV = 14> <Delay = 5.95>
ST_15 : Operation 119 [1/1] (2.70ns)   --->   "%sub_ln109 = sub i32 %r1, i32 %tr" [cfu_hls.c:109]   --->   Operation 119 'sub' 'sub_ln109' <Predicate = true> <Delay = 2.70> <CoreInst = "Adder">   --->   Core 1 'Adder' <Latency = 0> <II = 1> <Delay = 2.70> <FuncUnit> <Opcode : 'add' 'sub'> <InPorts = 2> <OutPorts = 1>
ST_15 : Operation 120 [1/1] ( I:3.25ns O:3.25ns )   --->   "%store_ln109 = store i32 %sub_ln109, i11 %real_buf_addr" [cfu_hls.c:109]   --->   Operation 120 'store' 'store_ln109' <Predicate = true> <Delay = 3.25> <CoreInst = "RAM_2P_BRAM">   --->   Core 90 'RAM_2P_BRAM' <Latency = 1> <II = 1> <Delay = 3.25> <Storage> <Opcode : 'load' 'store'> <Ports = 2> <Width = 32> <Depth = 2048> <RAM>
ST_15 : Operation 121 [1/1] (2.70ns)   --->   "%sub_ln110 = sub i32 %i1, i32 %ti" [cfu_hls.c:110]   --->   Operation 121 'sub' 'sub_ln110' <Predicate = true> <Delay = 2.70> <CoreInst = "Adder">   --->   Core 1 'Adder' <Latency = 0> <II = 1> <Delay = 2.70> <FuncUnit> <Opcode : 'add' 'sub'> <InPorts = 2> <OutPorts = 1>
ST_15 : Operation 122 [1/1] ( I:3.25ns O:3.25ns )   --->   "%store_ln110 = store i32 %sub_ln110, i11 %imag_buf_addr" [cfu_hls.c:110]   --->   Operation 122 'store' 'store_ln110' <Predicate = true> <Delay = 3.25> <CoreInst = "RAM_2P_BRAM">   --->   Core 90 'RAM_2P_BRAM' <Latency = 1> <II = 1> <Delay = 3.25> <Storage> <Opcode : 'load' 'store'> <Ports = 2> <Width = 32> <Depth = 2048> <RAM>
ST_15 : Operation 123 [1/1] (2.70ns)   --->   "%add_ln111 = add i32 %r1, i32 %tr" [cfu_hls.c:111]   --->   Operation 123 'add' 'add_ln111' <Predicate = true> <Delay = 2.70> <CoreInst = "Adder">   --->   Core 1 'Adder' <Latency = 0> <II = 1> <Delay = 2.70> <FuncUnit> <Opcode : 'add' 'sub'> <InPorts = 2> <OutPorts = 1>
ST_15 : Operation 124 [1/1] (2.70ns)   --->   "%add_ln112 = add i32 %i1, i32 %ti" [cfu_hls.c:112]   --->   Operation 124 'add' 'add_ln112' <Predicate = true> <Delay = 2.70> <CoreInst = "Adder">   --->   Core 1 'Adder' <Latency = 0> <II = 1> <Delay = 2.70> <FuncUnit> <Opcode : 'add' 'sub'> <InPorts = 2> <OutPorts = 1>

State 16 <SV = 15> <Delay = 3.25>
ST_16 : Operation 125 [1/1] (0.00ns)   --->   "%specloopname_ln0 = specloopname void @_ssdm_op_SpecLoopName, void @FFT_STAGE_FFT_BUTTERFLY_str"   --->   Operation 125 'specloopname' 'specloopname_ln0' <Predicate = true> <Delay = 0.00>
ST_16 : Operation 126 [1/1] (0.00ns)   --->   "%speclooptripcount_ln0 = speclooptripcount void @_ssdm_op_SpecLoopTripCount, i64 11264, i64 11264, i64 11264"   --->   Operation 126 'speclooptripcount' 'speclooptripcount_ln0' <Predicate = true> <Delay = 0.00>
ST_16 : Operation 127 [1/1] (0.00ns)   --->   "%specpipeline_ln93 = specpipeline void @_ssdm_op_SpecPipeline, i32 1, i32 0, i32 0, i32 0, void @empty_2" [cfu_hls.c:93]   --->   Operation 127 'specpipeline' 'specpipeline_ln93' <Predicate = true> <Delay = 0.00>
ST_16 : Operation 128 [1/1] ( I:3.25ns O:3.25ns )   --->   "%store_ln111 = store i32 %add_ln111, i11 %real_buf_addr_1" [cfu_hls.c:111]   --->   Operation 128 'store' 'store_ln111' <Predicate = true> <Delay = 3.25> <CoreInst = "RAM_2P_BRAM">   --->   Core 90 'RAM_2P_BRAM' <Latency = 1> <II = 1> <Delay = 3.25> <Storage> <Opcode : 'load' 'store'> <Ports = 2> <Width = 32> <Depth = 2048> <RAM>
ST_16 : Operation 129 [1/1] ( I:3.25ns O:3.25ns )   --->   "%store_ln112 = store i32 %add_ln112, i11 %imag_buf_addr_1" [cfu_hls.c:112]   --->   Operation 129 'store' 'store_ln112' <Predicate = true> <Delay = 3.25> <CoreInst = "RAM_2P_BRAM">   --->   Core 90 'RAM_2P_BRAM' <Latency = 1> <II = 1> <Delay = 3.25> <Storage> <Opcode : 'load' 'store'> <Ports = 2> <Width = 32> <Depth = 2048> <RAM>
ST_16 : Operation 130 [1/1] (0.00ns)   --->   "%br_ln92 = br void %for.inc140" [cfu_hls.c:92]   --->   Operation 130 'br' 'br_ln92' <Predicate = true> <Delay = 0.00>


============================================================
+ Verbose Summary: Timing violations
============================================================
Target clock period: 5.556ns, clock uncertainty: 1.500ns.

 <State 1>: 3.748ns
The critical path consists of the following:
	'store' operation 0 bit ('store_ln0') of constant 0 on local variable 'indvar_flatten' [10]  (1.610 ns)
	'load' operation 14 bit ('indvar_flatten_load', cfu_hls.c:88) on local variable 'indvar_flatten' [15]  (0.000 ns)
	'icmp' operation 1 bit ('icmp_ln88', cfu_hls.c:88) [16]  (2.138 ns)

 <State 2>: 6.427ns
The critical path consists of the following:
	'select' operation 4 bit ('select_ln88_2', cfu_hls.c:88) [29]  (0.990 ns)
	'shl' operation 11 bit ('half_size', cfu_hls.c:89) [33]  (2.325 ns)
	'add' operation 10 bit ('sub', cfu_hls.c:89) [36]  (2.123 ns)
	'and' operation 10 bit ('jj', cfu_hls.c:97) [43]  (0.990 ns)

 <State 3>: 6.604ns
The critical path consists of the following:
	'mul' operation 10 bit ('mul_ln101', cfu_hls.c:101) [50]  (6.604 ns)

 <State 4>: 6.604ns
The critical path consists of the following:
	'mul' operation 10 bit ('mul_ln101', cfu_hls.c:101) [50]  (6.604 ns)

 <State 5>: 6.604ns
The critical path consists of the following:
	'mul' operation 10 bit ('mul_ln101', cfu_hls.c:101) [50]  (6.604 ns)

 <State 6>: 6.604ns
The critical path consists of the following:
	'mul' operation 10 bit ('mul_ln101', cfu_hls.c:101) [50]  (6.604 ns)

 <State 7>: 6.604ns
The critical path consists of the following:
	'mul' operation 10 bit ('mul_ln101', cfu_hls.c:101) [50]  (6.604 ns)

 <State 8>: 3.257ns
The critical path consists of the following:
	'getelementptr' operation 10 bit ('cos_table_fixed_addr', cfu_hls.c:101) [52]  (0.000 ns)
	'load' operation 18 bit ('wr', cfu_hls.c:101) on array 'cos_table_fixed' [53]  (3.257 ns)

 <State 9>: 3.257ns
The critical path consists of the following:
	'load' operation 18 bit ('wr', cfu_hls.c:101) on array 'cos_table_fixed' [53]  (3.257 ns)

 <State 10>: 3.895ns
The critical path consists of the following:
	'mul' operation 48 bit ('mul_ln107', cfu_hls.c:107) [68]  (3.895 ns)

 <State 11>: 3.895ns
The critical path consists of the following:
	'mul' operation 48 bit ('mul_ln107', cfu_hls.c:107) [68]  (3.895 ns)

 <State 12>: 3.895ns
The critical path consists of the following:
	'mul' operation 48 bit ('mul_ln107', cfu_hls.c:107) [68]  (3.895 ns)

 <State 13>: 3.895ns
The critical path consists of the following:
	'mul' operation 48 bit ('mul_ln107', cfu_hls.c:107) [68]  (3.895 ns)

 <State 14>: 6.597ns
The critical path consists of the following:
	'mul' operation 48 bit ('mul_ln107', cfu_hls.c:107) [68]  (3.895 ns)
	'sub' operation 32 bit ('tr', cfu_hls.c:107) [74]  (2.702 ns)

 <State 15>: 5.959ns
The critical path consists of the following:
	'sub' operation 32 bit ('sub_ln109', cfu_hls.c:109) [80]  (2.702 ns)
	'store' operation 0 bit ('store_ln109', cfu_hls.c:109) of variable 'sub_ln109', cfu_hls.c:109 on array 'real_buf' [81]  (3.257 ns)

 <State 16>: 3.257ns
The critical path consists of the following:
	'store' operation 0 bit ('store_ln111', cfu_hls.c:111) of variable 'add_ln111', cfu_hls.c:111 on array 'real_buf' [85]  (3.257 ns)


============================================================
+ Verbose Summary: Binding
============================================================
N/A
* FSMD analyzer results:
  - Output states:
 - Input state : 
  - Chain level:
	State 1
	State 2
	State 3
	State 4
	State 5
	State 6
	State 7
	State 8
	State 9
	State 10
	State 11
	State 12
	State 13
	State 14
	State 15
	State 16


============================================================
+ Verbose Summary: Datapath Resource usage 
============================================================
N/A
