

================================================================
== Vitis HLS Report for 'cfu_hls'
================================================================
* Date:           Sun Mar 15 11:48:31 2026

* Version:        2024.2 (Build 5238294 on Nov  8 2024)
* Project:        vitis
* Solution:       hls (Vivado IP Flow Target)
* Product family: artix7
* Target device:  xc7a35t-csg324-1


================================================================
== Performance Estimates
================================================================
+ Timing: 
    * Summary: 
    +--------+---------+----------+------------+
    |  Clock |  Target | Estimated| Uncertainty|
    +--------+---------+----------+------------+
    |ap_clk  |  5.56 ns|  6.604 ns|     1.50 ns|
    +--------+---------+----------+------------+

+ Latency: 
    * Summary: 
    +---------+---------+-----------+----------+-----+-------+---------+
    |  Latency (cycles) |  Latency (absolute)  |   Interval  | Pipeline|
    |   min   |   max   |    min    |    max   | min |  max  |   Type  |
    +---------+---------+-----------+----------+-----+-------+---------+
    |        4|    37774|  26.416 ns|  0.249 ms|    5|  37775|       no|
    +---------+---------+-----------+----------+-----+-------+---------+

    + Detail: 
        * Instance: 
        N/A

        * Loop: 
        +------------+---------+---------+----------+-----------+-----------+------+----------+
        |            |  Latency (cycles) | Iteration|  Initiation Interval  | Trip |          |
        |  Loop Name |   min   |   max   |  Latency |  achieved |   target  | Count| Pipelined|
        +------------+---------+---------+----------+-----------+-----------+------+----------+
        |- MEL_LOOP  |     1408|     5984|  44 ~ 187|          -|          -|    32|        no|
        +------------+---------+---------+----------+-----------+-----------+------+----------+

============================================================
+ Verbose Summary: Synthesis Manager
============================================================
InlineROM: 1
ExposeGlobal: 0
============================================================
+ Verbose Summary: CDFG Model
============================================================
IsTopModel: 1
ResetActiveHigh: 1
IsCombinational: 0
IsDatapathOnly: 0
HasWiredReturn: 2
HasMFsm: 0
HasVarLatency: 1
IsPipeline: 0
IsRtlPipelined: 0
IsInstanceOverlapped: 0
IsDontTouch: 0
HasImplIP: 0
IsGatedGlobalClock: 0


============================================================
+ Verbose Summary: Schedule
============================================================
* Number of FSM states : 34
* Pipeline : 0
* Dataflow Pipeline: 0

* FSM state transitions: 
1 --> 2 
2 --> 3 5 33 
3 --> 4 
4 --> 32 
5 --> 6 
6 --> 7 
7 --> 8 
8 --> 9 
9 --> 10 
10 --> 11 
11 --> 12 
12 --> 13 32 
13 --> 14 
14 --> 15 
15 --> 16 
16 --> 17 
17 --> 18 
18 --> 19 
19 --> 20 
20 --> 21 
21 --> 22 
22 --> 23 
23 --> 24 
24 --> 25 
25 --> 26 
26 --> 27 
27 --> 28 
28 --> 29 
29 --> 30 
30 --> 31 
31 --> 12 
32 --> 34 
33 --> 32 
34 --> 

* FSM state operations: 

State 1 <SV = 0> <Delay = 0.00>
ST_1 : Operation 35 [2/2] (0.00ns)   --->   "%src2_i_read = read i32 @_ssdm_op_Read.ap_auto.i32, i32 %src2_i"   --->   Operation 35 'read' 'src2_i_read' <Predicate = true> <Delay = 0.00>
ST_1 : Operation 36 [2/2] (0.00ns)   --->   "%src1_i_read = read i32 @_ssdm_op_Read.ap_auto.i32, i32 %src1_i"   --->   Operation 36 'read' 'src1_i_read' <Predicate = true> <Delay = 0.00>
ST_1 : Operation 37 [2/2] (0.00ns)   --->   "%funct7_i_read = read i8 @_ssdm_op_Read.ap_auto.i8, i8 %funct7_i"   --->   Operation 37 'read' 'funct7_i_read' <Predicate = true> <Delay = 0.00>
ST_1 : Operation 38 [1/1] (0.00ns)   --->   "%mel_pwr_loc = alloca i64 1"   --->   Operation 38 'alloca' 'mel_pwr_loc' <Predicate = true> <Delay = 0.00>

State 2 <SV = 1> <Delay = 3.25>
ST_2 : Operation 39 [1/2] (0.00ns)   --->   "%src2_i_read = read i32 @_ssdm_op_Read.ap_auto.i32, i32 %src2_i"   --->   Operation 39 'read' 'src2_i_read' <Predicate = true> <Delay = 0.00>
ST_2 : Operation 40 [1/2] (0.00ns)   --->   "%src1_i_read = read i32 @_ssdm_op_Read.ap_auto.i32, i32 %src1_i"   --->   Operation 40 'read' 'src1_i_read' <Predicate = true> <Delay = 0.00>
ST_2 : Operation 41 [1/2] (0.00ns)   --->   "%funct7_i_read = read i8 @_ssdm_op_Read.ap_auto.i8, i8 %funct7_i"   --->   Operation 41 'read' 'funct7_i_read' <Predicate = true> <Delay = 0.00>
ST_2 : Operation 42 [1/1] (0.00ns)   --->   "%trunc_ln23 = trunc i32 %src1_i_read" [cfu_hls.c:23]   --->   Operation 42 'trunc' 'trunc_ln23' <Predicate = true> <Delay = 0.00>
ST_2 : Operation 43 [1/1] (0.00ns)   --->   "%trunc_ln23_1 = trunc i32 %src1_i_read" [cfu_hls.c:23]   --->   Operation 43 'trunc' 'trunc_ln23_1' <Predicate = true> <Delay = 0.00>
ST_2 : Operation 44 [1/1] (0.00ns)   --->   "%spectopmodule_ln23 = spectopmodule void @_ssdm_op_SpecTopModule, void @empty_4" [cfu_hls.c:23]   --->   Operation 44 'spectopmodule' 'spectopmodule_ln23' <Predicate = true> <Delay = 0.00>
ST_2 : Operation 45 [1/1] (0.00ns)   --->   "%specbitsmap_ln0 = specbitsmap void @_ssdm_op_SpecBitsMap, i8 %funct3_i"   --->   Operation 45 'specbitsmap' 'specbitsmap_ln0' <Predicate = true> <Delay = 0.00>
ST_2 : Operation 46 [1/1] (0.00ns)   --->   "%specinterface_ln0 = specinterface void @_ssdm_op_SpecInterface, i8 %funct3_i, void @empty_1, i32 0, i32 0, void @empty_2, i32 0, i32 0, void @empty_2, void @empty_2, void @empty_2, i32 0, i32 0, i32 0, i32 0, void @empty_2, void @empty_2, i32 4294967295, i32 0, i32 0"   --->   Operation 46 'specinterface' 'specinterface_ln0' <Predicate = true> <Delay = 0.00>
ST_2 : Operation 47 [1/1] (0.00ns)   --->   "%specbitsmap_ln0 = specbitsmap void @_ssdm_op_SpecBitsMap, i8 %funct7_i"   --->   Operation 47 'specbitsmap' 'specbitsmap_ln0' <Predicate = true> <Delay = 0.00>
ST_2 : Operation 48 [1/1] (0.00ns)   --->   "%specinterface_ln0 = specinterface void @_ssdm_op_SpecInterface, i8 %funct7_i, void @empty_1, i32 0, i32 0, void @empty_2, i32 0, i32 0, void @empty_2, void @empty_2, void @empty_2, i32 0, i32 0, i32 0, i32 0, void @empty_2, void @empty_2, i32 4294967295, i32 0, i32 0"   --->   Operation 48 'specinterface' 'specinterface_ln0' <Predicate = true> <Delay = 0.00>
ST_2 : Operation 49 [1/1] (0.00ns)   --->   "%specbitsmap_ln0 = specbitsmap void @_ssdm_op_SpecBitsMap, i32 %src1_i"   --->   Operation 49 'specbitsmap' 'specbitsmap_ln0' <Predicate = true> <Delay = 0.00>
ST_2 : Operation 50 [1/1] (0.00ns)   --->   "%specinterface_ln0 = specinterface void @_ssdm_op_SpecInterface, i32 %src1_i, void @empty_1, i32 0, i32 0, void @empty_2, i32 0, i32 0, void @empty_2, void @empty_2, void @empty_2, i32 0, i32 0, i32 0, i32 0, void @empty_2, void @empty_2, i32 4294967295, i32 0, i32 0"   --->   Operation 50 'specinterface' 'specinterface_ln0' <Predicate = true> <Delay = 0.00>
ST_2 : Operation 51 [1/1] (0.00ns)   --->   "%specbitsmap_ln0 = specbitsmap void @_ssdm_op_SpecBitsMap, i32 %src2_i"   --->   Operation 51 'specbitsmap' 'specbitsmap_ln0' <Predicate = true> <Delay = 0.00>
ST_2 : Operation 52 [1/1] (0.00ns)   --->   "%specinterface_ln0 = specinterface void @_ssdm_op_SpecInterface, i32 %src2_i, void @empty_1, i32 0, i32 0, void @empty_2, i32 0, i32 0, void @empty_2, void @empty_2, void @empty_2, i32 0, i32 0, i32 0, i32 0, void @empty_2, void @empty_2, i32 4294967295, i32 0, i32 0"   --->   Operation 52 'specinterface' 'specinterface_ln0' <Predicate = true> <Delay = 0.00>
ST_2 : Operation 53 [1/1] (0.00ns)   --->   "%specbitsmap_ln0 = specbitsmap void @_ssdm_op_SpecBitsMap, i32 %rslt_o"   --->   Operation 53 'specbitsmap' 'specbitsmap_ln0' <Predicate = true> <Delay = 0.00>
ST_2 : Operation 54 [1/1] (0.00ns)   --->   "%specinterface_ln0 = specinterface void @_ssdm_op_SpecInterface, i32 %rslt_o, void @empty_3, i32 4294967295, i32 4294967295, void @empty_2, i32 0, i32 0, void @empty_2, void @empty_2, void @empty_2, i32 0, i32 0, i32 0, i32 0, void @empty_2, void @empty_2, i32 4294967295, i32 0, i32 0"   --->   Operation 54 'specinterface' 'specinterface_ln0' <Predicate = true> <Delay = 0.00>
ST_2 : Operation 55 [1/1] (0.00ns)   --->   "%specmemcore_ln38 = specmemcore void @_ssdm_op_SpecMemCore, i32 %real_buf, i64 666, i64 22, i64 18446744073709551615" [cfu_hls.c:38]   --->   Operation 55 'specmemcore' 'specmemcore_ln38' <Predicate = true> <Delay = 0.00>
ST_2 : Operation 56 [1/1] (0.00ns)   --->   "%specmemcore_ln39 = specmemcore void @_ssdm_op_SpecMemCore, i32 %imag_buf, i64 666, i64 22, i64 18446744073709551615" [cfu_hls.c:39]   --->   Operation 56 'specmemcore' 'specmemcore_ln39' <Predicate = true> <Delay = 0.00>
ST_2 : Operation 57 [1/1] (2.11ns)   --->   "%switch_ln41 = switch i8 %funct7_i_read, void %sw.default, i8 0, void %sw.bb, i8 1, void %for.inc.preheader, i8 2, void %sw.bb226" [cfu_hls.c:41]   --->   Operation 57 'switch' 'switch_ln41' <Predicate = true> <Delay = 2.11>
ST_2 : Operation 58 [1/1] (0.00ns)   --->   "%zext_ln161 = zext i5 %trunc_ln23" [cfu_hls.c:161]   --->   Operation 58 'zext' 'zext_ln161' <Predicate = (funct7_i_read == 2)> <Delay = 0.00>
ST_2 : Operation 59 [1/1] (0.00ns)   --->   "%mel_out_addr = getelementptr i32 %mel_out, i64 0, i64 %zext_ln161" [cfu_hls.c:161]   --->   Operation 59 'getelementptr' 'mel_out_addr' <Predicate = (funct7_i_read == 2)> <Delay = 0.00>
ST_2 : Operation 60 [2/2] (3.25ns)   --->   "%mel_out_load = load i5 %mel_out_addr" [cfu_hls.c:161]   --->   Operation 60 'load' 'mel_out_load' <Predicate = (funct7_i_read == 2)> <Delay = 3.25> <CoreInst = "RAM">   --->   Core 81 'RAM' <Latency = 1> <II = 1> <Delay = 3.25> <Storage> <Opcode : 'load' 'store'> <Ports = 2> <Width = 32> <Depth = 32> <RAM>
ST_2 : Operation 61 [1/1] (0.00ns)   --->   "%weight_idx = alloca i32 1" [cfu_hls.c:127]   --->   Operation 61 'alloca' 'weight_idx' <Predicate = (funct7_i_read == 1)> <Delay = 0.00>
ST_2 : Operation 62 [1/1] (0.00ns)   --->   "%m = alloca i32 1" [cfu_hls.c:129]   --->   Operation 62 'alloca' 'm' <Predicate = (funct7_i_read == 1)> <Delay = 0.00>
ST_2 : Operation 63 [2/2] (0.00ns)   --->   "%call_ln0 = call void @cfu_hls_Pipeline_HANN_LOOP, i32 %frame_buf, i17 %hann_window_fixed, i32 %real_buf, i32 %imag_buf"   --->   Operation 63 'call' 'call_ln0' <Predicate = (funct7_i_read == 1)> <Delay = 0.00> <CoreType = "Generic">   --->   Generic Core
ST_2 : Operation 64 [2/2] (0.00ns)   --->   "%write_ln46 = write void @_ssdm_op_Write.ap_none.i32P0A, i32 %rslt_o, i32 0" [cfu_hls.c:46]   --->   Operation 64 'write' 'write_ln46' <Predicate = (funct7_i_read == 0)> <Delay = 0.00>
ST_2 : Operation 65 [2/2] (0.00ns)   --->   "%write_ln165 = write void @_ssdm_op_Write.ap_none.i32P0A, i32 %rslt_o, i32 0" [cfu_hls.c:165]   --->   Operation 65 'write' 'write_ln165' <Predicate = (funct7_i_read != 0 & funct7_i_read != 1 & funct7_i_read != 2)> <Delay = 0.00>

State 3 <SV = 2> <Delay = 3.25>
ST_3 : Operation 66 [1/2] ( I:3.25ns O:3.25ns )   --->   "%mel_out_load = load i5 %mel_out_addr" [cfu_hls.c:161]   --->   Operation 66 'load' 'mel_out_load' <Predicate = true> <Delay = 3.25> <CoreInst = "RAM">   --->   Core 81 'RAM' <Latency = 1> <II = 1> <Delay = 3.25> <Storage> <Opcode : 'load' 'store'> <Ports = 2> <Width = 32> <Depth = 32> <RAM>
ST_3 : Operation 67 [2/2] (0.00ns)   --->   "%write_ln161 = write void @_ssdm_op_Write.ap_none.i32P0A, i32 %rslt_o, i32 %mel_out_load" [cfu_hls.c:161]   --->   Operation 67 'write' 'write_ln161' <Predicate = true> <Delay = 0.00>

State 4 <SV = 3> <Delay = 0.00>
ST_4 : Operation 68 [1/2] (0.00ns)   --->   "%write_ln161 = write void @_ssdm_op_Write.ap_none.i32P0A, i32 %rslt_o, i32 %mel_out_load" [cfu_hls.c:161]   --->   Operation 68 'write' 'write_ln161' <Predicate = true> <Delay = 0.00>
ST_4 : Operation 69 [1/1] (0.00ns)   --->   "%br_ln162 = br void %sw.epilog" [cfu_hls.c:162]   --->   Operation 69 'br' 'br_ln162' <Predicate = true> <Delay = 0.00>

State 5 <SV = 2> <Delay = 0.00>
ST_5 : Operation 70 [1/2] (0.00ns)   --->   "%call_ln0 = call void @cfu_hls_Pipeline_HANN_LOOP, i32 %frame_buf, i17 %hann_window_fixed, i32 %real_buf, i32 %imag_buf"   --->   Operation 70 'call' 'call_ln0' <Predicate = true> <Delay = 0.00> <CoreType = "Generic">   --->   Generic Core

State 6 <SV = 3> <Delay = 0.00>
ST_6 : Operation 71 [2/2] (0.00ns)   --->   "%call_ln0 = call void @cfu_hls_Pipeline_BITREV_LOOP, i32 %real_buf, i32 %imag_buf"   --->   Operation 71 'call' 'call_ln0' <Predicate = true> <Delay = 0.00> <CoreType = "Generic">   --->   Generic Core

State 7 <SV = 4> <Delay = 5.35>
ST_7 : Operation 72 [1/2] (5.35ns)   --->   "%call_ln0 = call void @cfu_hls_Pipeline_BITREV_LOOP, i32 %real_buf, i32 %imag_buf"   --->   Operation 72 'call' 'call_ln0' <Predicate = true> <Delay = 5.35> <CoreType = "Generic">   --->   Generic Core

State 8 <SV = 5> <Delay = 1.61>
ST_8 : Operation 73 [2/2] (0.00ns)   --->   "%call_ln0 = call void @cfu_hls_Pipeline_FFT_STAGE_FFT_BUTTERFLY, i18 %cos_table_fixed, i17 %sin_table_fixed, i32 %real_buf, i32 %imag_buf"   --->   Operation 73 'call' 'call_ln0' <Predicate = true> <Delay = 0.00> <CoreType = "Generic">   --->   Generic Core
ST_8 : Operation 74 [1/1] (1.61ns)   --->   "%store_ln129 = store i6 0, i6 %m" [cfu_hls.c:129]   --->   Operation 74 'store' 'store_ln129' <Predicate = true> <Delay = 1.61>
ST_8 : Operation 75 [1/1] (1.61ns)   --->   "%store_ln127 = store i13 0, i13 %weight_idx" [cfu_hls.c:127]   --->   Operation 75 'store' 'store_ln127' <Predicate = true> <Delay = 1.61>

State 9 <SV = 6> <Delay = 0.00>
ST_9 : Operation 76 [1/2] (0.00ns)   --->   "%call_ln0 = call void @cfu_hls_Pipeline_FFT_STAGE_FFT_BUTTERFLY, i18 %cos_table_fixed, i17 %sin_table_fixed, i32 %real_buf, i32 %imag_buf"   --->   Operation 76 'call' 'call_ln0' <Predicate = true> <Delay = 0.00> <CoreType = "Generic">   --->   Generic Core

State 10 <SV = 7> <Delay = 0.00>
ST_10 : Operation 77 [2/2] (0.00ns)   --->   "%call_ln0 = call void @cfu_hls_Pipeline_POWER_LOOP, i32 %real_buf, i32 %imag_buf, i32 %power_buf"   --->   Operation 77 'call' 'call_ln0' <Predicate = true> <Delay = 0.00> <CoreType = "Generic">   --->   Generic Core

State 11 <SV = 8> <Delay = 0.00>
ST_11 : Operation 78 [1/2] (0.00ns)   --->   "%call_ln0 = call void @cfu_hls_Pipeline_POWER_LOOP, i32 %real_buf, i32 %imag_buf, i32 %power_buf"   --->   Operation 78 'call' 'call_ln0' <Predicate = true> <Delay = 0.00> <CoreType = "Generic">   --->   Generic Core
ST_11 : Operation 79 [1/1] (0.00ns)   --->   "%br_ln129 = br void %MEL_ACCUM" [cfu_hls.c:129]   --->   Operation 79 'br' 'br_ln129' <Predicate = true> <Delay = 0.00>

State 12 <SV = 9> <Delay = 2.15>
ST_12 : Operation 80 [1/1] (0.00ns)   --->   "%m_1 = load i6 %m" [cfu_hls.c:129]   --->   Operation 80 'load' 'm_1' <Predicate = true> <Delay = 0.00>
ST_12 : Operation 81 [1/1] (1.94ns)   --->   "%icmp_ln129 = icmp_eq  i6 %m_1, i6 32" [cfu_hls.c:129]   --->   Operation 81 'icmp' 'icmp_ln129' <Predicate = true> <Delay = 1.94> <CoreInst = "Cmp">   --->   Core 9 'Cmp' <Latency = 0> <II = 1> <Delay = 1.94> <FuncUnit> <Opcode : 'seteq' 'setne' 'setle' 'setge' 'setlt' 'setgt'> <InPorts = 2> <OutPorts = 1>
ST_12 : Operation 82 [1/1] (1.94ns)   --->   "%add_ln129 = add i6 %m_1, i6 1" [cfu_hls.c:129]   --->   Operation 82 'add' 'add_ln129' <Predicate = true> <Delay = 1.94> <CoreInst = "Adder">   --->   Core 1 'Adder' <Latency = 0> <II = 1> <Delay = 1.94> <FuncUnit> <Opcode : 'add' 'sub'> <InPorts = 2> <OutPorts = 1>
ST_12 : Operation 83 [1/1] (0.00ns)   --->   "%br_ln129 = br i1 %icmp_ln129, void %MEL_ACCUM.split, void %for.end222" [cfu_hls.c:129]   --->   Operation 83 'br' 'br_ln129' <Predicate = true> <Delay = 0.00>
ST_12 : Operation 84 [1/1] (0.00ns)   --->   "%zext_ln129 = zext i6 %m_1" [cfu_hls.c:129]   --->   Operation 84 'zext' 'zext_ln129' <Predicate = (!icmp_ln129)> <Delay = 0.00>
ST_12 : Operation 85 [1/1] (0.00ns)   --->   "%mel_k_len_fixed_addr = getelementptr i8 %mel_k_len_fixed, i64 0, i64 %zext_ln129" [cfu_hls.c:132]   --->   Operation 85 'getelementptr' 'mel_k_len_fixed_addr' <Predicate = (!icmp_ln129)> <Delay = 0.00>
ST_12 : Operation 86 [2/2] (2.15ns)   --->   "%k_len = load i5 %mel_k_len_fixed_addr" [cfu_hls.c:132]   --->   Operation 86 'load' 'k_len' <Predicate = (!icmp_ln129)> <Delay = 2.15> <CoreInst = "ROM">   --->   Core 94 'ROM' <Latency = 1> <II = 1> <Delay = 2.15> <Storage> <Opcode : 'load'> <Ports = 0> <Width = 8> <Depth = 32> <ROM>
ST_12 : Operation 87 [2/2] (0.00ns)   --->   "%write_ln155 = write void @_ssdm_op_Write.ap_none.i32P0A, i32 %rslt_o, i32 0" [cfu_hls.c:155]   --->   Operation 87 'write' 'write_ln155' <Predicate = (icmp_ln129)> <Delay = 0.00>

State 13 <SV = 10> <Delay = 2.15>
ST_13 : Operation 88 [1/1] (0.00ns)   --->   "%mel_k_start_fixed_addr = getelementptr i10 %mel_k_start_fixed, i64 0, i64 %zext_ln129" [cfu_hls.c:131]   --->   Operation 88 'getelementptr' 'mel_k_start_fixed_addr' <Predicate = true> <Delay = 0.00>
ST_13 : Operation 89 [2/2] (2.15ns)   --->   "%k_start = load i5 %mel_k_start_fixed_addr" [cfu_hls.c:131]   --->   Operation 89 'load' 'k_start' <Predicate = true> <Delay = 2.15> <CoreInst = "ROM">   --->   Core 94 'ROM' <Latency = 1> <II = 1> <Delay = 2.15> <Storage> <Opcode : 'load'> <Ports = 0> <Width = 10> <Depth = 32> <ROM>
ST_13 : Operation 90 [1/2] ( I:2.15ns O:2.15ns )   --->   "%k_len = load i5 %mel_k_len_fixed_addr" [cfu_hls.c:132]   --->   Operation 90 'load' 'k_len' <Predicate = true> <Delay = 2.15> <CoreInst = "ROM">   --->   Core 94 'ROM' <Latency = 1> <II = 1> <Delay = 2.15> <Storage> <Opcode : 'load'> <Ports = 0> <Width = 8> <Depth = 32> <ROM>

State 14 <SV = 11> <Delay = 2.15>
ST_14 : Operation 91 [1/1] (0.00ns)   --->   "%weight_idx_load = load i13 %weight_idx" [cfu_hls.c:134]   --->   Operation 91 'load' 'weight_idx_load' <Predicate = true> <Delay = 0.00>
ST_14 : Operation 92 [1/2] ( I:2.15ns O:2.15ns )   --->   "%k_start = load i5 %mel_k_start_fixed_addr" [cfu_hls.c:131]   --->   Operation 92 'load' 'k_start' <Predicate = true> <Delay = 2.15> <CoreInst = "ROM">   --->   Core 94 'ROM' <Latency = 1> <II = 1> <Delay = 2.15> <Storage> <Opcode : 'load'> <Ports = 0> <Width = 10> <Depth = 32> <ROM>
ST_14 : Operation 93 [1/1] (0.00ns)   --->   "%zext_ln132 = zext i8 %k_len" [cfu_hls.c:132]   --->   Operation 93 'zext' 'zext_ln132' <Predicate = true> <Delay = 0.00>
ST_14 : Operation 94 [1/1] (2.13ns)   --->   "%weight_idx_4 = add i13 %weight_idx_load, i13 %zext_ln132" [cfu_hls.c:134]   --->   Operation 94 'add' 'weight_idx_4' <Predicate = true> <Delay = 2.13> <CoreInst = "Adder">   --->   Core 1 'Adder' <Latency = 0> <II = 1> <Delay = 2.13> <FuncUnit> <Opcode : 'add' 'sub'> <InPorts = 2> <OutPorts = 1>

State 15 <SV = 12> <Delay = 5.35>
ST_15 : Operation 95 [2/2] (5.35ns)   --->   "%call_ln134 = call void @cfu_hls_Pipeline_MEL_ACCUM, i13 %weight_idx_load, i13 %weight_idx_4, i10 %k_start, i48 %mel_pwr_loc, i32 %power_buf, i16 %mel_weights_compact_fixed" [cfu_hls.c:134]   --->   Operation 95 'call' 'call_ln134' <Predicate = true> <Delay = 5.35> <CoreType = "Generic">   --->   Generic Core

State 16 <SV = 13> <Delay = 0.00>
ST_16 : Operation 96 [1/2] (0.00ns)   --->   "%call_ln134 = call void @cfu_hls_Pipeline_MEL_ACCUM, i13 %weight_idx_load, i13 %weight_idx_4, i10 %k_start, i48 %mel_pwr_loc, i32 %power_buf, i16 %mel_weights_compact_fixed" [cfu_hls.c:134]   --->   Operation 96 'call' 'call_ln134' <Predicate = true> <Delay = 0.00> <CoreType = "Generic">   --->   Generic Core

State 17 <SV = 14> <Delay = 2.70>
ST_17 : Operation 97 [1/1] (0.00ns)   --->   "%mel_pwr_loc_load = load i48 %mel_pwr_loc"   --->   Operation 97 'load' 'mel_pwr_loc_load' <Predicate = true> <Delay = 0.00>
ST_17 : Operation 98 [1/1] (0.00ns)   --->   "%mel_q16 = partselect i32 @_ssdm_op_PartSelect.i32.i48.i32.i32, i48 %mel_pwr_loc_load, i32 16, i32 47" [cfu_hls.c:139]   --->   Operation 98 'partselect' 'mel_q16' <Predicate = true> <Delay = 0.00>
ST_17 : Operation 99 [1/1] (2.70ns)   --->   "%icmp_ln140 = icmp_eq  i32 %mel_q16, i32 0" [cfu_hls.c:140]   --->   Operation 99 'icmp' 'icmp_ln140' <Predicate = true> <Delay = 2.70> <CoreInst = "Cmp">   --->   Core 9 'Cmp' <Latency = 0> <II = 1> <Delay = 2.70> <FuncUnit> <Opcode : 'seteq' 'setne' 'setle' 'setge' 'setlt' 'setgt'> <InPorts = 2> <OutPorts = 1>

State 18 <SV = 15> <Delay = 3.83>
ST_18 : Operation 100 [1/1] (0.00ns)   --->   "%speclooptripcount_ln127 = speclooptripcount void @_ssdm_op_SpecLoopTripCount, i64 32, i64 32, i64 32" [cfu_hls.c:127]   --->   Operation 100 'speclooptripcount' 'speclooptripcount_ln127' <Predicate = true> <Delay = 0.00>
ST_18 : Operation 101 [1/1] (0.00ns)   --->   "%specloopname_ln129 = specloopname void @_ssdm_op_SpecLoopName, void @empty_6" [cfu_hls.c:129]   --->   Operation 101 'specloopname' 'specloopname_ln129' <Predicate = true> <Delay = 0.00>
ST_18 : Operation 102 [1/1] (0.79ns)   --->   "%mel_q16_1 = select i1 %icmp_ln140, i32 1, i32 %mel_q16" [cfu_hls.c:140]   --->   Operation 102 'select' 'mel_q16_1' <Predicate = true> <Delay = 0.79> <CoreInst = "Sel">   --->   Core 73 'Sel' <Latency = 0> <II = 1> <Delay = 0.79> <FuncUnit> <Opcode : 'select'> <InPorts = 3> <OutPorts = 1>
ST_18 : Operation 103 [1/1] (0.00ns)   --->   "%trunc_ln139 = trunc i32 %mel_q16_1" [cfu_hls.c:139]   --->   Operation 103 'trunc' 'trunc_ln139' <Predicate = true> <Delay = 0.00>
ST_18 : Operation 104 [1/1] (0.00ns)   --->   "%tmp = bitselect i1 @_ssdm_op_BitSelect.i1.i32.i32, i32 %mel_q16_1, i32 31" [cfu_hls.c:147]   --->   Operation 104 'bitselect' 'tmp' <Predicate = true> <Delay = 0.00>
ST_18 : Operation 105 [1/1] (3.03ns)   --->   "%br_ln147 = br i1 %tmp, void %for.inc204, void %for.inc219" [cfu_hls.c:147]   --->   Operation 105 'br' 'br_ln147' <Predicate = true> <Delay = 3.03>
ST_18 : Operation 106 [1/1] (0.00ns)   --->   "%tmp_1 = bitselect i1 @_ssdm_op_BitSelect.i1.i32.i32, i32 %mel_q16_1, i32 30" [cfu_hls.c:147]   --->   Operation 106 'bitselect' 'tmp_1' <Predicate = (!tmp)> <Delay = 0.00>
ST_18 : Operation 107 [1/1] (3.03ns)   --->   "%br_ln147 = br i1 %tmp_1, void %for.inc204.1, void %for.inc219" [cfu_hls.c:147]   --->   Operation 107 'br' 'br_ln147' <Predicate = (!tmp)> <Delay = 3.03>
ST_18 : Operation 108 [1/1] (0.00ns)   --->   "%tmp_2 = bitselect i1 @_ssdm_op_BitSelect.i1.i32.i32, i32 %mel_q16_1, i32 29" [cfu_hls.c:147]   --->   Operation 108 'bitselect' 'tmp_2' <Predicate = (!tmp & !tmp_1)> <Delay = 0.00>
ST_18 : Operation 109 [1/1] (3.03ns)   --->   "%br_ln147 = br i1 %tmp_2, void %for.inc204.2, void %for.inc219" [cfu_hls.c:147]   --->   Operation 109 'br' 'br_ln147' <Predicate = (!tmp & !tmp_1)> <Delay = 3.03>
ST_18 : Operation 110 [1/1] (0.00ns)   --->   "%tmp_3 = bitselect i1 @_ssdm_op_BitSelect.i1.i32.i32, i32 %mel_q16_1, i32 28" [cfu_hls.c:147]   --->   Operation 110 'bitselect' 'tmp_3' <Predicate = (!tmp & !tmp_1 & !tmp_2)> <Delay = 0.00>
ST_18 : Operation 111 [1/1] (3.03ns)   --->   "%br_ln147 = br i1 %tmp_3, void %for.inc204.3, void %for.inc219" [cfu_hls.c:147]   --->   Operation 111 'br' 'br_ln147' <Predicate = (!tmp & !tmp_1 & !tmp_2)> <Delay = 3.03>
ST_18 : Operation 112 [1/1] (0.00ns)   --->   "%tmp_4 = bitselect i1 @_ssdm_op_BitSelect.i1.i32.i32, i32 %mel_q16_1, i32 27" [cfu_hls.c:147]   --->   Operation 112 'bitselect' 'tmp_4' <Predicate = (!tmp & !tmp_1 & !tmp_2 & !tmp_3)> <Delay = 0.00>
ST_18 : Operation 113 [1/1] (3.03ns)   --->   "%br_ln147 = br i1 %tmp_4, void %for.inc204.4, void %for.inc219" [cfu_hls.c:147]   --->   Operation 113 'br' 'br_ln147' <Predicate = (!tmp & !tmp_1 & !tmp_2 & !tmp_3)> <Delay = 3.03>
ST_18 : Operation 114 [1/1] (0.00ns)   --->   "%tmp_5 = bitselect i1 @_ssdm_op_BitSelect.i1.i32.i32, i32 %mel_q16_1, i32 26" [cfu_hls.c:147]   --->   Operation 114 'bitselect' 'tmp_5' <Predicate = (!tmp & !tmp_1 & !tmp_2 & !tmp_3 & !tmp_4)> <Delay = 0.00>
ST_18 : Operation 115 [1/1] (3.03ns)   --->   "%br_ln147 = br i1 %tmp_5, void %for.inc204.5, void %for.inc219" [cfu_hls.c:147]   --->   Operation 115 'br' 'br_ln147' <Predicate = (!tmp & !tmp_1 & !tmp_2 & !tmp_3 & !tmp_4)> <Delay = 3.03>
ST_18 : Operation 116 [1/1] (0.00ns)   --->   "%tmp_6 = bitselect i1 @_ssdm_op_BitSelect.i1.i32.i32, i32 %mel_q16_1, i32 25" [cfu_hls.c:147]   --->   Operation 116 'bitselect' 'tmp_6' <Predicate = (!tmp & !tmp_1 & !tmp_2 & !tmp_3 & !tmp_4 & !tmp_5)> <Delay = 0.00>
ST_18 : Operation 117 [1/1] (3.03ns)   --->   "%br_ln147 = br i1 %tmp_6, void %for.inc204.6, void %for.inc219" [cfu_hls.c:147]   --->   Operation 117 'br' 'br_ln147' <Predicate = (!tmp & !tmp_1 & !tmp_2 & !tmp_3 & !tmp_4 & !tmp_5)> <Delay = 3.03>
ST_18 : Operation 118 [1/1] (0.00ns)   --->   "%tmp_7 = bitselect i1 @_ssdm_op_BitSelect.i1.i32.i32, i32 %mel_q16_1, i32 24" [cfu_hls.c:147]   --->   Operation 118 'bitselect' 'tmp_7' <Predicate = (!tmp & !tmp_1 & !tmp_2 & !tmp_3 & !tmp_4 & !tmp_5 & !tmp_6)> <Delay = 0.00>
ST_18 : Operation 119 [1/1] (3.03ns)   --->   "%br_ln147 = br i1 %tmp_7, void %for.inc204.7, void %for.inc219" [cfu_hls.c:147]   --->   Operation 119 'br' 'br_ln147' <Predicate = (!tmp & !tmp_1 & !tmp_2 & !tmp_3 & !tmp_4 & !tmp_5 & !tmp_6)> <Delay = 3.03>
ST_18 : Operation 120 [1/1] (0.00ns)   --->   "%tmp_8 = bitselect i1 @_ssdm_op_BitSelect.i1.i32.i32, i32 %mel_q16_1, i32 23" [cfu_hls.c:147]   --->   Operation 120 'bitselect' 'tmp_8' <Predicate = (!tmp & !tmp_1 & !tmp_2 & !tmp_3 & !tmp_4 & !tmp_5 & !tmp_6 & !tmp_7)> <Delay = 0.00>
ST_18 : Operation 121 [1/1] (3.03ns)   --->   "%br_ln147 = br i1 %tmp_8, void %for.inc204.8, void %for.inc219" [cfu_hls.c:147]   --->   Operation 121 'br' 'br_ln147' <Predicate = (!tmp & !tmp_1 & !tmp_2 & !tmp_3 & !tmp_4 & !tmp_5 & !tmp_6 & !tmp_7)> <Delay = 3.03>
ST_18 : Operation 122 [1/1] (0.00ns)   --->   "%tmp_9 = bitselect i1 @_ssdm_op_BitSelect.i1.i32.i32, i32 %mel_q16_1, i32 22" [cfu_hls.c:147]   --->   Operation 122 'bitselect' 'tmp_9' <Predicate = (!tmp & !tmp_1 & !tmp_2 & !tmp_3 & !tmp_4 & !tmp_5 & !tmp_6 & !tmp_7 & !tmp_8)> <Delay = 0.00>
ST_18 : Operation 123 [1/1] (3.03ns)   --->   "%br_ln147 = br i1 %tmp_9, void %for.inc204.9, void %for.inc219" [cfu_hls.c:147]   --->   Operation 123 'br' 'br_ln147' <Predicate = (!tmp & !tmp_1 & !tmp_2 & !tmp_3 & !tmp_4 & !tmp_5 & !tmp_6 & !tmp_7 & !tmp_8)> <Delay = 3.03>
ST_18 : Operation 124 [1/1] (0.00ns)   --->   "%tmp_10 = bitselect i1 @_ssdm_op_BitSelect.i1.i32.i32, i32 %mel_q16_1, i32 21" [cfu_hls.c:147]   --->   Operation 124 'bitselect' 'tmp_10' <Predicate = (!tmp & !tmp_1 & !tmp_2 & !tmp_3 & !tmp_4 & !tmp_5 & !tmp_6 & !tmp_7 & !tmp_8 & !tmp_9)> <Delay = 0.00>
ST_18 : Operation 125 [1/1] (3.03ns)   --->   "%br_ln147 = br i1 %tmp_10, void %for.inc204.10, void %for.inc219" [cfu_hls.c:147]   --->   Operation 125 'br' 'br_ln147' <Predicate = (!tmp & !tmp_1 & !tmp_2 & !tmp_3 & !tmp_4 & !tmp_5 & !tmp_6 & !tmp_7 & !tmp_8 & !tmp_9)> <Delay = 3.03>
ST_18 : Operation 126 [1/1] (0.00ns)   --->   "%tmp_11 = bitselect i1 @_ssdm_op_BitSelect.i1.i32.i32, i32 %mel_q16_1, i32 20" [cfu_hls.c:147]   --->   Operation 126 'bitselect' 'tmp_11' <Predicate = (!tmp & !tmp_1 & !tmp_2 & !tmp_3 & !tmp_4 & !tmp_5 & !tmp_6 & !tmp_7 & !tmp_8 & !tmp_9 & !tmp_10)> <Delay = 0.00>
ST_18 : Operation 127 [1/1] (3.03ns)   --->   "%br_ln147 = br i1 %tmp_11, void %for.inc204.11, void %for.inc219" [cfu_hls.c:147]   --->   Operation 127 'br' 'br_ln147' <Predicate = (!tmp & !tmp_1 & !tmp_2 & !tmp_3 & !tmp_4 & !tmp_5 & !tmp_6 & !tmp_7 & !tmp_8 & !tmp_9 & !tmp_10)> <Delay = 3.03>
ST_18 : Operation 128 [1/1] (0.00ns)   --->   "%tmp_12 = bitselect i1 @_ssdm_op_BitSelect.i1.i32.i32, i32 %mel_q16_1, i32 19" [cfu_hls.c:147]   --->   Operation 128 'bitselect' 'tmp_12' <Predicate = (!tmp & !tmp_1 & !tmp_2 & !tmp_3 & !tmp_4 & !tmp_5 & !tmp_6 & !tmp_7 & !tmp_8 & !tmp_9 & !tmp_10 & !tmp_11)> <Delay = 0.00>
ST_18 : Operation 129 [1/1] (3.03ns)   --->   "%br_ln147 = br i1 %tmp_12, void %for.inc204.12, void %for.inc219" [cfu_hls.c:147]   --->   Operation 129 'br' 'br_ln147' <Predicate = (!tmp & !tmp_1 & !tmp_2 & !tmp_3 & !tmp_4 & !tmp_5 & !tmp_6 & !tmp_7 & !tmp_8 & !tmp_9 & !tmp_10 & !tmp_11)> <Delay = 3.03>
ST_18 : Operation 130 [1/1] (0.00ns)   --->   "%tmp_13 = bitselect i1 @_ssdm_op_BitSelect.i1.i32.i32, i32 %mel_q16_1, i32 18" [cfu_hls.c:147]   --->   Operation 130 'bitselect' 'tmp_13' <Predicate = (!tmp & !tmp_1 & !tmp_2 & !tmp_3 & !tmp_4 & !tmp_5 & !tmp_6 & !tmp_7 & !tmp_8 & !tmp_9 & !tmp_10 & !tmp_11 & !tmp_12)> <Delay = 0.00>
ST_18 : Operation 131 [1/1] (3.03ns)   --->   "%br_ln147 = br i1 %tmp_13, void %for.inc204.13, void %for.inc219" [cfu_hls.c:147]   --->   Operation 131 'br' 'br_ln147' <Predicate = (!tmp & !tmp_1 & !tmp_2 & !tmp_3 & !tmp_4 & !tmp_5 & !tmp_6 & !tmp_7 & !tmp_8 & !tmp_9 & !tmp_10 & !tmp_11 & !tmp_12)> <Delay = 3.03>
ST_18 : Operation 132 [1/1] (0.00ns)   --->   "%tmp_14 = bitselect i1 @_ssdm_op_BitSelect.i1.i32.i32, i32 %mel_q16_1, i32 17" [cfu_hls.c:147]   --->   Operation 132 'bitselect' 'tmp_14' <Predicate = (!tmp & !tmp_1 & !tmp_2 & !tmp_3 & !tmp_4 & !tmp_5 & !tmp_6 & !tmp_7 & !tmp_8 & !tmp_9 & !tmp_10 & !tmp_11 & !tmp_12 & !tmp_13)> <Delay = 0.00>
ST_18 : Operation 133 [1/1] (3.03ns)   --->   "%br_ln147 = br i1 %tmp_14, void %for.inc204.14, void %for.inc219" [cfu_hls.c:147]   --->   Operation 133 'br' 'br_ln147' <Predicate = (!tmp & !tmp_1 & !tmp_2 & !tmp_3 & !tmp_4 & !tmp_5 & !tmp_6 & !tmp_7 & !tmp_8 & !tmp_9 & !tmp_10 & !tmp_11 & !tmp_12 & !tmp_13)> <Delay = 3.03>
ST_18 : Operation 134 [1/1] (0.00ns)   --->   "%tmp_15 = bitselect i1 @_ssdm_op_BitSelect.i1.i32.i32, i32 %mel_q16_1, i32 16" [cfu_hls.c:147]   --->   Operation 134 'bitselect' 'tmp_15' <Predicate = (!tmp & !tmp_1 & !tmp_2 & !tmp_3 & !tmp_4 & !tmp_5 & !tmp_6 & !tmp_7 & !tmp_8 & !tmp_9 & !tmp_10 & !tmp_11 & !tmp_12 & !tmp_13 & !tmp_14)> <Delay = 0.00>
ST_18 : Operation 135 [1/1] (3.03ns)   --->   "%br_ln147 = br i1 %tmp_15, void %for.inc204.15, void %for.inc219" [cfu_hls.c:147]   --->   Operation 135 'br' 'br_ln147' <Predicate = (!tmp & !tmp_1 & !tmp_2 & !tmp_3 & !tmp_4 & !tmp_5 & !tmp_6 & !tmp_7 & !tmp_8 & !tmp_9 & !tmp_10 & !tmp_11 & !tmp_12 & !tmp_13 & !tmp_14)> <Delay = 3.03>
ST_18 : Operation 136 [1/1] (0.00ns)   --->   "%tmp_16 = bitselect i1 @_ssdm_op_BitSelect.i1.i32.i32, i32 %mel_q16_1, i32 15" [cfu_hls.c:147]   --->   Operation 136 'bitselect' 'tmp_16' <Predicate = (!tmp & !tmp_1 & !tmp_2 & !tmp_3 & !tmp_4 & !tmp_5 & !tmp_6 & !tmp_7 & !tmp_8 & !tmp_9 & !tmp_10 & !tmp_11 & !tmp_12 & !tmp_13 & !tmp_14 & !tmp_15)> <Delay = 0.00>
ST_18 : Operation 137 [1/1] (3.03ns)   --->   "%br_ln147 = br i1 %tmp_16, void %for.inc204.16, void %for.inc219" [cfu_hls.c:147]   --->   Operation 137 'br' 'br_ln147' <Predicate = (!tmp & !tmp_1 & !tmp_2 & !tmp_3 & !tmp_4 & !tmp_5 & !tmp_6 & !tmp_7 & !tmp_8 & !tmp_9 & !tmp_10 & !tmp_11 & !tmp_12 & !tmp_13 & !tmp_14 & !tmp_15)> <Delay = 3.03>
ST_18 : Operation 138 [1/1] (0.00ns)   --->   "%tmp_17 = bitselect i1 @_ssdm_op_BitSelect.i1.i32.i32, i32 %mel_q16_1, i32 14" [cfu_hls.c:147]   --->   Operation 138 'bitselect' 'tmp_17' <Predicate = (!tmp & !tmp_1 & !tmp_2 & !tmp_3 & !tmp_4 & !tmp_5 & !tmp_6 & !tmp_7 & !tmp_8 & !tmp_9 & !tmp_10 & !tmp_11 & !tmp_12 & !tmp_13 & !tmp_14 & !tmp_15 & !tmp_16)> <Delay = 0.00>
ST_18 : Operation 139 [1/1] (3.03ns)   --->   "%br_ln147 = br i1 %tmp_17, void %for.inc204.17, void %for.inc219" [cfu_hls.c:147]   --->   Operation 139 'br' 'br_ln147' <Predicate = (!tmp & !tmp_1 & !tmp_2 & !tmp_3 & !tmp_4 & !tmp_5 & !tmp_6 & !tmp_7 & !tmp_8 & !tmp_9 & !tmp_10 & !tmp_11 & !tmp_12 & !tmp_13 & !tmp_14 & !tmp_15 & !tmp_16)> <Delay = 3.03>
ST_18 : Operation 140 [1/1] (0.00ns)   --->   "%tmp_18 = bitselect i1 @_ssdm_op_BitSelect.i1.i32.i32, i32 %mel_q16_1, i32 13" [cfu_hls.c:147]   --->   Operation 140 'bitselect' 'tmp_18' <Predicate = (!tmp & !tmp_1 & !tmp_2 & !tmp_3 & !tmp_4 & !tmp_5 & !tmp_6 & !tmp_7 & !tmp_8 & !tmp_9 & !tmp_10 & !tmp_11 & !tmp_12 & !tmp_13 & !tmp_14 & !tmp_15 & !tmp_16 & !tmp_17)> <Delay = 0.00>
ST_18 : Operation 141 [1/1] (3.03ns)   --->   "%br_ln147 = br i1 %tmp_18, void %for.inc204.18, void %for.inc219" [cfu_hls.c:147]   --->   Operation 141 'br' 'br_ln147' <Predicate = (!tmp & !tmp_1 & !tmp_2 & !tmp_3 & !tmp_4 & !tmp_5 & !tmp_6 & !tmp_7 & !tmp_8 & !tmp_9 & !tmp_10 & !tmp_11 & !tmp_12 & !tmp_13 & !tmp_14 & !tmp_15 & !tmp_16 & !tmp_17)> <Delay = 3.03>
ST_18 : Operation 142 [1/1] (0.00ns)   --->   "%tmp_19 = bitselect i1 @_ssdm_op_BitSelect.i1.i32.i32, i32 %mel_q16_1, i32 12" [cfu_hls.c:147]   --->   Operation 142 'bitselect' 'tmp_19' <Predicate = (!tmp & !tmp_1 & !tmp_2 & !tmp_3 & !tmp_4 & !tmp_5 & !tmp_6 & !tmp_7 & !tmp_8 & !tmp_9 & !tmp_10 & !tmp_11 & !tmp_12 & !tmp_13 & !tmp_14 & !tmp_15 & !tmp_16 & !tmp_17 & !tmp_18)> <Delay = 0.00>
ST_18 : Operation 143 [1/1] (3.03ns)   --->   "%br_ln147 = br i1 %tmp_19, void %for.inc204.19, void %for.inc219" [cfu_hls.c:147]   --->   Operation 143 'br' 'br_ln147' <Predicate = (!tmp & !tmp_1 & !tmp_2 & !tmp_3 & !tmp_4 & !tmp_5 & !tmp_6 & !tmp_7 & !tmp_8 & !tmp_9 & !tmp_10 & !tmp_11 & !tmp_12 & !tmp_13 & !tmp_14 & !tmp_15 & !tmp_16 & !tmp_17 & !tmp_18)> <Delay = 3.03>
ST_18 : Operation 144 [1/1] (0.00ns)   --->   "%tmp_20 = bitselect i1 @_ssdm_op_BitSelect.i1.i32.i32, i32 %mel_q16_1, i32 11" [cfu_hls.c:147]   --->   Operation 144 'bitselect' 'tmp_20' <Predicate = (!tmp & !tmp_1 & !tmp_2 & !tmp_3 & !tmp_4 & !tmp_5 & !tmp_6 & !tmp_7 & !tmp_8 & !tmp_9 & !tmp_10 & !tmp_11 & !tmp_12 & !tmp_13 & !tmp_14 & !tmp_15 & !tmp_16 & !tmp_17 & !tmp_18 & !tmp_19)> <Delay = 0.00>
ST_18 : Operation 145 [1/1] (3.03ns)   --->   "%br_ln147 = br i1 %tmp_20, void %for.inc204.20, void %for.inc219" [cfu_hls.c:147]   --->   Operation 145 'br' 'br_ln147' <Predicate = (!tmp & !tmp_1 & !tmp_2 & !tmp_3 & !tmp_4 & !tmp_5 & !tmp_6 & !tmp_7 & !tmp_8 & !tmp_9 & !tmp_10 & !tmp_11 & !tmp_12 & !tmp_13 & !tmp_14 & !tmp_15 & !tmp_16 & !tmp_17 & !tmp_18 & !tmp_19)> <Delay = 3.03>
ST_18 : Operation 146 [1/1] (0.00ns)   --->   "%tmp_21 = bitselect i1 @_ssdm_op_BitSelect.i1.i32.i32, i32 %mel_q16_1, i32 10" [cfu_hls.c:147]   --->   Operation 146 'bitselect' 'tmp_21' <Predicate = (!tmp & !tmp_1 & !tmp_2 & !tmp_3 & !tmp_4 & !tmp_5 & !tmp_6 & !tmp_7 & !tmp_8 & !tmp_9 & !tmp_10 & !tmp_11 & !tmp_12 & !tmp_13 & !tmp_14 & !tmp_15 & !tmp_16 & !tmp_17 & !tmp_18 & !tmp_19 & !tmp_20)> <Delay = 0.00>
ST_18 : Operation 147 [1/1] (3.03ns)   --->   "%br_ln147 = br i1 %tmp_21, void %for.inc204.21, void %for.inc219" [cfu_hls.c:147]   --->   Operation 147 'br' 'br_ln147' <Predicate = (!tmp & !tmp_1 & !tmp_2 & !tmp_3 & !tmp_4 & !tmp_5 & !tmp_6 & !tmp_7 & !tmp_8 & !tmp_9 & !tmp_10 & !tmp_11 & !tmp_12 & !tmp_13 & !tmp_14 & !tmp_15 & !tmp_16 & !tmp_17 & !tmp_18 & !tmp_19 & !tmp_20)> <Delay = 3.03>
ST_18 : Operation 148 [1/1] (0.00ns)   --->   "%tmp_22 = bitselect i1 @_ssdm_op_BitSelect.i1.i32.i32, i32 %mel_q16_1, i32 9" [cfu_hls.c:147]   --->   Operation 148 'bitselect' 'tmp_22' <Predicate = (!tmp & !tmp_1 & !tmp_2 & !tmp_3 & !tmp_4 & !tmp_5 & !tmp_6 & !tmp_7 & !tmp_8 & !tmp_9 & !tmp_10 & !tmp_11 & !tmp_12 & !tmp_13 & !tmp_14 & !tmp_15 & !tmp_16 & !tmp_17 & !tmp_18 & !tmp_19 & !tmp_20 & !tmp_21)> <Delay = 0.00>
ST_18 : Operation 149 [1/1] (3.03ns)   --->   "%br_ln147 = br i1 %tmp_22, void %for.inc204.22, void %for.inc219" [cfu_hls.c:147]   --->   Operation 149 'br' 'br_ln147' <Predicate = (!tmp & !tmp_1 & !tmp_2 & !tmp_3 & !tmp_4 & !tmp_5 & !tmp_6 & !tmp_7 & !tmp_8 & !tmp_9 & !tmp_10 & !tmp_11 & !tmp_12 & !tmp_13 & !tmp_14 & !tmp_15 & !tmp_16 & !tmp_17 & !tmp_18 & !tmp_19 & !tmp_20 & !tmp_21)> <Delay = 3.03>
ST_18 : Operation 150 [1/1] (0.00ns)   --->   "%tmp_23 = bitselect i1 @_ssdm_op_BitSelect.i1.i32.i32, i32 %mel_q16_1, i32 8" [cfu_hls.c:147]   --->   Operation 150 'bitselect' 'tmp_23' <Predicate = (!tmp & !tmp_1 & !tmp_2 & !tmp_3 & !tmp_4 & !tmp_5 & !tmp_6 & !tmp_7 & !tmp_8 & !tmp_9 & !tmp_10 & !tmp_11 & !tmp_12 & !tmp_13 & !tmp_14 & !tmp_15 & !tmp_16 & !tmp_17 & !tmp_18 & !tmp_19 & !tmp_20 & !tmp_21 & !tmp_22)> <Delay = 0.00>
ST_18 : Operation 151 [1/1] (3.03ns)   --->   "%br_ln147 = br i1 %tmp_23, void %for.inc204.23, void %for.inc219" [cfu_hls.c:147]   --->   Operation 151 'br' 'br_ln147' <Predicate = (!tmp & !tmp_1 & !tmp_2 & !tmp_3 & !tmp_4 & !tmp_5 & !tmp_6 & !tmp_7 & !tmp_8 & !tmp_9 & !tmp_10 & !tmp_11 & !tmp_12 & !tmp_13 & !tmp_14 & !tmp_15 & !tmp_16 & !tmp_17 & !tmp_18 & !tmp_19 & !tmp_20 & !tmp_21 & !tmp_22)> <Delay = 3.03>
ST_18 : Operation 152 [1/1] (0.00ns)   --->   "%tmp_24 = bitselect i1 @_ssdm_op_BitSelect.i1.i32.i32, i32 %mel_q16_1, i32 7" [cfu_hls.c:147]   --->   Operation 152 'bitselect' 'tmp_24' <Predicate = (!tmp & !tmp_1 & !tmp_2 & !tmp_3 & !tmp_4 & !tmp_5 & !tmp_6 & !tmp_7 & !tmp_8 & !tmp_9 & !tmp_10 & !tmp_11 & !tmp_12 & !tmp_13 & !tmp_14 & !tmp_15 & !tmp_16 & !tmp_17 & !tmp_18 & !tmp_19 & !tmp_20 & !tmp_21 & !tmp_22 & !tmp_23)> <Delay = 0.00>
ST_18 : Operation 153 [1/1] (3.03ns)   --->   "%br_ln147 = br i1 %tmp_24, void %for.inc204.24, void %for.inc219" [cfu_hls.c:147]   --->   Operation 153 'br' 'br_ln147' <Predicate = (!tmp & !tmp_1 & !tmp_2 & !tmp_3 & !tmp_4 & !tmp_5 & !tmp_6 & !tmp_7 & !tmp_8 & !tmp_9 & !tmp_10 & !tmp_11 & !tmp_12 & !tmp_13 & !tmp_14 & !tmp_15 & !tmp_16 & !tmp_17 & !tmp_18 & !tmp_19 & !tmp_20 & !tmp_21 & !tmp_22 & !tmp_23)> <Delay = 3.03>
ST_18 : Operation 154 [1/1] (0.00ns)   --->   "%tmp_25 = bitselect i1 @_ssdm_op_BitSelect.i1.i32.i32, i32 %mel_q16_1, i32 6" [cfu_hls.c:147]   --->   Operation 154 'bitselect' 'tmp_25' <Predicate = (!tmp & !tmp_1 & !tmp_2 & !tmp_3 & !tmp_4 & !tmp_5 & !tmp_6 & !tmp_7 & !tmp_8 & !tmp_9 & !tmp_10 & !tmp_11 & !tmp_12 & !tmp_13 & !tmp_14 & !tmp_15 & !tmp_16 & !tmp_17 & !tmp_18 & !tmp_19 & !tmp_20 & !tmp_21 & !tmp_22 & !tmp_23 & !tmp_24)> <Delay = 0.00>
ST_18 : Operation 155 [1/1] (3.03ns)   --->   "%br_ln147 = br i1 %tmp_25, void %for.inc204.25, void %for.inc219" [cfu_hls.c:147]   --->   Operation 155 'br' 'br_ln147' <Predicate = (!tmp & !tmp_1 & !tmp_2 & !tmp_3 & !tmp_4 & !tmp_5 & !tmp_6 & !tmp_7 & !tmp_8 & !tmp_9 & !tmp_10 & !tmp_11 & !tmp_12 & !tmp_13 & !tmp_14 & !tmp_15 & !tmp_16 & !tmp_17 & !tmp_18 & !tmp_19 & !tmp_20 & !tmp_21 & !tmp_22 & !tmp_23 & !tmp_24)> <Delay = 3.03>
ST_18 : Operation 156 [1/1] (0.00ns)   --->   "%tmp_26 = bitselect i1 @_ssdm_op_BitSelect.i1.i32.i32, i32 %mel_q16_1, i32 5" [cfu_hls.c:147]   --->   Operation 156 'bitselect' 'tmp_26' <Predicate = (!tmp & !tmp_1 & !tmp_2 & !tmp_3 & !tmp_4 & !tmp_5 & !tmp_6 & !tmp_7 & !tmp_8 & !tmp_9 & !tmp_10 & !tmp_11 & !tmp_12 & !tmp_13 & !tmp_14 & !tmp_15 & !tmp_16 & !tmp_17 & !tmp_18 & !tmp_19 & !tmp_20 & !tmp_21 & !tmp_22 & !tmp_23 & !tmp_24 & !tmp_25)> <Delay = 0.00>
ST_18 : Operation 157 [1/1] (3.03ns)   --->   "%br_ln147 = br i1 %tmp_26, void %for.inc204.26, void %for.inc219" [cfu_hls.c:147]   --->   Operation 157 'br' 'br_ln147' <Predicate = (!tmp & !tmp_1 & !tmp_2 & !tmp_3 & !tmp_4 & !tmp_5 & !tmp_6 & !tmp_7 & !tmp_8 & !tmp_9 & !tmp_10 & !tmp_11 & !tmp_12 & !tmp_13 & !tmp_14 & !tmp_15 & !tmp_16 & !tmp_17 & !tmp_18 & !tmp_19 & !tmp_20 & !tmp_21 & !tmp_22 & !tmp_23 & !tmp_24 & !tmp_25)> <Delay = 3.03>
ST_18 : Operation 158 [1/1] (0.00ns)   --->   "%tmp_27 = bitselect i1 @_ssdm_op_BitSelect.i1.i32.i32, i32 %mel_q16_1, i32 4" [cfu_hls.c:147]   --->   Operation 158 'bitselect' 'tmp_27' <Predicate = (!tmp & !tmp_1 & !tmp_2 & !tmp_3 & !tmp_4 & !tmp_5 & !tmp_6 & !tmp_7 & !tmp_8 & !tmp_9 & !tmp_10 & !tmp_11 & !tmp_12 & !tmp_13 & !tmp_14 & !tmp_15 & !tmp_16 & !tmp_17 & !tmp_18 & !tmp_19 & !tmp_20 & !tmp_21 & !tmp_22 & !tmp_23 & !tmp_24 & !tmp_25 & !tmp_26)> <Delay = 0.00>
ST_18 : Operation 159 [1/1] (3.03ns)   --->   "%br_ln147 = br i1 %tmp_27, void %for.inc204.27, void %for.inc219" [cfu_hls.c:147]   --->   Operation 159 'br' 'br_ln147' <Predicate = (!tmp & !tmp_1 & !tmp_2 & !tmp_3 & !tmp_4 & !tmp_5 & !tmp_6 & !tmp_7 & !tmp_8 & !tmp_9 & !tmp_10 & !tmp_11 & !tmp_12 & !tmp_13 & !tmp_14 & !tmp_15 & !tmp_16 & !tmp_17 & !tmp_18 & !tmp_19 & !tmp_20 & !tmp_21 & !tmp_22 & !tmp_23 & !tmp_24 & !tmp_25 & !tmp_26)> <Delay = 3.03>
ST_18 : Operation 160 [1/1] (0.00ns)   --->   "%tmp_28 = bitselect i1 @_ssdm_op_BitSelect.i1.i32.i32, i32 %mel_q16_1, i32 3" [cfu_hls.c:147]   --->   Operation 160 'bitselect' 'tmp_28' <Predicate = (!tmp & !tmp_1 & !tmp_2 & !tmp_3 & !tmp_4 & !tmp_5 & !tmp_6 & !tmp_7 & !tmp_8 & !tmp_9 & !tmp_10 & !tmp_11 & !tmp_12 & !tmp_13 & !tmp_14 & !tmp_15 & !tmp_16 & !tmp_17 & !tmp_18 & !tmp_19 & !tmp_20 & !tmp_21 & !tmp_22 & !tmp_23 & !tmp_24 & !tmp_25 & !tmp_26 & !tmp_27)> <Delay = 0.00>
ST_18 : Operation 161 [1/1] (3.03ns)   --->   "%br_ln147 = br i1 %tmp_28, void %for.inc204.28, void %for.inc219" [cfu_hls.c:147]   --->   Operation 161 'br' 'br_ln147' <Predicate = (!tmp & !tmp_1 & !tmp_2 & !tmp_3 & !tmp_4 & !tmp_5 & !tmp_6 & !tmp_7 & !tmp_8 & !tmp_9 & !tmp_10 & !tmp_11 & !tmp_12 & !tmp_13 & !tmp_14 & !tmp_15 & !tmp_16 & !tmp_17 & !tmp_18 & !tmp_19 & !tmp_20 & !tmp_21 & !tmp_22 & !tmp_23 & !tmp_24 & !tmp_25 & !tmp_26 & !tmp_27)> <Delay = 3.03>
ST_18 : Operation 162 [1/1] (0.00ns)   --->   "%tmp_29 = bitselect i1 @_ssdm_op_BitSelect.i1.i32.i32, i32 %mel_q16_1, i32 2" [cfu_hls.c:147]   --->   Operation 162 'bitselect' 'tmp_29' <Predicate = (!tmp & !tmp_1 & !tmp_2 & !tmp_3 & !tmp_4 & !tmp_5 & !tmp_6 & !tmp_7 & !tmp_8 & !tmp_9 & !tmp_10 & !tmp_11 & !tmp_12 & !tmp_13 & !tmp_14 & !tmp_15 & !tmp_16 & !tmp_17 & !tmp_18 & !tmp_19 & !tmp_20 & !tmp_21 & !tmp_22 & !tmp_23 & !tmp_24 & !tmp_25 & !tmp_26 & !tmp_27 & !tmp_28)> <Delay = 0.00>
ST_18 : Operation 163 [1/1] (3.03ns)   --->   "%br_ln147 = br i1 %tmp_29, void %for.inc204.29, void %for.inc219" [cfu_hls.c:147]   --->   Operation 163 'br' 'br_ln147' <Predicate = (!tmp & !tmp_1 & !tmp_2 & !tmp_3 & !tmp_4 & !tmp_5 & !tmp_6 & !tmp_7 & !tmp_8 & !tmp_9 & !tmp_10 & !tmp_11 & !tmp_12 & !tmp_13 & !tmp_14 & !tmp_15 & !tmp_16 & !tmp_17 & !tmp_18 & !tmp_19 & !tmp_20 & !tmp_21 & !tmp_22 & !tmp_23 & !tmp_24 & !tmp_25 & !tmp_26 & !tmp_27 & !tmp_28)> <Delay = 3.03>
ST_18 : Operation 164 [1/1] (0.00ns)   --->   "%tmp_30 = bitselect i1 @_ssdm_op_BitSelect.i1.i32.i32, i32 %mel_q16_1, i32 1" [cfu_hls.c:147]   --->   Operation 164 'bitselect' 'tmp_30' <Predicate = (!tmp & !tmp_1 & !tmp_2 & !tmp_3 & !tmp_4 & !tmp_5 & !tmp_6 & !tmp_7 & !tmp_8 & !tmp_9 & !tmp_10 & !tmp_11 & !tmp_12 & !tmp_13 & !tmp_14 & !tmp_15 & !tmp_16 & !tmp_17 & !tmp_18 & !tmp_19 & !tmp_20 & !tmp_21 & !tmp_22 & !tmp_23 & !tmp_24 & !tmp_25 & !tmp_26 & !tmp_27 & !tmp_28 & !tmp_29)> <Delay = 0.00>
ST_18 : Operation 165 [1/1] (0.00ns)   --->   "%zext_ln147 = zext i1 %tmp_30" [cfu_hls.c:147]   --->   Operation 165 'zext' 'zext_ln147' <Predicate = (!tmp & !tmp_1 & !tmp_2 & !tmp_3 & !tmp_4 & !tmp_5 & !tmp_6 & !tmp_7 & !tmp_8 & !tmp_9 & !tmp_10 & !tmp_11 & !tmp_12 & !tmp_13 & !tmp_14 & !tmp_15 & !tmp_16 & !tmp_17 & !tmp_18 & !tmp_19 & !tmp_20 & !tmp_21 & !tmp_22 & !tmp_23 & !tmp_24 & !tmp_25 & !tmp_26 & !tmp_27 & !tmp_28 & !tmp_29)> <Delay = 0.00>
ST_18 : Operation 166 [1/1] (3.03ns)   --->   "%br_ln147 = br void %for.inc219" [cfu_hls.c:147]   --->   Operation 166 'br' 'br_ln147' <Predicate = (!tmp & !tmp_1 & !tmp_2 & !tmp_3 & !tmp_4 & !tmp_5 & !tmp_6 & !tmp_7 & !tmp_8 & !tmp_9 & !tmp_10 & !tmp_11 & !tmp_12 & !tmp_13 & !tmp_14 & !tmp_15 & !tmp_16 & !tmp_17 & !tmp_18 & !tmp_19 & !tmp_20 & !tmp_21 & !tmp_22 & !tmp_23 & !tmp_24 & !tmp_25 & !tmp_26 & !tmp_27 & !tmp_28 & !tmp_29)> <Delay = 3.03>

State 19 <SV = 16> <Delay = 2.55>
ST_19 : Operation 167 [1/1] (0.00ns)   --->   "%msb = phi i5 %zext_ln147, void %for.inc204.29, i5 31, void %MEL_ACCUM.split, i5 30, void %for.inc204, i5 29, void %for.inc204.1, i5 28, void %for.inc204.2, i5 27, void %for.inc204.3, i5 26, void %for.inc204.4, i5 25, void %for.inc204.5, i5 24, void %for.inc204.6, i5 23, void %for.inc204.7, i5 22, void %for.inc204.8, i5 21, void %for.inc204.9, i5 20, void %for.inc204.10, i5 19, void %for.inc204.11, i5 18, void %for.inc204.12, i5 17, void %for.inc204.13, i5 16, void %for.inc204.14, i5 15, void %for.inc204.15, i5 14, void %for.inc204.16, i5 13, void %for.inc204.17, i5 12, void %for.inc204.18, i5 11, void %for.inc204.19, i5 10, void %for.inc204.20, i5 9, void %for.inc204.21, i5 8, void %for.inc204.22, i5 7, void %for.inc204.23, i5 6, void %for.inc204.24, i5 5, void %for.inc204.25, i5 4, void %for.inc204.26, i5 3, void %for.inc204.27, i5 2, void %for.inc204.28" [cfu_hls.c:147]   --->   Operation 167 'phi' 'msb' <Predicate = true> <Delay = 0.00>
ST_19 : Operation 168 [1/1] (0.00ns)   --->   "%zext_ln143 = zext i5 %msb" [cfu_hls.c:143]   --->   Operation 168 'zext' 'zext_ln143' <Predicate = true> <Delay = 0.00>
ST_19 : Operation 169 [1/1] (2.55ns)   --->   "%shl_ln149 = shl i32 1, i32 %zext_ln143" [cfu_hls.c:149]   --->   Operation 169 'shl' 'shl_ln149' <Predicate = true> <Delay = 2.55> <CoreInst = "Shifter">   --->   Core 75 'Shifter' <Latency = 0> <II = 1> <Delay = 2.55> <FuncUnit> <Opcode : 'shl' 'lshr' 'ashr'> <InPorts = 2> <OutPorts = 1>
ST_19 : Operation 170 [1/1] (0.00ns)   --->   "%trunc_ln149 = trunc i32 %shl_ln149" [cfu_hls.c:149]   --->   Operation 170 'trunc' 'trunc_ln149' <Predicate = true> <Delay = 0.00>
ST_19 : Operation 171 [1/1] (1.61ns)   --->   "%store_ln129 = store i6 %add_ln129, i6 %m" [cfu_hls.c:129]   --->   Operation 171 'store' 'store_ln129' <Predicate = true> <Delay = 1.61>
ST_19 : Operation 172 [1/1] (1.61ns)   --->   "%store_ln127 = store i13 %weight_idx_4, i13 %weight_idx" [cfu_hls.c:127]   --->   Operation 172 'store' 'store_ln127' <Predicate = true> <Delay = 1.61>

State 20 <SV = 17> <Delay = 2.14>
ST_20 : Operation 173 [1/1] (2.14ns)   --->   "%sub_ln149 = sub i16 %trunc_ln139, i16 %trunc_ln149" [cfu_hls.c:149]   --->   Operation 173 'sub' 'sub_ln149' <Predicate = true> <Delay = 2.14> <CoreInst = "Adder">   --->   Core 1 'Adder' <Latency = 0> <II = 1> <Delay = 2.14> <FuncUnit> <Opcode : 'add' 'sub'> <InPorts = 2> <OutPorts = 1>

State 21 <SV = 18> <Delay = 3.32>
ST_21 : Operation 174 [1/1] (0.00ns)   --->   "%shl_ln149_1 = bitconcatenate i32 @_ssdm_op_BitConcatenate.i32.i16.i16, i16 %sub_ln149, i16 0" [cfu_hls.c:149]   --->   Operation 174 'bitconcatenate' 'shl_ln149_1' <Predicate = true> <Delay = 0.00>
ST_21 : Operation 175 [2/2] (3.32ns)   --->   "%frac = lshr i32 %shl_ln149_1, i32 %zext_ln143" [cfu_hls.c:149]   --->   Operation 175 'lshr' 'frac' <Predicate = true> <Delay = 3.32> <CoreInst = "Shifter">   --->   Core 75 'Shifter' <Latency = 1> <II = 1> <Delay = 3.32> <FuncUnit> <Opcode : 'shl' 'lshr' 'ashr'> <InPorts = 2> <OutPorts = 1>

State 22 <SV = 19> <Delay = 3.32>
ST_22 : Operation 176 [1/2] (3.32ns)   --->   "%frac = lshr i32 %shl_ln149_1, i32 %zext_ln143" [cfu_hls.c:149]   --->   Operation 176 'lshr' 'frac' <Predicate = true> <Delay = 3.32> <CoreInst = "Shifter">   --->   Core 75 'Shifter' <Latency = 1> <II = 1> <Delay = 3.32> <FuncUnit> <Opcode : 'shl' 'lshr' 'ashr'> <InPorts = 2> <OutPorts = 1>

State 23 <SV = 20> <Delay = 2.70>
ST_23 : Operation 177 [1/1] (2.70ns)   --->   "%add_ln151 = add i32 %frac, i32 4293918720" [cfu_hls.c:151]   --->   Operation 177 'add' 'add_ln151' <Predicate = true> <Delay = 2.70> <CoreInst = "Adder">   --->   Core 1 'Adder' <Latency = 0> <II = 1> <Delay = 2.70> <FuncUnit> <Opcode : 'add' 'sub'> <InPorts = 2> <OutPorts = 1>

State 24 <SV = 21> <Delay = 2.70>
ST_24 : Operation 178 [1/1] (0.00ns)   --->   "%shl_ln = bitconcatenate i21 @_ssdm_op_BitConcatenate.i21.i5.i16, i5 %msb, i16 0" [cfu_hls.c:150]   --->   Operation 178 'bitconcatenate' 'shl_ln' <Predicate = true> <Delay = 0.00>
ST_24 : Operation 179 [1/1] (0.00ns)   --->   "%zext_ln151 = zext i21 %shl_ln" [cfu_hls.c:151]   --->   Operation 179 'zext' 'zext_ln151' <Predicate = true> <Delay = 0.00>
ST_24 : Operation 180 [1/1] (2.70ns)   --->   "%log2_float = add i32 %add_ln151, i32 %zext_ln151" [cfu_hls.c:151]   --->   Operation 180 'add' 'log2_float' <Predicate = true> <Delay = 2.70> <CoreInst = "Adder">   --->   Core 1 'Adder' <Latency = 0> <II = 1> <Delay = 2.70> <FuncUnit> <Opcode : 'add' 'sub'> <InPorts = 2> <OutPorts = 1>
ST_24 : Operation 181 [1/1] (0.00ns)   --->   "%trunc_ln152 = trunc i32 %log2_float" [cfu_hls.c:152]   --->   Operation 181 'trunc' 'trunc_ln152' <Predicate = true> <Delay = 0.00>

State 25 <SV = 22> <Delay = 3.13>
ST_25 : Operation 182 [1/1] (0.00ns)   --->   "%p_shl = bitconcatenate i48 @_ssdm_op_BitConcatenate.i48.i30.i18, i30 %trunc_ln152, i18 0" [cfu_hls.c:152]   --->   Operation 182 'bitconcatenate' 'p_shl' <Predicate = true> <Delay = 0.00>
ST_25 : Operation 183 [1/1] (0.00ns)   --->   "%p_shl1 = bitconcatenate i48 @_ssdm_op_BitConcatenate.i48.i32.i16, i32 %log2_float, i16 0" [cfu_hls.c:152]   --->   Operation 183 'bitconcatenate' 'p_shl1' <Predicate = true> <Delay = 0.00>
ST_25 : Operation 184 [1/1] (3.13ns)   --->   "%sub_ln152 = sub i48 %p_shl, i48 %p_shl1" [cfu_hls.c:152]   --->   Operation 184 'sub' 'sub_ln152' <Predicate = true> <Delay = 3.13> <CoreInst = "Adder">   --->   Core 1 'Adder' <Latency = 0> <II = 1> <Delay = 3.13> <FuncUnit> <Opcode : 'add' 'sub'> <InPorts = 2> <OutPorts = 1>

State 26 <SV = 23> <Delay = 3.13>
ST_26 : Operation 185 [1/1] (0.00ns)   --->   "%tmp_31 = bitconcatenate i41 @_ssdm_op_BitConcatenate.i41.i32.i9, i32 %log2_float, i9 0" [cfu_hls.c:152]   --->   Operation 185 'bitconcatenate' 'tmp_31' <Predicate = true> <Delay = 0.00>
ST_26 : Operation 186 [1/1] (0.00ns)   --->   "%sext_ln152_1 = sext i41 %tmp_31" [cfu_hls.c:152]   --->   Operation 186 'sext' 'sext_ln152_1' <Predicate = true> <Delay = 0.00>
ST_26 : Operation 187 [1/1] (3.13ns)   --->   "%add_ln152 = add i48 %sub_ln152, i48 %sext_ln152_1" [cfu_hls.c:152]   --->   Operation 187 'add' 'add_ln152' <Predicate = true> <Delay = 3.13> <CoreInst = "Adder">   --->   Core 1 'Adder' <Latency = 0> <II = 1> <Delay = 3.13> <FuncUnit> <Opcode : 'add' 'sub'> <InPorts = 2> <OutPorts = 1>

State 27 <SV = 24> <Delay = 3.13>
ST_27 : Operation 188 [1/1] (0.00ns)   --->   "%tmp_32 = bitconcatenate i39 @_ssdm_op_BitConcatenate.i39.i32.i7, i32 %log2_float, i7 0" [cfu_hls.c:152]   --->   Operation 188 'bitconcatenate' 'tmp_32' <Predicate = true> <Delay = 0.00>
ST_27 : Operation 189 [1/1] (0.00ns)   --->   "%sext_ln152_2 = sext i39 %tmp_32" [cfu_hls.c:152]   --->   Operation 189 'sext' 'sext_ln152_2' <Predicate = true> <Delay = 0.00>
ST_27 : Operation 190 [1/1] (3.13ns)   --->   "%add_ln152_1 = add i48 %add_ln152, i48 %sext_ln152_2" [cfu_hls.c:152]   --->   Operation 190 'add' 'add_ln152_1' <Predicate = true> <Delay = 3.13> <CoreInst = "Adder">   --->   Core 1 'Adder' <Latency = 0> <II = 1> <Delay = 3.13> <FuncUnit> <Opcode : 'add' 'sub'> <InPorts = 2> <OutPorts = 1>

State 28 <SV = 25> <Delay = 3.13>
ST_28 : Operation 191 [1/1] (0.00ns)   --->   "%tmp_33 = bitconcatenate i37 @_ssdm_op_BitConcatenate.i37.i32.i5, i32 %log2_float, i5 0" [cfu_hls.c:152]   --->   Operation 191 'bitconcatenate' 'tmp_33' <Predicate = true> <Delay = 0.00>
ST_28 : Operation 192 [1/1] (0.00ns)   --->   "%sext_ln152_3 = sext i37 %tmp_33" [cfu_hls.c:152]   --->   Operation 192 'sext' 'sext_ln152_3' <Predicate = true> <Delay = 0.00>
ST_28 : Operation 193 [1/1] (3.13ns)   --->   "%add_ln152_2 = add i48 %add_ln152_1, i48 %sext_ln152_3" [cfu_hls.c:152]   --->   Operation 193 'add' 'add_ln152_2' <Predicate = true> <Delay = 3.13> <CoreInst = "Adder">   --->   Core 1 'Adder' <Latency = 0> <II = 1> <Delay = 3.13> <FuncUnit> <Opcode : 'add' 'sub'> <InPorts = 2> <OutPorts = 1>

State 29 <SV = 26> <Delay = 3.13>
ST_29 : Operation 194 [1/1] (0.00ns)   --->   "%tmp_34 = bitconcatenate i34 @_ssdm_op_BitConcatenate.i34.i32.i2, i32 %log2_float, i2 0" [cfu_hls.c:152]   --->   Operation 194 'bitconcatenate' 'tmp_34' <Predicate = true> <Delay = 0.00>
ST_29 : Operation 195 [1/1] (0.00ns)   --->   "%sext_ln152_4 = sext i34 %tmp_34" [cfu_hls.c:152]   --->   Operation 195 'sext' 'sext_ln152_4' <Predicate = true> <Delay = 0.00>
ST_29 : Operation 196 [1/1] (3.13ns)   --->   "%add_ln152_3 = add i48 %add_ln152_2, i48 %sext_ln152_4" [cfu_hls.c:152]   --->   Operation 196 'add' 'add_ln152_3' <Predicate = true> <Delay = 3.13> <CoreInst = "Adder">   --->   Core 1 'Adder' <Latency = 0> <II = 1> <Delay = 3.13> <FuncUnit> <Opcode : 'add' 'sub'> <InPorts = 2> <OutPorts = 1>

State 30 <SV = 27> <Delay = 3.13>
ST_30 : Operation 197 [1/1] (0.00ns)   --->   "%sext_ln152 = sext i32 %log2_float" [cfu_hls.c:152]   --->   Operation 197 'sext' 'sext_ln152' <Predicate = true> <Delay = 0.00>
ST_30 : Operation 198 [1/1] (3.13ns)   --->   "%sub_ln152_1 = sub i48 %add_ln152_3, i48 %sext_ln152" [cfu_hls.c:152]   --->   Operation 198 'sub' 'sub_ln152_1' <Predicate = true> <Delay = 3.13> <CoreInst = "Adder">   --->   Core 1 'Adder' <Latency = 0> <II = 1> <Delay = 3.13> <FuncUnit> <Opcode : 'add' 'sub'> <InPorts = 2> <OutPorts = 1>
ST_30 : Operation 199 [1/1] (0.00ns)   --->   "%trunc_ln = partselect i32 @_ssdm_op_PartSelect.i32.i48.i32.i32, i48 %sub_ln152_1, i32 16, i32 47" [cfu_hls.c:152]   --->   Operation 199 'partselect' 'trunc_ln' <Predicate = true> <Delay = 0.00>

State 31 <SV = 28> <Delay = 3.25>
ST_31 : Operation 200 [1/1] (0.00ns)   --->   "%mel_out_addr_1 = getelementptr i32 %mel_out, i64 0, i64 %zext_ln129" [cfu_hls.c:152]   --->   Operation 200 'getelementptr' 'mel_out_addr_1' <Predicate = true> <Delay = 0.00>
ST_31 : Operation 201 [1/1] ( I:3.25ns O:3.25ns )   --->   "%store_ln152 = store i32 %trunc_ln, i5 %mel_out_addr_1" [cfu_hls.c:152]   --->   Operation 201 'store' 'store_ln152' <Predicate = true> <Delay = 3.25> <CoreInst = "RAM">   --->   Core 81 'RAM' <Latency = 1> <II = 1> <Delay = 3.25> <Storage> <Opcode : 'load' 'store'> <Ports = 2> <Width = 32> <Depth = 32> <RAM>
ST_31 : Operation 202 [1/1] (0.00ns)   --->   "%br_ln129 = br void %MEL_ACCUM" [cfu_hls.c:129]   --->   Operation 202 'br' 'br_ln129' <Predicate = true> <Delay = 0.00>

State 32 <SV = 10> <Delay = 0.00>
ST_32 : Operation 203 [1/2] (0.00ns)   --->   "%write_ln155 = write void @_ssdm_op_Write.ap_none.i32P0A, i32 %rslt_o, i32 0" [cfu_hls.c:155]   --->   Operation 203 'write' 'write_ln155' <Predicate = (funct7_i_read == 1)> <Delay = 0.00>
ST_32 : Operation 204 [1/1] (0.00ns)   --->   "%br_ln0 = br void %sw.epilog"   --->   Operation 204 'br' 'br_ln0' <Predicate = (funct7_i_read == 1)> <Delay = 0.00>
ST_32 : Operation 205 [2/2] (0.00ns)   --->   "%ret_ln168 = ret" [cfu_hls.c:168]   --->   Operation 205 'ret' 'ret_ln168' <Predicate = true> <Delay = 0.00>

State 33 <SV = 2> <Delay = 3.25>
ST_33 : Operation 206 [1/1] (0.00ns)   --->   "%zext_ln45 = zext i11 %trunc_ln23_1" [cfu_hls.c:45]   --->   Operation 206 'zext' 'zext_ln45' <Predicate = (funct7_i_read == 0)> <Delay = 0.00>
ST_33 : Operation 207 [1/1] (0.00ns)   --->   "%frame_buf_addr = getelementptr i32 %frame_buf, i64 0, i64 %zext_ln45" [cfu_hls.c:45]   --->   Operation 207 'getelementptr' 'frame_buf_addr' <Predicate = (funct7_i_read == 0)> <Delay = 0.00>
ST_33 : Operation 208 [1/1] ( I:3.25ns O:3.25ns )   --->   "%store_ln45 = store i32 %src2_i_read, i11 %frame_buf_addr" [cfu_hls.c:45]   --->   Operation 208 'store' 'store_ln45' <Predicate = (funct7_i_read == 0)> <Delay = 3.25> <CoreInst = "RAM">   --->   Core 81 'RAM' <Latency = 1> <II = 1> <Delay = 3.25> <Storage> <Opcode : 'load' 'store'> <Ports = 2> <Width = 32> <Depth = 2048> <RAM>
ST_33 : Operation 209 [1/2] (0.00ns)   --->   "%write_ln46 = write void @_ssdm_op_Write.ap_none.i32P0A, i32 %rslt_o, i32 0" [cfu_hls.c:46]   --->   Operation 209 'write' 'write_ln46' <Predicate = (funct7_i_read == 0)> <Delay = 0.00>
ST_33 : Operation 210 [1/1] (0.00ns)   --->   "%br_ln47 = br void %sw.epilog" [cfu_hls.c:47]   --->   Operation 210 'br' 'br_ln47' <Predicate = (funct7_i_read == 0)> <Delay = 0.00>
ST_33 : Operation 211 [1/2] (0.00ns)   --->   "%write_ln165 = write void @_ssdm_op_Write.ap_none.i32P0A, i32 %rslt_o, i32 0" [cfu_hls.c:165]   --->   Operation 211 'write' 'write_ln165' <Predicate = (funct7_i_read != 0 & funct7_i_read != 1 & funct7_i_read != 2)> <Delay = 0.00>
ST_33 : Operation 212 [1/1] (0.00ns)   --->   "%br_ln166 = br void %sw.epilog" [cfu_hls.c:166]   --->   Operation 212 'br' 'br_ln166' <Predicate = (funct7_i_read != 0 & funct7_i_read != 1 & funct7_i_read != 2)> <Delay = 0.00>

State 34 <SV = 11> <Delay = 0.00>
ST_34 : Operation 213 [1/2] (0.00ns)   --->   "%ret_ln168 = ret" [cfu_hls.c:168]   --->   Operation 213 'ret' 'ret_ln168' <Predicate = true> <Delay = 0.00>


============================================================
+ Verbose Summary: Timing violations
============================================================
Target clock period: 5.556ns, clock uncertainty: 1.500ns.

 <State 1>: 0.000ns
The critical path consists of the following:

 <State 2>: 3.257ns
The critical path consists of the following:
	register read operation ('src1_i') on port 'src1_i' [18]  (0.000 ns)
	'getelementptr' operation 5 bit ('mel_out_addr', cfu_hls.c:161) [39]  (0.000 ns)
	'load' operation 32 bit ('mel_out_load', cfu_hls.c:161) on array 'mel_out' [40]  (3.257 ns)

 <State 3>: 3.257ns
The critical path consists of the following:
	'load' operation 32 bit ('mel_out_load', cfu_hls.c:161) on array 'mel_out' [40]  (3.257 ns)

 <State 4>: 0.000ns
The critical path consists of the following:

 <State 5>: 0.000ns
The critical path consists of the following:

 <State 6>: 0.000ns
The critical path consists of the following:

 <State 7>: 5.351ns
The critical path consists of the following:
	'call' operation 0 bit ('call_ln0') to 'cfu_hls_Pipeline_BITREV_LOOP' [47]  (5.351 ns)

 <State 8>: 1.610ns
The critical path consists of the following:
	'store' operation 0 bit ('store_ln129', cfu_hls.c:129) of constant 0 on local variable 'm', cfu_hls.c:129 [50]  (1.610 ns)

 <State 9>: 0.000ns
The critical path consists of the following:

 <State 10>: 0.000ns
The critical path consists of the following:

 <State 11>: 0.000ns
The critical path consists of the following:

 <State 12>: 2.152ns
The critical path consists of the following:
	'load' operation 6 bit ('m', cfu_hls.c:129) on local variable 'm', cfu_hls.c:129 [54]  (0.000 ns)
	'getelementptr' operation 5 bit ('mel_k_len_fixed_addr', cfu_hls.c:132) [65]  (0.000 ns)
	'load' operation 8 bit ('k_len', cfu_hls.c:132) on array 'mel_k_len_fixed' [66]  (2.152 ns)

 <State 13>: 2.152ns
The critical path consists of the following:
	'getelementptr' operation 5 bit ('mel_k_start_fixed_addr', cfu_hls.c:131) [63]  (0.000 ns)
	'load' operation 10 bit ('k_start', cfu_hls.c:131) on array 'mel_k_start_fixed' [64]  (2.152 ns)

 <State 14>: 2.152ns
The critical path consists of the following:
	'load' operation 10 bit ('k_start', cfu_hls.c:131) on array 'mel_k_start_fixed' [64]  (2.152 ns)

 <State 15>: 5.354ns
The critical path consists of the following:
	'call' operation 0 bit ('call_ln134', cfu_hls.c:134) to 'cfu_hls_Pipeline_MEL_ACCUM' [69]  (5.354 ns)

 <State 16>: 0.000ns
The critical path consists of the following:

 <State 17>: 2.702ns
The critical path consists of the following:
	'load' operation 48 bit ('mel_pwr_loc_load') on local variable 'mel_pwr_loc' [70]  (0.000 ns)
	'icmp' operation 1 bit ('icmp_ln140', cfu_hls.c:140) [72]  (2.702 ns)

 <State 18>: 3.831ns
The critical path consists of the following:
	'select' operation 32 bit ('mel_q16', cfu_hls.c:140) [73]  (0.796 ns)
	multiplexor before 'phi' operation 5 bit ('msb', cfu_hls.c:147) with incoming values : ('zext_ln147', cfu_hls.c:147) [169]  (3.035 ns)

 <State 19>: 2.559ns
The critical path consists of the following:
	'phi' operation 5 bit ('msb', cfu_hls.c:147) with incoming values : ('zext_ln147', cfu_hls.c:147) [169]  (0.000 ns)
	'shl' operation 32 bit ('shl_ln149', cfu_hls.c:149) [171]  (2.559 ns)

 <State 20>: 2.146ns
The critical path consists of the following:
	'sub' operation 16 bit ('sub_ln149', cfu_hls.c:149) [173]  (2.146 ns)

 <State 21>: 3.324ns
The critical path consists of the following:
	'lshr' operation 32 bit ('frac', cfu_hls.c:149) [175]  (3.324 ns)

 <State 22>: 3.324ns
The critical path consists of the following:
	'lshr' operation 32 bit ('frac', cfu_hls.c:149) [175]  (3.324 ns)

 <State 23>: 2.702ns
The critical path consists of the following:
	'add' operation 32 bit ('add_ln151', cfu_hls.c:151) [178]  (2.702 ns)

 <State 24>: 2.702ns
The critical path consists of the following:
	'add' operation 32 bit ('log2_float', cfu_hls.c:151) [179]  (2.702 ns)

 <State 25>: 3.132ns
The critical path consists of the following:
	'sub' operation 48 bit ('sub_ln152', cfu_hls.c:152) [184]  (3.132 ns)

 <State 26>: 3.132ns
The critical path consists of the following:
	'add' operation 48 bit ('add_ln152', cfu_hls.c:152) [187]  (3.132 ns)

 <State 27>: 3.132ns
The critical path consists of the following:
	'add' operation 48 bit ('add_ln152_1', cfu_hls.c:152) [190]  (3.132 ns)

 <State 28>: 3.132ns
The critical path consists of the following:
	'add' operation 48 bit ('add_ln152_2', cfu_hls.c:152) [193]  (3.132 ns)

 <State 29>: 3.132ns
The critical path consists of the following:
	'add' operation 48 bit ('add_ln152_3', cfu_hls.c:152) [196]  (3.132 ns)

 <State 30>: 3.132ns
The critical path consists of the following:
	'sub' operation 48 bit ('sub_ln152_1', cfu_hls.c:152) [197]  (3.132 ns)

 <State 31>: 3.257ns
The critical path consists of the following:
	'getelementptr' operation 5 bit ('mel_out_addr_1', cfu_hls.c:152) [199]  (0.000 ns)
	'store' operation 0 bit ('store_ln152', cfu_hls.c:152) of variable 'trunc_ln', cfu_hls.c:152 on array 'mel_out' [200]  (3.257 ns)

 <State 32>: 0.000ns
The critical path consists of the following:

 <State 33>: 3.257ns
The critical path consists of the following:
	'getelementptr' operation 11 bit ('frame_buf_addr', cfu_hls.c:45) [209]  (0.000 ns)
	'store' operation 0 bit ('store_ln45', cfu_hls.c:45) of variable 'src2_i' on array 'frame_buf' [210]  (3.257 ns)

 <State 34>: 0.000ns
The critical path consists of the following:


============================================================
+ Verbose Summary: Binding
============================================================
N/A
* FSMD analyzer results:
  - Output states:
 - Input state : 
  - Chain level:
	State 1
	State 2
	State 3
	State 4
	State 5
	State 6
	State 7
	State 8
	State 9
	State 10
	State 11
	State 12
	State 13
	State 14
	State 15
	State 16
	State 17
	State 18
	State 19
	State 20
	State 21
	State 22
	State 23
	State 24
	State 25
	State 26
	State 27
	State 28
	State 29
	State 30
	State 31
	State 32
	State 33
	State 34


============================================================
+ Verbose Summary: Datapath Resource usage 
============================================================
N/A
